2025-01-08 04:30:00,263 [INFO] WebApp:186 - Connection restablished
2025-01-08 04:30:02,485 [INFO] WebApp:189 - Connection lost
2025-01-08 04:30:02,763 [INFO] WebApp:186 - Connection restablished
2025-01-08 07:34:19,811 [INFO] WebApp:189 - Connection lost
2025-01-08 10:39:05,786 [INFO] WebApp:186 - Connection restablished
2025-01-08 10:39:09,771 [INFO] WebApp:189 - Connection lost
2025-01-08 10:39:10,035 [INFO] WebApp:186 - Connection restablished
2025-01-08 10:39:12,817 [INFO] WebApp:189 - Connection lost
2025-01-08 10:39:13,174 [INFO] WebApp:186 - Connection restablished
2025-01-08 13:08:24,877 [INFO] WebApp:189 - Connection lost
2025-01-08 13:08:26,953 [INFO] WebApp:186 - Connection restablished
2025-01-08 13:08:29,957 [INFO] WebApp:189 - Connection lost
2025-01-08 13:08:30,332 [INFO] WebApp:186 - Connection restablished
2025-01-08 13:08:32,107 [INFO] WebApp:189 - Connection lost
2025-01-08 13:08:32,352 [INFO] WebApp:186 - Connection restablished
2025-01-08 13:08:36,986 [INFO] WebApp:189 - Connection lost
2025-01-08 13:08:37,243 [INFO] WebApp:186 - Connection restablished
2025-01-08 13:24:51,012 [INFO] WebApp:388 - JxBrowser engine has been closed 
2025-01-08 14:40:10,222 [INFO] Activator:176 - 


2025-01-08 14:40:10,225 [INFO] Activator:177 - !SESSION log4j initialized
2025-01-08 14:40:25,835 [INFO] LogOutputStream:77 - [STDOUT_REDIRECT] 
2025-01-08 14:40:33,822 [INFO] ApplicationProperties:184 - Using Application install path: D:\STM32CubeIDE_1.16.1\STM32CubeIDE\plugins\com.st.stm32cube.common.mx_6.12.1.202409122256
2025-01-08 14:40:33,886 [INFO] DbMcusXml:78 - Set database path to: D:\STM32CubeIDE_1.16.1\STM32CubeIDE\plugins\com.st.stm32cube.common.mx_6.12.1.202409122256\\db\/mcu/
2025-01-08 14:40:33,887 [INFO] ApiDb:274 - Set plugin database path to: D:\STM32CubeIDE_1.16.1\STM32CubeIDE\plugins\com.st.stm32cube.common.mx_6.12.1.202409122256\\db\/plugins/boardmanager/
2025-01-08 14:40:33,887 [WARN] ApiDb:259 - Overriding images path with different value:  => D:\STM32CubeIDE_1.16.1\STM32CubeIDE\plugins\com.st.stm32cube.common.mx_6.12.1.202409122256\\db\/plugins/mcufinder/images/
2025-01-08 14:40:33,962 [INFO] ApiDb:250 - Set database path to: C:\Users\solom\.stmcufinder\plugins\mcufinder//mcu/
2025-01-08 14:40:33,965 [INFO] DbMcusAds:125 - Set database path to: C:\Users\solom\.stmcufinder\plugins\mcufinder//mcu/
2025-01-08 14:40:33,972 [INFO] CrossReferenceDbSqlite:203 - Set database path to: C:\Users\solom\.stmcufinder\plugins\mcufinder//mcu/cs/
2025-01-08 14:40:34,254 [INFO] RulesReader:64 - Compatibility file has been processed (297 Rules)
2025-01-08 14:40:34,559 [INFO] DbMcusXml:78 - Set database path to: D:\STM32CubeIDE_1.16.1\STM32CubeIDE\plugins\com.st.stm32cube.common.mx_6.12.1.202409122256\\db\/mcu/
2025-01-08 14:40:34,559 [INFO] ApiDb:274 - Set plugin database path to: D:\STM32CubeIDE_1.16.1\STM32CubeIDE\plugins\com.st.stm32cube.common.mx_6.12.1.202409122256\\db\/plugins/boardmanager/
2025-01-08 14:40:34,560 [INFO] ApiDb:261 - Set plugin images path to: D:\STM32CubeIDE_1.16.1\STM32CubeIDE\plugins\com.st.stm32cube.common.mx_6.12.1.202409122256\\db\/plugins/mcufinder/images/
2025-01-08 14:40:34,560 [WARN] DbFile:41 - Overriding database path with different value: C:\Users\solom\.stmcufinder\plugins\mcufinder/ => C:\Users\solom\.stmcufinder\plugins\mcufinder
2025-01-08 14:40:34,560 [INFO] ApiDb:250 - Set database path to: C:\Users\solom\.stmcufinder\plugins\mcufinder//mcu/
2025-01-08 14:40:34,560 [WARN] DbFile:41 - Overriding database path with different value: C:\Users\solom\.stmcufinder\plugins\mcufinder/ => C:\Users\solom\.stmcufinder\plugins\mcufinder
2025-01-08 14:40:34,560 [INFO] DbMcusAds:125 - Set database path to: C:\Users\solom\.stmcufinder\plugins\mcufinder//mcu/
2025-01-08 14:40:34,560 [WARN] DbFile:41 - Overriding database path with different value: C:\Users\solom\.stmcufinder\plugins\mcufinder/ => C:\Users\solom\.stmcufinder\plugins\mcufinder
2025-01-08 14:40:34,560 [WARN] DbFile:41 - Overriding database path with different value: C:\Users\solom\.stmcufinder\plugins\mcufinder/ => C:\Users\solom\.stmcufinder\plugins\mcufinder
2025-01-08 14:40:34,561 [INFO] CrossReferenceDbSqlite:203 - Set database path to: C:\Users\solom\.stmcufinder\plugins\mcufinder//mcu/cs/
2025-01-08 14:40:34,935 [INFO] MainPanel:268 - HeapMemory: 268435456
2025-01-08 14:40:35,284 [INFO] DbMcusXml:78 - Set database path to: D:\STM32CubeIDE_1.16.1\STM32CubeIDE\plugins\com.st.stm32cube.common.mx_6.12.1.202409122256\\db\/mcu/
2025-01-08 14:40:35,285 [INFO] ApiDb:274 - Set plugin database path to: D:\STM32CubeIDE_1.16.1\STM32CubeIDE\plugins\com.st.stm32cube.common.mx_6.12.1.202409122256\\db\/plugins/boardmanager/
2025-01-08 14:40:35,285 [INFO] ApiDb:261 - Set plugin images path to: D:\STM32CubeIDE_1.16.1\STM32CubeIDE\plugins\com.st.stm32cube.common.mx_6.12.1.202409122256\\db\/plugins/mcufinder/images/
2025-01-08 14:40:35,285 [WARN] DbFile:41 - Overriding database path with different value: C:\Users\solom\.stmcufinder\plugins\mcufinder/ => C:\Users\solom\.stmcufinder\plugins\mcufinder
2025-01-08 14:40:35,285 [INFO] ApiDb:250 - Set database path to: C:\Users\solom\.stmcufinder\plugins\mcufinder//mcu/
2025-01-08 14:40:35,285 [WARN] DbFile:41 - Overriding database path with different value: C:\Users\solom\.stmcufinder\plugins\mcufinder/ => C:\Users\solom\.stmcufinder\plugins\mcufinder
2025-01-08 14:40:35,285 [INFO] DbMcusAds:125 - Set database path to: C:\Users\solom\.stmcufinder\plugins\mcufinder//mcu/
2025-01-08 14:40:35,286 [WARN] DbFile:41 - Overriding database path with different value: C:\Users\solom\.stmcufinder\plugins\mcufinder/ => C:\Users\solom\.stmcufinder\plugins\mcufinder
2025-01-08 14:40:35,286 [WARN] DbFile:41 - Overriding database path with different value: C:\Users\solom\.stmcufinder\plugins\mcufinder/ => C:\Users\solom\.stmcufinder\plugins\mcufinder
2025-01-08 14:40:35,286 [INFO] CrossReferenceDbSqlite:203 - Set database path to: C:\Users\solom\.stmcufinder\plugins\mcufinder//mcu/cs/
2025-01-08 14:40:35,362 [INFO] ApplicationProperties:184 - Using Application install path: D:\STM32CubeIDE_1.16.1\STM32CubeIDE\plugins\com.st.stm32cube.common.mx_6.12.1.202409122256
2025-01-08 14:40:35,373 [INFO] PluginManage:196 - Search for loadable plugins [exclusion list=, ]
2025-01-08 14:40:35,385 [INFO] PluginManage:310 - Check plugin analytics
2025-01-08 14:40:40,911 [INFO] AnalyticsPlugin:253 - Accepted Software Licenses: 
2025-01-08 14:40:40,911 [INFO] AnalyticsPlugin:255 - Accepted CMSIS Pack Licenses: 
2025-01-08 14:40:40,912 [INFO] AnalyticsPlugin:257 - Accepted Firmware Licenses: FW.F4.1.27.0,FW.C0.1.2.0,FW.F7.1.17.0
2025-01-08 14:40:40,916 [INFO] PluginManage:359 - Loaded plugin analytics (category:tool,tabindex:-1)
2025-01-08 14:40:40,917 [INFO] PluginManage:310 - Check plugin cadmodel
2025-01-08 14:40:40,960 [INFO] CADModel:105 - Init CAD model plugin
2025-01-08 14:40:40,960 [INFO] PluginManage:359 - Loaded plugin cadmodel (category:power,tabindex:5)
2025-01-08 14:40:40,960 [INFO] PluginManage:310 - Check plugin clock
2025-01-08 14:40:40,989 [INFO] PluginManage:359 - Loaded plugin clock (category:base,tabindex:2)
2025-01-08 14:40:40,989 [INFO] PluginManage:310 - Check plugin ddr
2025-01-08 14:40:40,995 [INFO] PluginManage:359 - Loaded plugin ddr (category:tool,tabindex:6)
2025-01-08 14:40:40,995 [INFO] PluginManage:310 - Check plugin filemanager
2025-01-08 14:40:41,397 [INFO] PluginManage:359 - Loaded plugin filemanager (category:base,tabindex:10)
2025-01-08 14:40:41,397 [INFO] PluginManage:310 - Check plugin ipmanager
2025-01-08 14:40:41,433 [INFO] PluginManage:359 - Loaded plugin ipmanager (category:base,tabindex:5)
2025-01-08 14:40:41,433 [INFO] PluginManage:310 - Check plugin lpbam
2025-01-08 14:40:41,463 [INFO] PluginManage:359 - Loaded plugin lpbam (category:base,tabindex:0)
2025-01-08 14:40:41,463 [INFO] PluginManage:310 - Check plugin memorymap
2025-01-08 14:40:41,511 [INFO] PluginManage:359 - Loaded plugin memorymap (category:base,tabindex:4)
2025-01-08 14:40:41,511 [INFO] PluginManage:310 - Check plugin pinoutandconfiguration
2025-01-08 14:40:41,545 [INFO] PluginManage:359 - Loaded plugin pinoutandconfiguration (category:base,tabindex:1)
2025-01-08 14:40:41,545 [INFO] PluginManage:310 - Check plugin pinoutconfig
2025-01-08 14:40:41,812 [WARN] SupportedApi:132 - Cannot load RTOS API schema: s4s-elt-must-match.1: The content of 'definitions' must match (annotation?, (simpleType | complexType)?, (unique | key | keyref)*)). A problem was found starting at: attribute.
2025-01-08 14:40:42,020 [INFO] PluginManage:359 - Loaded plugin pinoutconfig (category:base,tabindex:0)
2025-01-08 14:40:42,020 [INFO] PluginManage:310 - Check plugin power
2025-01-08 14:40:42,090 [INFO] PluginManage:359 - Loaded plugin power (category:power,tabindex:4)
2025-01-08 14:40:42,090 [INFO] PluginManage:310 - Check plugin projectmanager
2025-01-08 14:40:42,124 [INFO] PluginManage:359 - Loaded plugin projectmanager (category:projectmanager,tabindex:4)
2025-01-08 14:40:42,124 [INFO] PluginManage:310 - Check plugin rif
2025-01-08 14:40:42,146 [INFO] PluginManage:359 - Loaded plugin rif (category:base,tabindex:3)
2025-01-08 14:40:42,146 [INFO] PluginManage:310 - Check plugin thirdparty
2025-01-08 14:40:42,708 [INFO] PluginManage:359 - Loaded plugin thirdparty (category:base,tabindex:-1)
2025-01-08 14:40:42,707 [WARN] IntegrityCheckThread:84 - waiting for thirdparty lock release [integrity check]
2025-01-08 14:40:42,708 [INFO] PluginManage:310 - Check plugin tools
2025-01-08 14:40:42,708 [INFO] IntegrityCheckThread:86 - entering critical section [integrity check]
2025-01-08 14:40:42,709 [INFO] ThirdPartyUpdaterWithRetryManager:70 - Updater plugin not ready yet. [1/15]
2025-01-08 14:40:42,806 [INFO] PluginManage:359 - Loaded plugin tools (category:base,tabindex:7)
2025-01-08 14:40:42,807 [INFO] PluginManage:310 - Check plugin tutovideos
2025-01-08 14:40:43,283 [INFO] PluginManage:359 - Loaded plugin tutovideos (category:base,tabindex:-1)
2025-01-08 14:40:43,283 [INFO] PluginManage:310 - Check plugin updater
2025-01-08 14:40:43,371 [INFO] PluginManage:359 - Loaded plugin updater (category:base,tabindex:12)
2025-01-08 14:40:43,372 [INFO] PluginManage:310 - Check plugin userauth
2025-01-08 14:40:43,388 [INFO] UserAuth:113 - Init User Auth plugin
2025-01-08 14:40:43,389 [INFO] PluginManage:359 - Loaded plugin userauth (category:base,tabindex:14)
2025-01-08 14:40:43,390 [INFO] PluginManage:283 - PluginManage : Loaded plugins [18]
2025-01-08 14:40:44,119 [INFO] PinOutPanel:1561 - setPackage(No Configuration,No Configuration)
2025-01-08 14:40:44,330 [INFO] CADModel:165 - CPN selected for project level
2025-01-08 14:40:44,330 [INFO] CADModel:114 - Register for checkConnection events
2025-01-08 14:40:44,394 [INFO] IPUIPlugin:80 - create IPUIPlugin
2025-01-08 14:40:44,394 [INFO] PluginManager:220 - loadIPPluginJar : add adc
2025-01-08 14:40:44,468 [INFO] IPUIPlugin:80 - create IPUIPlugin
2025-01-08 14:40:44,468 [INFO] PluginManager:220 - loadIPPluginJar : add aes
2025-01-08 14:40:44,550 [INFO] IPUIPlugin:80 - create IPUIPlugin
2025-01-08 14:40:44,550 [INFO] PluginManager:220 - loadIPPluginJar : add can
2025-01-08 14:40:44,593 [INFO] IPUIPlugin:80 - create IPUIPlugin
2025-01-08 14:40:44,594 [INFO] PluginManager:220 - loadIPPluginJar : add comp
2025-01-08 14:40:44,667 [INFO] IPUIPlugin:80 - create IPUIPlugin
2025-01-08 14:40:44,667 [INFO] PluginManager:220 - loadIPPluginJar : add cryp
2025-01-08 14:40:44,705 [INFO] IPUIPlugin:80 - create IPUIPlugin
2025-01-08 14:40:44,705 [INFO] PluginManager:220 - loadIPPluginJar : add ddr_ctrl_phy
2025-01-08 14:40:44,760 [INFO] IPUIPlugin:80 - create IPUIPlugin
2025-01-08 14:40:44,760 [INFO] PluginManager:220 - loadIPPluginJar : add dfsdm
2025-01-08 14:40:44,777 [INFO] IPUIPlugin:80 - create IPUIPlugin
2025-01-08 14:40:44,778 [INFO] PluginManager:220 - loadIPPluginJar : add dma
2025-01-08 14:40:44,869 [INFO] IPUIPlugin:80 - create IPUIPlugin
2025-01-08 14:40:44,869 [INFO] PluginManager:220 - loadIPPluginJar : add dma3
2025-01-08 14:40:44,930 [INFO] IPUIPlugin:80 - create IPUIPlugin
2025-01-08 14:40:44,930 [INFO] PluginManager:220 - loadIPPluginJar : add extmemmanager
2025-01-08 14:40:44,961 [INFO] IPUIPlugin:80 - create IPUIPlugin
2025-01-08 14:40:44,962 [INFO] PluginManager:220 - loadIPPluginJar : add fatfs
2025-01-08 14:40:45,029 [INFO] IPUIPlugin:80 - create IPUIPlugin
2025-01-08 14:40:45,029 [INFO] PluginManager:220 - loadIPPluginJar : add fmc
2025-01-08 14:40:45,048 [INFO] IPUIPlugin:80 - create IPUIPlugin
2025-01-08 14:40:45,048 [INFO] PluginManager:220 - loadIPPluginJar : add freertos
2025-01-08 14:40:45,079 [INFO] IPUIPlugin:80 - create IPUIPlugin
2025-01-08 14:40:45,080 [INFO] PluginManager:220 - loadIPPluginJar : add genericplugin
2025-01-08 14:40:45,219 [INFO] IPUIPlugin:80 - create IPUIPlugin
2025-01-08 14:40:45,219 [INFO] PluginManager:220 - loadIPPluginJar : add gfxmmu
2025-01-08 14:40:45,400 [INFO] IPUIPlugin:80 - create IPUIPlugin
2025-01-08 14:40:45,400 [INFO] PluginManager:220 - loadIPPluginJar : add gic
2025-01-08 14:40:45,416 [INFO] IPUIPlugin:80 - create IPUIPlugin
2025-01-08 14:40:45,416 [INFO] PluginManager:220 - loadIPPluginJar : add gpio
2025-01-08 14:40:45,542 [INFO] IPUIPlugin:80 - create IPUIPlugin
2025-01-08 14:40:45,543 [INFO] PluginManager:220 - loadIPPluginJar : add gtzc
2025-01-08 14:40:45,589 [INFO] IPUIPlugin:80 - create IPUIPlugin
2025-01-08 14:40:45,589 [INFO] PluginManager:220 - loadIPPluginJar : add hash
2025-01-08 14:40:45,666 [INFO] IPUIPlugin:80 - create IPUIPlugin
2025-01-08 14:40:45,666 [INFO] PluginManager:220 - loadIPPluginJar : add i2c
2025-01-08 14:40:45,712 [INFO] ThirdPartyUpdaterWithRetryManager:70 - Updater plugin not ready yet. [2/15]
2025-01-08 14:40:45,721 [INFO] IPUIPlugin:80 - create IPUIPlugin
2025-01-08 14:40:45,721 [INFO] PluginManager:220 - loadIPPluginJar : add i2s
2025-01-08 14:40:45,817 [INFO] IPUIPlugin:80 - create IPUIPlugin
2025-01-08 14:40:45,818 [INFO] PluginManager:220 - loadIPPluginJar : add i3c
2025-01-08 14:40:45,970 [INFO] IPUIPlugin:80 - create IPUIPlugin
2025-01-08 14:40:45,970 [INFO] PluginManager:220 - loadIPPluginJar : add ipddr
2025-01-08 14:40:46,101 [INFO] IPUIPlugin:80 - create IPUIPlugin
2025-01-08 14:40:46,102 [INFO] PluginManager:220 - loadIPPluginJar : add linkedlist
2025-01-08 14:40:46,153 [INFO] IPUIPlugin:80 - create IPUIPlugin
2025-01-08 14:40:46,153 [INFO] PluginManager:220 - loadIPPluginJar : add lorawan
2025-01-08 14:40:46,211 [INFO] IPUIPlugin:80 - create IPUIPlugin
2025-01-08 14:40:46,211 [INFO] PluginManager:220 - loadIPPluginJar : add ltdc
2025-01-08 14:40:46,230 [INFO] IPUIPlugin:80 - create IPUIPlugin
2025-01-08 14:40:46,230 [INFO] PluginManager:220 - loadIPPluginJar : add mdma
2025-01-08 14:40:46,246 [INFO] IPUIPlugin:80 - create IPUIPlugin
2025-01-08 14:40:46,246 [INFO] PluginManager:220 - loadIPPluginJar : add nvic
2025-01-08 14:40:46,298 [INFO] IPUIPlugin:80 - create IPUIPlugin
2025-01-08 14:40:46,298 [INFO] PluginManager:220 - loadIPPluginJar : add opamp
2025-01-08 14:40:46,380 [INFO] IPUIPlugin:80 - create IPUIPlugin
2025-01-08 14:40:46,380 [INFO] PluginManager:220 - loadIPPluginJar : add openamp
2025-01-08 14:40:46,468 [INFO] IPUIPlugin:80 - create IPUIPlugin
2025-01-08 14:40:46,468 [INFO] PluginManager:220 - loadIPPluginJar : add pdm2pcm
2025-01-08 14:40:46,499 [INFO] IPUIPlugin:80 - create IPUIPlugin
2025-01-08 14:40:46,501 [INFO] PluginManager:220 - loadIPPluginJar : add plateformsettings
2025-01-08 14:40:46,534 [INFO] IPUIPlugin:80 - create IPUIPlugin
2025-01-08 14:40:46,534 [INFO] PluginManager:220 - loadIPPluginJar : add quadspi
2025-01-08 14:40:46,573 [INFO] IPUIPlugin:80 - create IPUIPlugin
2025-01-08 14:40:46,574 [INFO] PluginManager:220 - loadIPPluginJar : add radio
2025-01-08 14:40:46,600 [INFO] IPUIPlugin:80 - create IPUIPlugin
2025-01-08 14:40:46,600 [INFO] PluginManager:220 - loadIPPluginJar : add resmgrutility
2025-01-08 14:40:46,672 [INFO] IPUIPlugin:80 - create IPUIPlugin
2025-01-08 14:40:46,672 [INFO] PluginManager:220 - loadIPPluginJar : add sai
2025-01-08 14:40:46,729 [INFO] IPUIPlugin:80 - create IPUIPlugin
2025-01-08 14:40:46,729 [INFO] PluginManager:220 - loadIPPluginJar : add spi
2025-01-08 14:40:46,836 [INFO] IPUIPlugin:80 - create IPUIPlugin
2025-01-08 14:40:46,836 [INFO] PluginManager:220 - loadIPPluginJar : add stm32_wpan
2025-01-08 14:40:46,871 [INFO] IPUIPlugin:80 - create IPUIPlugin
2025-01-08 14:40:46,871 [INFO] PluginManager:220 - loadIPPluginJar : add tim
2025-01-08 14:40:46,956 [INFO] IPUIPlugin:80 - create IPUIPlugin
2025-01-08 14:40:46,957 [INFO] PluginManager:220 - loadIPPluginJar : add touchsensing
2025-01-08 14:40:46,991 [INFO] IPUIPlugin:80 - create IPUIPlugin
2025-01-08 14:40:46,991 [INFO] PluginManager:220 - loadIPPluginJar : add tracer_emb
2025-01-08 14:40:47,027 [INFO] IPUIPlugin:80 - create IPUIPlugin
2025-01-08 14:40:47,027 [INFO] PluginManager:220 - loadIPPluginJar : add ts
2025-01-08 14:40:47,059 [INFO] IPUIPlugin:80 - create IPUIPlugin
2025-01-08 14:40:47,059 [INFO] PluginManager:220 - loadIPPluginJar : add tsc
2025-01-08 14:40:47,091 [INFO] IPUIPlugin:80 - create IPUIPlugin
2025-01-08 14:40:47,092 [INFO] PluginManager:220 - loadIPPluginJar : add ucpd
2025-01-08 14:40:47,150 [INFO] IPUIPlugin:80 - create IPUIPlugin
2025-01-08 14:40:47,150 [INFO] PluginManager:220 - loadIPPluginJar : add usart
2025-01-08 14:40:47,213 [INFO] IPUIPlugin:80 - create IPUIPlugin
2025-01-08 14:40:47,213 [INFO] PluginManager:220 - loadIPPluginJar : add usbx
2025-01-08 14:40:47,421 [INFO] CADModel:165 - CPN selected for project level
2025-01-08 14:40:47,422 [INFO] CADModel:114 - Register for checkConnection events
2025-01-08 14:40:47,422 [FATAL] Updater:334 - Updater called before beeing initialized
2025-01-08 14:40:47,423 [ERROR] CADModel:125 - Updater not yet initialized, retry later 
2025-01-08 14:40:47,829 [INFO] CADModel:165 - CPN selected for project level
2025-01-08 14:40:47,829 [INFO] CADModel:114 - Register for checkConnection events
2025-01-08 14:40:47,829 [FATAL] Updater:334 - Updater called before beeing initialized
2025-01-08 14:40:47,829 [ERROR] CADModel:125 - Updater not yet initialized, retry later 
2025-01-08 14:40:47,833 [FATAL] Updater:334 - Updater called before beeing initialized
2025-01-08 14:40:47,986 [FATAL] Updater:334 - Updater called before beeing initialized
2025-01-08 14:40:48,020 [INFO] DbMcusAds:53 - JSON generation date=Fri Sep 20 15:04:38 CEST 2024 (1726837478367)
2025-01-08 14:40:48,020 [FATAL] Updater:334 - Updater called before beeing initialized
2025-01-08 14:40:48,217 [WARN] DetailPanel:346 - Failed to get advertising image, set to default
2025-01-08 14:40:48,332 [FATAL] Updater:334 - Updater called before beeing initialized
2025-01-08 14:40:48,333 [FATAL] Updater:334 - Updater called before beeing initialized
2025-01-08 14:40:48,334 [FATAL] Updater:334 - Updater called before beeing initialized
2025-01-08 14:40:48,334 [WARN] DetailPanel:346 - Failed to get advertising image, set to default
2025-01-08 14:40:48,335 [FATAL] Updater:334 - Updater called before beeing initialized
2025-01-08 14:40:48,506 [ERROR] Updater:1164 - MainUpdater not yet initialized. External WinMGr cannot be set.
2025-01-08 14:40:48,537 [INFO] Updater:1100 - Updater Version found : 6.12.1
2025-01-08 14:40:48,579 [INFO] ApplicationProperties:184 - Using Application install path: D:\STM32CubeIDE_1.16.1\STM32CubeIDE\plugins\com.st.stm32cube.common.mx_6.12.1.202409122256
2025-01-08 14:40:48,714 [INFO] ThirdPartyUpdaterWithRetryManager:70 - Updater plugin not ready yet. [3/15]
2025-01-08 14:40:50,197 [ERROR] LogOutputStream:75 - [STDERR_REDIRECT] Jan 08, 2025 2:40:50 PM java.util.prefs.WindowsPreferences <init>
2025-01-08 14:40:50,199 [ERROR] LogOutputStream:75 - [STDERR_REDIRECT] WARNING: Could not open/create prefs root node Software\JavaSoft\Prefs at root 0xffffffff80000002. Windows RegCreateKeyEx(...) returned error code 5.
2025-01-08 14:40:50,199 [ERROR] LogOutputStream:75 - [STDERR_REDIRECT] 
2025-01-08 14:40:50,742 [INFO] MainUpdater:2873 - connection check result : 10
2025-01-08 14:40:50,743 [INFO] MainUpdater:290 - Updater Check For Update Now.
2025-01-08 14:40:50,743 [INFO] MicroXplorer:498 - Change Database Version : DB.6.0.121
2025-01-08 14:40:50,798 [INFO] McuFinderGlobals:63 - Set McuFinder mode to 2 (CubeIDE integrated)
2025-01-08 14:40:50,808 [INFO] UserAuth:417 - Internet connection configuration mode: 1
2025-01-08 14:40:50,965 [INFO] JxBrowserEngine:152 - Initiate JxBrowser Engine with user profile folder
2025-01-08 14:40:51,093 [INFO] CheckServerUpdateThread:120 - End of CheckServer Thread
2025-01-08 14:40:52,114 [WARN] PackLoader:240 - Cannot read IP mode file for STMicroelectronics.FP-SNS-MOTENVWB1.1.4.0
2025-01-08 14:40:52,135 [WARN] PackLoader:240 - Cannot read IP mode file for STMicroelectronics.FP-ATR-ASTRA1.2.0.1
2025-01-08 14:40:52,169 [WARN] PackLoader:240 - Cannot read IP mode file for STMicroelectronics.X-CUBE-SMBUS.2.1.0
2025-01-08 14:40:52,198 [WARN] PackLoader:240 - Cannot read IP mode file for STMicroelectronics.X-CUBE-WB05N.1.1.0
2025-01-08 14:40:52,253 [WARN] PackLoader:240 - Cannot read IP mode file for STMicroelectronics.X-CUBE-AZRTOS-F7.1.1.0
2025-01-08 14:40:52,405 [WARN] PackLoader:240 - Cannot read IP mode file for STMicroelectronics.X-CUBE-MEMS1.11.0.0
2025-01-08 14:40:52,668 [WARN] PackLoader:240 - Cannot read IP mode file for STMicroelectronics.X-CUBE-BLE1.6.2.4
2025-01-08 14:40:52,688 [WARN] PackLoader:240 - Cannot read IP mode file for STMicroelectronics.FP-SNS-FLIGHT1.5.0.2
2025-01-08 14:40:52,717 [WARN] PackLoader:240 - Cannot read IP mode file for STMicroelectronics.X-CUBE-DISPLAY.3.0.0
2025-01-08 14:40:52,748 [WARN] PackLoader:240 - Cannot read IP mode file for STMicroelectronics.X-CUBE-BLE1.7.0.0
2025-01-08 14:40:52,776 [WARN] PackLoader:240 - Cannot read IP mode file for STMicroelectronics.X-CUBE-NFC10.1.0.0
2025-01-08 14:40:52,814 [WARN] PackLoader:240 - Cannot read IP mode file for STMicroelectronics.X-CUBE-BLEMGR.4.0.0
2025-01-08 14:40:52,864 [WARN] PackLoader:240 - Cannot read IP mode file for STMicroelectronics.X-CUBE-BLEMGR.3.1.0
2025-01-08 14:40:52,895 [WARN] PackLoader:240 - Cannot read IP mode file for STMicroelectronics.FP-SNS-SMARTAG2.1.2.0
2025-01-08 14:40:53,023 [WARN] PackLoader:240 - Cannot read IP mode file for STMicroelectronics.X-CUBE-MEMS1.11.1.0
2025-01-08 14:40:53,395 [INFO] LogOutputStream:77 - [STDOUT_REDIRECT] 1 : Invalid condition id : UX_CORESTACK_Condition cause : null
2025-01-08 14:40:53,398 [INFO] LogOutputStream:77 - [STDOUT_REDIRECT] 1 : Invalid condition id : UX_CORESTACK_Condition cause : null
2025-01-08 14:40:53,418 [INFO] LogOutputStream:77 - [STDOUT_REDIRECT] 1 : Invalid condition id : UX_CORESTACK_Condition cause : null
2025-01-08 14:40:53,421 [INFO] LogOutputStream:77 - [STDOUT_REDIRECT] 1 : Invalid condition id : UX_CORESTACK_Condition cause : null
2025-01-08 14:40:53,423 [INFO] LogOutputStream:77 - [STDOUT_REDIRECT] 1 : Invalid condition id : UX_CORESTACK_Condition cause : null
2025-01-08 14:40:53,429 [WARN] PackLoader:240 - Cannot read IP mode file for STMicroelectronics.X-CUBE-AZRTOS-WL.2.0.0
2025-01-08 14:40:53,458 [WARN] PackLoader:240 - Cannot read IP mode file for STMicroelectronics.FP-SNS-MOTENV1.5.0.0
2025-01-08 14:40:53,484 [WARN] PackLoader:240 - Cannot read IP mode file for wolfSSL.I-CUBE-wolfMQTT.1.19.0
2025-01-08 14:40:53,506 [WARN] PackLoader:240 - Cannot read IP mode file for WES.I-CUBE-Cesium.1.3.0
2025-01-08 14:40:53,532 [WARN] PackLoader:240 - Cannot read IP mode file for STMicroelectronics.X-CUBE-BLE2.3.3.0
2025-01-08 14:40:53,563 [WARN] PackLoader:240 - Cannot read IP mode file for STMicroelectronics.X-CUBE-NFC9.1.0.0
2025-01-08 14:40:53,586 [WARN] PackLoader:240 - Cannot read IP mode file for STMicroelectronics.X-CUBE-TCPP.4.1.0
2025-01-08 14:40:53,610 [WARN] PackLoader:240 - Cannot read IP mode file for STMicroelectronics.X-CUBE-TOUCHGFX.4.21.3
2025-01-08 14:40:53,631 [WARN] PackLoader:240 - Cannot read IP mode file for STMicroelectronics.X-CUBE-ALGOBUILD.1.3.0
2025-01-08 14:40:53,669 [WARN] PackLoader:240 - Cannot read IP mode file for STMicroelectronics.X-CUBE-AZRTOS-G0.1.1.0
2025-01-08 14:40:53,693 [WARN] PackLoader:240 - Cannot read IP mode file for STMicroelectronics.X-CUBE-SAFEA1.1.2.2
2025-01-08 14:40:53,714 [WARN] PackLoader:240 - Cannot read IP mode file for STMicroelectronics.X-CUBE-NFC4.3.0.0
2025-01-08 14:40:53,750 [WARN] PackLoader:240 - Cannot read IP mode file for EmbeddedOffice.I-CUBE-FS-RTOS.1.0.1
2025-01-08 14:40:53,751 [ERROR] ConditionMgr:805 - Attr not supported : Dmpu
2025-01-08 14:40:53,751 [ERROR] ConditionMgr:805 - Attr not supported : Dmpu
2025-01-08 14:40:53,751 [ERROR] ConditionMgr:805 - Attr not supported : Dmpu
2025-01-08 14:40:53,752 [ERROR] ConditionMgr:805 - Attr not supported : Dmpu
2025-01-08 14:40:53,752 [ERROR] ConditionMgr:805 - Attr not supported : Dmpu
2025-01-08 14:40:53,752 [ERROR] ConditionMgr:805 - Attr not supported : Dmpu
2025-01-08 14:40:53,752 [ERROR] ConditionMgr:805 - Attr not supported : Dmpu
2025-01-08 14:40:53,752 [ERROR] ConditionMgr:805 - Attr not supported : Dmpu
2025-01-08 14:40:53,752 [ERROR] ConditionMgr:805 - Attr not supported : Dmpu
2025-01-08 14:40:53,752 [ERROR] ConditionMgr:805 - Attr not supported : Dmpu
2025-01-08 14:40:53,752 [ERROR] ConditionMgr:805 - Attr not supported : Dmpu
2025-01-08 14:40:53,752 [ERROR] ConditionMgr:805 - Attr not supported : Dmpu
2025-01-08 14:40:53,753 [ERROR] ConditionMgr:805 - Attr not supported : Dmpu
2025-01-08 14:40:53,753 [ERROR] ConditionMgr:805 - Attr not supported : Dmpu
2025-01-08 14:40:53,753 [ERROR] ConditionMgr:805 - Attr not supported : Dmpu
2025-01-08 14:40:53,753 [ERROR] ConditionMgr:805 - Attr not supported : Dmpu
2025-01-08 14:40:53,753 [ERROR] ConditionMgr:805 - Attr not supported : Dmpu
2025-01-08 14:40:53,753 [ERROR] ConditionMgr:805 - Attr not supported : Dmpu
2025-01-08 14:40:53,753 [ERROR] ConditionMgr:805 - Attr not supported : Dmpu
2025-01-08 14:40:53,753 [ERROR] ConditionMgr:805 - Attr not supported : Dmpu
2025-01-08 14:40:53,754 [ERROR] ConditionMgr:805 - Attr not supported : Dmpu
2025-01-08 14:40:53,754 [ERROR] ConditionMgr:805 - Attr not supported : Dmpu
2025-01-08 14:40:53,754 [ERROR] ConditionMgr:805 - Attr not supported : Dmpu
2025-01-08 14:40:53,754 [ERROR] ConditionMgr:805 - Attr not supported : Dmpu
2025-01-08 14:40:53,754 [ERROR] ConditionMgr:805 - Attr not supported : Dmpu
2025-01-08 14:40:53,754 [ERROR] ConditionMgr:805 - Attr not supported : Dmpu
2025-01-08 14:40:53,754 [ERROR] ConditionMgr:805 - Attr not supported : Dmpu
2025-01-08 14:40:53,755 [ERROR] ConditionMgr:805 - Attr not supported : Dmpu
2025-01-08 14:40:53,755 [ERROR] ConditionMgr:805 - Attr not supported : Dmpu
2025-01-08 14:40:53,755 [ERROR] ConditionMgr:805 - Attr not supported : Dmpu
2025-01-08 14:40:53,755 [ERROR] ConditionMgr:805 - Attr not supported : Dmpu
2025-01-08 14:40:53,755 [ERROR] ConditionMgr:805 - Attr not supported : Dmpu
2025-01-08 14:40:53,755 [ERROR] ConditionMgr:805 - Attr not supported : Dmpu
2025-01-08 14:40:53,755 [ERROR] ConditionMgr:805 - Attr not supported : Dmpu
2025-01-08 14:40:53,755 [ERROR] ConditionMgr:805 - Attr not supported : Dmpu
2025-01-08 14:40:53,755 [ERROR] ConditionMgr:805 - Attr not supported : Dmpu
2025-01-08 14:40:53,756 [ERROR] ConditionMgr:805 - Attr not supported : Dmpu
2025-01-08 14:40:53,756 [ERROR] ConditionMgr:805 - Attr not supported : Dmpu
2025-01-08 14:40:53,756 [ERROR] ConditionMgr:805 - Attr not supported : Dmpu
2025-01-08 14:40:53,756 [ERROR] ConditionMgr:805 - Attr not supported : Dmpu
2025-01-08 14:40:53,756 [ERROR] ConditionMgr:805 - Attr not supported : Dmpu
2025-01-08 14:40:53,756 [ERROR] ConditionMgr:805 - Attr not supported : Dmpu
2025-01-08 14:40:53,756 [ERROR] ConditionMgr:805 - Attr not supported : Dmpu
2025-01-08 14:40:53,756 [ERROR] ConditionMgr:805 - Attr not supported : Dmpu
2025-01-08 14:40:53,757 [ERROR] ConditionMgr:805 - Attr not supported : Dmpu
2025-01-08 14:40:53,757 [ERROR] ConditionMgr:805 - Attr not supported : Dmpu
2025-01-08 14:40:53,757 [ERROR] ConditionMgr:805 - Attr not supported : Dmpu
2025-01-08 14:40:53,757 [ERROR] ConditionMgr:805 - Attr not supported : Dmpu
2025-01-08 14:40:53,757 [ERROR] ConditionMgr:805 - Attr not supported : Dmpu
2025-01-08 14:40:53,757 [ERROR] ConditionMgr:805 - Attr not supported : Dmpu
2025-01-08 14:40:53,757 [ERROR] ConditionMgr:805 - Attr not supported : Dmpu
2025-01-08 14:40:53,757 [ERROR] ConditionMgr:805 - Attr not supported : Dmpu
2025-01-08 14:40:53,758 [ERROR] ConditionMgr:805 - Attr not supported : Dmpu
2025-01-08 14:40:53,758 [ERROR] ConditionMgr:805 - Attr not supported : Dmpu
2025-01-08 14:40:53,758 [ERROR] ConditionMgr:805 - Attr not supported : Dmpu
2025-01-08 14:40:53,758 [ERROR] ConditionMgr:805 - Attr not supported : Dmpu
2025-01-08 14:40:53,758 [ERROR] ConditionMgr:805 - Attr not supported : Dmpu
2025-01-08 14:40:53,758 [ERROR] ConditionMgr:805 - Attr not supported : Dmpu
2025-01-08 14:40:53,758 [ERROR] ConditionMgr:805 - Attr not supported : Dmpu
2025-01-08 14:40:53,758 [ERROR] ConditionMgr:805 - Attr not supported : Dmpu
2025-01-08 14:40:53,759 [ERROR] ConditionMgr:805 - Attr not supported : Dmpu
2025-01-08 14:40:53,759 [ERROR] ConditionMgr:805 - Attr not supported : Dmpu
2025-01-08 14:40:53,759 [ERROR] ConditionMgr:805 - Attr not supported : Dmpu
2025-01-08 14:40:53,759 [ERROR] ConditionMgr:805 - Attr not supported : Dmpu
2025-01-08 14:40:53,783 [ERROR] Engine:466 - C:\Users\solom\.stm32cubemx\thirdparties\pdsc\STMicroelectronics.X-CUBE-TCPP.4.2.0.pdsc: PDSC version is not supported
2025-01-08 14:40:53,803 [WARN] PackLoader:240 - Cannot read IP mode file for RealThread.X-CUBE-RT-Thread_Nano.4.1.1
2025-01-08 14:40:53,822 [WARN] PackLoader:240 - Cannot read IP mode file for STMicroelectronics.FP-ATR-SIGFOX1.3.2.0
2025-01-08 14:40:53,839 [WARN] ConditionMgr:438 - getConditionDescription Invalid condition id : Cortex-A Device cause : null
2025-01-08 14:40:53,883 [WARN] ConditionMgr:1039 - genDependencies : Invalid condition id : Cortex-A Device cause : null
2025-01-08 14:40:53,884 [WARN] ConditionMgr:1039 - genDependencies : Invalid condition id : Cortex-A Device cause : null
2025-01-08 14:40:53,884 [WARN] ConditionMgr:1039 - genDependencies : Invalid condition id : Cortex-A Device cause : null
2025-01-08 14:40:53,908 [WARN] PackLoader:240 - Cannot read IP mode file for STMicroelectronics.X-CUBE-EEPRMA1.5.1.0
2025-01-08 14:40:53,943 [WARN] PackLoader:240 - Cannot read IP mode file for ITTIA_DB.I-CUBE-ITTIADB.8.9.0
2025-01-08 14:40:54,046 [WARN] PackLoader:240 - Cannot read IP mode file for STMicroelectronics.X-CUBE-MEMS1.9.5.0
2025-01-08 14:40:54,275 [WARN] PackLoader:240 - Cannot read IP mode file for SEGGER.I-CUBE-embOS.1.3.1
2025-01-08 14:40:54,348 [WARN] PackLoader:240 - Cannot read IP mode file for STMicroelectronics.X-CUBE-ALGOBUILD.1.4.0
2025-01-08 14:40:54,369 [WARN] PackLoader:240 - Cannot read IP mode file for STMicroelectronics.X-CUBE-AI.9.1.0
2025-01-08 14:40:54,391 [WARN] PackLoader:240 - Cannot read IP mode file for STMicroelectronics.X-CUBE-GNSS1.6.0.0
2025-01-08 14:40:54,428 [WARN] PackLoader:240 - Cannot read IP mode file for STMicroelectronics.X-CUBE-AZRTOS-F4.1.1.0
2025-01-08 14:40:54,448 [WARN] PackLoader:240 - Cannot read IP mode file for STMicroelectronics.X-CUBE-ISPU.2.1.0
2025-01-08 14:40:54,467 [WARN] PackLoader:240 - Cannot read IP mode file for STMicroelectronics.X-CUBE-FREERTOS.1.2.0
2025-01-08 14:40:54,504 [WARN] PackLoader:240 - Cannot read IP mode file for STMicroelectronics.X-CUBE-AZRTOS-L5.2.0.0
2025-01-08 14:40:54,528 [WARN] PackLoader:240 - Cannot read IP mode file for STMicroelectronics.X-CUBE-NFC6.3.1.0
2025-01-08 14:40:54,551 [WARN] PackLoader:240 - Cannot read IP mode file for emotas.I-CUBE-CANOPEN.1.1.3
2025-01-08 14:40:54,576 [WARN] PackLoader:240 - Cannot read IP mode file for STMicroelectronics.X-CUBE-BLEMGR.2.0.0
2025-01-08 14:40:54,598 [WARN] PackLoader:240 - Cannot read IP mode file for STMicroelectronics.X-CUBE-DPower.1.2.0
2025-01-08 14:40:54,616 [WARN] PackLoader:240 - Cannot read IP mode file for wolfSSL.I-CUBE-wolfSSL.5.5.4
2025-01-08 14:40:54,633 [WARN] PackLoader:240 - Cannot read IP mode file for STMicroelectronics.X-CUBE-FREERTOS.1.3.0
2025-01-08 14:40:54,654 [WARN] PackLoader:240 - Cannot read IP mode file for STMicroelectronics.X-CUBE-NFC7.1.0.1
2025-01-08 14:40:54,674 [WARN] PackLoader:240 - Cannot read IP mode file for STMicroelectronics.X-CUBE-NFC7.1.0.0
2025-01-08 14:40:54,693 [WARN] PackLoader:240 - Cannot read IP mode file for STMicroelectronics.X-CUBE-EEPRMA1.4.1.0
2025-01-08 14:40:54,744 [WARN] ConditionMgr:438 - getConditionDescription Invalid condition id : LAN8742 Phy interface Condition cause : null
2025-01-08 14:40:54,745 [WARN] PackLoader:240 - Cannot read IP mode file for STMicroelectronics.X-CUBE-AZRTOS-L4.2.0.0
2025-01-08 14:40:54,746 [WARN] ConditionMgr:1039 - genDependencies : Invalid condition id : LAN8742 Phy interface Condition cause : null
2025-01-08 14:40:54,746 [WARN] ConditionMgr:1039 - genDependencies : Invalid condition id : LAN8742 Phy interface Condition cause : null
2025-01-08 14:40:54,747 [WARN] ConditionMgr:1039 - genDependencies : Invalid condition id : LAN8742 Phy interface Condition cause : null
2025-01-08 14:40:54,769 [WARN] PackLoader:240 - Cannot read IP mode file for STMicroelectronics.X-CUBE-SFXS2LP1.4.0.0
2025-01-08 14:40:54,816 [WARN] PackLoader:240 - Cannot read IP mode file for STMicroelectronics.X-CUBE-AZRTOS-H7.3.0.0
2025-01-08 14:40:54,836 [WARN] PackLoader:240 - Cannot read IP mode file for STMicroelectronics.X-CUBE-ISPU.1.1.0
2025-01-08 14:40:54,892 [WARN] PackLoader:240 - Cannot read IP mode file for STMicroelectronics.X-CUBE-AZRTOS-H7.3.3.0
2025-01-08 14:40:54,918 [WARN] PackLoader:240 - Cannot read IP mode file for RoweBots.I-CUBE-UNISONRTOS.5.5.0-4
2025-01-08 14:40:54,936 [WARN] PackLoader:240 - Cannot read IP mode file for STMicroelectronics.X-CUBE-AI.8.0.0
2025-01-08 14:40:54,964 [WARN] PackLoader:240 - Cannot read IP mode file for STMicroelectronics.X-CUBE-IPS.3.0.0
2025-01-08 14:40:54,997 [WARN] ConditionMgr:438 - getConditionDescription Invalid condition id : UX DEVICE CLASS RTOS Condition cause : null
2025-01-08 14:40:54,997 [WARN] ConditionMgr:438 - getConditionDescription Invalid condition id : UX DEVICE CLASS RTOS Condition cause : null
2025-01-08 14:40:54,999 [WARN] PackLoader:240 - Cannot read IP mode file for STMicroelectronics.X-CUBE-AZRTOS-WB.2.0.0
2025-01-08 14:40:54,999 [WARN] ConditionMgr:1039 - genDependencies : Invalid condition id : UX DEVICE CLASS RTOS Condition cause : null
2025-01-08 14:40:55,000 [WARN] ConditionMgr:1039 - genDependencies : Invalid condition id : UX DEVICE CLASS RTOS Condition cause : null
2025-01-08 14:40:55,000 [WARN] ConditionMgr:1039 - genDependencies : Invalid condition id : UX DEVICE CLASS RTOS Condition cause : null
2025-01-08 14:40:55,001 [WARN] ConditionMgr:1039 - genDependencies : Invalid condition id : UX DEVICE CLASS RTOS Condition cause : null
2025-01-08 14:40:55,001 [WARN] ConditionMgr:1039 - genDependencies : Invalid condition id : UX DEVICE CLASS RTOS Condition cause : null
2025-01-08 14:40:55,019 [WARN] PackLoader:240 - Cannot read IP mode file for STMicroelectronics.X-CUBE-FREERTOS.1.0.0
2025-01-08 14:40:55,039 [WARN] PackLoader:240 - Cannot read IP mode file for STMicroelectronics.X-CUBE-GNSS1.7.0.0
2025-01-08 14:40:55,059 [WARN] PackLoader:240 - Cannot read IP mode file for STMicroelectronics.X-CUBE-GNSS1.7.0.1
2025-01-08 14:40:55,080 [WARN] PackLoader:240 - Cannot read IP mode file for STMicroelectronics.FP-SNS-STBOX1.2.0.0
2025-01-08 14:40:55,116 [WARN] PackLoader:240 - Cannot read IP mode file for STMicroelectronics.X-CUBE-AZRTOS-L5.1.1.0
2025-01-08 14:40:55,145 [WARN] PackLoader:240 - Cannot read IP mode file for STMicroelectronics.X-CUBE-SUBG2.5.0.0
2025-01-08 14:40:55,167 [WARN] PackLoader:240 - Cannot read IP mode file for Cesanta.I-CUBE-Mongoose.7.13.0
2025-01-08 14:40:55,205 [WARN] PackLoader:240 - Cannot read IP mode file for STMicroelectronics.X-CUBE-AZRTOS-G4.2.0.0
2025-01-08 14:40:55,245 [WARN] PackLoader:240 - Cannot read IP mode file for STMicroelectronics.X-CUBE-TOF1.3.3.0
2025-01-08 14:40:55,276 [WARN] PackLoader:240 - Cannot read IP mode file for STMicroelectronics.FP-ATR-ASTRA1.1.1.1
2025-01-08 14:40:55,308 [WARN] PackLoader:240 - Cannot read IP mode file for STMicroelectronics.X-CUBE-AZRTOS-G4.1.0.0
2025-01-08 14:40:55,351 [WARN] PackLoader:240 - Cannot read IP mode file for STMicroelectronics.X-CUBE-AZRTOS-L4.1.0.0
2025-01-08 14:40:55,378 [WARN] PackLoader:240 - Cannot read IP mode file for STMicroelectronics.X-CUBE-ALS.1.0.2
2025-01-08 14:40:55,411 [WARN] PackLoader:240 - Cannot read IP mode file for STMicroelectronics.X-CUBE-AZRTOS-WL.1.0.0
2025-01-08 14:40:55,434 [WARN] PackLoader:240 - Cannot read IP mode file for STMicroelectronics.X-CUBE-TOUCHGFX.4.24.1
2025-01-08 14:40:55,451 [WARN] PackLoader:240 - Cannot read IP mode file for wolfSSL.I-CUBE-wolfTPM.3.4.0
2025-01-08 14:40:55,471 [WARN] PackLoader:240 - Cannot read IP mode file for portGmbH.I-Cube-SoM-uGOAL.1.1.0
2025-01-08 14:40:55,492 [WARN] PackLoader:240 - Cannot read IP mode file for STMicroelectronics.X-CUBE-ALS.1.0.1
2025-01-08 14:40:55,530 [WARN] PackLoader:240 - Cannot read IP mode file for STMicroelectronics.X-CUBE-AZRTOS-WB.1.1.0
2025-01-08 14:40:55,573 [WARN] PackLoader:240 - Cannot read IP mode file for STMicroelectronics.X-CUBE-AZRTOS-H7RS.1.0.0
2025-01-08 14:40:55,599 [WARN] PackLoader:240 - Cannot read IP mode file for STMicroelectronics.FP-ATR-ASTRA1.2.0.0
2025-01-08 14:40:55,630 [WARN] PackLoader:240 - Cannot read IP mode file for STMicroelectronics.X-CUBE-TOF1.3.4.2
2025-01-08 14:40:55,701 [WARN] PackLoader:240 - Cannot read IP mode file for Infineon.AIROC-Wi-Fi-Bluetooth-STM32.1.6.1
2025-01-08 14:40:55,725 [WARN] PackLoader:240 - Cannot read IP mode file for wolfSSL.I-CUBE-wolfSSH.1.4.17
2025-01-08 14:40:55,726 [INFO] ThirdParty:978 - Integrity check success = true
2025-01-08 14:40:55,726 [INFO] IntegrityCheckThread:100 - exiting critical section [integrity check]
2025-01-08 14:40:55,726 [INFO] IntegrityCheckThread:103 - End integrity checks thread
2025-01-08 14:41:00,819 [INFO] WebApp:167 - Instantiating new browser for Auth
2025-01-08 14:41:01,969 [INFO] WebApp:448 - Apply proxy settings
2025-01-08 14:41:01,970 [INFO] WebApp:533 - Chromium requires no authentication
2025-01-08 14:41:01,996 [INFO] WebApp:476 - Direct internet connection detected
2025-01-08 14:41:02,035 [INFO] WebApp:869 - Register for checkConnection events
2025-01-08 14:41:02,035 [INFO] WebApp:448 - Apply proxy settings
2025-01-08 14:41:02,035 [INFO] WebApp:533 - Chromium requires no authentication
2025-01-08 14:41:02,036 [INFO] WebApp:476 - Direct internet connection detected
2025-01-08 14:41:02,340 [INFO] WebApp:220 - Starting web application
2025-01-08 14:41:02,340 [INFO] WebApp:578 - Web application path used D:\STM32CubeIDE_1.16.1\STM32CubeIDE\plugins\com.st.stm32cube.common.mx_6.12.1.202409122256\db\plugins\mcufinder\reactClient1\index.html
2025-01-08 14:41:02,663 [INFO] UserAuth:417 - Internet connection configuration mode: 1
2025-01-08 14:41:03,097 [INFO] WebApp:186 - Connection restablished
2025-01-08 14:47:19,782 [ERROR] LogOutputStream:75 - [STDERR_REDIRECT] 
2025-01-08 14:47:19,783 [ERROR] LogOutputStream:75 - [STDERR_REDIRECT] 
2025-01-08 14:54:17,924 [INFO] Activator:176 - 


2025-01-08 14:54:17,928 [INFO] Activator:177 - !SESSION log4j initialized
2025-01-08 14:54:26,329 [INFO] LogOutputStream:77 - [STDOUT_REDIRECT] 
2025-01-08 14:54:32,038 [INFO] ApplicationProperties:184 - Using Application install path: D:\STM32CubeIDE_1.16.1\STM32CubeIDE\plugins\com.st.stm32cube.common.mx_6.12.1.202409122256
2025-01-08 14:54:32,068 [INFO] DbMcusXml:78 - Set database path to: D:\STM32CubeIDE_1.16.1\STM32CubeIDE\plugins\com.st.stm32cube.common.mx_6.12.1.202409122256\\db\/mcu/
2025-01-08 14:54:32,068 [INFO] ApiDb:274 - Set plugin database path to: D:\STM32CubeIDE_1.16.1\STM32CubeIDE\plugins\com.st.stm32cube.common.mx_6.12.1.202409122256\\db\/plugins/boardmanager/
2025-01-08 14:54:32,069 [WARN] ApiDb:259 - Overriding images path with different value:  => D:\STM32CubeIDE_1.16.1\STM32CubeIDE\plugins\com.st.stm32cube.common.mx_6.12.1.202409122256\\db\/plugins/mcufinder/images/
2025-01-08 14:54:32,079 [INFO] ApiDb:250 - Set database path to: C:\Users\solom\.stmcufinder\plugins\mcufinder//mcu/
2025-01-08 14:54:32,081 [INFO] DbMcusAds:125 - Set database path to: C:\Users\solom\.stmcufinder\plugins\mcufinder//mcu/
2025-01-08 14:54:32,084 [INFO] CrossReferenceDbSqlite:203 - Set database path to: C:\Users\solom\.stmcufinder\plugins\mcufinder//mcu/cs/
2025-01-08 14:54:32,258 [INFO] RulesReader:64 - Compatibility file has been processed (297 Rules)
2025-01-08 14:54:32,383 [INFO] DbMcusXml:78 - Set database path to: D:\STM32CubeIDE_1.16.1\STM32CubeIDE\plugins\com.st.stm32cube.common.mx_6.12.1.202409122256\\db\/mcu/
2025-01-08 14:54:32,383 [INFO] ApiDb:274 - Set plugin database path to: D:\STM32CubeIDE_1.16.1\STM32CubeIDE\plugins\com.st.stm32cube.common.mx_6.12.1.202409122256\\db\/plugins/boardmanager/
2025-01-08 14:54:32,383 [INFO] ApiDb:261 - Set plugin images path to: D:\STM32CubeIDE_1.16.1\STM32CubeIDE\plugins\com.st.stm32cube.common.mx_6.12.1.202409122256\\db\/plugins/mcufinder/images/
2025-01-08 14:54:32,384 [WARN] DbFile:41 - Overriding database path with different value: C:\Users\solom\.stmcufinder\plugins\mcufinder/ => C:\Users\solom\.stmcufinder\plugins\mcufinder
2025-01-08 14:54:32,384 [INFO] ApiDb:250 - Set database path to: C:\Users\solom\.stmcufinder\plugins\mcufinder//mcu/
2025-01-08 14:54:32,384 [WARN] DbFile:41 - Overriding database path with different value: C:\Users\solom\.stmcufinder\plugins\mcufinder/ => C:\Users\solom\.stmcufinder\plugins\mcufinder
2025-01-08 14:54:32,384 [INFO] DbMcusAds:125 - Set database path to: C:\Users\solom\.stmcufinder\plugins\mcufinder//mcu/
2025-01-08 14:54:32,384 [WARN] DbFile:41 - Overriding database path with different value: C:\Users\solom\.stmcufinder\plugins\mcufinder/ => C:\Users\solom\.stmcufinder\plugins\mcufinder
2025-01-08 14:54:32,384 [WARN] DbFile:41 - Overriding database path with different value: C:\Users\solom\.stmcufinder\plugins\mcufinder/ => C:\Users\solom\.stmcufinder\plugins\mcufinder
2025-01-08 14:54:32,384 [INFO] CrossReferenceDbSqlite:203 - Set database path to: C:\Users\solom\.stmcufinder\plugins\mcufinder//mcu/cs/
2025-01-08 14:54:32,488 [INFO] MainPanel:268 - HeapMemory: 268435456
2025-01-08 14:54:32,592 [INFO] DbMcusXml:78 - Set database path to: D:\STM32CubeIDE_1.16.1\STM32CubeIDE\plugins\com.st.stm32cube.common.mx_6.12.1.202409122256\\db\/mcu/
2025-01-08 14:54:32,593 [INFO] ApiDb:274 - Set plugin database path to: D:\STM32CubeIDE_1.16.1\STM32CubeIDE\plugins\com.st.stm32cube.common.mx_6.12.1.202409122256\\db\/plugins/boardmanager/
2025-01-08 14:54:32,593 [INFO] ApiDb:261 - Set plugin images path to: D:\STM32CubeIDE_1.16.1\STM32CubeIDE\plugins\com.st.stm32cube.common.mx_6.12.1.202409122256\\db\/plugins/mcufinder/images/
2025-01-08 14:54:32,594 [WARN] DbFile:41 - Overriding database path with different value: C:\Users\solom\.stmcufinder\plugins\mcufinder/ => C:\Users\solom\.stmcufinder\plugins\mcufinder
2025-01-08 14:54:32,594 [INFO] ApiDb:250 - Set database path to: C:\Users\solom\.stmcufinder\plugins\mcufinder//mcu/
2025-01-08 14:54:32,594 [WARN] DbFile:41 - Overriding database path with different value: C:\Users\solom\.stmcufinder\plugins\mcufinder/ => C:\Users\solom\.stmcufinder\plugins\mcufinder
2025-01-08 14:54:32,594 [INFO] DbMcusAds:125 - Set database path to: C:\Users\solom\.stmcufinder\plugins\mcufinder//mcu/
2025-01-08 14:54:32,595 [WARN] DbFile:41 - Overriding database path with different value: C:\Users\solom\.stmcufinder\plugins\mcufinder/ => C:\Users\solom\.stmcufinder\plugins\mcufinder
2025-01-08 14:54:32,595 [WARN] DbFile:41 - Overriding database path with different value: C:\Users\solom\.stmcufinder\plugins\mcufinder/ => C:\Users\solom\.stmcufinder\plugins\mcufinder
2025-01-08 14:54:32,595 [INFO] CrossReferenceDbSqlite:203 - Set database path to: C:\Users\solom\.stmcufinder\plugins\mcufinder//mcu/cs/
2025-01-08 14:54:32,620 [INFO] ApplicationProperties:184 - Using Application install path: D:\STM32CubeIDE_1.16.1\STM32CubeIDE\plugins\com.st.stm32cube.common.mx_6.12.1.202409122256
2025-01-08 14:54:32,622 [INFO] PluginManage:196 - Search for loadable plugins [exclusion list=, ]
2025-01-08 14:54:32,623 [INFO] PluginManage:310 - Check plugin analytics
2025-01-08 14:54:37,435 [INFO] AnalyticsPlugin:253 - Accepted Software Licenses: 
2025-01-08 14:54:37,436 [INFO] AnalyticsPlugin:255 - Accepted CMSIS Pack Licenses: 
2025-01-08 14:54:37,436 [INFO] AnalyticsPlugin:257 - Accepted Firmware Licenses: FW.F4.1.27.0,FW.C0.1.2.0,FW.F7.1.17.0
2025-01-08 14:54:37,440 [INFO] PluginManage:359 - Loaded plugin analytics (category:tool,tabindex:-1)
2025-01-08 14:54:37,441 [INFO] PluginManage:310 - Check plugin cadmodel
2025-01-08 14:54:37,449 [INFO] CADModel:105 - Init CAD model plugin
2025-01-08 14:54:37,449 [INFO] PluginManage:359 - Loaded plugin cadmodel (category:power,tabindex:5)
2025-01-08 14:54:37,450 [INFO] PluginManage:310 - Check plugin clock
2025-01-08 14:54:37,462 [INFO] PluginManage:359 - Loaded plugin clock (category:base,tabindex:2)
2025-01-08 14:54:37,462 [INFO] PluginManage:310 - Check plugin ddr
2025-01-08 14:54:37,464 [INFO] PluginManage:359 - Loaded plugin ddr (category:tool,tabindex:6)
2025-01-08 14:54:37,465 [INFO] PluginManage:310 - Check plugin filemanager
2025-01-08 14:54:37,649 [INFO] PluginManage:359 - Loaded plugin filemanager (category:base,tabindex:10)
2025-01-08 14:54:37,649 [INFO] PluginManage:310 - Check plugin ipmanager
2025-01-08 14:54:37,659 [INFO] PluginManage:359 - Loaded plugin ipmanager (category:base,tabindex:5)
2025-01-08 14:54:37,659 [INFO] PluginManage:310 - Check plugin lpbam
2025-01-08 14:54:37,670 [INFO] PluginManage:359 - Loaded plugin lpbam (category:base,tabindex:0)
2025-01-08 14:54:37,670 [INFO] PluginManage:310 - Check plugin memorymap
2025-01-08 14:54:37,691 [INFO] PluginManage:359 - Loaded plugin memorymap (category:base,tabindex:4)
2025-01-08 14:54:37,691 [INFO] PluginManage:310 - Check plugin pinoutandconfiguration
2025-01-08 14:54:37,701 [INFO] PluginManage:359 - Loaded plugin pinoutandconfiguration (category:base,tabindex:1)
2025-01-08 14:54:37,702 [INFO] PluginManage:310 - Check plugin pinoutconfig
2025-01-08 14:54:37,845 [WARN] SupportedApi:132 - Cannot load RTOS API schema: s4s-elt-must-match.1: The content of 'definitions' must match (annotation?, (simpleType | complexType)?, (unique | key | keyref)*)). A problem was found starting at: attribute.
2025-01-08 14:54:38,051 [INFO] PluginManage:359 - Loaded plugin pinoutconfig (category:base,tabindex:0)
2025-01-08 14:54:38,051 [INFO] PluginManage:310 - Check plugin power
2025-01-08 14:54:38,064 [INFO] PluginManage:359 - Loaded plugin power (category:power,tabindex:4)
2025-01-08 14:54:38,065 [INFO] PluginManage:310 - Check plugin projectmanager
2025-01-08 14:54:38,088 [INFO] PluginManage:359 - Loaded plugin projectmanager (category:projectmanager,tabindex:4)
2025-01-08 14:54:38,089 [INFO] PluginManage:310 - Check plugin rif
2025-01-08 14:54:38,097 [INFO] PluginManage:359 - Loaded plugin rif (category:base,tabindex:3)
2025-01-08 14:54:38,097 [INFO] PluginManage:310 - Check plugin thirdparty
2025-01-08 14:54:38,268 [WARN] IntegrityCheckThread:84 - waiting for thirdparty lock release [integrity check]
2025-01-08 14:54:38,269 [INFO] PluginManage:359 - Loaded plugin thirdparty (category:base,tabindex:-1)
2025-01-08 14:54:38,269 [INFO] IntegrityCheckThread:86 - entering critical section [integrity check]
2025-01-08 14:54:38,269 [INFO] PluginManage:310 - Check plugin tools
2025-01-08 14:54:38,269 [INFO] ThirdPartyUpdaterWithRetryManager:70 - Updater plugin not ready yet. [1/15]
2025-01-08 14:54:38,274 [INFO] PluginManage:359 - Loaded plugin tools (category:base,tabindex:7)
2025-01-08 14:54:38,275 [INFO] PluginManage:310 - Check plugin tutovideos
2025-01-08 14:54:38,494 [INFO] PluginManage:359 - Loaded plugin tutovideos (category:base,tabindex:-1)
2025-01-08 14:54:38,494 [INFO] PluginManage:310 - Check plugin updater
2025-01-08 14:54:38,520 [INFO] PluginManage:359 - Loaded plugin updater (category:base,tabindex:12)
2025-01-08 14:54:38,520 [INFO] PluginManage:310 - Check plugin userauth
2025-01-08 14:54:38,527 [INFO] UserAuth:113 - Init User Auth plugin
2025-01-08 14:54:38,528 [INFO] PluginManage:359 - Loaded plugin userauth (category:base,tabindex:14)
2025-01-08 14:54:38,528 [INFO] PluginManage:283 - PluginManage : Loaded plugins [18]
2025-01-08 14:54:38,903 [INFO] PinOutPanel:1561 - setPackage(No Configuration,No Configuration)
2025-01-08 14:54:39,017 [INFO] CADModel:165 - CPN selected for project level
2025-01-08 14:54:39,017 [INFO] CADModel:114 - Register for checkConnection events
2025-01-08 14:54:39,038 [INFO] IPUIPlugin:80 - create IPUIPlugin
2025-01-08 14:54:39,039 [INFO] PluginManager:220 - loadIPPluginJar : add adc
2025-01-08 14:54:39,043 [INFO] IPUIPlugin:80 - create IPUIPlugin
2025-01-08 14:54:39,043 [INFO] PluginManager:220 - loadIPPluginJar : add aes
2025-01-08 14:54:39,047 [INFO] IPUIPlugin:80 - create IPUIPlugin
2025-01-08 14:54:39,047 [INFO] PluginManager:220 - loadIPPluginJar : add can
2025-01-08 14:54:39,049 [INFO] IPUIPlugin:80 - create IPUIPlugin
2025-01-08 14:54:39,049 [INFO] PluginManager:220 - loadIPPluginJar : add comp
2025-01-08 14:54:39,052 [INFO] IPUIPlugin:80 - create IPUIPlugin
2025-01-08 14:54:39,052 [INFO] PluginManager:220 - loadIPPluginJar : add cryp
2025-01-08 14:54:39,054 [INFO] IPUIPlugin:80 - create IPUIPlugin
2025-01-08 14:54:39,055 [INFO] PluginManager:220 - loadIPPluginJar : add ddr_ctrl_phy
2025-01-08 14:54:39,057 [INFO] IPUIPlugin:80 - create IPUIPlugin
2025-01-08 14:54:39,057 [INFO] PluginManager:220 - loadIPPluginJar : add dfsdm
2025-01-08 14:54:39,064 [INFO] IPUIPlugin:80 - create IPUIPlugin
2025-01-08 14:54:39,065 [INFO] PluginManager:220 - loadIPPluginJar : add dma
2025-01-08 14:54:39,068 [INFO] IPUIPlugin:80 - create IPUIPlugin
2025-01-08 14:54:39,068 [INFO] PluginManager:220 - loadIPPluginJar : add dma3
2025-01-08 14:54:39,071 [INFO] IPUIPlugin:80 - create IPUIPlugin
2025-01-08 14:54:39,071 [INFO] PluginManager:220 - loadIPPluginJar : add extmemmanager
2025-01-08 14:54:39,073 [INFO] IPUIPlugin:80 - create IPUIPlugin
2025-01-08 14:54:39,073 [INFO] PluginManager:220 - loadIPPluginJar : add fatfs
2025-01-08 14:54:39,080 [INFO] IPUIPlugin:80 - create IPUIPlugin
2025-01-08 14:54:39,080 [INFO] PluginManager:220 - loadIPPluginJar : add fmc
2025-01-08 14:54:39,088 [INFO] IPUIPlugin:80 - create IPUIPlugin
2025-01-08 14:54:39,088 [INFO] PluginManager:220 - loadIPPluginJar : add freertos
2025-01-08 14:54:39,091 [INFO] IPUIPlugin:80 - create IPUIPlugin
2025-01-08 14:54:39,091 [INFO] PluginManager:220 - loadIPPluginJar : add genericplugin
2025-01-08 14:54:39,094 [INFO] IPUIPlugin:80 - create IPUIPlugin
2025-01-08 14:54:39,094 [INFO] PluginManager:220 - loadIPPluginJar : add gfxmmu
2025-01-08 14:54:39,099 [INFO] IPUIPlugin:80 - create IPUIPlugin
2025-01-08 14:54:39,099 [INFO] PluginManager:220 - loadIPPluginJar : add gic
2025-01-08 14:54:39,103 [INFO] IPUIPlugin:80 - create IPUIPlugin
2025-01-08 14:54:39,104 [INFO] PluginManager:220 - loadIPPluginJar : add gpio
2025-01-08 14:54:39,106 [INFO] IPUIPlugin:80 - create IPUIPlugin
2025-01-08 14:54:39,107 [INFO] PluginManager:220 - loadIPPluginJar : add gtzc
2025-01-08 14:54:39,110 [INFO] IPUIPlugin:80 - create IPUIPlugin
2025-01-08 14:54:39,111 [INFO] PluginManager:220 - loadIPPluginJar : add hash
2025-01-08 14:54:39,114 [INFO] IPUIPlugin:80 - create IPUIPlugin
2025-01-08 14:54:39,114 [INFO] PluginManager:220 - loadIPPluginJar : add i2c
2025-01-08 14:54:39,116 [INFO] IPUIPlugin:80 - create IPUIPlugin
2025-01-08 14:54:39,117 [INFO] PluginManager:220 - loadIPPluginJar : add i2s
2025-01-08 14:54:39,120 [INFO] IPUIPlugin:80 - create IPUIPlugin
2025-01-08 14:54:39,120 [INFO] PluginManager:220 - loadIPPluginJar : add i3c
2025-01-08 14:54:39,125 [INFO] IPUIPlugin:80 - create IPUIPlugin
2025-01-08 14:54:39,125 [INFO] PluginManager:220 - loadIPPluginJar : add ipddr
2025-01-08 14:54:39,134 [INFO] IPUIPlugin:80 - create IPUIPlugin
2025-01-08 14:54:39,134 [INFO] PluginManager:220 - loadIPPluginJar : add linkedlist
2025-01-08 14:54:39,138 [INFO] IPUIPlugin:80 - create IPUIPlugin
2025-01-08 14:54:39,139 [INFO] PluginManager:220 - loadIPPluginJar : add lorawan
2025-01-08 14:54:39,141 [INFO] IPUIPlugin:80 - create IPUIPlugin
2025-01-08 14:54:39,141 [INFO] PluginManager:220 - loadIPPluginJar : add ltdc
2025-01-08 14:54:39,147 [INFO] IPUIPlugin:80 - create IPUIPlugin
2025-01-08 14:54:39,147 [INFO] PluginManager:220 - loadIPPluginJar : add mdma
2025-01-08 14:54:39,152 [INFO] IPUIPlugin:80 - create IPUIPlugin
2025-01-08 14:54:39,152 [INFO] PluginManager:220 - loadIPPluginJar : add nvic
2025-01-08 14:54:39,156 [INFO] IPUIPlugin:80 - create IPUIPlugin
2025-01-08 14:54:39,156 [INFO] PluginManager:220 - loadIPPluginJar : add opamp
2025-01-08 14:54:39,161 [INFO] IPUIPlugin:80 - create IPUIPlugin
2025-01-08 14:54:39,161 [INFO] PluginManager:220 - loadIPPluginJar : add openamp
2025-01-08 14:54:39,164 [INFO] IPUIPlugin:80 - create IPUIPlugin
2025-01-08 14:54:39,164 [INFO] PluginManager:220 - loadIPPluginJar : add pdm2pcm
2025-01-08 14:54:39,171 [INFO] IPUIPlugin:80 - create IPUIPlugin
2025-01-08 14:54:39,176 [INFO] PluginManager:220 - loadIPPluginJar : add plateformsettings
2025-01-08 14:54:39,180 [INFO] IPUIPlugin:80 - create IPUIPlugin
2025-01-08 14:54:39,180 [INFO] PluginManager:220 - loadIPPluginJar : add quadspi
2025-01-08 14:54:39,182 [INFO] IPUIPlugin:80 - create IPUIPlugin
2025-01-08 14:54:39,183 [INFO] PluginManager:220 - loadIPPluginJar : add radio
2025-01-08 14:54:39,189 [INFO] IPUIPlugin:80 - create IPUIPlugin
2025-01-08 14:54:39,189 [INFO] PluginManager:220 - loadIPPluginJar : add resmgrutility
2025-01-08 14:54:39,195 [INFO] IPUIPlugin:80 - create IPUIPlugin
2025-01-08 14:54:39,196 [INFO] PluginManager:220 - loadIPPluginJar : add sai
2025-01-08 14:54:39,200 [INFO] IPUIPlugin:80 - create IPUIPlugin
2025-01-08 14:54:39,200 [INFO] PluginManager:220 - loadIPPluginJar : add spi
2025-01-08 14:54:39,211 [INFO] IPUIPlugin:80 - create IPUIPlugin
2025-01-08 14:54:39,211 [INFO] PluginManager:220 - loadIPPluginJar : add stm32_wpan
2025-01-08 14:54:39,214 [INFO] IPUIPlugin:80 - create IPUIPlugin
2025-01-08 14:54:39,214 [INFO] PluginManager:220 - loadIPPluginJar : add tim
2025-01-08 14:54:39,220 [INFO] IPUIPlugin:80 - create IPUIPlugin
2025-01-08 14:54:39,220 [INFO] PluginManager:220 - loadIPPluginJar : add touchsensing
2025-01-08 14:54:39,223 [INFO] IPUIPlugin:80 - create IPUIPlugin
2025-01-08 14:54:39,223 [INFO] PluginManager:220 - loadIPPluginJar : add tracer_emb
2025-01-08 14:54:39,227 [INFO] IPUIPlugin:80 - create IPUIPlugin
2025-01-08 14:54:39,227 [INFO] PluginManager:220 - loadIPPluginJar : add ts
2025-01-08 14:54:39,229 [INFO] IPUIPlugin:80 - create IPUIPlugin
2025-01-08 14:54:39,229 [INFO] PluginManager:220 - loadIPPluginJar : add tsc
2025-01-08 14:54:39,233 [INFO] IPUIPlugin:80 - create IPUIPlugin
2025-01-08 14:54:39,233 [INFO] PluginManager:220 - loadIPPluginJar : add ucpd
2025-01-08 14:54:39,238 [INFO] IPUIPlugin:80 - create IPUIPlugin
2025-01-08 14:54:39,238 [INFO] PluginManager:220 - loadIPPluginJar : add usart
2025-01-08 14:54:39,244 [INFO] IPUIPlugin:80 - create IPUIPlugin
2025-01-08 14:54:39,244 [INFO] PluginManager:220 - loadIPPluginJar : add usbx
2025-01-08 14:54:39,395 [INFO] CADModel:165 - CPN selected for project level
2025-01-08 14:54:39,395 [INFO] CADModel:114 - Register for checkConnection events
2025-01-08 14:54:39,395 [FATAL] Updater:334 - Updater called before beeing initialized
2025-01-08 14:54:39,396 [ERROR] CADModel:125 - Updater not yet initialized, retry later 
2025-01-08 14:54:39,570 [INFO] CADModel:165 - CPN selected for project level
2025-01-08 14:54:39,570 [INFO] CADModel:114 - Register for checkConnection events
2025-01-08 14:54:39,570 [FATAL] Updater:334 - Updater called before beeing initialized
2025-01-08 14:54:39,570 [ERROR] CADModel:125 - Updater not yet initialized, retry later 
2025-01-08 14:54:39,574 [FATAL] Updater:334 - Updater called before beeing initialized
2025-01-08 14:54:39,709 [FATAL] Updater:334 - Updater called before beeing initialized
2025-01-08 14:54:39,715 [INFO] DbMcusAds:53 - JSON generation date=Fri Sep 20 15:04:38 CEST 2024 (1726837478367)
2025-01-08 14:54:39,716 [FATAL] Updater:334 - Updater called before beeing initialized
2025-01-08 14:54:39,761 [WARN] DetailPanel:346 - Failed to get advertising image, set to default
2025-01-08 14:54:39,874 [FATAL] Updater:334 - Updater called before beeing initialized
2025-01-08 14:54:39,877 [FATAL] Updater:334 - Updater called before beeing initialized
2025-01-08 14:54:39,878 [FATAL] Updater:334 - Updater called before beeing initialized
2025-01-08 14:54:39,878 [WARN] DetailPanel:346 - Failed to get advertising image, set to default
2025-01-08 14:54:39,879 [FATAL] Updater:334 - Updater called before beeing initialized
2025-01-08 14:54:39,955 [ERROR] Updater:1164 - MainUpdater not yet initialized. External WinMGr cannot be set.
2025-01-08 14:54:39,961 [INFO] Updater:1100 - Updater Version found : 6.12.1
2025-01-08 14:54:39,986 [INFO] ApplicationProperties:184 - Using Application install path: D:\STM32CubeIDE_1.16.1\STM32CubeIDE\plugins\com.st.stm32cube.common.mx_6.12.1.202409122256
2025-01-08 14:54:41,271 [INFO] ThirdPartyUpdaterWithRetryManager:70 - Updater plugin not ready yet. [2/15]
2025-01-08 14:54:41,567 [ERROR] LogOutputStream:75 - [STDERR_REDIRECT] Jan 08, 2025 2:54:41 PM java.util.prefs.WindowsPreferences <init>
2025-01-08 14:54:41,570 [ERROR] LogOutputStream:75 - [STDERR_REDIRECT] WARNING: Could not open/create prefs root node Software\JavaSoft\Prefs at root 0xffffffff80000002. Windows RegCreateKeyEx(...) returned error code 5.
2025-01-08 14:54:41,570 [ERROR] LogOutputStream:75 - [STDERR_REDIRECT] 
2025-01-08 14:54:42,047 [INFO] MainUpdater:2873 - connection check result : 10
2025-01-08 14:54:42,048 [INFO] MainUpdater:290 - Updater Check For Update Now.
2025-01-08 14:54:42,048 [INFO] MicroXplorer:498 - Change Database Version : DB.6.0.121
2025-01-08 14:54:42,063 [INFO] McuFinderGlobals:63 - Set McuFinder mode to 2 (CubeIDE integrated)
2025-01-08 14:54:42,064 [INFO] UserAuth:417 - Internet connection configuration mode: 1
2025-01-08 14:54:42,094 [INFO] JxBrowserEngine:152 - Initiate JxBrowser Engine with user profile folder
2025-01-08 14:54:42,282 [INFO] CheckServerUpdateThread:120 - End of CheckServer Thread
2025-01-08 14:54:43,120 [INFO] WebApp:167 - Instantiating new browser for Auth
2025-01-08 14:54:44,252 [INFO] WebApp:448 - Apply proxy settings
2025-01-08 14:54:44,252 [INFO] WebApp:533 - Chromium requires no authentication
2025-01-08 14:54:44,265 [INFO] WebApp:476 - Direct internet connection detected
2025-01-08 14:54:44,312 [INFO] WebApp:869 - Register for checkConnection events
2025-01-08 14:54:44,313 [INFO] WebApp:448 - Apply proxy settings
2025-01-08 14:54:44,313 [INFO] WebApp:533 - Chromium requires no authentication
2025-01-08 14:54:44,314 [INFO] WebApp:476 - Direct internet connection detected
2025-01-08 14:54:44,640 [WARN] PackLoader:240 - Cannot read IP mode file for STMicroelectronics.FP-SNS-MOTENVWB1.1.4.0
2025-01-08 14:54:44,655 [WARN] PackLoader:240 - Cannot read IP mode file for STMicroelectronics.FP-ATR-ASTRA1.2.0.1
2025-01-08 14:54:44,675 [WARN] PackLoader:240 - Cannot read IP mode file for STMicroelectronics.X-CUBE-SMBUS.2.1.0
2025-01-08 14:54:44,687 [WARN] PackLoader:240 - Cannot read IP mode file for STMicroelectronics.X-CUBE-WB05N.1.1.0
2025-01-08 14:54:44,703 [INFO] WebApp:220 - Starting web application
2025-01-08 14:54:44,703 [INFO] WebApp:578 - Web application path used D:\STM32CubeIDE_1.16.1\STM32CubeIDE\plugins\com.st.stm32cube.common.mx_6.12.1.202409122256\db\plugins\mcufinder\reactClient1\index.html
2025-01-08 14:54:44,754 [WARN] PackLoader:240 - Cannot read IP mode file for STMicroelectronics.X-CUBE-AZRTOS-F7.1.1.0
2025-01-08 14:54:44,908 [WARN] PackLoader:240 - Cannot read IP mode file for STMicroelectronics.X-CUBE-MEMS1.11.0.0
2025-01-08 14:54:44,993 [INFO] UserAuth:417 - Internet connection configuration mode: 1
2025-01-08 14:54:45,439 [INFO] WebApp:186 - Connection restablished
2025-01-08 14:54:45,440 [WARN] PackLoader:240 - Cannot read IP mode file for STMicroelectronics.X-CUBE-BLE1.6.2.4
2025-01-08 14:54:45,449 [WARN] PackLoader:240 - Cannot read IP mode file for STMicroelectronics.FP-SNS-FLIGHT1.5.0.2
2025-01-08 14:54:45,480 [WARN] PackLoader:240 - Cannot read IP mode file for STMicroelectronics.X-CUBE-DISPLAY.3.0.0
2025-01-08 14:54:45,494 [WARN] PackLoader:240 - Cannot read IP mode file for STMicroelectronics.X-CUBE-BLE1.7.0.0
2025-01-08 14:54:45,505 [WARN] PackLoader:240 - Cannot read IP mode file for STMicroelectronics.X-CUBE-NFC10.1.0.0
2025-01-08 14:54:45,525 [WARN] PackLoader:240 - Cannot read IP mode file for STMicroelectronics.X-CUBE-BLEMGR.4.0.0
2025-01-08 14:54:45,546 [WARN] PackLoader:240 - Cannot read IP mode file for STMicroelectronics.X-CUBE-BLEMGR.3.1.0
2025-01-08 14:54:45,556 [WARN] PackLoader:240 - Cannot read IP mode file for STMicroelectronics.FP-SNS-SMARTAG2.1.2.0
2025-01-08 14:54:45,741 [WARN] PackLoader:240 - Cannot read IP mode file for STMicroelectronics.X-CUBE-MEMS1.11.1.0
2025-01-08 14:54:46,115 [INFO] LogOutputStream:77 - [STDOUT_REDIRECT] 1 : Invalid condition id : UX_CORESTACK_Condition cause : null
2025-01-08 14:54:46,116 [INFO] LogOutputStream:77 - [STDOUT_REDIRECT] 1 : Invalid condition id : UX_CORESTACK_Condition cause : null
2025-01-08 14:54:46,119 [INFO] LogOutputStream:77 - [STDOUT_REDIRECT] 1 : Invalid condition id : UX_CORESTACK_Condition cause : null
2025-01-08 14:54:46,121 [INFO] LogOutputStream:77 - [STDOUT_REDIRECT] 1 : Invalid condition id : UX_CORESTACK_Condition cause : null
2025-01-08 14:54:46,124 [INFO] LogOutputStream:77 - [STDOUT_REDIRECT] 1 : Invalid condition id : UX_CORESTACK_Condition cause : null
2025-01-08 14:54:46,130 [WARN] PackLoader:240 - Cannot read IP mode file for STMicroelectronics.X-CUBE-AZRTOS-WL.2.0.0
2025-01-08 14:54:46,140 [WARN] PackLoader:240 - Cannot read IP mode file for STMicroelectronics.FP-SNS-MOTENV1.5.0.0
2025-01-08 14:54:46,149 [WARN] PackLoader:240 - Cannot read IP mode file for wolfSSL.I-CUBE-wolfMQTT.1.19.0
2025-01-08 14:54:46,160 [WARN] PackLoader:240 - Cannot read IP mode file for WES.I-CUBE-Cesium.1.3.0
2025-01-08 14:54:46,167 [WARN] PackLoader:240 - Cannot read IP mode file for STMicroelectronics.X-CUBE-BLE2.3.3.0
2025-01-08 14:54:46,177 [WARN] PackLoader:240 - Cannot read IP mode file for STMicroelectronics.X-CUBE-NFC9.1.0.0
2025-01-08 14:54:46,190 [WARN] PackLoader:240 - Cannot read IP mode file for STMicroelectronics.X-CUBE-TCPP.4.1.0
2025-01-08 14:54:46,199 [WARN] PackLoader:240 - Cannot read IP mode file for STMicroelectronics.X-CUBE-TOUCHGFX.4.21.3
2025-01-08 14:54:46,209 [WARN] PackLoader:240 - Cannot read IP mode file for STMicroelectronics.X-CUBE-ALGOBUILD.1.3.0
2025-01-08 14:54:46,235 [WARN] PackLoader:240 - Cannot read IP mode file for STMicroelectronics.X-CUBE-AZRTOS-G0.1.1.0
2025-01-08 14:54:46,264 [WARN] PackLoader:240 - Cannot read IP mode file for STMicroelectronics.X-CUBE-SAFEA1.1.2.2
2025-01-08 14:54:46,288 [WARN] PackLoader:240 - Cannot read IP mode file for STMicroelectronics.X-CUBE-NFC4.3.0.0
2025-01-08 14:54:46,339 [WARN] PackLoader:240 - Cannot read IP mode file for EmbeddedOffice.I-CUBE-FS-RTOS.1.0.1
2025-01-08 14:54:46,340 [ERROR] ConditionMgr:805 - Attr not supported : Dmpu
2025-01-08 14:54:46,340 [ERROR] ConditionMgr:805 - Attr not supported : Dmpu
2025-01-08 14:54:46,340 [ERROR] ConditionMgr:805 - Attr not supported : Dmpu
2025-01-08 14:54:46,340 [ERROR] ConditionMgr:805 - Attr not supported : Dmpu
2025-01-08 14:54:46,341 [ERROR] ConditionMgr:805 - Attr not supported : Dmpu
2025-01-08 14:54:46,341 [ERROR] ConditionMgr:805 - Attr not supported : Dmpu
2025-01-08 14:54:46,341 [ERROR] ConditionMgr:805 - Attr not supported : Dmpu
2025-01-08 14:54:46,341 [ERROR] ConditionMgr:805 - Attr not supported : Dmpu
2025-01-08 14:54:46,341 [ERROR] ConditionMgr:805 - Attr not supported : Dmpu
2025-01-08 14:54:46,341 [ERROR] ConditionMgr:805 - Attr not supported : Dmpu
2025-01-08 14:54:46,341 [ERROR] ConditionMgr:805 - Attr not supported : Dmpu
2025-01-08 14:54:46,341 [ERROR] ConditionMgr:805 - Attr not supported : Dmpu
2025-01-08 14:54:46,342 [ERROR] ConditionMgr:805 - Attr not supported : Dmpu
2025-01-08 14:54:46,342 [ERROR] ConditionMgr:805 - Attr not supported : Dmpu
2025-01-08 14:54:46,342 [ERROR] ConditionMgr:805 - Attr not supported : Dmpu
2025-01-08 14:54:46,342 [ERROR] ConditionMgr:805 - Attr not supported : Dmpu
2025-01-08 14:54:46,382 [ERROR] ConditionMgr:805 - Attr not supported : Dmpu
2025-01-08 14:54:46,382 [ERROR] ConditionMgr:805 - Attr not supported : Dmpu
2025-01-08 14:54:46,382 [ERROR] ConditionMgr:805 - Attr not supported : Dmpu
2025-01-08 14:54:46,382 [ERROR] ConditionMgr:805 - Attr not supported : Dmpu
2025-01-08 14:54:46,382 [ERROR] ConditionMgr:805 - Attr not supported : Dmpu
2025-01-08 14:54:46,383 [ERROR] ConditionMgr:805 - Attr not supported : Dmpu
2025-01-08 14:54:46,383 [ERROR] ConditionMgr:805 - Attr not supported : Dmpu
2025-01-08 14:54:46,383 [ERROR] ConditionMgr:805 - Attr not supported : Dmpu
2025-01-08 14:54:46,383 [ERROR] ConditionMgr:805 - Attr not supported : Dmpu
2025-01-08 14:54:46,383 [ERROR] ConditionMgr:805 - Attr not supported : Dmpu
2025-01-08 14:54:46,383 [ERROR] ConditionMgr:805 - Attr not supported : Dmpu
2025-01-08 14:54:46,383 [ERROR] ConditionMgr:805 - Attr not supported : Dmpu
2025-01-08 14:54:46,384 [ERROR] ConditionMgr:805 - Attr not supported : Dmpu
2025-01-08 14:54:46,384 [ERROR] ConditionMgr:805 - Attr not supported : Dmpu
2025-01-08 14:54:46,384 [ERROR] ConditionMgr:805 - Attr not supported : Dmpu
2025-01-08 14:54:46,384 [ERROR] ConditionMgr:805 - Attr not supported : Dmpu
2025-01-08 14:54:46,384 [ERROR] ConditionMgr:805 - Attr not supported : Dmpu
2025-01-08 14:54:46,384 [ERROR] ConditionMgr:805 - Attr not supported : Dmpu
2025-01-08 14:54:46,384 [ERROR] ConditionMgr:805 - Attr not supported : Dmpu
2025-01-08 14:54:46,384 [ERROR] ConditionMgr:805 - Attr not supported : Dmpu
2025-01-08 14:54:46,385 [ERROR] ConditionMgr:805 - Attr not supported : Dmpu
2025-01-08 14:54:46,385 [ERROR] ConditionMgr:805 - Attr not supported : Dmpu
2025-01-08 14:54:46,385 [ERROR] ConditionMgr:805 - Attr not supported : Dmpu
2025-01-08 14:54:46,385 [ERROR] ConditionMgr:805 - Attr not supported : Dmpu
2025-01-08 14:54:46,385 [ERROR] ConditionMgr:805 - Attr not supported : Dmpu
2025-01-08 14:54:46,386 [ERROR] ConditionMgr:805 - Attr not supported : Dmpu
2025-01-08 14:54:46,386 [ERROR] ConditionMgr:805 - Attr not supported : Dmpu
2025-01-08 14:54:46,386 [ERROR] ConditionMgr:805 - Attr not supported : Dmpu
2025-01-08 14:54:46,386 [ERROR] ConditionMgr:805 - Attr not supported : Dmpu
2025-01-08 14:54:46,386 [ERROR] ConditionMgr:805 - Attr not supported : Dmpu
2025-01-08 14:54:46,386 [ERROR] ConditionMgr:805 - Attr not supported : Dmpu
2025-01-08 14:54:46,387 [ERROR] ConditionMgr:805 - Attr not supported : Dmpu
2025-01-08 14:54:46,387 [ERROR] ConditionMgr:805 - Attr not supported : Dmpu
2025-01-08 14:54:46,387 [ERROR] ConditionMgr:805 - Attr not supported : Dmpu
2025-01-08 14:54:46,387 [ERROR] ConditionMgr:805 - Attr not supported : Dmpu
2025-01-08 14:54:46,387 [ERROR] ConditionMgr:805 - Attr not supported : Dmpu
2025-01-08 14:54:46,387 [ERROR] ConditionMgr:805 - Attr not supported : Dmpu
2025-01-08 14:54:46,388 [ERROR] ConditionMgr:805 - Attr not supported : Dmpu
2025-01-08 14:54:46,388 [ERROR] ConditionMgr:805 - Attr not supported : Dmpu
2025-01-08 14:54:46,388 [ERROR] ConditionMgr:805 - Attr not supported : Dmpu
2025-01-08 14:54:46,388 [ERROR] ConditionMgr:805 - Attr not supported : Dmpu
2025-01-08 14:54:46,388 [ERROR] ConditionMgr:805 - Attr not supported : Dmpu
2025-01-08 14:54:46,388 [ERROR] ConditionMgr:805 - Attr not supported : Dmpu
2025-01-08 14:54:46,388 [ERROR] ConditionMgr:805 - Attr not supported : Dmpu
2025-01-08 14:54:46,388 [ERROR] ConditionMgr:805 - Attr not supported : Dmpu
2025-01-08 14:54:46,389 [ERROR] ConditionMgr:805 - Attr not supported : Dmpu
2025-01-08 14:54:46,389 [ERROR] ConditionMgr:805 - Attr not supported : Dmpu
2025-01-08 14:54:46,389 [ERROR] ConditionMgr:805 - Attr not supported : Dmpu
2025-01-08 14:54:46,396 [ERROR] Engine:466 - C:\Users\solom\.stm32cubemx\thirdparties\pdsc\STMicroelectronics.X-CUBE-TCPP.4.2.0.pdsc: PDSC version is not supported
2025-01-08 14:54:46,405 [WARN] PackLoader:240 - Cannot read IP mode file for RealThread.X-CUBE-RT-Thread_Nano.4.1.1
2025-01-08 14:54:46,412 [WARN] PackLoader:240 - Cannot read IP mode file for STMicroelectronics.FP-ATR-SIGFOX1.3.2.0
2025-01-08 14:54:46,419 [WARN] ConditionMgr:438 - getConditionDescription Invalid condition id : Cortex-A Device cause : null
2025-01-08 14:54:46,461 [WARN] ConditionMgr:1039 - genDependencies : Invalid condition id : Cortex-A Device cause : null
2025-01-08 14:54:46,461 [WARN] ConditionMgr:1039 - genDependencies : Invalid condition id : Cortex-A Device cause : null
2025-01-08 14:54:46,462 [WARN] ConditionMgr:1039 - genDependencies : Invalid condition id : Cortex-A Device cause : null
2025-01-08 14:54:46,472 [WARN] PackLoader:240 - Cannot read IP mode file for STMicroelectronics.X-CUBE-EEPRMA1.5.1.0
2025-01-08 14:54:46,502 [WARN] PackLoader:240 - Cannot read IP mode file for ITTIA_DB.I-CUBE-ITTIADB.8.9.0
2025-01-08 14:54:46,615 [WARN] PackLoader:240 - Cannot read IP mode file for STMicroelectronics.X-CUBE-MEMS1.9.5.0
2025-01-08 14:54:47,058 [WARN] PackLoader:240 - Cannot read IP mode file for SEGGER.I-CUBE-embOS.1.3.1
2025-01-08 14:54:47,230 [WARN] PackLoader:240 - Cannot read IP mode file for STMicroelectronics.X-CUBE-ALGOBUILD.1.4.0
2025-01-08 14:54:47,240 [WARN] PackLoader:240 - Cannot read IP mode file for STMicroelectronics.X-CUBE-AI.9.1.0
2025-01-08 14:54:47,249 [WARN] PackLoader:240 - Cannot read IP mode file for STMicroelectronics.X-CUBE-GNSS1.6.0.0
2025-01-08 14:54:47,298 [WARN] PackLoader:240 - Cannot read IP mode file for STMicroelectronics.X-CUBE-AZRTOS-F4.1.1.0
2025-01-08 14:54:47,310 [WARN] PackLoader:240 - Cannot read IP mode file for STMicroelectronics.X-CUBE-ISPU.2.1.0
2025-01-08 14:54:47,342 [WARN] PackLoader:240 - Cannot read IP mode file for STMicroelectronics.X-CUBE-FREERTOS.1.2.0
2025-01-08 14:54:47,384 [WARN] PackLoader:240 - Cannot read IP mode file for STMicroelectronics.X-CUBE-AZRTOS-L5.2.0.0
2025-01-08 14:54:47,405 [WARN] PackLoader:240 - Cannot read IP mode file for STMicroelectronics.X-CUBE-NFC6.3.1.0
2025-01-08 14:54:47,426 [WARN] PackLoader:240 - Cannot read IP mode file for emotas.I-CUBE-CANOPEN.1.1.3
2025-01-08 14:54:47,448 [WARN] PackLoader:240 - Cannot read IP mode file for STMicroelectronics.X-CUBE-BLEMGR.2.0.0
2025-01-08 14:54:47,462 [WARN] PackLoader:240 - Cannot read IP mode file for STMicroelectronics.X-CUBE-DPower.1.2.0
2025-01-08 14:54:47,470 [WARN] PackLoader:240 - Cannot read IP mode file for wolfSSL.I-CUBE-wolfSSL.5.5.4
2025-01-08 14:54:47,480 [WARN] PackLoader:240 - Cannot read IP mode file for STMicroelectronics.X-CUBE-FREERTOS.1.3.0
2025-01-08 14:54:47,492 [WARN] PackLoader:240 - Cannot read IP mode file for STMicroelectronics.X-CUBE-NFC7.1.0.1
2025-01-08 14:54:47,502 [WARN] PackLoader:240 - Cannot read IP mode file for STMicroelectronics.X-CUBE-NFC7.1.0.0
2025-01-08 14:54:47,515 [WARN] PackLoader:240 - Cannot read IP mode file for STMicroelectronics.X-CUBE-EEPRMA1.4.1.0
2025-01-08 14:54:47,590 [WARN] ConditionMgr:438 - getConditionDescription Invalid condition id : LAN8742 Phy interface Condition cause : null
2025-01-08 14:54:47,591 [WARN] PackLoader:240 - Cannot read IP mode file for STMicroelectronics.X-CUBE-AZRTOS-L4.2.0.0
2025-01-08 14:54:47,594 [WARN] ConditionMgr:1039 - genDependencies : Invalid condition id : LAN8742 Phy interface Condition cause : null
2025-01-08 14:54:47,594 [WARN] ConditionMgr:1039 - genDependencies : Invalid condition id : LAN8742 Phy interface Condition cause : null
2025-01-08 14:54:47,595 [WARN] ConditionMgr:1039 - genDependencies : Invalid condition id : LAN8742 Phy interface Condition cause : null
2025-01-08 14:54:47,610 [WARN] PackLoader:240 - Cannot read IP mode file for STMicroelectronics.X-CUBE-SFXS2LP1.4.0.0
2025-01-08 14:54:47,653 [WARN] PackLoader:240 - Cannot read IP mode file for STMicroelectronics.X-CUBE-AZRTOS-H7.3.0.0
2025-01-08 14:54:47,666 [WARN] PackLoader:240 - Cannot read IP mode file for STMicroelectronics.X-CUBE-ISPU.1.1.0
2025-01-08 14:54:47,723 [WARN] PackLoader:240 - Cannot read IP mode file for STMicroelectronics.X-CUBE-AZRTOS-H7.3.3.0
2025-01-08 14:54:47,743 [WARN] PackLoader:240 - Cannot read IP mode file for RoweBots.I-CUBE-UNISONRTOS.5.5.0-4
2025-01-08 14:54:47,749 [WARN] PackLoader:240 - Cannot read IP mode file for STMicroelectronics.X-CUBE-AI.8.0.0
2025-01-08 14:54:47,773 [WARN] PackLoader:240 - Cannot read IP mode file for STMicroelectronics.X-CUBE-IPS.3.0.0
2025-01-08 14:54:47,818 [WARN] ConditionMgr:438 - getConditionDescription Invalid condition id : UX DEVICE CLASS RTOS Condition cause : null
2025-01-08 14:54:47,818 [WARN] ConditionMgr:438 - getConditionDescription Invalid condition id : UX DEVICE CLASS RTOS Condition cause : null
2025-01-08 14:54:47,822 [WARN] PackLoader:240 - Cannot read IP mode file for STMicroelectronics.X-CUBE-AZRTOS-WB.2.0.0
2025-01-08 14:54:47,824 [WARN] ConditionMgr:1039 - genDependencies : Invalid condition id : UX DEVICE CLASS RTOS Condition cause : null
2025-01-08 14:54:47,824 [WARN] ConditionMgr:1039 - genDependencies : Invalid condition id : UX DEVICE CLASS RTOS Condition cause : null
2025-01-08 14:54:47,825 [WARN] ConditionMgr:1039 - genDependencies : Invalid condition id : UX DEVICE CLASS RTOS Condition cause : null
2025-01-08 14:54:47,826 [WARN] ConditionMgr:1039 - genDependencies : Invalid condition id : UX DEVICE CLASS RTOS Condition cause : null
2025-01-08 14:54:47,826 [WARN] ConditionMgr:1039 - genDependencies : Invalid condition id : UX DEVICE CLASS RTOS Condition cause : null
2025-01-08 14:54:47,832 [WARN] PackLoader:240 - Cannot read IP mode file for STMicroelectronics.X-CUBE-FREERTOS.1.0.0
2025-01-08 14:54:47,840 [WARN] PackLoader:240 - Cannot read IP mode file for STMicroelectronics.X-CUBE-GNSS1.7.0.0
2025-01-08 14:54:47,848 [WARN] PackLoader:240 - Cannot read IP mode file for STMicroelectronics.X-CUBE-GNSS1.7.0.1
2025-01-08 14:54:47,859 [WARN] PackLoader:240 - Cannot read IP mode file for STMicroelectronics.FP-SNS-STBOX1.2.0.0
2025-01-08 14:54:47,885 [WARN] PackLoader:240 - Cannot read IP mode file for STMicroelectronics.X-CUBE-AZRTOS-L5.1.1.0
2025-01-08 14:54:47,927 [WARN] PackLoader:240 - Cannot read IP mode file for STMicroelectronics.X-CUBE-SUBG2.5.0.0
2025-01-08 14:54:47,942 [WARN] PackLoader:240 - Cannot read IP mode file for Cesanta.I-CUBE-Mongoose.7.13.0
2025-01-08 14:54:47,967 [WARN] PackLoader:240 - Cannot read IP mode file for STMicroelectronics.X-CUBE-AZRTOS-G4.2.0.0
2025-01-08 14:54:47,987 [WARN] PackLoader:240 - Cannot read IP mode file for STMicroelectronics.X-CUBE-TOF1.3.3.0
2025-01-08 14:54:48,052 [WARN] PackLoader:240 - Cannot read IP mode file for STMicroelectronics.FP-ATR-ASTRA1.1.1.1
2025-01-08 14:54:48,073 [WARN] PackLoader:240 - Cannot read IP mode file for STMicroelectronics.X-CUBE-AZRTOS-G4.1.0.0
2025-01-08 14:54:48,100 [WARN] PackLoader:240 - Cannot read IP mode file for STMicroelectronics.X-CUBE-AZRTOS-L4.1.0.0
2025-01-08 14:54:48,113 [WARN] PackLoader:240 - Cannot read IP mode file for STMicroelectronics.X-CUBE-ALS.1.0.2
2025-01-08 14:54:48,141 [WARN] PackLoader:240 - Cannot read IP mode file for STMicroelectronics.X-CUBE-AZRTOS-WL.1.0.0
2025-01-08 14:54:48,148 [WARN] PackLoader:240 - Cannot read IP mode file for STMicroelectronics.X-CUBE-TOUCHGFX.4.24.1
2025-01-08 14:54:48,154 [WARN] PackLoader:240 - Cannot read IP mode file for wolfSSL.I-CUBE-wolfTPM.3.4.0
2025-01-08 14:54:48,178 [WARN] PackLoader:240 - Cannot read IP mode file for portGmbH.I-Cube-SoM-uGOAL.1.1.0
2025-01-08 14:54:48,184 [WARN] PackLoader:240 - Cannot read IP mode file for STMicroelectronics.X-CUBE-ALS.1.0.1
2025-01-08 14:54:48,204 [WARN] PackLoader:240 - Cannot read IP mode file for STMicroelectronics.X-CUBE-AZRTOS-WB.1.1.0
2025-01-08 14:54:48,237 [WARN] PackLoader:240 - Cannot read IP mode file for STMicroelectronics.X-CUBE-AZRTOS-H7RS.1.0.0
2025-01-08 14:54:48,247 [WARN] PackLoader:240 - Cannot read IP mode file for STMicroelectronics.FP-ATR-ASTRA1.2.0.0
2025-01-08 14:54:48,265 [WARN] PackLoader:240 - Cannot read IP mode file for STMicroelectronics.X-CUBE-TOF1.3.4.2
2025-01-08 14:54:48,350 [WARN] PackLoader:240 - Cannot read IP mode file for Infineon.AIROC-Wi-Fi-Bluetooth-STM32.1.6.1
2025-01-08 14:54:48,362 [WARN] PackLoader:240 - Cannot read IP mode file for wolfSSL.I-CUBE-wolfSSH.1.4.17
2025-01-08 14:54:48,363 [INFO] ThirdParty:978 - Integrity check success = true
2025-01-08 14:54:48,364 [INFO] IntegrityCheckThread:100 - exiting critical section [integrity check]
2025-01-08 14:54:48,364 [INFO] IntegrityCheckThread:103 - End integrity checks thread
2025-01-08 16:21:29,847 [INFO] WebApp:189 - Connection lost
2025-01-08 16:21:30,111 [INFO] WebApp:186 - Connection restablished
2025-01-08 16:21:31,862 [INFO] WebApp:189 - Connection lost
2025-01-08 16:21:32,083 [INFO] WebApp:186 - Connection restablished
2025-01-08 16:21:34,772 [INFO] WebApp:189 - Connection lost
2025-01-08 16:21:35,027 [INFO] WebApp:186 - Connection restablished
2025-01-08 16:50:06,536 [ERROR] LogOutputStream:75 - [STDERR_REDIRECT] 
2025-01-08 16:50:06,537 [ERROR] LogOutputStream:75 - [STDERR_REDIRECT] 
