2025-01-29 17:03:30,695 [INFO] Activator:176 - 


2025-01-29 17:03:30,702 [INFO] Activator:177 - !SESSION log4j initialized
2025-01-29 17:03:39,800 [INFO] LogOutputStream:77 - [STDOUT_REDIRECT] 
2025-01-29 17:03:41,536 [INFO] ApplicationProperties:184 - Using Application install path: D:\STM32CubeIDE_1.16.1\STM32CubeIDE\plugins\com.st.stm32cube.common.mx_6.12.1.202409122256
2025-01-29 17:03:41,556 [INFO] DbMcusXml:78 - Set database path to: D:\STM32CubeIDE_1.16.1\STM32CubeIDE\plugins\com.st.stm32cube.common.mx_6.12.1.202409122256\\db\/mcu/
2025-01-29 17:03:41,556 [INFO] ApiDb:274 - Set plugin database path to: D:\STM32CubeIDE_1.16.1\STM32CubeIDE\plugins\com.st.stm32cube.common.mx_6.12.1.202409122256\\db\/plugins/boardmanager/
2025-01-29 17:03:41,557 [WARN] ApiDb:259 - Overriding images path with different value:  => D:\STM32CubeIDE_1.16.1\STM32CubeIDE\plugins\com.st.stm32cube.common.mx_6.12.1.202409122256\\db\/plugins/mcufinder/images/
2025-01-29 17:03:41,563 [INFO] ApiDb:250 - Set database path to: C:\Users\solom\.stmcufinder\plugins\mcufinder//mcu/
2025-01-29 17:03:41,565 [INFO] DbMcusAds:125 - Set database path to: C:\Users\solom\.stmcufinder\plugins\mcufinder//mcu/
2025-01-29 17:03:41,567 [INFO] CrossReferenceDbSqlite:203 - Set database path to: C:\Users\solom\.stmcufinder\plugins\mcufinder//mcu/cs/
2025-01-29 17:03:41,743 [INFO] RulesReader:64 - Compatibility file has been processed (297 Rules)
2025-01-29 17:03:41,853 [INFO] DbMcusXml:78 - Set database path to: D:\STM32CubeIDE_1.16.1\STM32CubeIDE\plugins\com.st.stm32cube.common.mx_6.12.1.202409122256\\db\/mcu/
2025-01-29 17:03:41,853 [INFO] ApiDb:274 - Set plugin database path to: D:\STM32CubeIDE_1.16.1\STM32CubeIDE\plugins\com.st.stm32cube.common.mx_6.12.1.202409122256\\db\/plugins/boardmanager/
2025-01-29 17:03:41,853 [INFO] ApiDb:261 - Set plugin images path to: D:\STM32CubeIDE_1.16.1\STM32CubeIDE\plugins\com.st.stm32cube.common.mx_6.12.1.202409122256\\db\/plugins/mcufinder/images/
2025-01-29 17:03:41,853 [WARN] DbFile:41 - Overriding database path with different value: C:\Users\solom\.stmcufinder\plugins\mcufinder/ => C:\Users\solom\.stmcufinder\plugins\mcufinder
2025-01-29 17:03:41,854 [INFO] ApiDb:250 - Set database path to: C:\Users\solom\.stmcufinder\plugins\mcufinder//mcu/
2025-01-29 17:03:41,854 [WARN] DbFile:41 - Overriding database path with different value: C:\Users\solom\.stmcufinder\plugins\mcufinder/ => C:\Users\solom\.stmcufinder\plugins\mcufinder
2025-01-29 17:03:41,854 [INFO] DbMcusAds:125 - Set database path to: C:\Users\solom\.stmcufinder\plugins\mcufinder//mcu/
2025-01-29 17:03:41,854 [WARN] DbFile:41 - Overriding database path with different value: C:\Users\solom\.stmcufinder\plugins\mcufinder/ => C:\Users\solom\.stmcufinder\plugins\mcufinder
2025-01-29 17:03:41,854 [WARN] DbFile:41 - Overriding database path with different value: C:\Users\solom\.stmcufinder\plugins\mcufinder/ => C:\Users\solom\.stmcufinder\plugins\mcufinder
2025-01-29 17:03:41,854 [INFO] CrossReferenceDbSqlite:203 - Set database path to: C:\Users\solom\.stmcufinder\plugins\mcufinder//mcu/cs/
2025-01-29 17:03:41,970 [INFO] MainPanel:268 - HeapMemory: 268435456
2025-01-29 17:03:42,091 [INFO] DbMcusXml:78 - Set database path to: D:\STM32CubeIDE_1.16.1\STM32CubeIDE\plugins\com.st.stm32cube.common.mx_6.12.1.202409122256\\db\/mcu/
2025-01-29 17:03:42,091 [INFO] ApiDb:274 - Set plugin database path to: D:\STM32CubeIDE_1.16.1\STM32CubeIDE\plugins\com.st.stm32cube.common.mx_6.12.1.202409122256\\db\/plugins/boardmanager/
2025-01-29 17:03:42,092 [INFO] ApiDb:261 - Set plugin images path to: D:\STM32CubeIDE_1.16.1\STM32CubeIDE\plugins\com.st.stm32cube.common.mx_6.12.1.202409122256\\db\/plugins/mcufinder/images/
2025-01-29 17:03:42,093 [WARN] DbFile:41 - Overriding database path with different value: C:\Users\solom\.stmcufinder\plugins\mcufinder/ => C:\Users\solom\.stmcufinder\plugins\mcufinder
2025-01-29 17:03:42,093 [INFO] ApiDb:250 - Set database path to: C:\Users\solom\.stmcufinder\plugins\mcufinder//mcu/
2025-01-29 17:03:42,093 [WARN] DbFile:41 - Overriding database path with different value: C:\Users\solom\.stmcufinder\plugins\mcufinder/ => C:\Users\solom\.stmcufinder\plugins\mcufinder
2025-01-29 17:03:42,093 [INFO] DbMcusAds:125 - Set database path to: C:\Users\solom\.stmcufinder\plugins\mcufinder//mcu/
2025-01-29 17:03:42,093 [WARN] DbFile:41 - Overriding database path with different value: C:\Users\solom\.stmcufinder\plugins\mcufinder/ => C:\Users\solom\.stmcufinder\plugins\mcufinder
2025-01-29 17:03:42,093 [WARN] DbFile:41 - Overriding database path with different value: C:\Users\solom\.stmcufinder\plugins\mcufinder/ => C:\Users\solom\.stmcufinder\plugins\mcufinder
2025-01-29 17:03:42,094 [INFO] CrossReferenceDbSqlite:203 - Set database path to: C:\Users\solom\.stmcufinder\plugins\mcufinder//mcu/cs/
2025-01-29 17:03:42,114 [INFO] ApplicationProperties:184 - Using Application install path: D:\STM32CubeIDE_1.16.1\STM32CubeIDE\plugins\com.st.stm32cube.common.mx_6.12.1.202409122256
2025-01-29 17:03:42,115 [INFO] PluginManage:196 - Search for loadable plugins [exclusion list=, ]
2025-01-29 17:03:42,116 [INFO] PluginManage:310 - Check plugin analytics
2025-01-29 17:03:42,409 [INFO] AnalyticsPlugin:253 - Accepted Software Licenses: 
2025-01-29 17:03:42,409 [INFO] AnalyticsPlugin:255 - Accepted CMSIS Pack Licenses: 
2025-01-29 17:03:42,409 [INFO] AnalyticsPlugin:257 - Accepted Firmware Licenses: FW.F4.1.27.0,FW.C0.1.2.0,FW.F7.1.17.0
2025-01-29 17:03:42,414 [INFO] PluginManage:359 - Loaded plugin analytics (category:tool,tabindex:-1)
2025-01-29 17:03:42,415 [INFO] PluginManage:310 - Check plugin cadmodel
2025-01-29 17:03:42,419 [INFO] CADModel:105 - Init CAD model plugin
2025-01-29 17:03:42,420 [INFO] PluginManage:359 - Loaded plugin cadmodel (category:power,tabindex:5)
2025-01-29 17:03:42,420 [INFO] PluginManage:310 - Check plugin clock
2025-01-29 17:03:42,434 [INFO] PluginManage:359 - Loaded plugin clock (category:base,tabindex:2)
2025-01-29 17:03:42,434 [INFO] PluginManage:310 - Check plugin ddr
2025-01-29 17:03:42,436 [INFO] PluginManage:359 - Loaded plugin ddr (category:tool,tabindex:6)
2025-01-29 17:03:42,436 [INFO] PluginManage:310 - Check plugin filemanager
2025-01-29 17:03:42,617 [INFO] PluginManage:359 - Loaded plugin filemanager (category:base,tabindex:10)
2025-01-29 17:03:42,617 [INFO] PluginManage:310 - Check plugin ipmanager
2025-01-29 17:03:42,626 [INFO] PluginManage:359 - Loaded plugin ipmanager (category:base,tabindex:5)
2025-01-29 17:03:42,626 [INFO] PluginManage:310 - Check plugin lpbam
2025-01-29 17:03:42,635 [INFO] PluginManage:359 - Loaded plugin lpbam (category:base,tabindex:0)
2025-01-29 17:03:42,635 [INFO] PluginManage:310 - Check plugin memorymap
2025-01-29 17:03:42,647 [INFO] PluginManage:359 - Loaded plugin memorymap (category:base,tabindex:4)
2025-01-29 17:03:42,647 [INFO] PluginManage:310 - Check plugin pinoutandconfiguration
2025-01-29 17:03:42,660 [INFO] PluginManage:359 - Loaded plugin pinoutandconfiguration (category:base,tabindex:1)
2025-01-29 17:03:42,660 [INFO] PluginManage:310 - Check plugin pinoutconfig
2025-01-29 17:03:42,775 [WARN] SupportedApi:132 - Cannot load RTOS API schema: s4s-elt-must-match.1: The content of 'definitions' must match (annotation?, (simpleType | complexType)?, (unique | key | keyref)*)). A problem was found starting at: attribute.
2025-01-29 17:03:42,957 [INFO] PluginManage:359 - Loaded plugin pinoutconfig (category:base,tabindex:0)
2025-01-29 17:03:42,957 [INFO] PluginManage:310 - Check plugin power
2025-01-29 17:03:42,969 [INFO] PluginManage:359 - Loaded plugin power (category:power,tabindex:4)
2025-01-29 17:03:42,969 [INFO] PluginManage:310 - Check plugin projectmanager
2025-01-29 17:03:43,011 [INFO] PluginManage:359 - Loaded plugin projectmanager (category:projectmanager,tabindex:4)
2025-01-29 17:03:43,012 [INFO] PluginManage:310 - Check plugin rif
2025-01-29 17:03:43,027 [INFO] PluginManage:359 - Loaded plugin rif (category:base,tabindex:3)
2025-01-29 17:03:43,027 [INFO] PluginManage:310 - Check plugin thirdparty
2025-01-29 17:03:43,212 [INFO] PluginManage:359 - Loaded plugin thirdparty (category:base,tabindex:-1)
2025-01-29 17:03:43,212 [WARN] IntegrityCheckThread:84 - waiting for thirdparty lock release [integrity check]
2025-01-29 17:03:43,212 [INFO] PluginManage:310 - Check plugin tools
2025-01-29 17:03:43,212 [INFO] IntegrityCheckThread:86 - entering critical section [integrity check]
2025-01-29 17:03:43,213 [INFO] ThirdPartyUpdaterWithRetryManager:70 - Updater plugin not ready yet. [1/15]
2025-01-29 17:03:43,215 [INFO] PluginManage:359 - Loaded plugin tools (category:base,tabindex:7)
2025-01-29 17:03:43,215 [INFO] PluginManage:310 - Check plugin tutovideos
2025-01-29 17:03:43,452 [INFO] PluginManage:359 - Loaded plugin tutovideos (category:base,tabindex:-1)
2025-01-29 17:03:43,452 [INFO] PluginManage:310 - Check plugin updater
2025-01-29 17:03:43,474 [INFO] PluginManage:359 - Loaded plugin updater (category:base,tabindex:12)
2025-01-29 17:03:43,474 [INFO] PluginManage:310 - Check plugin userauth
2025-01-29 17:03:43,480 [INFO] UserAuth:113 - Init User Auth plugin
2025-01-29 17:03:43,480 [INFO] PluginManage:359 - Loaded plugin userauth (category:base,tabindex:14)
2025-01-29 17:03:43,481 [INFO] PluginManage:283 - PluginManage : Loaded plugins [18]
2025-01-29 17:03:43,758 [INFO] PinOutPanel:1561 - setPackage(No Configuration,No Configuration)
2025-01-29 17:03:43,959 [INFO] CADModel:165 - CPN selected for project level
2025-01-29 17:03:43,959 [INFO] CADModel:114 - Register for checkConnection events
2025-01-29 17:03:43,978 [INFO] IPUIPlugin:80 - create IPUIPlugin
2025-01-29 17:03:43,978 [INFO] PluginManager:220 - loadIPPluginJar : add adc
2025-01-29 17:03:43,981 [INFO] IPUIPlugin:80 - create IPUIPlugin
2025-01-29 17:03:43,981 [INFO] PluginManager:220 - loadIPPluginJar : add aes
2025-01-29 17:03:43,984 [INFO] IPUIPlugin:80 - create IPUIPlugin
2025-01-29 17:03:43,984 [INFO] PluginManager:220 - loadIPPluginJar : add can
2025-01-29 17:03:43,986 [INFO] IPUIPlugin:80 - create IPUIPlugin
2025-01-29 17:03:43,986 [INFO] PluginManager:220 - loadIPPluginJar : add comp
2025-01-29 17:03:43,989 [INFO] IPUIPlugin:80 - create IPUIPlugin
2025-01-29 17:03:43,989 [INFO] PluginManager:220 - loadIPPluginJar : add cryp
2025-01-29 17:03:43,992 [INFO] IPUIPlugin:80 - create IPUIPlugin
2025-01-29 17:03:43,992 [INFO] PluginManager:220 - loadIPPluginJar : add ddr_ctrl_phy
2025-01-29 17:03:43,995 [INFO] IPUIPlugin:80 - create IPUIPlugin
2025-01-29 17:03:43,995 [INFO] PluginManager:220 - loadIPPluginJar : add dfsdm
2025-01-29 17:03:44,000 [INFO] IPUIPlugin:80 - create IPUIPlugin
2025-01-29 17:03:44,000 [INFO] PluginManager:220 - loadIPPluginJar : add dma
2025-01-29 17:03:44,003 [INFO] IPUIPlugin:80 - create IPUIPlugin
2025-01-29 17:03:44,003 [INFO] PluginManager:220 - loadIPPluginJar : add dma3
2025-01-29 17:03:44,007 [INFO] IPUIPlugin:80 - create IPUIPlugin
2025-01-29 17:03:44,007 [INFO] PluginManager:220 - loadIPPluginJar : add extmemmanager
2025-01-29 17:03:44,009 [INFO] IPUIPlugin:80 - create IPUIPlugin
2025-01-29 17:03:44,009 [INFO] PluginManager:220 - loadIPPluginJar : add fatfs
2025-01-29 17:03:44,013 [INFO] IPUIPlugin:80 - create IPUIPlugin
2025-01-29 17:03:44,013 [INFO] PluginManager:220 - loadIPPluginJar : add fmc
2025-01-29 17:03:44,019 [INFO] IPUIPlugin:80 - create IPUIPlugin
2025-01-29 17:03:44,019 [INFO] PluginManager:220 - loadIPPluginJar : add freertos
2025-01-29 17:03:44,021 [INFO] IPUIPlugin:80 - create IPUIPlugin
2025-01-29 17:03:44,021 [INFO] PluginManager:220 - loadIPPluginJar : add genericplugin
2025-01-29 17:03:44,024 [INFO] IPUIPlugin:80 - create IPUIPlugin
2025-01-29 17:03:44,024 [INFO] PluginManager:220 - loadIPPluginJar : add gfxmmu
2025-01-29 17:03:44,029 [INFO] IPUIPlugin:80 - create IPUIPlugin
2025-01-29 17:03:44,030 [INFO] PluginManager:220 - loadIPPluginJar : add gic
2025-01-29 17:03:44,034 [INFO] IPUIPlugin:80 - create IPUIPlugin
2025-01-29 17:03:44,035 [INFO] PluginManager:220 - loadIPPluginJar : add gpio
2025-01-29 17:03:44,039 [INFO] IPUIPlugin:80 - create IPUIPlugin
2025-01-29 17:03:44,039 [INFO] PluginManager:220 - loadIPPluginJar : add gtzc
2025-01-29 17:03:44,041 [INFO] IPUIPlugin:80 - create IPUIPlugin
2025-01-29 17:03:44,042 [INFO] PluginManager:220 - loadIPPluginJar : add hash
2025-01-29 17:03:44,044 [INFO] IPUIPlugin:80 - create IPUIPlugin
2025-01-29 17:03:44,045 [INFO] PluginManager:220 - loadIPPluginJar : add i2c
2025-01-29 17:03:44,047 [INFO] IPUIPlugin:80 - create IPUIPlugin
2025-01-29 17:03:44,047 [INFO] PluginManager:220 - loadIPPluginJar : add i2s
2025-01-29 17:03:44,050 [INFO] IPUIPlugin:80 - create IPUIPlugin
2025-01-29 17:03:44,050 [INFO] PluginManager:220 - loadIPPluginJar : add i3c
2025-01-29 17:03:44,053 [INFO] IPUIPlugin:80 - create IPUIPlugin
2025-01-29 17:03:44,054 [INFO] PluginManager:220 - loadIPPluginJar : add ipddr
2025-01-29 17:03:44,061 [INFO] IPUIPlugin:80 - create IPUIPlugin
2025-01-29 17:03:44,061 [INFO] PluginManager:220 - loadIPPluginJar : add linkedlist
2025-01-29 17:03:44,064 [INFO] IPUIPlugin:80 - create IPUIPlugin
2025-01-29 17:03:44,064 [INFO] PluginManager:220 - loadIPPluginJar : add lorawan
2025-01-29 17:03:44,065 [INFO] IPUIPlugin:80 - create IPUIPlugin
2025-01-29 17:03:44,065 [INFO] PluginManager:220 - loadIPPluginJar : add ltdc
2025-01-29 17:03:44,072 [INFO] IPUIPlugin:80 - create IPUIPlugin
2025-01-29 17:03:44,072 [INFO] PluginManager:220 - loadIPPluginJar : add mdma
2025-01-29 17:03:44,076 [INFO] IPUIPlugin:80 - create IPUIPlugin
2025-01-29 17:03:44,076 [INFO] PluginManager:220 - loadIPPluginJar : add nvic
2025-01-29 17:03:44,079 [INFO] IPUIPlugin:80 - create IPUIPlugin
2025-01-29 17:03:44,079 [INFO] PluginManager:220 - loadIPPluginJar : add opamp
2025-01-29 17:03:44,082 [INFO] IPUIPlugin:80 - create IPUIPlugin
2025-01-29 17:03:44,082 [INFO] PluginManager:220 - loadIPPluginJar : add openamp
2025-01-29 17:03:44,086 [INFO] IPUIPlugin:80 - create IPUIPlugin
2025-01-29 17:03:44,086 [INFO] PluginManager:220 - loadIPPluginJar : add pdm2pcm
2025-01-29 17:03:44,093 [INFO] IPUIPlugin:80 - create IPUIPlugin
2025-01-29 17:03:44,096 [INFO] PluginManager:220 - loadIPPluginJar : add plateformsettings
2025-01-29 17:03:44,098 [INFO] IPUIPlugin:80 - create IPUIPlugin
2025-01-29 17:03:44,098 [INFO] PluginManager:220 - loadIPPluginJar : add quadspi
2025-01-29 17:03:44,101 [INFO] IPUIPlugin:80 - create IPUIPlugin
2025-01-29 17:03:44,101 [INFO] PluginManager:220 - loadIPPluginJar : add radio
2025-01-29 17:03:44,106 [INFO] IPUIPlugin:80 - create IPUIPlugin
2025-01-29 17:03:44,106 [INFO] PluginManager:220 - loadIPPluginJar : add resmgrutility
2025-01-29 17:03:44,109 [INFO] IPUIPlugin:80 - create IPUIPlugin
2025-01-29 17:03:44,109 [INFO] PluginManager:220 - loadIPPluginJar : add sai
2025-01-29 17:03:44,112 [INFO] IPUIPlugin:80 - create IPUIPlugin
2025-01-29 17:03:44,112 [INFO] PluginManager:220 - loadIPPluginJar : add spi
2025-01-29 17:03:44,119 [INFO] IPUIPlugin:80 - create IPUIPlugin
2025-01-29 17:03:44,119 [INFO] PluginManager:220 - loadIPPluginJar : add stm32_wpan
2025-01-29 17:03:44,121 [INFO] IPUIPlugin:80 - create IPUIPlugin
2025-01-29 17:03:44,121 [INFO] PluginManager:220 - loadIPPluginJar : add tim
2025-01-29 17:03:44,126 [INFO] IPUIPlugin:80 - create IPUIPlugin
2025-01-29 17:03:44,126 [INFO] PluginManager:220 - loadIPPluginJar : add touchsensing
2025-01-29 17:03:44,128 [INFO] IPUIPlugin:80 - create IPUIPlugin
2025-01-29 17:03:44,129 [INFO] PluginManager:220 - loadIPPluginJar : add tracer_emb
2025-01-29 17:03:44,131 [INFO] IPUIPlugin:80 - create IPUIPlugin
2025-01-29 17:03:44,131 [INFO] PluginManager:220 - loadIPPluginJar : add ts
2025-01-29 17:03:44,133 [INFO] IPUIPlugin:80 - create IPUIPlugin
2025-01-29 17:03:44,133 [INFO] PluginManager:220 - loadIPPluginJar : add tsc
2025-01-29 17:03:44,135 [INFO] IPUIPlugin:80 - create IPUIPlugin
2025-01-29 17:03:44,136 [INFO] PluginManager:220 - loadIPPluginJar : add ucpd
2025-01-29 17:03:44,140 [INFO] IPUIPlugin:80 - create IPUIPlugin
2025-01-29 17:03:44,140 [INFO] PluginManager:220 - loadIPPluginJar : add usart
2025-01-29 17:03:44,144 [INFO] IPUIPlugin:80 - create IPUIPlugin
2025-01-29 17:03:44,144 [INFO] PluginManager:220 - loadIPPluginJar : add usbx
2025-01-29 17:03:44,289 [INFO] CADModel:165 - CPN selected for project level
2025-01-29 17:03:44,290 [INFO] CADModel:114 - Register for checkConnection events
2025-01-29 17:03:44,291 [FATAL] Updater:334 - Updater called before beeing initialized
2025-01-29 17:03:44,291 [ERROR] CADModel:125 - Updater not yet initialized, retry later 
2025-01-29 17:03:44,474 [INFO] CADModel:165 - CPN selected for project level
2025-01-29 17:03:44,474 [INFO] CADModel:114 - Register for checkConnection events
2025-01-29 17:03:44,475 [FATAL] Updater:334 - Updater called before beeing initialized
2025-01-29 17:03:44,475 [ERROR] CADModel:125 - Updater not yet initialized, retry later 
2025-01-29 17:03:44,478 [FATAL] Updater:334 - Updater called before beeing initialized
2025-01-29 17:03:44,608 [FATAL] Updater:334 - Updater called before beeing initialized
2025-01-29 17:03:44,614 [INFO] DbMcusAds:53 - JSON generation date=Tue Dec 17 17:01:15 CET 2024 (1734451275111)
2025-01-29 17:03:44,614 [FATAL] Updater:334 - Updater called before beeing initialized
2025-01-29 17:03:44,659 [WARN] DetailPanel:346 - Failed to get advertising image, set to default
2025-01-29 17:03:44,776 [FATAL] Updater:334 - Updater called before beeing initialized
2025-01-29 17:03:44,777 [FATAL] Updater:334 - Updater called before beeing initialized
2025-01-29 17:03:44,778 [FATAL] Updater:334 - Updater called before beeing initialized
2025-01-29 17:03:44,778 [WARN] DetailPanel:346 - Failed to get advertising image, set to default
2025-01-29 17:03:44,778 [FATAL] Updater:334 - Updater called before beeing initialized
2025-01-29 17:03:44,846 [ERROR] Updater:1164 - MainUpdater not yet initialized. External WinMGr cannot be set.
2025-01-29 17:03:44,848 [INFO] Updater:1100 - Updater Version found : 6.12.1
2025-01-29 17:03:44,869 [INFO] ApplicationProperties:184 - Using Application install path: D:\STM32CubeIDE_1.16.1\STM32CubeIDE\plugins\com.st.stm32cube.common.mx_6.12.1.202409122256
2025-01-29 17:03:46,215 [INFO] ThirdPartyUpdaterWithRetryManager:70 - Updater plugin not ready yet. [2/15]
2025-01-29 17:03:46,449 [ERROR] LogOutputStream:75 - [STDERR_REDIRECT] Jan 29, 2025 5:03:46 PM java.util.prefs.WindowsPreferences <init>
2025-01-29 17:03:46,451 [ERROR] LogOutputStream:75 - [STDERR_REDIRECT] WARNING: Could not open/create prefs root node Software\JavaSoft\Prefs at root 0xffffffff80000002. Windows RegCreateKeyEx(...) returned error code 5.
2025-01-29 17:03:46,452 [ERROR] LogOutputStream:75 - [STDERR_REDIRECT] 
2025-01-29 17:03:46,952 [INFO] MainUpdater:2873 - connection check result : 10
2025-01-29 17:03:46,954 [INFO] MainUpdater:290 - Updater Check For Update Now.
2025-01-29 17:03:46,954 [INFO] MicroXplorer:498 - Change Database Version : DB.6.0.121
2025-01-29 17:03:46,963 [INFO] McuFinderGlobals:63 - Set McuFinder mode to 2 (CubeIDE integrated)
2025-01-29 17:03:46,964 [INFO] UserAuth:417 - Internet connection configuration mode: 1
2025-01-29 17:03:46,989 [INFO] JxBrowserEngine:152 - Initiate JxBrowser Engine with user profile folder
2025-01-29 17:03:47,217 [INFO] CheckServerUpdateThread:120 - End of CheckServer Thread
2025-01-29 17:03:47,986 [INFO] WebApp:167 - Instantiating new browser for Auth
2025-01-29 17:03:49,028 [INFO] WebApp:448 - Apply proxy settings
2025-01-29 17:03:49,028 [INFO] WebApp:533 - Chromium requires no authentication
2025-01-29 17:03:49,041 [INFO] WebApp:476 - Direct internet connection detected
2025-01-29 17:03:49,078 [INFO] WebApp:869 - Register for checkConnection events
2025-01-29 17:03:49,078 [INFO] WebApp:448 - Apply proxy settings
2025-01-29 17:03:49,078 [INFO] WebApp:533 - Chromium requires no authentication
2025-01-29 17:03:49,079 [INFO] WebApp:476 - Direct internet connection detected
2025-01-29 17:03:49,522 [INFO] WebApp:220 - Starting web application
2025-01-29 17:03:49,522 [INFO] WebApp:578 - Web application path used D:\STM32CubeIDE_1.16.1\STM32CubeIDE\plugins\com.st.stm32cube.common.mx_6.12.1.202409122256\db\plugins\mcufinder\reactClient1\index.html
2025-01-29 17:03:49,776 [WARN] PackLoader:240 - Cannot read IP mode file for STMicroelectronics.FP-SNS-MOTENVWB1.1.4.0
2025-01-29 17:03:49,795 [WARN] PackLoader:240 - Cannot read IP mode file for STMicroelectronics.FP-ATR-ASTRA1.2.0.1
2025-01-29 17:03:49,816 [WARN] PackLoader:240 - Cannot read IP mode file for STMicroelectronics.X-CUBE-SMBUS.2.1.0
2025-01-29 17:03:49,832 [INFO] UserAuth:417 - Internet connection configuration mode: 1
2025-01-29 17:03:49,835 [WARN] PackLoader:240 - Cannot read IP mode file for STMicroelectronics.X-CUBE-WB05N.1.1.0
2025-01-29 17:03:49,926 [WARN] PackLoader:240 - Cannot read IP mode file for STMicroelectronics.X-CUBE-AZRTOS-F7.1.1.0
2025-01-29 17:03:50,101 [INFO] WebApp:186 - Connection restablished
2025-01-29 17:03:50,202 [WARN] PackLoader:240 - Cannot read IP mode file for STMicroelectronics.X-CUBE-MEMS1.11.0.0
2025-01-29 17:03:50,642 [WARN] PackLoader:240 - Cannot read IP mode file for STMicroelectronics.X-CUBE-BLE1.6.2.4
2025-01-29 17:03:50,665 [WARN] PackLoader:240 - Cannot read IP mode file for STMicroelectronics.FP-SNS-FLIGHT1.5.0.2
2025-01-29 17:03:50,679 [WARN] PackLoader:240 - Cannot read IP mode file for STMicroelectronics.X-CUBE-DISPLAY.3.0.0
2025-01-29 17:03:50,695 [WARN] PackLoader:240 - Cannot read IP mode file for STMicroelectronics.X-CUBE-BLE1.7.0.0
2025-01-29 17:03:50,709 [WARN] PackLoader:240 - Cannot read IP mode file for STMicroelectronics.X-CUBE-NFC10.1.0.0
2025-01-29 17:03:50,731 [WARN] PackLoader:240 - Cannot read IP mode file for STMicroelectronics.X-CUBE-BLEMGR.4.0.0
2025-01-29 17:03:50,753 [WARN] PackLoader:240 - Cannot read IP mode file for STMicroelectronics.X-CUBE-BLEMGR.3.1.0
2025-01-29 17:03:50,781 [WARN] PackLoader:240 - Cannot read IP mode file for STMicroelectronics.X-CUBE-AI.10.0.0
2025-01-29 17:03:50,792 [WARN] PackLoader:240 - Cannot read IP mode file for STMicroelectronics.FP-SNS-SMARTAG2.1.2.0
2025-01-29 17:03:50,986 [WARN] PackLoader:240 - Cannot read IP mode file for STMicroelectronics.X-CUBE-MEMS1.11.1.0
2025-01-29 17:03:51,282 [INFO] LogOutputStream:77 - [STDOUT_REDIRECT] 1 : Invalid condition id : UX_CORESTACK_Condition cause : null
2025-01-29 17:03:51,283 [INFO] LogOutputStream:77 - [STDOUT_REDIRECT] 1 : Invalid condition id : UX_CORESTACK_Condition cause : null
2025-01-29 17:03:51,288 [INFO] LogOutputStream:77 - [STDOUT_REDIRECT] 1 : Invalid condition id : UX_CORESTACK_Condition cause : null
2025-01-29 17:03:51,291 [INFO] LogOutputStream:77 - [STDOUT_REDIRECT] 1 : Invalid condition id : UX_CORESTACK_Condition cause : null
2025-01-29 17:03:51,294 [INFO] LogOutputStream:77 - [STDOUT_REDIRECT] 1 : Invalid condition id : UX_CORESTACK_Condition cause : null
2025-01-29 17:03:51,301 [WARN] PackLoader:240 - Cannot read IP mode file for STMicroelectronics.X-CUBE-AZRTOS-WL.2.0.0
2025-01-29 17:03:51,314 [WARN] PackLoader:240 - Cannot read IP mode file for STMicroelectronics.FP-SNS-MOTENV1.5.0.0
2025-01-29 17:03:51,327 [WARN] PackLoader:240 - Cannot read IP mode file for wolfSSL.I-CUBE-wolfMQTT.1.19.0
2025-01-29 17:03:51,340 [WARN] PackLoader:240 - Cannot read IP mode file for WES.I-CUBE-Cesium.1.3.0
2025-01-29 17:03:51,348 [WARN] PackLoader:240 - Cannot read IP mode file for STMicroelectronics.X-CUBE-BLE2.3.3.0
2025-01-29 17:03:51,360 [WARN] PackLoader:240 - Cannot read IP mode file for STMicroelectronics.X-CUBE-NFC9.1.0.0
2025-01-29 17:03:51,373 [WARN] PackLoader:240 - Cannot read IP mode file for STMicroelectronics.X-CUBE-TCPP.4.1.0
2025-01-29 17:03:51,383 [WARN] PackLoader:240 - Cannot read IP mode file for STMicroelectronics.X-CUBE-TOUCHGFX.4.21.3
2025-01-29 17:03:51,392 [WARN] PackLoader:240 - Cannot read IP mode file for STMicroelectronics.X-CUBE-ALGOBUILD.1.3.0
2025-01-29 17:03:51,423 [WARN] PackLoader:240 - Cannot read IP mode file for STMicroelectronics.X-CUBE-AZRTOS-G0.1.1.0
2025-01-29 17:03:51,439 [WARN] PackLoader:240 - Cannot read IP mode file for STMicroelectronics.X-CUBE-SAFEA1.1.2.2
2025-01-29 17:03:51,450 [WARN] PackLoader:240 - Cannot read IP mode file for STMicroelectronics.X-CUBE-NFC4.3.0.0
2025-01-29 17:03:51,470 [WARN] PackLoader:240 - Cannot read IP mode file for EmbeddedOffice.I-CUBE-FS-RTOS.1.0.1
2025-01-29 17:03:51,471 [ERROR] ConditionMgr:805 - Attr not supported : Dmpu
2025-01-29 17:03:51,471 [ERROR] ConditionMgr:805 - Attr not supported : Dmpu
2025-01-29 17:03:51,472 [ERROR] ConditionMgr:805 - Attr not supported : Dmpu
2025-01-29 17:03:51,472 [ERROR] ConditionMgr:805 - Attr not supported : Dmpu
2025-01-29 17:03:51,473 [ERROR] ConditionMgr:805 - Attr not supported : Dmpu
2025-01-29 17:03:51,473 [ERROR] ConditionMgr:805 - Attr not supported : Dmpu
2025-01-29 17:03:51,473 [ERROR] ConditionMgr:805 - Attr not supported : Dmpu
2025-01-29 17:03:51,473 [ERROR] ConditionMgr:805 - Attr not supported : Dmpu
2025-01-29 17:03:51,473 [ERROR] ConditionMgr:805 - Attr not supported : Dmpu
2025-01-29 17:03:51,473 [ERROR] ConditionMgr:805 - Attr not supported : Dmpu
2025-01-29 17:03:51,473 [ERROR] ConditionMgr:805 - Attr not supported : Dmpu
2025-01-29 17:03:51,474 [ERROR] ConditionMgr:805 - Attr not supported : Dmpu
2025-01-29 17:03:51,474 [ERROR] ConditionMgr:805 - Attr not supported : Dmpu
2025-01-29 17:03:51,474 [ERROR] ConditionMgr:805 - Attr not supported : Dmpu
2025-01-29 17:03:51,474 [ERROR] ConditionMgr:805 - Attr not supported : Dmpu
2025-01-29 17:03:51,475 [ERROR] ConditionMgr:805 - Attr not supported : Dmpu
2025-01-29 17:03:51,475 [ERROR] ConditionMgr:805 - Attr not supported : Dmpu
2025-01-29 17:03:51,475 [ERROR] ConditionMgr:805 - Attr not supported : Dmpu
2025-01-29 17:03:51,475 [ERROR] ConditionMgr:805 - Attr not supported : Dmpu
2025-01-29 17:03:51,475 [ERROR] ConditionMgr:805 - Attr not supported : Dmpu
2025-01-29 17:03:51,475 [ERROR] ConditionMgr:805 - Attr not supported : Dmpu
2025-01-29 17:03:51,475 [ERROR] ConditionMgr:805 - Attr not supported : Dmpu
2025-01-29 17:03:51,475 [ERROR] ConditionMgr:805 - Attr not supported : Dmpu
2025-01-29 17:03:51,476 [ERROR] ConditionMgr:805 - Attr not supported : Dmpu
2025-01-29 17:03:51,476 [ERROR] ConditionMgr:805 - Attr not supported : Dmpu
2025-01-29 17:03:51,476 [ERROR] ConditionMgr:805 - Attr not supported : Dmpu
2025-01-29 17:03:51,476 [ERROR] ConditionMgr:805 - Attr not supported : Dmpu
2025-01-29 17:03:51,476 [ERROR] ConditionMgr:805 - Attr not supported : Dmpu
2025-01-29 17:03:51,476 [ERROR] ConditionMgr:805 - Attr not supported : Dmpu
2025-01-29 17:03:51,476 [ERROR] ConditionMgr:805 - Attr not supported : Dmpu
2025-01-29 17:03:51,476 [ERROR] ConditionMgr:805 - Attr not supported : Dmpu
2025-01-29 17:03:51,476 [ERROR] ConditionMgr:805 - Attr not supported : Dmpu
2025-01-29 17:03:51,477 [ERROR] ConditionMgr:805 - Attr not supported : Dmpu
2025-01-29 17:03:51,477 [ERROR] ConditionMgr:805 - Attr not supported : Dmpu
2025-01-29 17:03:51,477 [ERROR] ConditionMgr:805 - Attr not supported : Dmpu
2025-01-29 17:03:51,477 [ERROR] ConditionMgr:805 - Attr not supported : Dmpu
2025-01-29 17:03:51,477 [ERROR] ConditionMgr:805 - Attr not supported : Dmpu
2025-01-29 17:03:51,477 [ERROR] ConditionMgr:805 - Attr not supported : Dmpu
2025-01-29 17:03:51,477 [ERROR] ConditionMgr:805 - Attr not supported : Dmpu
2025-01-29 17:03:51,477 [ERROR] ConditionMgr:805 - Attr not supported : Dmpu
2025-01-29 17:03:51,478 [ERROR] ConditionMgr:805 - Attr not supported : Dmpu
2025-01-29 17:03:51,478 [ERROR] ConditionMgr:805 - Attr not supported : Dmpu
2025-01-29 17:03:51,478 [ERROR] ConditionMgr:805 - Attr not supported : Dmpu
2025-01-29 17:03:51,478 [ERROR] ConditionMgr:805 - Attr not supported : Dmpu
2025-01-29 17:03:51,478 [ERROR] ConditionMgr:805 - Attr not supported : Dmpu
2025-01-29 17:03:51,478 [ERROR] ConditionMgr:805 - Attr not supported : Dmpu
2025-01-29 17:03:51,478 [ERROR] ConditionMgr:805 - Attr not supported : Dmpu
2025-01-29 17:03:51,478 [ERROR] ConditionMgr:805 - Attr not supported : Dmpu
2025-01-29 17:03:51,479 [ERROR] ConditionMgr:805 - Attr not supported : Dmpu
2025-01-29 17:03:51,479 [ERROR] ConditionMgr:805 - Attr not supported : Dmpu
2025-01-29 17:03:51,479 [ERROR] ConditionMgr:805 - Attr not supported : Dmpu
2025-01-29 17:03:51,479 [ERROR] ConditionMgr:805 - Attr not supported : Dmpu
2025-01-29 17:03:51,479 [ERROR] ConditionMgr:805 - Attr not supported : Dmpu
2025-01-29 17:03:51,479 [ERROR] ConditionMgr:805 - Attr not supported : Dmpu
2025-01-29 17:03:51,479 [ERROR] ConditionMgr:805 - Attr not supported : Dmpu
2025-01-29 17:03:51,480 [ERROR] ConditionMgr:805 - Attr not supported : Dmpu
2025-01-29 17:03:51,480 [ERROR] ConditionMgr:805 - Attr not supported : Dmpu
2025-01-29 17:03:51,480 [ERROR] ConditionMgr:805 - Attr not supported : Dmpu
2025-01-29 17:03:51,480 [ERROR] ConditionMgr:805 - Attr not supported : Dmpu
2025-01-29 17:03:51,480 [ERROR] ConditionMgr:805 - Attr not supported : Dmpu
2025-01-29 17:03:51,480 [ERROR] ConditionMgr:805 - Attr not supported : Dmpu
2025-01-29 17:03:51,480 [ERROR] ConditionMgr:805 - Attr not supported : Dmpu
2025-01-29 17:03:51,481 [ERROR] ConditionMgr:805 - Attr not supported : Dmpu
2025-01-29 17:03:51,481 [ERROR] ConditionMgr:805 - Attr not supported : Dmpu
2025-01-29 17:03:51,487 [ERROR] Engine:466 - C:\Users\solom\.stm32cubemx\thirdparties\pdsc\STMicroelectronics.X-CUBE-TCPP.4.2.0.pdsc: PDSC version is not supported
2025-01-29 17:03:51,495 [WARN] PackLoader:240 - Cannot read IP mode file for RealThread.X-CUBE-RT-Thread_Nano.4.1.1
2025-01-29 17:03:51,503 [WARN] PackLoader:240 - Cannot read IP mode file for STMicroelectronics.FP-ATR-SIGFOX1.3.2.0
2025-01-29 17:03:51,511 [WARN] ConditionMgr:438 - getConditionDescription Invalid condition id : Cortex-A Device cause : null
2025-01-29 17:03:51,535 [WARN] ConditionMgr:1039 - genDependencies : Invalid condition id : Cortex-A Device cause : null
2025-01-29 17:03:51,535 [WARN] ConditionMgr:1039 - genDependencies : Invalid condition id : Cortex-A Device cause : null
2025-01-29 17:03:51,536 [WARN] ConditionMgr:1039 - genDependencies : Invalid condition id : Cortex-A Device cause : null
2025-01-29 17:03:51,561 [WARN] PackLoader:240 - Cannot read IP mode file for STMicroelectronics.X-CUBE-EEPRMA1.5.1.0
2025-01-29 17:03:51,577 [WARN] PackLoader:240 - Cannot read IP mode file for ITTIA_DB.I-CUBE-ITTIADB.8.9.0
2025-01-29 17:03:51,690 [WARN] PackLoader:240 - Cannot read IP mode file for STMicroelectronics.X-CUBE-MEMS1.9.5.0
2025-01-29 17:03:52,078 [WARN] PackLoader:240 - Cannot read IP mode file for SEGGER.I-CUBE-embOS.1.3.1
2025-01-29 17:03:52,175 [WARN] PackLoader:240 - Cannot read IP mode file for STMicroelectronics.X-CUBE-ALGOBUILD.1.4.0
2025-01-29 17:03:52,181 [WARN] PackLoader:240 - Cannot read IP mode file for STMicroelectronics.X-CUBE-AI.9.1.0
2025-01-29 17:03:52,191 [WARN] PackLoader:240 - Cannot read IP mode file for STMicroelectronics.X-CUBE-GNSS1.6.0.0
2025-01-29 17:03:52,234 [WARN] PackLoader:240 - Cannot read IP mode file for STMicroelectronics.X-CUBE-AZRTOS-F4.1.1.0
2025-01-29 17:03:52,250 [WARN] PackLoader:240 - Cannot read IP mode file for STMicroelectronics.X-CUBE-ISPU.2.1.0
2025-01-29 17:03:52,260 [WARN] PackLoader:240 - Cannot read IP mode file for STMicroelectronics.X-CUBE-FREERTOS.1.2.0
2025-01-29 17:03:52,293 [WARN] PackLoader:240 - Cannot read IP mode file for STMicroelectronics.X-CUBE-AZRTOS-L5.2.0.0
2025-01-29 17:03:52,310 [WARN] PackLoader:240 - Cannot read IP mode file for STMicroelectronics.X-CUBE-NFC6.3.1.0
2025-01-29 17:03:52,325 [WARN] PackLoader:240 - Cannot read IP mode file for emotas.I-CUBE-CANOPEN.1.1.3
2025-01-29 17:03:52,340 [WARN] PackLoader:240 - Cannot read IP mode file for STMicroelectronics.X-CUBE-BLEMGR.2.0.0
2025-01-29 17:03:52,352 [WARN] PackLoader:240 - Cannot read IP mode file for STMicroelectronics.X-CUBE-DPower.1.2.0
2025-01-29 17:03:52,359 [WARN] PackLoader:240 - Cannot read IP mode file for wolfSSL.I-CUBE-wolfSSL.5.5.4
2025-01-29 17:03:52,366 [WARN] PackLoader:240 - Cannot read IP mode file for STMicroelectronics.X-CUBE-FREERTOS.1.3.0
2025-01-29 17:03:52,377 [WARN] PackLoader:240 - Cannot read IP mode file for STMicroelectronics.X-CUBE-NFC7.1.0.1
2025-01-29 17:03:52,386 [WARN] PackLoader:240 - Cannot read IP mode file for STMicroelectronics.X-CUBE-NFC7.1.0.0
2025-01-29 17:03:52,395 [WARN] PackLoader:240 - Cannot read IP mode file for STMicroelectronics.X-CUBE-EEPRMA1.4.1.0
2025-01-29 17:03:52,441 [WARN] ConditionMgr:438 - getConditionDescription Invalid condition id : LAN8742 Phy interface Condition cause : null
2025-01-29 17:03:52,443 [WARN] PackLoader:240 - Cannot read IP mode file for STMicroelectronics.X-CUBE-AZRTOS-L4.2.0.0
2025-01-29 17:03:52,445 [WARN] ConditionMgr:1039 - genDependencies : Invalid condition id : LAN8742 Phy interface Condition cause : null
2025-01-29 17:03:52,446 [WARN] ConditionMgr:1039 - genDependencies : Invalid condition id : LAN8742 Phy interface Condition cause : null
2025-01-29 17:03:52,448 [WARN] ConditionMgr:1039 - genDependencies : Invalid condition id : LAN8742 Phy interface Condition cause : null
2025-01-29 17:03:52,463 [WARN] PackLoader:240 - Cannot read IP mode file for STMicroelectronics.X-CUBE-SFXS2LP1.4.0.0
2025-01-29 17:03:52,505 [WARN] PackLoader:240 - Cannot read IP mode file for STMicroelectronics.X-CUBE-AZRTOS-H7.3.0.0
2025-01-29 17:03:52,516 [WARN] PackLoader:240 - Cannot read IP mode file for STMicroelectronics.X-CUBE-ISPU.1.1.0
2025-01-29 17:03:52,565 [WARN] PackLoader:240 - Cannot read IP mode file for STMicroelectronics.X-CUBE-AZRTOS-H7.3.3.0
2025-01-29 17:03:52,583 [WARN] PackLoader:240 - Cannot read IP mode file for RoweBots.I-CUBE-UNISONRTOS.5.5.0-4
2025-01-29 17:03:52,592 [WARN] PackLoader:240 - Cannot read IP mode file for STMicroelectronics.X-CUBE-AI.8.0.0
2025-01-29 17:03:52,614 [WARN] PackLoader:240 - Cannot read IP mode file for STMicroelectronics.X-CUBE-IPS.3.0.0
2025-01-29 17:03:52,658 [WARN] ConditionMgr:438 - getConditionDescription Invalid condition id : UX DEVICE CLASS RTOS Condition cause : null
2025-01-29 17:03:52,659 [WARN] ConditionMgr:438 - getConditionDescription Invalid condition id : UX DEVICE CLASS RTOS Condition cause : null
2025-01-29 17:03:52,663 [WARN] PackLoader:240 - Cannot read IP mode file for STMicroelectronics.X-CUBE-AZRTOS-WB.2.0.0
2025-01-29 17:03:52,665 [WARN] ConditionMgr:1039 - genDependencies : Invalid condition id : UX DEVICE CLASS RTOS Condition cause : null
2025-01-29 17:03:52,665 [WARN] ConditionMgr:1039 - genDependencies : Invalid condition id : UX DEVICE CLASS RTOS Condition cause : null
2025-01-29 17:03:52,667 [WARN] ConditionMgr:1039 - genDependencies : Invalid condition id : UX DEVICE CLASS RTOS Condition cause : null
2025-01-29 17:03:52,668 [WARN] ConditionMgr:1039 - genDependencies : Invalid condition id : UX DEVICE CLASS RTOS Condition cause : null
2025-01-29 17:03:52,668 [WARN] ConditionMgr:1039 - genDependencies : Invalid condition id : UX DEVICE CLASS RTOS Condition cause : null
2025-01-29 17:03:52,678 [WARN] PackLoader:240 - Cannot read IP mode file for STMicroelectronics.X-CUBE-FREERTOS.1.0.0
2025-01-29 17:03:52,687 [WARN] PackLoader:240 - Cannot read IP mode file for STMicroelectronics.X-CUBE-GNSS1.7.0.0
2025-01-29 17:03:52,696 [WARN] PackLoader:240 - Cannot read IP mode file for STMicroelectronics.X-CUBE-GNSS1.7.0.1
2025-01-29 17:03:52,710 [WARN] PackLoader:240 - Cannot read IP mode file for STMicroelectronics.FP-SNS-STBOX1.2.0.0
2025-01-29 17:03:52,758 [WARN] PackLoader:240 - Cannot read IP mode file for STMicroelectronics.X-CUBE-AZRTOS-L5.1.1.0
2025-01-29 17:03:52,788 [WARN] PackLoader:240 - Cannot read IP mode file for STMicroelectronics.X-CUBE-SUBG2.5.0.0
2025-01-29 17:03:52,808 [WARN] PackLoader:240 - Cannot read IP mode file for Cesanta.I-CUBE-Mongoose.7.13.0
2025-01-29 17:03:52,838 [WARN] PackLoader:240 - Cannot read IP mode file for STMicroelectronics.X-CUBE-AZRTOS-G4.2.0.0
2025-01-29 17:03:52,871 [WARN] PackLoader:240 - Cannot read IP mode file for STMicroelectronics.X-CUBE-TOF1.3.3.0
2025-01-29 17:03:52,897 [WARN] PackLoader:240 - Cannot read IP mode file for STMicroelectronics.FP-ATR-ASTRA1.1.1.1
2025-01-29 17:03:52,923 [WARN] PackLoader:240 - Cannot read IP mode file for STMicroelectronics.X-CUBE-AZRTOS-G4.1.0.0
2025-01-29 17:03:52,955 [WARN] PackLoader:240 - Cannot read IP mode file for STMicroelectronics.X-CUBE-AZRTOS-L4.1.0.0
2025-01-29 17:03:52,970 [ERROR] Engine:466 - C:\Users\solom\.stm32cubemx\thirdparties\pdsc\STMicroelectronics.X-CUBE-IPS.3.1.0.pdsc: PDSC version is not supported
2025-01-29 17:03:52,974 [WARN] PackLoader:240 - Cannot read IP mode file for STMicroelectronics.X-CUBE-ALS.1.0.2
2025-01-29 17:03:52,978 [WARN] PackLoader:240 - Cannot read IP mode file for STMicroelectronics.X-CUBE-TOUCHGFX.4.24.2
2025-01-29 17:03:52,993 [WARN] PackLoader:240 - Cannot read IP mode file for STMicroelectronics.X-CUBE-AZRTOS-WL.1.0.0
2025-01-29 17:03:52,997 [WARN] PackLoader:240 - Cannot read IP mode file for STMicroelectronics.X-CUBE-TOUCHGFX.4.24.1
2025-01-29 17:03:53,004 [WARN] PackLoader:240 - Cannot read IP mode file for wolfSSL.I-CUBE-wolfTPM.3.4.0
2025-01-29 17:03:53,010 [WARN] PackLoader:240 - Cannot read IP mode file for portGmbH.I-Cube-SoM-uGOAL.1.1.0
2025-01-29 17:03:53,015 [WARN] PackLoader:240 - Cannot read IP mode file for STMicroelectronics.X-CUBE-ALS.1.0.1
2025-01-29 17:03:53,037 [WARN] PackLoader:240 - Cannot read IP mode file for STMicroelectronics.X-CUBE-AZRTOS-WB.1.1.0
2025-01-29 17:03:53,072 [WARN] PackLoader:240 - Cannot read IP mode file for STMicroelectronics.X-CUBE-AZRTOS-H7RS.1.0.0
2025-01-29 17:03:53,084 [WARN] PackLoader:240 - Cannot read IP mode file for STMicroelectronics.FP-ATR-ASTRA1.2.0.0
2025-01-29 17:03:53,097 [WARN] PackLoader:240 - Cannot read IP mode file for STMicroelectronics.X-CUBE-TOF1.3.4.2
2025-01-29 17:03:53,147 [WARN] PackLoader:240 - Cannot read IP mode file for Infineon.AIROC-Wi-Fi-Bluetooth-STM32.1.6.1
2025-01-29 17:03:53,161 [WARN] PackLoader:240 - Cannot read IP mode file for wolfSSL.I-CUBE-wolfSSH.1.4.17
2025-01-29 17:03:53,162 [INFO] ThirdParty:978 - Integrity check success = true
2025-01-29 17:03:53,162 [INFO] IntegrityCheckThread:100 - exiting critical section [integrity check]
2025-01-29 17:03:53,162 [INFO] IntegrityCheckThread:103 - End integrity checks thread
2025-01-29 17:04:37,013 [ERROR] LogOutputStream:75 - [STDERR_REDIRECT] 
2025-01-29 17:04:37,014 [ERROR] LogOutputStream:75 - [STDERR_REDIRECT] 
