2025-01-09 06:50:41,580 [INFO] Activator:176 - 


2025-01-09 06:50:41,630 [INFO] Activator:177 - !SESSION log4j initialized
2025-01-09 06:50:57,609 [INFO] LogOutputStream:77 - [STDOUT_REDIRECT] 
2025-01-09 06:51:05,480 [INFO] ApplicationProperties:184 - Using Application install path: D:\STM32CubeIDE_1.16.1\STM32CubeIDE\plugins\com.st.stm32cube.common.mx_6.12.1.202409122256
2025-01-09 06:51:05,549 [INFO] DbMcusXml:78 - Set database path to: D:\STM32CubeIDE_1.16.1\STM32CubeIDE\plugins\com.st.stm32cube.common.mx_6.12.1.202409122256\\db\/mcu/
2025-01-09 06:51:05,549 [INFO] ApiDb:274 - Set plugin database path to: D:\STM32CubeIDE_1.16.1\STM32CubeIDE\plugins\com.st.stm32cube.common.mx_6.12.1.202409122256\\db\/plugins/boardmanager/
2025-01-09 06:51:05,550 [WARN] ApiDb:259 - Overriding images path with different value:  => D:\STM32CubeIDE_1.16.1\STM32CubeIDE\plugins\com.st.stm32cube.common.mx_6.12.1.202409122256\\db\/plugins/mcufinder/images/
2025-01-09 06:51:05,627 [INFO] ApiDb:250 - Set database path to: C:\Users\solom\.stmcufinder\plugins\mcufinder//mcu/
2025-01-09 06:51:05,629 [INFO] DbMcusAds:125 - Set database path to: C:\Users\solom\.stmcufinder\plugins\mcufinder//mcu/
2025-01-09 06:51:05,635 [INFO] CrossReferenceDbSqlite:203 - Set database path to: C:\Users\solom\.stmcufinder\plugins\mcufinder//mcu/cs/
2025-01-09 06:51:05,872 [INFO] RulesReader:64 - Compatibility file has been processed (297 Rules)
2025-01-09 06:51:06,188 [INFO] DbMcusXml:78 - Set database path to: D:\STM32CubeIDE_1.16.1\STM32CubeIDE\plugins\com.st.stm32cube.common.mx_6.12.1.202409122256\\db\/mcu/
2025-01-09 06:51:06,190 [INFO] ApiDb:274 - Set plugin database path to: D:\STM32CubeIDE_1.16.1\STM32CubeIDE\plugins\com.st.stm32cube.common.mx_6.12.1.202409122256\\db\/plugins/boardmanager/
2025-01-09 06:51:06,190 [INFO] ApiDb:261 - Set plugin images path to: D:\STM32CubeIDE_1.16.1\STM32CubeIDE\plugins\com.st.stm32cube.common.mx_6.12.1.202409122256\\db\/plugins/mcufinder/images/
2025-01-09 06:51:06,190 [WARN] DbFile:41 - Overriding database path with different value: C:\Users\solom\.stmcufinder\plugins\mcufinder/ => C:\Users\solom\.stmcufinder\plugins\mcufinder
2025-01-09 06:51:06,190 [INFO] ApiDb:250 - Set database path to: C:\Users\solom\.stmcufinder\plugins\mcufinder//mcu/
2025-01-09 06:51:06,190 [WARN] DbFile:41 - Overriding database path with different value: C:\Users\solom\.stmcufinder\plugins\mcufinder/ => C:\Users\solom\.stmcufinder\plugins\mcufinder
2025-01-09 06:51:06,190 [INFO] DbMcusAds:125 - Set database path to: C:\Users\solom\.stmcufinder\plugins\mcufinder//mcu/
2025-01-09 06:51:06,190 [WARN] DbFile:41 - Overriding database path with different value: C:\Users\solom\.stmcufinder\plugins\mcufinder/ => C:\Users\solom\.stmcufinder\plugins\mcufinder
2025-01-09 06:51:06,190 [WARN] DbFile:41 - Overriding database path with different value: C:\Users\solom\.stmcufinder\plugins\mcufinder/ => C:\Users\solom\.stmcufinder\plugins\mcufinder
2025-01-09 06:51:06,190 [INFO] CrossReferenceDbSqlite:203 - Set database path to: C:\Users\solom\.stmcufinder\plugins\mcufinder//mcu/cs/
2025-01-09 06:51:06,535 [INFO] MainPanel:268 - HeapMemory: 268435456
2025-01-09 06:51:06,894 [INFO] DbMcusXml:78 - Set database path to: D:\STM32CubeIDE_1.16.1\STM32CubeIDE\plugins\com.st.stm32cube.common.mx_6.12.1.202409122256\\db\/mcu/
2025-01-09 06:51:06,894 [INFO] ApiDb:274 - Set plugin database path to: D:\STM32CubeIDE_1.16.1\STM32CubeIDE\plugins\com.st.stm32cube.common.mx_6.12.1.202409122256\\db\/plugins/boardmanager/
2025-01-09 06:51:06,894 [INFO] ApiDb:261 - Set plugin images path to: D:\STM32CubeIDE_1.16.1\STM32CubeIDE\plugins\com.st.stm32cube.common.mx_6.12.1.202409122256\\db\/plugins/mcufinder/images/
2025-01-09 06:51:06,895 [WARN] DbFile:41 - Overriding database path with different value: C:\Users\solom\.stmcufinder\plugins\mcufinder/ => C:\Users\solom\.stmcufinder\plugins\mcufinder
2025-01-09 06:51:06,895 [INFO] ApiDb:250 - Set database path to: C:\Users\solom\.stmcufinder\plugins\mcufinder//mcu/
2025-01-09 06:51:06,895 [WARN] DbFile:41 - Overriding database path with different value: C:\Users\solom\.stmcufinder\plugins\mcufinder/ => C:\Users\solom\.stmcufinder\plugins\mcufinder
2025-01-09 06:51:06,895 [INFO] DbMcusAds:125 - Set database path to: C:\Users\solom\.stmcufinder\plugins\mcufinder//mcu/
2025-01-09 06:51:06,895 [WARN] DbFile:41 - Overriding database path with different value: C:\Users\solom\.stmcufinder\plugins\mcufinder/ => C:\Users\solom\.stmcufinder\plugins\mcufinder
2025-01-09 06:51:06,895 [WARN] DbFile:41 - Overriding database path with different value: C:\Users\solom\.stmcufinder\plugins\mcufinder/ => C:\Users\solom\.stmcufinder\plugins\mcufinder
2025-01-09 06:51:06,895 [INFO] CrossReferenceDbSqlite:203 - Set database path to: C:\Users\solom\.stmcufinder\plugins\mcufinder//mcu/cs/
2025-01-09 06:51:06,979 [INFO] ApplicationProperties:184 - Using Application install path: D:\STM32CubeIDE_1.16.1\STM32CubeIDE\plugins\com.st.stm32cube.common.mx_6.12.1.202409122256
2025-01-09 06:51:06,991 [INFO] PluginManage:196 - Search for loadable plugins [exclusion list=, ]
2025-01-09 06:51:07,034 [INFO] PluginManage:310 - Check plugin analytics
2025-01-09 06:51:11,956 [INFO] AnalyticsPlugin:253 - Accepted Software Licenses: 
2025-01-09 06:51:11,956 [INFO] AnalyticsPlugin:255 - Accepted CMSIS Pack Licenses: 
2025-01-09 06:51:11,956 [INFO] AnalyticsPlugin:257 - Accepted Firmware Licenses: FW.F4.1.27.0,FW.C0.1.2.0,FW.F7.1.17.0
2025-01-09 06:51:11,962 [INFO] PluginManage:359 - Loaded plugin analytics (category:tool,tabindex:-1)
2025-01-09 06:51:11,962 [INFO] PluginManage:310 - Check plugin cadmodel
2025-01-09 06:51:12,002 [INFO] CADModel:105 - Init CAD model plugin
2025-01-09 06:51:12,002 [INFO] PluginManage:359 - Loaded plugin cadmodel (category:power,tabindex:5)
2025-01-09 06:51:12,003 [INFO] PluginManage:310 - Check plugin clock
2025-01-09 06:51:12,039 [INFO] PluginManage:359 - Loaded plugin clock (category:base,tabindex:2)
2025-01-09 06:51:12,039 [INFO] PluginManage:310 - Check plugin ddr
2025-01-09 06:51:12,060 [INFO] PluginManage:359 - Loaded plugin ddr (category:tool,tabindex:6)
2025-01-09 06:51:12,061 [INFO] PluginManage:310 - Check plugin filemanager
2025-01-09 06:51:12,427 [INFO] PluginManage:359 - Loaded plugin filemanager (category:base,tabindex:10)
2025-01-09 06:51:12,427 [INFO] PluginManage:310 - Check plugin ipmanager
2025-01-09 06:51:12,458 [INFO] PluginManage:359 - Loaded plugin ipmanager (category:base,tabindex:5)
2025-01-09 06:51:12,459 [INFO] PluginManage:310 - Check plugin lpbam
2025-01-09 06:51:12,487 [INFO] PluginManage:359 - Loaded plugin lpbam (category:base,tabindex:0)
2025-01-09 06:51:12,487 [INFO] PluginManage:310 - Check plugin memorymap
2025-01-09 06:51:12,536 [INFO] PluginManage:359 - Loaded plugin memorymap (category:base,tabindex:4)
2025-01-09 06:51:12,536 [INFO] PluginManage:310 - Check plugin pinoutandconfiguration
2025-01-09 06:51:12,560 [INFO] PluginManage:359 - Loaded plugin pinoutandconfiguration (category:base,tabindex:1)
2025-01-09 06:51:12,560 [INFO] PluginManage:310 - Check plugin pinoutconfig
2025-01-09 06:51:12,805 [WARN] SupportedApi:132 - Cannot load RTOS API schema: s4s-elt-must-match.1: The content of 'definitions' must match (annotation?, (simpleType | complexType)?, (unique | key | keyref)*)). A problem was found starting at: attribute.
2025-01-09 06:51:13,014 [INFO] PluginManage:359 - Loaded plugin pinoutconfig (category:base,tabindex:0)
2025-01-09 06:51:13,014 [INFO] PluginManage:310 - Check plugin power
2025-01-09 06:51:13,095 [INFO] PluginManage:359 - Loaded plugin power (category:power,tabindex:4)
2025-01-09 06:51:13,095 [INFO] PluginManage:310 - Check plugin projectmanager
2025-01-09 06:51:13,134 [INFO] PluginManage:359 - Loaded plugin projectmanager (category:projectmanager,tabindex:4)
2025-01-09 06:51:13,134 [INFO] PluginManage:310 - Check plugin rif
2025-01-09 06:51:13,160 [INFO] PluginManage:359 - Loaded plugin rif (category:base,tabindex:3)
2025-01-09 06:51:13,160 [INFO] PluginManage:310 - Check plugin thirdparty
2025-01-09 06:51:13,688 [INFO] PluginManage:359 - Loaded plugin thirdparty (category:base,tabindex:-1)
2025-01-09 06:51:13,688 [WARN] IntegrityCheckThread:84 - waiting for thirdparty lock release [integrity check]
2025-01-09 06:51:13,688 [INFO] IntegrityCheckThread:86 - entering critical section [integrity check]
2025-01-09 06:51:13,688 [INFO] PluginManage:310 - Check plugin tools
2025-01-09 06:51:13,690 [INFO] ThirdPartyUpdaterWithRetryManager:70 - Updater plugin not ready yet. [1/15]
2025-01-09 06:51:13,751 [INFO] PluginManage:359 - Loaded plugin tools (category:base,tabindex:7)
2025-01-09 06:51:13,751 [INFO] PluginManage:310 - Check plugin tutovideos
2025-01-09 06:51:14,053 [INFO] PluginManage:359 - Loaded plugin tutovideos (category:base,tabindex:-1)
2025-01-09 06:51:14,053 [INFO] PluginManage:310 - Check plugin updater
2025-01-09 06:51:14,095 [INFO] PluginManage:359 - Loaded plugin updater (category:base,tabindex:12)
2025-01-09 06:51:14,096 [INFO] PluginManage:310 - Check plugin userauth
2025-01-09 06:51:14,113 [INFO] UserAuth:113 - Init User Auth plugin
2025-01-09 06:51:14,114 [INFO] PluginManage:359 - Loaded plugin userauth (category:base,tabindex:14)
2025-01-09 06:51:14,114 [INFO] PluginManage:283 - PluginManage : Loaded plugins [18]
2025-01-09 06:51:14,674 [INFO] PinOutPanel:1561 - setPackage(No Configuration,No Configuration)
2025-01-09 06:51:14,920 [INFO] CADModel:165 - CPN selected for project level
2025-01-09 06:51:14,920 [INFO] CADModel:114 - Register for checkConnection events
2025-01-09 06:51:14,970 [INFO] IPUIPlugin:80 - create IPUIPlugin
2025-01-09 06:51:14,970 [INFO] PluginManager:220 - loadIPPluginJar : add adc
2025-01-09 06:51:15,023 [INFO] IPUIPlugin:80 - create IPUIPlugin
2025-01-09 06:51:15,023 [INFO] PluginManager:220 - loadIPPluginJar : add aes
2025-01-09 06:51:15,089 [INFO] IPUIPlugin:80 - create IPUIPlugin
2025-01-09 06:51:15,090 [INFO] PluginManager:220 - loadIPPluginJar : add can
2025-01-09 06:51:15,123 [INFO] IPUIPlugin:80 - create IPUIPlugin
2025-01-09 06:51:15,123 [INFO] PluginManager:220 - loadIPPluginJar : add comp
2025-01-09 06:51:15,168 [INFO] IPUIPlugin:80 - create IPUIPlugin
2025-01-09 06:51:15,168 [INFO] PluginManager:220 - loadIPPluginJar : add cryp
2025-01-09 06:51:15,198 [INFO] IPUIPlugin:80 - create IPUIPlugin
2025-01-09 06:51:15,198 [INFO] PluginManager:220 - loadIPPluginJar : add ddr_ctrl_phy
2025-01-09 06:51:15,236 [INFO] IPUIPlugin:80 - create IPUIPlugin
2025-01-09 06:51:15,236 [INFO] PluginManager:220 - loadIPPluginJar : add dfsdm
2025-01-09 06:51:15,252 [INFO] IPUIPlugin:80 - create IPUIPlugin
2025-01-09 06:51:15,253 [INFO] PluginManager:220 - loadIPPluginJar : add dma
2025-01-09 06:51:15,320 [INFO] IPUIPlugin:80 - create IPUIPlugin
2025-01-09 06:51:15,320 [INFO] PluginManager:220 - loadIPPluginJar : add dma3
2025-01-09 06:51:15,375 [INFO] IPUIPlugin:80 - create IPUIPlugin
2025-01-09 06:51:15,375 [INFO] PluginManager:220 - loadIPPluginJar : add extmemmanager
2025-01-09 06:51:15,400 [INFO] IPUIPlugin:80 - create IPUIPlugin
2025-01-09 06:51:15,400 [INFO] PluginManager:220 - loadIPPluginJar : add fatfs
2025-01-09 06:51:15,458 [INFO] IPUIPlugin:80 - create IPUIPlugin
2025-01-09 06:51:15,458 [INFO] PluginManager:220 - loadIPPluginJar : add fmc
2025-01-09 06:51:15,476 [INFO] IPUIPlugin:80 - create IPUIPlugin
2025-01-09 06:51:15,476 [INFO] PluginManager:220 - loadIPPluginJar : add freertos
2025-01-09 06:51:15,502 [INFO] IPUIPlugin:80 - create IPUIPlugin
2025-01-09 06:51:15,502 [INFO] PluginManager:220 - loadIPPluginJar : add genericplugin
2025-01-09 06:51:15,620 [INFO] IPUIPlugin:80 - create IPUIPlugin
2025-01-09 06:51:15,621 [INFO] PluginManager:220 - loadIPPluginJar : add gfxmmu
2025-01-09 06:51:15,784 [INFO] IPUIPlugin:80 - create IPUIPlugin
2025-01-09 06:51:15,784 [INFO] PluginManager:220 - loadIPPluginJar : add gic
2025-01-09 06:51:15,799 [INFO] IPUIPlugin:80 - create IPUIPlugin
2025-01-09 06:51:15,799 [INFO] PluginManager:220 - loadIPPluginJar : add gpio
2025-01-09 06:51:15,912 [INFO] IPUIPlugin:80 - create IPUIPlugin
2025-01-09 06:51:15,913 [INFO] PluginManager:220 - loadIPPluginJar : add gtzc
2025-01-09 06:51:15,952 [INFO] IPUIPlugin:80 - create IPUIPlugin
2025-01-09 06:51:15,952 [INFO] PluginManager:220 - loadIPPluginJar : add hash
2025-01-09 06:51:16,017 [INFO] IPUIPlugin:80 - create IPUIPlugin
2025-01-09 06:51:16,017 [INFO] PluginManager:220 - loadIPPluginJar : add i2c
2025-01-09 06:51:16,064 [INFO] IPUIPlugin:80 - create IPUIPlugin
2025-01-09 06:51:16,065 [INFO] PluginManager:220 - loadIPPluginJar : add i2s
2025-01-09 06:51:16,116 [INFO] IPUIPlugin:80 - create IPUIPlugin
2025-01-09 06:51:16,116 [INFO] PluginManager:220 - loadIPPluginJar : add i3c
2025-01-09 06:51:16,291 [INFO] IPUIPlugin:80 - create IPUIPlugin
2025-01-09 06:51:16,292 [INFO] PluginManager:220 - loadIPPluginJar : add ipddr
2025-01-09 06:51:16,413 [INFO] IPUIPlugin:80 - create IPUIPlugin
2025-01-09 06:51:16,413 [INFO] PluginManager:220 - loadIPPluginJar : add linkedlist
2025-01-09 06:51:16,459 [INFO] IPUIPlugin:80 - create IPUIPlugin
2025-01-09 06:51:16,459 [INFO] PluginManager:220 - loadIPPluginJar : add lorawan
2025-01-09 06:51:16,506 [INFO] IPUIPlugin:80 - create IPUIPlugin
2025-01-09 06:51:16,507 [INFO] PluginManager:220 - loadIPPluginJar : add ltdc
2025-01-09 06:51:16,523 [INFO] IPUIPlugin:80 - create IPUIPlugin
2025-01-09 06:51:16,523 [INFO] PluginManager:220 - loadIPPluginJar : add mdma
2025-01-09 06:51:16,538 [INFO] IPUIPlugin:80 - create IPUIPlugin
2025-01-09 06:51:16,538 [INFO] PluginManager:220 - loadIPPluginJar : add nvic
2025-01-09 06:51:16,584 [INFO] IPUIPlugin:80 - create IPUIPlugin
2025-01-09 06:51:16,584 [INFO] PluginManager:220 - loadIPPluginJar : add opamp
2025-01-09 06:51:16,660 [INFO] IPUIPlugin:80 - create IPUIPlugin
2025-01-09 06:51:16,660 [INFO] PluginManager:220 - loadIPPluginJar : add openamp
2025-01-09 06:51:16,692 [INFO] ThirdPartyUpdaterWithRetryManager:70 - Updater plugin not ready yet. [2/15]
2025-01-09 06:51:16,725 [INFO] IPUIPlugin:80 - create IPUIPlugin
2025-01-09 06:51:16,725 [INFO] PluginManager:220 - loadIPPluginJar : add pdm2pcm
2025-01-09 06:51:16,749 [INFO] IPUIPlugin:80 - create IPUIPlugin
2025-01-09 06:51:16,752 [INFO] PluginManager:220 - loadIPPluginJar : add plateformsettings
2025-01-09 06:51:16,783 [INFO] IPUIPlugin:80 - create IPUIPlugin
2025-01-09 06:51:16,783 [INFO] PluginManager:220 - loadIPPluginJar : add quadspi
2025-01-09 06:51:16,816 [INFO] IPUIPlugin:80 - create IPUIPlugin
2025-01-09 06:51:16,817 [INFO] PluginManager:220 - loadIPPluginJar : add radio
2025-01-09 06:51:16,845 [INFO] IPUIPlugin:80 - create IPUIPlugin
2025-01-09 06:51:16,845 [INFO] PluginManager:220 - loadIPPluginJar : add resmgrutility
2025-01-09 06:51:16,906 [INFO] IPUIPlugin:80 - create IPUIPlugin
2025-01-09 06:51:16,906 [INFO] PluginManager:220 - loadIPPluginJar : add sai
2025-01-09 06:51:16,953 [INFO] IPUIPlugin:80 - create IPUIPlugin
2025-01-09 06:51:16,953 [INFO] PluginManager:220 - loadIPPluginJar : add spi
2025-01-09 06:51:17,041 [INFO] IPUIPlugin:80 - create IPUIPlugin
2025-01-09 06:51:17,041 [INFO] PluginManager:220 - loadIPPluginJar : add stm32_wpan
2025-01-09 06:51:17,072 [INFO] IPUIPlugin:80 - create IPUIPlugin
2025-01-09 06:51:17,072 [INFO] PluginManager:220 - loadIPPluginJar : add tim
2025-01-09 06:51:17,147 [INFO] IPUIPlugin:80 - create IPUIPlugin
2025-01-09 06:51:17,147 [INFO] PluginManager:220 - loadIPPluginJar : add touchsensing
2025-01-09 06:51:17,174 [INFO] IPUIPlugin:80 - create IPUIPlugin
2025-01-09 06:51:17,175 [INFO] PluginManager:220 - loadIPPluginJar : add tracer_emb
2025-01-09 06:51:17,204 [INFO] IPUIPlugin:80 - create IPUIPlugin
2025-01-09 06:51:17,204 [INFO] PluginManager:220 - loadIPPluginJar : add ts
2025-01-09 06:51:17,233 [INFO] IPUIPlugin:80 - create IPUIPlugin
2025-01-09 06:51:17,233 [INFO] PluginManager:220 - loadIPPluginJar : add tsc
2025-01-09 06:51:17,260 [INFO] IPUIPlugin:80 - create IPUIPlugin
2025-01-09 06:51:17,260 [INFO] PluginManager:220 - loadIPPluginJar : add ucpd
2025-01-09 06:51:17,321 [INFO] IPUIPlugin:80 - create IPUIPlugin
2025-01-09 06:51:17,321 [INFO] PluginManager:220 - loadIPPluginJar : add usart
2025-01-09 06:51:17,377 [INFO] IPUIPlugin:80 - create IPUIPlugin
2025-01-09 06:51:17,377 [INFO] PluginManager:220 - loadIPPluginJar : add usbx
2025-01-09 06:51:17,584 [INFO] CADModel:165 - CPN selected for project level
2025-01-09 06:51:17,584 [INFO] CADModel:114 - Register for checkConnection events
2025-01-09 06:51:17,585 [FATAL] Updater:334 - Updater called before beeing initialized
2025-01-09 06:51:17,585 [ERROR] CADModel:125 - Updater not yet initialized, retry later 
2025-01-09 06:51:17,987 [INFO] CADModel:165 - CPN selected for project level
2025-01-09 06:51:17,987 [INFO] CADModel:114 - Register for checkConnection events
2025-01-09 06:51:17,987 [FATAL] Updater:334 - Updater called before beeing initialized
2025-01-09 06:51:17,987 [ERROR] CADModel:125 - Updater not yet initialized, retry later 
2025-01-09 06:51:17,990 [FATAL] Updater:334 - Updater called before beeing initialized
2025-01-09 06:51:18,152 [FATAL] Updater:334 - Updater called before beeing initialized
2025-01-09 06:51:18,191 [INFO] DbMcusAds:53 - JSON generation date=Fri Sep 20 15:04:38 CEST 2024 (1726837478367)
2025-01-09 06:51:18,192 [FATAL] Updater:334 - Updater called before beeing initialized
2025-01-09 06:51:18,368 [WARN] DetailPanel:346 - Failed to get advertising image, set to default
2025-01-09 06:51:18,476 [FATAL] Updater:334 - Updater called before beeing initialized
2025-01-09 06:51:18,478 [FATAL] Updater:334 - Updater called before beeing initialized
2025-01-09 06:51:18,478 [FATAL] Updater:334 - Updater called before beeing initialized
2025-01-09 06:51:18,478 [WARN] DetailPanel:346 - Failed to get advertising image, set to default
2025-01-09 06:51:18,479 [FATAL] Updater:334 - Updater called before beeing initialized
2025-01-09 06:51:18,643 [ERROR] Updater:1164 - MainUpdater not yet initialized. External WinMGr cannot be set.
2025-01-09 06:51:18,663 [INFO] Updater:1100 - Updater Version found : 6.12.1
2025-01-09 06:51:18,703 [INFO] ApplicationProperties:184 - Using Application install path: D:\STM32CubeIDE_1.16.1\STM32CubeIDE\plugins\com.st.stm32cube.common.mx_6.12.1.202409122256
2025-01-09 06:51:19,693 [INFO] ThirdPartyUpdaterWithRetryManager:70 - Updater plugin not ready yet. [3/15]
2025-01-09 06:51:20,337 [ERROR] LogOutputStream:75 - [STDERR_REDIRECT] Jan 09, 2025 6:51:20 AM java.util.prefs.WindowsPreferences <init>
2025-01-09 06:51:20,339 [ERROR] LogOutputStream:75 - [STDERR_REDIRECT] WARNING: Could not open/create prefs root node Software\JavaSoft\Prefs at root 0xffffffff80000002. Windows RegCreateKeyEx(...) returned error code 5.
2025-01-09 06:51:20,339 [ERROR] LogOutputStream:75 - [STDERR_REDIRECT] 
2025-01-09 06:51:20,932 [INFO] MainUpdater:2873 - connection check result : 10
2025-01-09 06:51:20,933 [INFO] MainUpdater:290 - Updater Check For Update Now.
2025-01-09 06:51:20,933 [INFO] MicroXplorer:498 - Change Database Version : DB.6.0.121
2025-01-09 06:51:20,996 [INFO] McuFinderGlobals:63 - Set McuFinder mode to 2 (CubeIDE integrated)
2025-01-09 06:51:21,007 [INFO] UserAuth:417 - Internet connection configuration mode: 1
2025-01-09 06:51:21,134 [INFO] JxBrowserEngine:152 - Initiate JxBrowser Engine with user profile folder
2025-01-09 06:51:21,284 [INFO] CheckServerUpdateThread:120 - End of CheckServer Thread
2025-01-09 06:51:23,084 [WARN] PackLoader:240 - Cannot read IP mode file for STMicroelectronics.FP-SNS-MOTENVWB1.1.4.0
2025-01-09 06:51:23,104 [WARN] PackLoader:240 - Cannot read IP mode file for STMicroelectronics.FP-ATR-ASTRA1.2.0.1
2025-01-09 06:51:23,123 [WARN] PackLoader:240 - Cannot read IP mode file for STMicroelectronics.X-CUBE-SMBUS.2.1.0
2025-01-09 06:51:23,144 [WARN] PackLoader:240 - Cannot read IP mode file for STMicroelectronics.X-CUBE-WB05N.1.1.0
2025-01-09 06:51:23,205 [WARN] PackLoader:240 - Cannot read IP mode file for STMicroelectronics.X-CUBE-AZRTOS-F7.1.1.0
2025-01-09 06:51:23,352 [WARN] PackLoader:240 - Cannot read IP mode file for STMicroelectronics.X-CUBE-MEMS1.11.0.0
2025-01-09 06:51:23,532 [WARN] PackLoader:240 - Cannot read IP mode file for STMicroelectronics.X-CUBE-BLE1.6.2.4
2025-01-09 06:51:23,549 [WARN] PackLoader:240 - Cannot read IP mode file for STMicroelectronics.FP-SNS-FLIGHT1.5.0.2
2025-01-09 06:51:23,572 [WARN] PackLoader:240 - Cannot read IP mode file for STMicroelectronics.X-CUBE-DISPLAY.3.0.0
2025-01-09 06:51:23,592 [WARN] PackLoader:240 - Cannot read IP mode file for STMicroelectronics.X-CUBE-BLE1.7.0.0
2025-01-09 06:51:23,618 [WARN] PackLoader:240 - Cannot read IP mode file for STMicroelectronics.X-CUBE-NFC10.1.0.0
2025-01-09 06:51:23,656 [WARN] PackLoader:240 - Cannot read IP mode file for STMicroelectronics.X-CUBE-BLEMGR.4.0.0
2025-01-09 06:51:23,684 [WARN] PackLoader:240 - Cannot read IP mode file for STMicroelectronics.X-CUBE-BLEMGR.3.1.0
2025-01-09 06:51:23,708 [WARN] PackLoader:240 - Cannot read IP mode file for STMicroelectronics.FP-SNS-SMARTAG2.1.2.0
2025-01-09 06:51:23,808 [WARN] PackLoader:240 - Cannot read IP mode file for STMicroelectronics.X-CUBE-MEMS1.11.1.0
2025-01-09 06:51:24,001 [INFO] LogOutputStream:77 - [STDOUT_REDIRECT] 1 : Invalid condition id : UX_CORESTACK_Condition cause : null
2025-01-09 06:51:24,002 [INFO] LogOutputStream:77 - [STDOUT_REDIRECT] 1 : Invalid condition id : UX_CORESTACK_Condition cause : null
2025-01-09 06:51:24,006 [INFO] LogOutputStream:77 - [STDOUT_REDIRECT] 1 : Invalid condition id : UX_CORESTACK_Condition cause : null
2025-01-09 06:51:24,008 [INFO] LogOutputStream:77 - [STDOUT_REDIRECT] 1 : Invalid condition id : UX_CORESTACK_Condition cause : null
2025-01-09 06:51:24,011 [INFO] LogOutputStream:77 - [STDOUT_REDIRECT] 1 : Invalid condition id : UX_CORESTACK_Condition cause : null
2025-01-09 06:51:24,016 [WARN] PackLoader:240 - Cannot read IP mode file for STMicroelectronics.X-CUBE-AZRTOS-WL.2.0.0
2025-01-09 06:51:24,044 [WARN] PackLoader:240 - Cannot read IP mode file for STMicroelectronics.FP-SNS-MOTENV1.5.0.0
2025-01-09 06:51:24,067 [WARN] PackLoader:240 - Cannot read IP mode file for wolfSSL.I-CUBE-wolfMQTT.1.19.0
2025-01-09 06:51:24,118 [WARN] PackLoader:240 - Cannot read IP mode file for WES.I-CUBE-Cesium.1.3.0
2025-01-09 06:51:24,145 [WARN] PackLoader:240 - Cannot read IP mode file for STMicroelectronics.X-CUBE-BLE2.3.3.0
2025-01-09 06:51:24,189 [WARN] PackLoader:240 - Cannot read IP mode file for STMicroelectronics.X-CUBE-NFC9.1.0.0
2025-01-09 06:51:24,217 [WARN] PackLoader:240 - Cannot read IP mode file for STMicroelectronics.X-CUBE-TCPP.4.1.0
2025-01-09 06:51:24,241 [WARN] PackLoader:240 - Cannot read IP mode file for STMicroelectronics.X-CUBE-TOUCHGFX.4.21.3
2025-01-09 06:51:24,267 [WARN] PackLoader:240 - Cannot read IP mode file for STMicroelectronics.X-CUBE-ALGOBUILD.1.3.0
2025-01-09 06:51:24,307 [WARN] PackLoader:240 - Cannot read IP mode file for STMicroelectronics.X-CUBE-AZRTOS-G0.1.1.0
2025-01-09 06:51:24,338 [WARN] PackLoader:240 - Cannot read IP mode file for STMicroelectronics.X-CUBE-SAFEA1.1.2.2
2025-01-09 06:51:24,360 [WARN] PackLoader:240 - Cannot read IP mode file for STMicroelectronics.X-CUBE-NFC4.3.0.0
2025-01-09 06:51:24,394 [WARN] PackLoader:240 - Cannot read IP mode file for EmbeddedOffice.I-CUBE-FS-RTOS.1.0.1
2025-01-09 06:51:24,395 [ERROR] ConditionMgr:805 - Attr not supported : Dmpu
2025-01-09 06:51:24,395 [ERROR] ConditionMgr:805 - Attr not supported : Dmpu
2025-01-09 06:51:24,395 [ERROR] ConditionMgr:805 - Attr not supported : Dmpu
2025-01-09 06:51:24,395 [ERROR] ConditionMgr:805 - Attr not supported : Dmpu
2025-01-09 06:51:24,395 [ERROR] ConditionMgr:805 - Attr not supported : Dmpu
2025-01-09 06:51:24,395 [ERROR] ConditionMgr:805 - Attr not supported : Dmpu
2025-01-09 06:51:24,395 [ERROR] ConditionMgr:805 - Attr not supported : Dmpu
2025-01-09 06:51:24,395 [ERROR] ConditionMgr:805 - Attr not supported : Dmpu
2025-01-09 06:51:24,395 [ERROR] ConditionMgr:805 - Attr not supported : Dmpu
2025-01-09 06:51:24,396 [ERROR] ConditionMgr:805 - Attr not supported : Dmpu
2025-01-09 06:51:24,396 [ERROR] ConditionMgr:805 - Attr not supported : Dmpu
2025-01-09 06:51:24,396 [ERROR] ConditionMgr:805 - Attr not supported : Dmpu
2025-01-09 06:51:24,396 [ERROR] ConditionMgr:805 - Attr not supported : Dmpu
2025-01-09 06:51:24,396 [ERROR] ConditionMgr:805 - Attr not supported : Dmpu
2025-01-09 06:51:24,396 [ERROR] ConditionMgr:805 - Attr not supported : Dmpu
2025-01-09 06:51:24,396 [ERROR] ConditionMgr:805 - Attr not supported : Dmpu
2025-01-09 06:51:24,396 [ERROR] ConditionMgr:805 - Attr not supported : Dmpu
2025-01-09 06:51:24,397 [ERROR] ConditionMgr:805 - Attr not supported : Dmpu
2025-01-09 06:51:24,397 [ERROR] ConditionMgr:805 - Attr not supported : Dmpu
2025-01-09 06:51:24,397 [ERROR] ConditionMgr:805 - Attr not supported : Dmpu
2025-01-09 06:51:24,397 [ERROR] ConditionMgr:805 - Attr not supported : Dmpu
2025-01-09 06:51:24,397 [ERROR] ConditionMgr:805 - Attr not supported : Dmpu
2025-01-09 06:51:24,397 [ERROR] ConditionMgr:805 - Attr not supported : Dmpu
2025-01-09 06:51:24,397 [ERROR] ConditionMgr:805 - Attr not supported : Dmpu
2025-01-09 06:51:24,397 [ERROR] ConditionMgr:805 - Attr not supported : Dmpu
2025-01-09 06:51:24,397 [ERROR] ConditionMgr:805 - Attr not supported : Dmpu
2025-01-09 06:51:24,398 [ERROR] ConditionMgr:805 - Attr not supported : Dmpu
2025-01-09 06:51:24,398 [ERROR] ConditionMgr:805 - Attr not supported : Dmpu
2025-01-09 06:51:24,398 [ERROR] ConditionMgr:805 - Attr not supported : Dmpu
2025-01-09 06:51:24,398 [ERROR] ConditionMgr:805 - Attr not supported : Dmpu
2025-01-09 06:51:24,398 [ERROR] ConditionMgr:805 - Attr not supported : Dmpu
2025-01-09 06:51:24,398 [ERROR] ConditionMgr:805 - Attr not supported : Dmpu
2025-01-09 06:51:24,398 [ERROR] ConditionMgr:805 - Attr not supported : Dmpu
2025-01-09 06:51:24,398 [ERROR] ConditionMgr:805 - Attr not supported : Dmpu
2025-01-09 06:51:24,398 [ERROR] ConditionMgr:805 - Attr not supported : Dmpu
2025-01-09 06:51:24,398 [ERROR] ConditionMgr:805 - Attr not supported : Dmpu
2025-01-09 06:51:24,399 [ERROR] ConditionMgr:805 - Attr not supported : Dmpu
2025-01-09 06:51:24,399 [ERROR] ConditionMgr:805 - Attr not supported : Dmpu
2025-01-09 06:51:24,399 [ERROR] ConditionMgr:805 - Attr not supported : Dmpu
2025-01-09 06:51:24,399 [ERROR] ConditionMgr:805 - Attr not supported : Dmpu
2025-01-09 06:51:24,399 [ERROR] ConditionMgr:805 - Attr not supported : Dmpu
2025-01-09 06:51:24,399 [ERROR] ConditionMgr:805 - Attr not supported : Dmpu
2025-01-09 06:51:24,399 [ERROR] ConditionMgr:805 - Attr not supported : Dmpu
2025-01-09 06:51:24,399 [ERROR] ConditionMgr:805 - Attr not supported : Dmpu
2025-01-09 06:51:24,399 [ERROR] ConditionMgr:805 - Attr not supported : Dmpu
2025-01-09 06:51:24,400 [ERROR] ConditionMgr:805 - Attr not supported : Dmpu
2025-01-09 06:51:24,400 [ERROR] ConditionMgr:805 - Attr not supported : Dmpu
2025-01-09 06:51:24,400 [ERROR] ConditionMgr:805 - Attr not supported : Dmpu
2025-01-09 06:51:24,400 [ERROR] ConditionMgr:805 - Attr not supported : Dmpu
2025-01-09 06:51:24,400 [ERROR] ConditionMgr:805 - Attr not supported : Dmpu
2025-01-09 06:51:24,400 [ERROR] ConditionMgr:805 - Attr not supported : Dmpu
2025-01-09 06:51:24,400 [ERROR] ConditionMgr:805 - Attr not supported : Dmpu
2025-01-09 06:51:24,400 [ERROR] ConditionMgr:805 - Attr not supported : Dmpu
2025-01-09 06:51:24,400 [ERROR] ConditionMgr:805 - Attr not supported : Dmpu
2025-01-09 06:51:24,401 [ERROR] ConditionMgr:805 - Attr not supported : Dmpu
2025-01-09 06:51:24,401 [ERROR] ConditionMgr:805 - Attr not supported : Dmpu
2025-01-09 06:51:24,401 [ERROR] ConditionMgr:805 - Attr not supported : Dmpu
2025-01-09 06:51:24,401 [ERROR] ConditionMgr:805 - Attr not supported : Dmpu
2025-01-09 06:51:24,401 [ERROR] ConditionMgr:805 - Attr not supported : Dmpu
2025-01-09 06:51:24,401 [ERROR] ConditionMgr:805 - Attr not supported : Dmpu
2025-01-09 06:51:24,401 [ERROR] ConditionMgr:805 - Attr not supported : Dmpu
2025-01-09 06:51:24,401 [ERROR] ConditionMgr:805 - Attr not supported : Dmpu
2025-01-09 06:51:24,402 [ERROR] ConditionMgr:805 - Attr not supported : Dmpu
2025-01-09 06:51:24,402 [ERROR] ConditionMgr:805 - Attr not supported : Dmpu
2025-01-09 06:51:24,422 [ERROR] Engine:466 - C:\Users\solom\.stm32cubemx\thirdparties\pdsc\STMicroelectronics.X-CUBE-TCPP.4.2.0.pdsc: PDSC version is not supported
2025-01-09 06:51:24,441 [WARN] PackLoader:240 - Cannot read IP mode file for RealThread.X-CUBE-RT-Thread_Nano.4.1.1
2025-01-09 06:51:24,463 [WARN] PackLoader:240 - Cannot read IP mode file for STMicroelectronics.FP-ATR-SIGFOX1.3.2.0
2025-01-09 06:51:24,485 [WARN] ConditionMgr:438 - getConditionDescription Invalid condition id : Cortex-A Device cause : null
2025-01-09 06:51:24,535 [WARN] ConditionMgr:1039 - genDependencies : Invalid condition id : Cortex-A Device cause : null
2025-01-09 06:51:24,535 [WARN] ConditionMgr:1039 - genDependencies : Invalid condition id : Cortex-A Device cause : null
2025-01-09 06:51:24,535 [WARN] ConditionMgr:1039 - genDependencies : Invalid condition id : Cortex-A Device cause : null
2025-01-09 06:51:24,556 [WARN] PackLoader:240 - Cannot read IP mode file for STMicroelectronics.X-CUBE-EEPRMA1.5.1.0
2025-01-09 06:51:24,585 [WARN] PackLoader:240 - Cannot read IP mode file for ITTIA_DB.I-CUBE-ITTIADB.8.9.0
2025-01-09 06:51:24,666 [WARN] PackLoader:240 - Cannot read IP mode file for STMicroelectronics.X-CUBE-MEMS1.9.5.0
2025-01-09 06:51:24,896 [WARN] PackLoader:240 - Cannot read IP mode file for SEGGER.I-CUBE-embOS.1.3.1
2025-01-09 06:51:24,980 [WARN] PackLoader:240 - Cannot read IP mode file for STMicroelectronics.X-CUBE-ALGOBUILD.1.4.0
2025-01-09 06:51:25,006 [WARN] PackLoader:240 - Cannot read IP mode file for STMicroelectronics.X-CUBE-AI.9.1.0
2025-01-09 06:51:25,037 [WARN] PackLoader:240 - Cannot read IP mode file for STMicroelectronics.X-CUBE-GNSS1.6.0.0
2025-01-09 06:51:25,103 [WARN] PackLoader:240 - Cannot read IP mode file for STMicroelectronics.X-CUBE-AZRTOS-F4.1.1.0
2025-01-09 06:51:25,133 [WARN] PackLoader:240 - Cannot read IP mode file for STMicroelectronics.X-CUBE-ISPU.2.1.0
2025-01-09 06:51:25,157 [WARN] PackLoader:240 - Cannot read IP mode file for STMicroelectronics.X-CUBE-FREERTOS.1.2.0
2025-01-09 06:51:25,209 [WARN] PackLoader:240 - Cannot read IP mode file for STMicroelectronics.X-CUBE-AZRTOS-L5.2.0.0
2025-01-09 06:51:25,244 [WARN] PackLoader:240 - Cannot read IP mode file for STMicroelectronics.X-CUBE-NFC6.3.1.0
2025-01-09 06:51:25,277 [WARN] PackLoader:240 - Cannot read IP mode file for emotas.I-CUBE-CANOPEN.1.1.3
2025-01-09 06:51:25,301 [WARN] PackLoader:240 - Cannot read IP mode file for STMicroelectronics.X-CUBE-BLEMGR.2.0.0
2025-01-09 06:51:25,326 [WARN] PackLoader:240 - Cannot read IP mode file for STMicroelectronics.X-CUBE-DPower.1.2.0
2025-01-09 06:51:25,348 [WARN] PackLoader:240 - Cannot read IP mode file for wolfSSL.I-CUBE-wolfSSL.5.5.4
2025-01-09 06:51:25,369 [WARN] PackLoader:240 - Cannot read IP mode file for STMicroelectronics.X-CUBE-FREERTOS.1.3.0
2025-01-09 06:51:25,391 [WARN] PackLoader:240 - Cannot read IP mode file for STMicroelectronics.X-CUBE-NFC7.1.0.1
2025-01-09 06:51:25,412 [WARN] PackLoader:240 - Cannot read IP mode file for STMicroelectronics.X-CUBE-NFC7.1.0.0
2025-01-09 06:51:25,435 [WARN] PackLoader:240 - Cannot read IP mode file for STMicroelectronics.X-CUBE-EEPRMA1.4.1.0
2025-01-09 06:51:25,486 [WARN] ConditionMgr:438 - getConditionDescription Invalid condition id : LAN8742 Phy interface Condition cause : null
2025-01-09 06:51:25,493 [WARN] PackLoader:240 - Cannot read IP mode file for STMicroelectronics.X-CUBE-AZRTOS-L4.2.0.0
2025-01-09 06:51:25,494 [WARN] ConditionMgr:1039 - genDependencies : Invalid condition id : LAN8742 Phy interface Condition cause : null
2025-01-09 06:51:25,494 [WARN] ConditionMgr:1039 - genDependencies : Invalid condition id : LAN8742 Phy interface Condition cause : null
2025-01-09 06:51:25,494 [WARN] ConditionMgr:1039 - genDependencies : Invalid condition id : LAN8742 Phy interface Condition cause : null
2025-01-09 06:51:25,517 [WARN] PackLoader:240 - Cannot read IP mode file for STMicroelectronics.X-CUBE-SFXS2LP1.4.0.0
2025-01-09 06:51:25,565 [WARN] PackLoader:240 - Cannot read IP mode file for STMicroelectronics.X-CUBE-AZRTOS-H7.3.0.0
2025-01-09 06:51:25,588 [WARN] PackLoader:240 - Cannot read IP mode file for STMicroelectronics.X-CUBE-ISPU.1.1.0
2025-01-09 06:51:25,638 [WARN] PackLoader:240 - Cannot read IP mode file for STMicroelectronics.X-CUBE-AZRTOS-H7.3.3.0
2025-01-09 06:51:25,662 [WARN] PackLoader:240 - Cannot read IP mode file for RoweBots.I-CUBE-UNISONRTOS.5.5.0-4
2025-01-09 06:51:25,682 [WARN] PackLoader:240 - Cannot read IP mode file for STMicroelectronics.X-CUBE-AI.8.0.0
2025-01-09 06:51:25,708 [WARN] PackLoader:240 - Cannot read IP mode file for STMicroelectronics.X-CUBE-IPS.3.0.0
2025-01-09 06:51:25,745 [WARN] ConditionMgr:438 - getConditionDescription Invalid condition id : UX DEVICE CLASS RTOS Condition cause : null
2025-01-09 06:51:25,745 [WARN] ConditionMgr:438 - getConditionDescription Invalid condition id : UX DEVICE CLASS RTOS Condition cause : null
2025-01-09 06:51:25,748 [WARN] PackLoader:240 - Cannot read IP mode file for STMicroelectronics.X-CUBE-AZRTOS-WB.2.0.0
2025-01-09 06:51:25,749 [WARN] ConditionMgr:1039 - genDependencies : Invalid condition id : UX DEVICE CLASS RTOS Condition cause : null
2025-01-09 06:51:25,749 [WARN] ConditionMgr:1039 - genDependencies : Invalid condition id : UX DEVICE CLASS RTOS Condition cause : null
2025-01-09 06:51:25,750 [WARN] ConditionMgr:1039 - genDependencies : Invalid condition id : UX DEVICE CLASS RTOS Condition cause : null
2025-01-09 06:51:25,750 [WARN] ConditionMgr:1039 - genDependencies : Invalid condition id : UX DEVICE CLASS RTOS Condition cause : null
2025-01-09 06:51:25,750 [WARN] ConditionMgr:1039 - genDependencies : Invalid condition id : UX DEVICE CLASS RTOS Condition cause : null
2025-01-09 06:51:25,773 [WARN] PackLoader:240 - Cannot read IP mode file for STMicroelectronics.X-CUBE-FREERTOS.1.0.0
2025-01-09 06:51:25,799 [WARN] PackLoader:240 - Cannot read IP mode file for STMicroelectronics.X-CUBE-GNSS1.7.0.0
2025-01-09 06:51:25,821 [WARN] PackLoader:240 - Cannot read IP mode file for STMicroelectronics.X-CUBE-GNSS1.7.0.1
2025-01-09 06:51:25,848 [WARN] PackLoader:240 - Cannot read IP mode file for STMicroelectronics.FP-SNS-STBOX1.2.0.0
2025-01-09 06:51:25,887 [WARN] PackLoader:240 - Cannot read IP mode file for STMicroelectronics.X-CUBE-AZRTOS-L5.1.1.0
2025-01-09 06:51:25,919 [WARN] PackLoader:240 - Cannot read IP mode file for STMicroelectronics.X-CUBE-SUBG2.5.0.0
2025-01-09 06:51:25,946 [WARN] PackLoader:240 - Cannot read IP mode file for Cesanta.I-CUBE-Mongoose.7.13.0
2025-01-09 06:51:25,981 [WARN] PackLoader:240 - Cannot read IP mode file for STMicroelectronics.X-CUBE-AZRTOS-G4.2.0.0
2025-01-09 06:51:26,013 [WARN] PackLoader:240 - Cannot read IP mode file for STMicroelectronics.X-CUBE-TOF1.3.3.0
2025-01-09 06:51:26,040 [WARN] PackLoader:240 - Cannot read IP mode file for STMicroelectronics.FP-ATR-ASTRA1.1.1.1
2025-01-09 06:51:26,077 [WARN] PackLoader:240 - Cannot read IP mode file for STMicroelectronics.X-CUBE-AZRTOS-G4.1.0.0
2025-01-09 06:51:26,123 [WARN] PackLoader:240 - Cannot read IP mode file for STMicroelectronics.X-CUBE-AZRTOS-L4.1.0.0
2025-01-09 06:51:26,148 [WARN] PackLoader:240 - Cannot read IP mode file for STMicroelectronics.X-CUBE-ALS.1.0.2
2025-01-09 06:51:26,186 [WARN] PackLoader:240 - Cannot read IP mode file for STMicroelectronics.X-CUBE-AZRTOS-WL.1.0.0
2025-01-09 06:51:26,206 [WARN] PackLoader:240 - Cannot read IP mode file for STMicroelectronics.X-CUBE-TOUCHGFX.4.24.1
2025-01-09 06:51:26,223 [WARN] PackLoader:240 - Cannot read IP mode file for wolfSSL.I-CUBE-wolfTPM.3.4.0
2025-01-09 06:51:26,243 [WARN] PackLoader:240 - Cannot read IP mode file for portGmbH.I-Cube-SoM-uGOAL.1.1.0
2025-01-09 06:51:26,269 [WARN] PackLoader:240 - Cannot read IP mode file for STMicroelectronics.X-CUBE-ALS.1.0.1
2025-01-09 06:51:26,309 [WARN] PackLoader:240 - Cannot read IP mode file for STMicroelectronics.X-CUBE-AZRTOS-WB.1.1.0
2025-01-09 06:51:26,356 [WARN] PackLoader:240 - Cannot read IP mode file for STMicroelectronics.X-CUBE-AZRTOS-H7RS.1.0.0
2025-01-09 06:51:26,379 [WARN] PackLoader:240 - Cannot read IP mode file for STMicroelectronics.FP-ATR-ASTRA1.2.0.0
2025-01-09 06:51:26,411 [WARN] PackLoader:240 - Cannot read IP mode file for STMicroelectronics.X-CUBE-TOF1.3.4.2
2025-01-09 06:51:26,482 [WARN] PackLoader:240 - Cannot read IP mode file for Infineon.AIROC-Wi-Fi-Bluetooth-STM32.1.6.1
2025-01-09 06:51:26,506 [WARN] PackLoader:240 - Cannot read IP mode file for wolfSSL.I-CUBE-wolfSSH.1.4.17
2025-01-09 06:51:26,507 [INFO] ThirdParty:978 - Integrity check success = true
2025-01-09 06:51:26,507 [INFO] IntegrityCheckThread:100 - exiting critical section [integrity check]
2025-01-09 06:51:26,507 [INFO] IntegrityCheckThread:103 - End integrity checks thread
2025-01-09 06:51:30,438 [INFO] WebApp:167 - Instantiating new browser for Auth
2025-01-09 06:51:31,599 [INFO] WebApp:448 - Apply proxy settings
2025-01-09 06:51:31,600 [INFO] WebApp:533 - Chromium requires no authentication
2025-01-09 06:51:31,613 [INFO] WebApp:476 - Direct internet connection detected
2025-01-09 06:51:31,650 [INFO] WebApp:869 - Register for checkConnection events
2025-01-09 06:51:31,651 [INFO] WebApp:448 - Apply proxy settings
2025-01-09 06:51:31,651 [INFO] WebApp:533 - Chromium requires no authentication
2025-01-09 06:51:31,652 [INFO] WebApp:476 - Direct internet connection detected
2025-01-09 06:51:31,898 [INFO] WebApp:220 - Starting web application
2025-01-09 06:51:31,898 [INFO] WebApp:578 - Web application path used D:\STM32CubeIDE_1.16.1\STM32CubeIDE\plugins\com.st.stm32cube.common.mx_6.12.1.202409122256\db\plugins\mcufinder\reactClient1\index.html
2025-01-09 06:51:32,141 [INFO] UserAuth:417 - Internet connection configuration mode: 1
2025-01-09 06:51:32,526 [INFO] WebApp:186 - Connection restablished
2025-01-09 07:49:17,755 [INFO] WebApp:189 - Connection lost
2025-01-09 07:49:18,190 [INFO] WebApp:186 - Connection restablished
2025-01-09 07:49:19,392 [INFO] WebApp:189 - Connection lost
2025-01-09 07:49:19,658 [INFO] WebApp:186 - Connection restablished
2025-01-09 07:49:23,398 [INFO] WebApp:189 - Connection lost
2025-01-09 07:49:23,679 [INFO] WebApp:186 - Connection restablished
2025-01-09 09:03:51,062 [INFO] WebApp:189 - Connection lost
2025-01-09 09:03:56,336 [INFO] WebApp:186 - Connection restablished
2025-01-09 09:03:57,575 [INFO] WebApp:189 - Connection lost
2025-01-09 09:03:57,843 [INFO] WebApp:186 - Connection restablished
2025-01-09 09:04:00,371 [INFO] WebApp:189 - Connection lost
2025-01-09 09:04:00,670 [INFO] WebApp:186 - Connection restablished
2025-01-09 09:04:25,020 [ERROR] ConfigurationRetriever:142 - IOException on connection: sw-center.st.com
2025-01-09 09:04:25,020 [ERROR] ConfigurationRetriever:142 - IOException on connection: sw-center.st.com
2025-01-09 09:04:25,021 [ERROR] ConfigurationRetriever:142 - IOException on connection: sw-center.st.com
2025-01-09 10:15:54,913 [INFO] WebApp:189 - Connection lost
2025-01-09 10:15:55,278 [INFO] WebApp:186 - Connection restablished
2025-01-09 10:15:58,406 [INFO] WebApp:189 - Connection lost
2025-01-09 10:15:58,671 [INFO] WebApp:186 - Connection restablished
2025-01-09 10:16:01,480 [INFO] WebApp:189 - Connection lost
2025-01-09 10:16:01,757 [INFO] WebApp:186 - Connection restablished
2025-01-09 10:16:04,358 [INFO] WebApp:189 - Connection lost
2025-01-09 10:16:04,637 [INFO] WebApp:186 - Connection restablished
2025-01-09 10:25:40,308 [INFO] WebApp:189 - Connection lost
2025-01-09 10:54:42,653 [INFO] WebApp:186 - Connection restablished
2025-01-09 10:54:45,357 [INFO] WebApp:189 - Connection lost
2025-01-09 10:54:45,629 [INFO] WebApp:186 - Connection restablished
2025-01-09 10:54:48,385 [INFO] WebApp:189 - Connection lost
2025-01-09 10:54:48,664 [INFO] WebApp:186 - Connection restablished
2025-01-09 12:39:48,708 [INFO] WebApp:189 - Connection lost
2025-01-09 12:39:49,101 [INFO] WebApp:186 - Connection restablished
2025-01-09 12:39:51,849 [INFO] WebApp:189 - Connection lost
2025-01-09 12:39:52,105 [INFO] WebApp:186 - Connection restablished
2025-01-09 12:41:33,325 [INFO] WebApp:189 - Connection lost
2025-01-09 12:41:33,737 [INFO] WebApp:186 - Connection restablished
2025-01-09 12:56:07,901 [INFO] WebApp:189 - Connection lost
2025-01-09 12:56:08,253 [INFO] WebApp:186 - Connection restablished
2025-01-09 12:56:11,362 [INFO] WebApp:189 - Connection lost
2025-01-09 12:56:11,658 [INFO] WebApp:186 - Connection restablished
2025-01-09 12:56:14,499 [INFO] WebApp:189 - Connection lost
2025-01-09 12:56:14,792 [INFO] WebApp:186 - Connection restablished
2025-01-09 12:56:17,845 [INFO] WebApp:189 - Connection lost
2025-01-09 12:56:18,130 [INFO] WebApp:186 - Connection restablished
2025-01-09 13:04:36,958 [INFO] WebApp:189 - Connection lost
2025-01-09 13:04:38,384 [INFO] WebApp:186 - Connection restablished
2025-01-09 13:05:09,257 [INFO] WebApp:189 - Connection lost
2025-01-09 13:05:09,598 [INFO] WebApp:186 - Connection restablished
2025-01-09 13:05:12,411 [INFO] WebApp:189 - Connection lost
2025-01-09 13:05:12,694 [INFO] WebApp:186 - Connection restablished
2025-01-09 13:41:03,448 [INFO] WebApp:189 - Connection lost
2025-01-09 13:41:03,931 [INFO] WebApp:186 - Connection restablished
2025-01-09 13:41:33,958 [INFO] WebApp:189 - Connection lost
2025-01-09 13:41:35,389 [INFO] WebApp:186 - Connection restablished
2025-01-09 13:41:37,388 [INFO] WebApp:189 - Connection lost
2025-01-09 13:41:37,685 [INFO] WebApp:186 - Connection restablished
2025-01-09 13:50:36,683 [INFO] WebApp:189 - Connection lost
2025-01-09 13:50:37,076 [INFO] WebApp:186 - Connection restablished
2025-01-09 17:26:53,445 [INFO] WebApp:189 - Connection lost
2025-01-09 17:26:53,776 [INFO] WebApp:186 - Connection restablished
2025-01-09 17:26:55,484 [INFO] WebApp:189 - Connection lost
2025-01-09 17:26:56,013 [INFO] WebApp:186 - Connection restablished
2025-01-09 17:26:58,388 [INFO] WebApp:189 - Connection lost
2025-01-09 17:26:58,769 [INFO] WebApp:186 - Connection restablished
2025-01-09 17:27:19,850 [INFO] WebApp:189 - Connection lost
2025-01-09 17:27:20,121 [INFO] WebApp:186 - Connection restablished
2025-01-09 17:27:22,050 [INFO] WebApp:189 - Connection lost
2025-01-09 17:27:22,341 [INFO] WebApp:186 - Connection restablished
2025-01-09 17:27:25,041 [INFO] WebApp:189 - Connection lost
2025-01-09 17:27:25,262 [INFO] WebApp:186 - Connection restablished
2025-01-09 17:51:44,187 [INFO] WebApp:189 - Connection lost
2025-01-09 17:51:44,598 [INFO] WebApp:186 - Connection restablished
2025-01-09 21:13:26,068 [INFO] WebApp:189 - Connection lost
