2024-11-12 10:17:21,790 [ERROR] LogOutputStream:75 - [STDERR_REDIRECT] 
2024-11-12 22:24:38,899 [INFO] Activator:176 - 


2024-11-12 22:24:38,902 [INFO] Activator:177 - !SESSION log4j initialized
2024-11-12 22:24:54,150 [INFO] LogOutputStream:77 - [STDOUT_REDIRECT] 
2024-11-12 22:24:57,810 [INFO] ApplicationProperties:184 - Using Application install path: D:\STM32CubeIDE_1.16.1\STM32CubeIDE\plugins\com.st.stm32cube.common.mx_6.12.1.202409122256
2024-11-12 22:24:57,892 [INFO] DbMcusXml:78 - Set database path to: D:\STM32CubeIDE_1.16.1\STM32CubeIDE\plugins\com.st.stm32cube.common.mx_6.12.1.202409122256\\db\/mcu/
2024-11-12 22:24:57,892 [INFO] ApiDb:274 - Set plugin database path to: D:\STM32CubeIDE_1.16.1\STM32CubeIDE\plugins\com.st.stm32cube.common.mx_6.12.1.202409122256\\db\/plugins/boardmanager/
2024-11-12 22:24:57,893 [WARN] ApiDb:259 - Overriding images path with different value:  => D:\STM32CubeIDE_1.16.1\STM32CubeIDE\plugins\com.st.stm32cube.common.mx_6.12.1.202409122256\\db\/plugins/mcufinder/images/
2024-11-12 22:24:57,945 [INFO] ApiDb:250 - Set database path to: C:\Users\solom\.stmcufinder\plugins\mcufinder//mcu/
2024-11-12 22:24:57,946 [INFO] DbMcusAds:125 - Set database path to: C:\Users\solom\.stmcufinder\plugins\mcufinder//mcu/
2024-11-12 22:24:57,949 [INFO] CrossReferenceDbSqlite:203 - Set database path to: C:\Users\solom\.stmcufinder\plugins\mcufinder//mcu/cs/
2024-11-12 22:24:58,196 [INFO] RulesReader:64 - Compatibility file has been processed (297 Rules)
2024-11-12 22:24:58,543 [INFO] DbMcusXml:78 - Set database path to: D:\STM32CubeIDE_1.16.1\STM32CubeIDE\plugins\com.st.stm32cube.common.mx_6.12.1.202409122256\\db\/mcu/
2024-11-12 22:24:58,543 [INFO] ApiDb:274 - Set plugin database path to: D:\STM32CubeIDE_1.16.1\STM32CubeIDE\plugins\com.st.stm32cube.common.mx_6.12.1.202409122256\\db\/plugins/boardmanager/
2024-11-12 22:24:58,544 [INFO] ApiDb:261 - Set plugin images path to: D:\STM32CubeIDE_1.16.1\STM32CubeIDE\plugins\com.st.stm32cube.common.mx_6.12.1.202409122256\\db\/plugins/mcufinder/images/
2024-11-12 22:24:58,544 [WARN] DbFile:41 - Overriding database path with different value: C:\Users\solom\.stmcufinder\plugins\mcufinder/ => C:\Users\solom\.stmcufinder\plugins\mcufinder
2024-11-12 22:24:58,544 [INFO] ApiDb:250 - Set database path to: C:\Users\solom\.stmcufinder\plugins\mcufinder//mcu/
2024-11-12 22:24:58,544 [WARN] DbFile:41 - Overriding database path with different value: C:\Users\solom\.stmcufinder\plugins\mcufinder/ => C:\Users\solom\.stmcufinder\plugins\mcufinder
2024-11-12 22:24:58,544 [INFO] DbMcusAds:125 - Set database path to: C:\Users\solom\.stmcufinder\plugins\mcufinder//mcu/
2024-11-12 22:24:58,544 [WARN] DbFile:41 - Overriding database path with different value: C:\Users\solom\.stmcufinder\plugins\mcufinder/ => C:\Users\solom\.stmcufinder\plugins\mcufinder
2024-11-12 22:24:58,544 [WARN] DbFile:41 - Overriding database path with different value: C:\Users\solom\.stmcufinder\plugins\mcufinder/ => C:\Users\solom\.stmcufinder\plugins\mcufinder
2024-11-12 22:24:58,545 [INFO] CrossReferenceDbSqlite:203 - Set database path to: C:\Users\solom\.stmcufinder\plugins\mcufinder//mcu/cs/
2024-11-12 22:24:58,921 [INFO] MainPanel:268 - HeapMemory: 268435456
2024-11-12 22:24:59,248 [INFO] DbMcusXml:78 - Set database path to: D:\STM32CubeIDE_1.16.1\STM32CubeIDE\plugins\com.st.stm32cube.common.mx_6.12.1.202409122256\\db\/mcu/
2024-11-12 22:24:59,248 [INFO] ApiDb:274 - Set plugin database path to: D:\STM32CubeIDE_1.16.1\STM32CubeIDE\plugins\com.st.stm32cube.common.mx_6.12.1.202409122256\\db\/plugins/boardmanager/
2024-11-12 22:24:59,248 [INFO] ApiDb:261 - Set plugin images path to: D:\STM32CubeIDE_1.16.1\STM32CubeIDE\plugins\com.st.stm32cube.common.mx_6.12.1.202409122256\\db\/plugins/mcufinder/images/
2024-11-12 22:24:59,249 [WARN] DbFile:41 - Overriding database path with different value: C:\Users\solom\.stmcufinder\plugins\mcufinder/ => C:\Users\solom\.stmcufinder\plugins\mcufinder
2024-11-12 22:24:59,249 [INFO] ApiDb:250 - Set database path to: C:\Users\solom\.stmcufinder\plugins\mcufinder//mcu/
2024-11-12 22:24:59,249 [WARN] DbFile:41 - Overriding database path with different value: C:\Users\solom\.stmcufinder\plugins\mcufinder/ => C:\Users\solom\.stmcufinder\plugins\mcufinder
2024-11-12 22:24:59,249 [INFO] DbMcusAds:125 - Set database path to: C:\Users\solom\.stmcufinder\plugins\mcufinder//mcu/
2024-11-12 22:24:59,249 [WARN] DbFile:41 - Overriding database path with different value: C:\Users\solom\.stmcufinder\plugins\mcufinder/ => C:\Users\solom\.stmcufinder\plugins\mcufinder
2024-11-12 22:24:59,249 [WARN] DbFile:41 - Overriding database path with different value: C:\Users\solom\.stmcufinder\plugins\mcufinder/ => C:\Users\solom\.stmcufinder\plugins\mcufinder
2024-11-12 22:24:59,249 [INFO] CrossReferenceDbSqlite:203 - Set database path to: C:\Users\solom\.stmcufinder\plugins\mcufinder//mcu/cs/
2024-11-12 22:24:59,326 [INFO] ApplicationProperties:184 - Using Application install path: D:\STM32CubeIDE_1.16.1\STM32CubeIDE\plugins\com.st.stm32cube.common.mx_6.12.1.202409122256
2024-11-12 22:24:59,333 [INFO] PluginManage:196 - Search for loadable plugins [exclusion list=, ]
2024-11-12 22:24:59,338 [INFO] PluginManage:310 - Check plugin analytics
2024-11-12 22:24:59,743 [INFO] AnalyticsPlugin:253 - Accepted Software Licenses: 
2024-11-12 22:24:59,744 [INFO] AnalyticsPlugin:255 - Accepted CMSIS Pack Licenses: 
2024-11-12 22:24:59,745 [INFO] AnalyticsPlugin:257 - Accepted Firmware Licenses: FW.F4.1.27.0,FW.C0.1.2.0
2024-11-12 22:24:59,751 [INFO] PluginManage:359 - Loaded plugin analytics (category:tool,tabindex:-1)
2024-11-12 22:24:59,752 [INFO] PluginManage:310 - Check plugin cadmodel
2024-11-12 22:24:59,790 [INFO] CADModel:105 - Init CAD model plugin
2024-11-12 22:24:59,790 [INFO] PluginManage:359 - Loaded plugin cadmodel (category:power,tabindex:5)
2024-11-12 22:24:59,790 [INFO] PluginManage:310 - Check plugin clock
2024-11-12 22:24:59,829 [INFO] PluginManage:359 - Loaded plugin clock (category:base,tabindex:2)
2024-11-12 22:24:59,829 [INFO] PluginManage:310 - Check plugin ddr
2024-11-12 22:24:59,856 [INFO] PluginManage:359 - Loaded plugin ddr (category:tool,tabindex:6)
2024-11-12 22:24:59,856 [INFO] PluginManage:310 - Check plugin filemanager
2024-11-12 22:25:00,257 [INFO] PluginManage:359 - Loaded plugin filemanager (category:base,tabindex:10)
2024-11-12 22:25:00,257 [INFO] PluginManage:310 - Check plugin ipmanager
2024-11-12 22:25:00,296 [INFO] PluginManage:359 - Loaded plugin ipmanager (category:base,tabindex:5)
2024-11-12 22:25:00,296 [INFO] PluginManage:310 - Check plugin lpbam
2024-11-12 22:25:00,324 [INFO] PluginManage:359 - Loaded plugin lpbam (category:base,tabindex:0)
2024-11-12 22:25:00,325 [INFO] PluginManage:310 - Check plugin memorymap
2024-11-12 22:25:00,364 [INFO] PluginManage:359 - Loaded plugin memorymap (category:base,tabindex:4)
2024-11-12 22:25:00,364 [INFO] PluginManage:310 - Check plugin pinoutandconfiguration
2024-11-12 22:25:00,396 [INFO] PluginManage:359 - Loaded plugin pinoutandconfiguration (category:base,tabindex:1)
2024-11-12 22:25:00,396 [INFO] PluginManage:310 - Check plugin pinoutconfig
2024-11-12 22:25:00,628 [WARN] SupportedApi:132 - Cannot load RTOS API schema: s4s-elt-must-match.1: The content of 'definitions' must match (annotation?, (simpleType | complexType)?, (unique | key | keyref)*)). A problem was found starting at: attribute.
2024-11-12 22:25:00,887 [INFO] PluginManage:359 - Loaded plugin pinoutconfig (category:base,tabindex:0)
2024-11-12 22:25:00,887 [INFO] PluginManage:310 - Check plugin power
2024-11-12 22:25:00,958 [INFO] PluginManage:359 - Loaded plugin power (category:power,tabindex:4)
2024-11-12 22:25:00,959 [INFO] PluginManage:310 - Check plugin projectmanager
2024-11-12 22:25:00,987 [INFO] PluginManage:359 - Loaded plugin projectmanager (category:projectmanager,tabindex:4)
2024-11-12 22:25:00,987 [INFO] PluginManage:310 - Check plugin rif
2024-11-12 22:25:01,027 [INFO] PluginManage:359 - Loaded plugin rif (category:base,tabindex:3)
2024-11-12 22:25:01,027 [INFO] PluginManage:310 - Check plugin thirdparty
2024-11-12 22:25:01,567 [INFO] PluginManage:359 - Loaded plugin thirdparty (category:base,tabindex:-1)
2024-11-12 22:25:01,567 [WARN] IntegrityCheckThread:84 - waiting for thirdparty lock release [integrity check]
2024-11-12 22:25:01,567 [INFO] PluginManage:310 - Check plugin tools
2024-11-12 22:25:01,567 [INFO] IntegrityCheckThread:86 - entering critical section [integrity check]
2024-11-12 22:25:01,568 [INFO] ThirdPartyUpdaterWithRetryManager:70 - Updater plugin not ready yet. [1/15]
2024-11-12 22:25:01,613 [INFO] PluginManage:359 - Loaded plugin tools (category:base,tabindex:7)
2024-11-12 22:25:01,613 [INFO] PluginManage:310 - Check plugin tutovideos
2024-11-12 22:25:01,921 [INFO] PluginManage:359 - Loaded plugin tutovideos (category:base,tabindex:-1)
2024-11-12 22:25:01,921 [INFO] PluginManage:310 - Check plugin updater
2024-11-12 22:25:01,967 [INFO] PluginManage:359 - Loaded plugin updater (category:base,tabindex:12)
2024-11-12 22:25:01,967 [INFO] PluginManage:310 - Check plugin userauth
2024-11-12 22:25:01,982 [INFO] UserAuth:113 - Init User Auth plugin
2024-11-12 22:25:01,982 [INFO] PluginManage:359 - Loaded plugin userauth (category:base,tabindex:14)
2024-11-12 22:25:01,983 [INFO] PluginManage:283 - PluginManage : Loaded plugins [18]
2024-11-12 22:25:02,620 [INFO] PinOutPanel:1561 - setPackage(No Configuration,No Configuration)
2024-11-12 22:25:02,828 [INFO] CADModel:165 - CPN selected for project level
2024-11-12 22:25:02,828 [INFO] CADModel:114 - Register for checkConnection events
2024-11-12 22:25:02,895 [INFO] IPUIPlugin:80 - create IPUIPlugin
2024-11-12 22:25:02,895 [INFO] PluginManager:220 - loadIPPluginJar : add adc
2024-11-12 22:25:02,938 [INFO] IPUIPlugin:80 - create IPUIPlugin
2024-11-12 22:25:02,938 [INFO] PluginManager:220 - loadIPPluginJar : add aes
2024-11-12 22:25:03,003 [INFO] IPUIPlugin:80 - create IPUIPlugin
2024-11-12 22:25:03,003 [INFO] PluginManager:220 - loadIPPluginJar : add can
2024-11-12 22:25:03,030 [INFO] IPUIPlugin:80 - create IPUIPlugin
2024-11-12 22:25:03,030 [INFO] PluginManager:220 - loadIPPluginJar : add comp
2024-11-12 22:25:03,070 [INFO] IPUIPlugin:80 - create IPUIPlugin
2024-11-12 22:25:03,070 [INFO] PluginManager:220 - loadIPPluginJar : add cryp
2024-11-12 22:25:03,100 [INFO] IPUIPlugin:80 - create IPUIPlugin
2024-11-12 22:25:03,100 [INFO] PluginManager:220 - loadIPPluginJar : add ddr_ctrl_phy
2024-11-12 22:25:03,136 [INFO] IPUIPlugin:80 - create IPUIPlugin
2024-11-12 22:25:03,136 [INFO] PluginManager:220 - loadIPPluginJar : add dfsdm
2024-11-12 22:25:03,152 [INFO] IPUIPlugin:80 - create IPUIPlugin
2024-11-12 22:25:03,152 [INFO] PluginManager:220 - loadIPPluginJar : add dma
2024-11-12 22:25:03,215 [INFO] IPUIPlugin:80 - create IPUIPlugin
2024-11-12 22:25:03,215 [INFO] PluginManager:220 - loadIPPluginJar : add dma3
2024-11-12 22:25:03,266 [INFO] IPUIPlugin:80 - create IPUIPlugin
2024-11-12 22:25:03,266 [INFO] PluginManager:220 - loadIPPluginJar : add extmemmanager
2024-11-12 22:25:03,291 [INFO] IPUIPlugin:80 - create IPUIPlugin
2024-11-12 22:25:03,292 [INFO] PluginManager:220 - loadIPPluginJar : add fatfs
2024-11-12 22:25:03,346 [INFO] IPUIPlugin:80 - create IPUIPlugin
2024-11-12 22:25:03,347 [INFO] PluginManager:220 - loadIPPluginJar : add fmc
2024-11-12 22:25:03,364 [INFO] IPUIPlugin:80 - create IPUIPlugin
2024-11-12 22:25:03,364 [INFO] PluginManager:220 - loadIPPluginJar : add freertos
2024-11-12 22:25:03,388 [INFO] IPUIPlugin:80 - create IPUIPlugin
2024-11-12 22:25:03,388 [INFO] PluginManager:220 - loadIPPluginJar : add genericplugin
2024-11-12 22:25:03,518 [INFO] IPUIPlugin:80 - create IPUIPlugin
2024-11-12 22:25:03,518 [INFO] PluginManager:220 - loadIPPluginJar : add gfxmmu
2024-11-12 22:25:03,703 [INFO] IPUIPlugin:80 - create IPUIPlugin
2024-11-12 22:25:03,704 [INFO] PluginManager:220 - loadIPPluginJar : add gic
2024-11-12 22:25:03,823 [INFO] IPUIPlugin:80 - create IPUIPlugin
2024-11-12 22:25:03,823 [INFO] PluginManager:220 - loadIPPluginJar : add gpio
2024-11-12 22:25:04,008 [INFO] IPUIPlugin:80 - create IPUIPlugin
2024-11-12 22:25:04,008 [INFO] PluginManager:220 - loadIPPluginJar : add gtzc
2024-11-12 22:25:04,085 [INFO] IPUIPlugin:80 - create IPUIPlugin
2024-11-12 22:25:04,085 [INFO] PluginManager:220 - loadIPPluginJar : add hash
2024-11-12 22:25:04,165 [INFO] IPUIPlugin:80 - create IPUIPlugin
2024-11-12 22:25:04,165 [INFO] PluginManager:220 - loadIPPluginJar : add i2c
2024-11-12 22:25:04,245 [INFO] IPUIPlugin:80 - create IPUIPlugin
2024-11-12 22:25:04,245 [INFO] PluginManager:220 - loadIPPluginJar : add i2s
2024-11-12 22:25:04,330 [INFO] IPUIPlugin:80 - create IPUIPlugin
2024-11-12 22:25:04,330 [INFO] PluginManager:220 - loadIPPluginJar : add i3c
2024-11-12 22:25:04,504 [INFO] IPUIPlugin:80 - create IPUIPlugin
2024-11-12 22:25:04,504 [INFO] PluginManager:220 - loadIPPluginJar : add ipddr
2024-11-12 22:25:04,568 [INFO] ThirdPartyUpdaterWithRetryManager:70 - Updater plugin not ready yet. [2/15]
2024-11-12 22:25:04,640 [INFO] IPUIPlugin:80 - create IPUIPlugin
2024-11-12 22:25:04,640 [INFO] PluginManager:220 - loadIPPluginJar : add linkedlist
2024-11-12 22:25:04,692 [INFO] IPUIPlugin:80 - create IPUIPlugin
2024-11-12 22:25:04,693 [INFO] PluginManager:220 - loadIPPluginJar : add lorawan
2024-11-12 22:25:04,738 [INFO] IPUIPlugin:80 - create IPUIPlugin
2024-11-12 22:25:04,738 [INFO] PluginManager:220 - loadIPPluginJar : add ltdc
2024-11-12 22:25:04,771 [INFO] IPUIPlugin:80 - create IPUIPlugin
2024-11-12 22:25:04,771 [INFO] PluginManager:220 - loadIPPluginJar : add mdma
2024-11-12 22:25:04,786 [INFO] IPUIPlugin:80 - create IPUIPlugin
2024-11-12 22:25:04,786 [INFO] PluginManager:220 - loadIPPluginJar : add nvic
2024-11-12 22:25:04,829 [INFO] IPUIPlugin:80 - create IPUIPlugin
2024-11-12 22:25:04,829 [INFO] PluginManager:220 - loadIPPluginJar : add opamp
2024-11-12 22:25:04,909 [INFO] IPUIPlugin:80 - create IPUIPlugin
2024-11-12 22:25:04,909 [INFO] PluginManager:220 - loadIPPluginJar : add openamp
2024-11-12 22:25:04,987 [INFO] IPUIPlugin:80 - create IPUIPlugin
2024-11-12 22:25:04,987 [INFO] PluginManager:220 - loadIPPluginJar : add pdm2pcm
2024-11-12 22:25:05,009 [INFO] IPUIPlugin:80 - create IPUIPlugin
2024-11-12 22:25:05,012 [INFO] PluginManager:220 - loadIPPluginJar : add plateformsettings
2024-11-12 22:25:05,046 [INFO] IPUIPlugin:80 - create IPUIPlugin
2024-11-12 22:25:05,047 [INFO] PluginManager:220 - loadIPPluginJar : add quadspi
2024-11-12 22:25:05,088 [INFO] IPUIPlugin:80 - create IPUIPlugin
2024-11-12 22:25:05,089 [INFO] PluginManager:220 - loadIPPluginJar : add radio
2024-11-12 22:25:05,120 [INFO] IPUIPlugin:80 - create IPUIPlugin
2024-11-12 22:25:05,120 [INFO] PluginManager:220 - loadIPPluginJar : add resmgrutility
2024-11-12 22:25:05,184 [INFO] IPUIPlugin:80 - create IPUIPlugin
2024-11-12 22:25:05,184 [INFO] PluginManager:220 - loadIPPluginJar : add sai
2024-11-12 22:25:05,232 [INFO] IPUIPlugin:80 - create IPUIPlugin
2024-11-12 22:25:05,232 [INFO] PluginManager:220 - loadIPPluginJar : add spi
2024-11-12 22:25:05,314 [INFO] IPUIPlugin:80 - create IPUIPlugin
2024-11-12 22:25:05,314 [INFO] PluginManager:220 - loadIPPluginJar : add stm32_wpan
2024-11-12 22:25:05,343 [INFO] IPUIPlugin:80 - create IPUIPlugin
2024-11-12 22:25:05,343 [INFO] PluginManager:220 - loadIPPluginJar : add tim
2024-11-12 22:25:05,412 [INFO] IPUIPlugin:80 - create IPUIPlugin
2024-11-12 22:25:05,412 [INFO] PluginManager:220 - loadIPPluginJar : add touchsensing
2024-11-12 22:25:05,438 [INFO] IPUIPlugin:80 - create IPUIPlugin
2024-11-12 22:25:05,438 [INFO] PluginManager:220 - loadIPPluginJar : add tracer_emb
2024-11-12 22:25:05,467 [INFO] IPUIPlugin:80 - create IPUIPlugin
2024-11-12 22:25:05,468 [INFO] PluginManager:220 - loadIPPluginJar : add ts
2024-11-12 22:25:05,495 [INFO] IPUIPlugin:80 - create IPUIPlugin
2024-11-12 22:25:05,495 [INFO] PluginManager:220 - loadIPPluginJar : add tsc
2024-11-12 22:25:05,520 [INFO] IPUIPlugin:80 - create IPUIPlugin
2024-11-12 22:25:05,520 [INFO] PluginManager:220 - loadIPPluginJar : add ucpd
2024-11-12 22:25:05,580 [INFO] IPUIPlugin:80 - create IPUIPlugin
2024-11-12 22:25:05,580 [INFO] PluginManager:220 - loadIPPluginJar : add usart
2024-11-12 22:25:05,633 [INFO] IPUIPlugin:80 - create IPUIPlugin
2024-11-12 22:25:05,633 [INFO] PluginManager:220 - loadIPPluginJar : add usbx
2024-11-12 22:25:05,812 [INFO] CADModel:165 - CPN selected for project level
2024-11-12 22:25:05,812 [INFO] CADModel:114 - Register for checkConnection events
2024-11-12 22:25:05,813 [FATAL] Updater:334 - Updater called before beeing initialized
2024-11-12 22:25:05,813 [ERROR] CADModel:125 - Updater not yet initialized, retry later 
2024-11-12 22:25:06,249 [INFO] CADModel:165 - CPN selected for project level
2024-11-12 22:25:06,249 [INFO] CADModel:114 - Register for checkConnection events
2024-11-12 22:25:06,249 [FATAL] Updater:334 - Updater called before beeing initialized
2024-11-12 22:25:06,249 [ERROR] CADModel:125 - Updater not yet initialized, retry later 
2024-11-12 22:25:06,267 [FATAL] Updater:334 - Updater called before beeing initialized
2024-11-12 22:25:06,434 [FATAL] Updater:334 - Updater called before beeing initialized
2024-11-12 22:25:06,487 [INFO] DbMcusAds:53 - JSON generation date=Fri Sep 20 15:04:38 CEST 2024 (1726837478367)
2024-11-12 22:25:06,487 [FATAL] Updater:334 - Updater called before beeing initialized
2024-11-12 22:25:06,698 [WARN] DetailPanel:346 - Failed to get advertising image, set to default
2024-11-12 22:25:06,812 [FATAL] Updater:334 - Updater called before beeing initialized
2024-11-12 22:25:06,813 [FATAL] Updater:334 - Updater called before beeing initialized
2024-11-12 22:25:06,814 [FATAL] Updater:334 - Updater called before beeing initialized
2024-11-12 22:25:06,814 [WARN] DetailPanel:346 - Failed to get advertising image, set to default
2024-11-12 22:25:06,815 [FATAL] Updater:334 - Updater called before beeing initialized
2024-11-12 22:25:06,989 [ERROR] Updater:1164 - MainUpdater not yet initialized. External WinMGr cannot be set.
2024-11-12 22:25:07,011 [INFO] Updater:1100 - Updater Version found : 6.12.1
2024-11-12 22:25:07,042 [INFO] ApplicationProperties:184 - Using Application install path: D:\STM32CubeIDE_1.16.1\STM32CubeIDE\plugins\com.st.stm32cube.common.mx_6.12.1.202409122256
2024-11-12 22:25:07,577 [INFO] ThirdPartyUpdaterWithRetryManager:70 - Updater plugin not ready yet. [3/15]
2024-11-12 22:25:08,699 [ERROR] LogOutputStream:75 - [STDERR_REDIRECT] Nov 12, 2024 10:25:08 PM java.util.prefs.WindowsPreferences <init>
2024-11-12 22:25:08,701 [ERROR] LogOutputStream:75 - [STDERR_REDIRECT] WARNING: Could not open/create prefs root node Software\JavaSoft\Prefs at root 0xffffffff80000002. Windows RegCreateKeyEx(...) returned error code 5.
2024-11-12 22:25:08,701 [ERROR] LogOutputStream:75 - [STDERR_REDIRECT] 
2024-11-12 22:25:09,315 [INFO] MainUpdater:2873 - connection check result : 10
2024-11-12 22:25:09,315 [INFO] MainUpdater:3567 - Updater definition file requires update
2024-11-12 22:25:09,317 [INFO] MainUpdater:290 - Updater Check For Update Now.
2024-11-12 22:25:09,317 [INFO] MicroXplorer:498 - Change Database Version : DB.6.0.121
2024-11-12 22:25:09,376 [INFO] McuFinderGlobals:63 - Set McuFinder mode to 2 (CubeIDE integrated)
2024-11-12 22:25:09,385 [INFO] UserAuth:417 - Internet connection configuration mode: 1
2024-11-12 22:25:09,412 [INFO] ServerAccessManage:473 - Download File updaters.zip
2024-11-12 22:25:09,526 [INFO] JxBrowserEngine:152 - Initiate JxBrowser Engine with user profile folder
2024-11-12 22:25:09,545 [INFO] FileExtend:240 - Unzip File : updaters.zip
2024-11-12 22:25:09,545 [INFO] FileExtend:255 - Standard Zip Deflate
2024-11-12 22:25:10,391 [INFO] ServerAccessManage:473 - Download File PacksControlFlags.xml
2024-11-12 22:25:10,599 [WARN] MainUpdater:1194 - Updater busy. Cannot search thirdparties
2024-11-12 22:25:10,600 [INFO] ThirdPartyUpdaterWithRetryManager:96 - Updater plugin is busy. [1/15]
2024-11-12 22:25:10,674 [INFO] ServerAccessManage:473 - Download File cubemx.pidx
2024-11-12 22:25:11,298 [INFO] ServerAccessManage:473 - Download File STMicroelectronics.FP-ATR-ASTRA1.pdsc
2024-11-12 22:25:13,610 [WARN] MainUpdater:1194 - Updater busy. Cannot search thirdparties
2024-11-12 22:25:13,610 [INFO] ThirdPartyUpdaterWithRetryManager:96 - Updater plugin is busy. [2/15]
2024-11-12 22:25:14,149 [INFO] ServerAccessManage:473 - Download File quantropi.X-CUBE-qispace-sdk-base.pdsc
2024-11-12 22:25:14,415 [WARN] PackLoader:240 - Cannot read IP mode file for STMicroelectronics.FP-ATR-ASTRA1.2.0.1
2024-11-12 22:25:14,425 [WARN] ConditionMgr:438 - getConditionDescription Invalid condition id : Cortex-A Device cause : null
2024-11-12 22:25:14,452 [WARN] ConditionMgr:1039 - genDependencies : Invalid condition id : Cortex-A Device cause : null
2024-11-12 22:25:14,453 [WARN] ConditionMgr:1039 - genDependencies : Invalid condition id : Cortex-A Device cause : null
2024-11-12 22:25:14,453 [WARN] ConditionMgr:1039 - genDependencies : Invalid condition id : Cortex-A Device cause : null
2024-11-12 22:25:14,454 [INFO] PopulateThirdPartyThread:66 - Ending populate Thread
2024-11-12 22:25:14,455 [INFO] ThirdParty:1030 - CMSIS Pack Vendor :STMicroelectronics FP-ATR-ASTRA1 2.0.1
2024-11-12 22:25:14,455 [INFO] ThirdParty:1030 - CMSIS Pack Vendor :quantropi X-CUBE-qispace-sdk-base 1.9.3
2024-11-12 22:25:14,456 [INFO] LoadServerUpdatesThread:375 - End of LoadServerUpdate Thread
2024-11-12 22:25:14,596 [INFO] CheckServerUpdateThread:120 - End of CheckServer Thread
2024-11-12 22:25:17,005 [WARN] PackLoader:240 - Cannot read IP mode file for STMicroelectronics.FP-SNS-MOTENVWB1.1.4.0
2024-11-12 22:25:17,013 [WARN] PackLoader:240 - Cannot read IP mode file for STMicroelectronics.FP-ATR-ASTRA1.2.0.1
2024-11-12 22:25:17,033 [WARN] PackLoader:240 - Cannot read IP mode file for STMicroelectronics.X-CUBE-SMBUS.2.1.0
2024-11-12 22:25:17,059 [WARN] PackLoader:240 - Cannot read IP mode file for STMicroelectronics.X-CUBE-WB05N.1.1.0
2024-11-12 22:25:17,136 [WARN] PackLoader:240 - Cannot read IP mode file for STMicroelectronics.X-CUBE-AZRTOS-F7.1.1.0
2024-11-12 22:25:17,257 [WARN] PackLoader:240 - Cannot read IP mode file for STMicroelectronics.X-CUBE-MEMS1.11.0.0
2024-11-12 22:25:17,494 [WARN] PackLoader:240 - Cannot read IP mode file for STMicroelectronics.X-CUBE-BLE1.6.2.4
2024-11-12 22:25:17,502 [WARN] PackLoader:240 - Cannot read IP mode file for STMicroelectronics.FP-SNS-FLIGHT1.5.0.2
2024-11-12 22:25:17,522 [WARN] PackLoader:240 - Cannot read IP mode file for STMicroelectronics.X-CUBE-DISPLAY.3.0.0
2024-11-12 22:25:17,543 [WARN] PackLoader:240 - Cannot read IP mode file for STMicroelectronics.X-CUBE-BLE1.7.0.0
2024-11-12 22:25:17,567 [WARN] PackLoader:240 - Cannot read IP mode file for STMicroelectronics.X-CUBE-NFC10.1.0.0
2024-11-12 22:25:17,591 [WARN] PackLoader:240 - Cannot read IP mode file for STMicroelectronics.X-CUBE-BLEMGR.3.1.0
2024-11-12 22:25:17,613 [WARN] PackLoader:240 - Cannot read IP mode file for STMicroelectronics.FP-SNS-SMARTAG2.1.2.0
2024-11-12 22:25:17,643 [INFO] LogOutputStream:77 - [STDOUT_REDIRECT] 1 : Invalid condition id : UX_CORESTACK_Condition cause : null
2024-11-12 22:25:17,644 [INFO] LogOutputStream:77 - [STDOUT_REDIRECT] 1 : Invalid condition id : UX_CORESTACK_Condition cause : null
2024-11-12 22:25:17,647 [INFO] LogOutputStream:77 - [STDOUT_REDIRECT] 1 : Invalid condition id : UX_CORESTACK_Condition cause : null
2024-11-12 22:25:17,650 [INFO] LogOutputStream:77 - [STDOUT_REDIRECT] 1 : Invalid condition id : UX_CORESTACK_Condition cause : null
2024-11-12 22:25:17,652 [INFO] LogOutputStream:77 - [STDOUT_REDIRECT] 1 : Invalid condition id : UX_CORESTACK_Condition cause : null
2024-11-12 22:25:17,657 [WARN] PackLoader:240 - Cannot read IP mode file for STMicroelectronics.X-CUBE-AZRTOS-WL.2.0.0
2024-11-12 22:25:17,680 [WARN] PackLoader:240 - Cannot read IP mode file for STMicroelectronics.FP-SNS-MOTENV1.5.0.0
2024-11-12 22:25:17,687 [WARN] PackLoader:240 - Cannot read IP mode file for wolfSSL.I-CUBE-wolfMQTT.1.19.0
2024-11-12 22:25:17,705 [WARN] PackLoader:240 - Cannot read IP mode file for WES.I-CUBE-Cesium.1.3.0
2024-11-12 22:25:17,724 [WARN] PackLoader:240 - Cannot read IP mode file for STMicroelectronics.X-CUBE-BLE2.3.3.0
2024-11-12 22:25:17,747 [WARN] PackLoader:240 - Cannot read IP mode file for STMicroelectronics.X-CUBE-NFC9.1.0.0
2024-11-12 22:25:17,766 [WARN] PackLoader:240 - Cannot read IP mode file for STMicroelectronics.X-CUBE-TCPP.4.1.0
2024-11-12 22:25:17,791 [WARN] PackLoader:240 - Cannot read IP mode file for STMicroelectronics.X-CUBE-TOUCHGFX.4.21.3
2024-11-12 22:25:17,811 [WARN] PackLoader:240 - Cannot read IP mode file for STMicroelectronics.X-CUBE-ALGOBUILD.1.3.0
2024-11-12 22:25:17,860 [WARN] PackLoader:240 - Cannot read IP mode file for STMicroelectronics.X-CUBE-AZRTOS-G0.1.1.0
2024-11-12 22:25:17,891 [WARN] PackLoader:240 - Cannot read IP mode file for STMicroelectronics.X-CUBE-SAFEA1.1.2.2
2024-11-12 22:25:17,920 [WARN] PackLoader:240 - Cannot read IP mode file for STMicroelectronics.X-CUBE-NFC4.3.0.0
2024-11-12 22:25:17,951 [WARN] PackLoader:240 - Cannot read IP mode file for EmbeddedOffice.I-CUBE-FS-RTOS.1.0.1
2024-11-12 22:25:17,952 [ERROR] ConditionMgr:805 - Attr not supported : Dmpu
2024-11-12 22:25:17,952 [ERROR] ConditionMgr:805 - Attr not supported : Dmpu
2024-11-12 22:25:17,952 [ERROR] ConditionMgr:805 - Attr not supported : Dmpu
2024-11-12 22:25:17,952 [ERROR] ConditionMgr:805 - Attr not supported : Dmpu
2024-11-12 22:25:17,953 [ERROR] ConditionMgr:805 - Attr not supported : Dmpu
2024-11-12 22:25:17,953 [ERROR] ConditionMgr:805 - Attr not supported : Dmpu
2024-11-12 22:25:17,953 [ERROR] ConditionMgr:805 - Attr not supported : Dmpu
2024-11-12 22:25:17,953 [ERROR] ConditionMgr:805 - Attr not supported : Dmpu
2024-11-12 22:25:17,953 [ERROR] ConditionMgr:805 - Attr not supported : Dmpu
2024-11-12 22:25:17,953 [ERROR] ConditionMgr:805 - Attr not supported : Dmpu
2024-11-12 22:25:17,953 [ERROR] ConditionMgr:805 - Attr not supported : Dmpu
2024-11-12 22:25:17,953 [ERROR] ConditionMgr:805 - Attr not supported : Dmpu
2024-11-12 22:25:17,954 [ERROR] ConditionMgr:805 - Attr not supported : Dmpu
2024-11-12 22:25:17,954 [ERROR] ConditionMgr:805 - Attr not supported : Dmpu
2024-11-12 22:25:17,954 [ERROR] ConditionMgr:805 - Attr not supported : Dmpu
2024-11-12 22:25:17,954 [ERROR] ConditionMgr:805 - Attr not supported : Dmpu
2024-11-12 22:25:17,954 [ERROR] ConditionMgr:805 - Attr not supported : Dmpu
2024-11-12 22:25:17,954 [ERROR] ConditionMgr:805 - Attr not supported : Dmpu
2024-11-12 22:25:17,954 [ERROR] ConditionMgr:805 - Attr not supported : Dmpu
2024-11-12 22:25:17,954 [ERROR] ConditionMgr:805 - Attr not supported : Dmpu
2024-11-12 22:25:17,954 [ERROR] ConditionMgr:805 - Attr not supported : Dmpu
2024-11-12 22:25:17,955 [ERROR] ConditionMgr:805 - Attr not supported : Dmpu
2024-11-12 22:25:17,955 [ERROR] ConditionMgr:805 - Attr not supported : Dmpu
2024-11-12 22:25:17,955 [ERROR] ConditionMgr:805 - Attr not supported : Dmpu
2024-11-12 22:25:17,955 [ERROR] ConditionMgr:805 - Attr not supported : Dmpu
2024-11-12 22:25:17,955 [ERROR] ConditionMgr:805 - Attr not supported : Dmpu
2024-11-12 22:25:17,955 [ERROR] ConditionMgr:805 - Attr not supported : Dmpu
2024-11-12 22:25:17,955 [ERROR] ConditionMgr:805 - Attr not supported : Dmpu
2024-11-12 22:25:17,955 [ERROR] ConditionMgr:805 - Attr not supported : Dmpu
2024-11-12 22:25:17,955 [ERROR] ConditionMgr:805 - Attr not supported : Dmpu
2024-11-12 22:25:17,956 [ERROR] ConditionMgr:805 - Attr not supported : Dmpu
2024-11-12 22:25:17,956 [ERROR] ConditionMgr:805 - Attr not supported : Dmpu
2024-11-12 22:25:17,956 [ERROR] ConditionMgr:805 - Attr not supported : Dmpu
2024-11-12 22:25:17,956 [ERROR] ConditionMgr:805 - Attr not supported : Dmpu
2024-11-12 22:25:17,956 [ERROR] ConditionMgr:805 - Attr not supported : Dmpu
2024-11-12 22:25:17,956 [ERROR] ConditionMgr:805 - Attr not supported : Dmpu
2024-11-12 22:25:17,956 [ERROR] ConditionMgr:805 - Attr not supported : Dmpu
2024-11-12 22:25:17,956 [ERROR] ConditionMgr:805 - Attr not supported : Dmpu
2024-11-12 22:25:17,956 [ERROR] ConditionMgr:805 - Attr not supported : Dmpu
2024-11-12 22:25:17,957 [ERROR] ConditionMgr:805 - Attr not supported : Dmpu
2024-11-12 22:25:17,957 [ERROR] ConditionMgr:805 - Attr not supported : Dmpu
2024-11-12 22:25:17,957 [ERROR] ConditionMgr:805 - Attr not supported : Dmpu
2024-11-12 22:25:17,957 [ERROR] ConditionMgr:805 - Attr not supported : Dmpu
2024-11-12 22:25:17,957 [ERROR] ConditionMgr:805 - Attr not supported : Dmpu
2024-11-12 22:25:17,957 [ERROR] ConditionMgr:805 - Attr not supported : Dmpu
2024-11-12 22:25:17,957 [ERROR] ConditionMgr:805 - Attr not supported : Dmpu
2024-11-12 22:25:17,957 [ERROR] ConditionMgr:805 - Attr not supported : Dmpu
2024-11-12 22:25:17,958 [ERROR] ConditionMgr:805 - Attr not supported : Dmpu
2024-11-12 22:25:17,958 [ERROR] ConditionMgr:805 - Attr not supported : Dmpu
2024-11-12 22:25:17,958 [ERROR] ConditionMgr:805 - Attr not supported : Dmpu
2024-11-12 22:25:17,958 [ERROR] ConditionMgr:805 - Attr not supported : Dmpu
2024-11-12 22:25:17,958 [ERROR] ConditionMgr:805 - Attr not supported : Dmpu
2024-11-12 22:25:17,958 [ERROR] ConditionMgr:805 - Attr not supported : Dmpu
2024-11-12 22:25:17,958 [ERROR] ConditionMgr:805 - Attr not supported : Dmpu
2024-11-12 22:25:17,958 [ERROR] ConditionMgr:805 - Attr not supported : Dmpu
2024-11-12 22:25:17,958 [ERROR] ConditionMgr:805 - Attr not supported : Dmpu
2024-11-12 22:25:17,959 [ERROR] ConditionMgr:805 - Attr not supported : Dmpu
2024-11-12 22:25:17,959 [ERROR] ConditionMgr:805 - Attr not supported : Dmpu
2024-11-12 22:25:17,959 [ERROR] ConditionMgr:805 - Attr not supported : Dmpu
2024-11-12 22:25:17,959 [ERROR] ConditionMgr:805 - Attr not supported : Dmpu
2024-11-12 22:25:17,959 [ERROR] ConditionMgr:805 - Attr not supported : Dmpu
2024-11-12 22:25:17,959 [ERROR] ConditionMgr:805 - Attr not supported : Dmpu
2024-11-12 22:25:17,959 [ERROR] ConditionMgr:805 - Attr not supported : Dmpu
2024-11-12 22:25:17,959 [ERROR] ConditionMgr:805 - Attr not supported : Dmpu
2024-11-12 22:25:17,980 [WARN] PackLoader:240 - Cannot read IP mode file for RealThread.X-CUBE-RT-Thread_Nano.4.1.1
2024-11-12 22:25:17,988 [WARN] PackLoader:240 - Cannot read IP mode file for STMicroelectronics.FP-ATR-SIGFOX1.3.2.0
2024-11-12 22:25:17,994 [WARN] ConditionMgr:438 - getConditionDescription Invalid condition id : Cortex-A Device cause : null
2024-11-12 22:25:18,004 [WARN] ConditionMgr:1039 - genDependencies : Invalid condition id : Cortex-A Device cause : null
2024-11-12 22:25:18,004 [WARN] ConditionMgr:1039 - genDependencies : Invalid condition id : Cortex-A Device cause : null
2024-11-12 22:25:18,005 [WARN] ConditionMgr:1039 - genDependencies : Invalid condition id : Cortex-A Device cause : null
2024-11-12 22:25:18,031 [WARN] PackLoader:240 - Cannot read IP mode file for STMicroelectronics.X-CUBE-EEPRMA1.5.1.0
2024-11-12 22:25:18,060 [WARN] PackLoader:240 - Cannot read IP mode file for ITTIA_DB.I-CUBE-ITTIADB.8.9.0
2024-11-12 22:25:18,165 [WARN] PackLoader:240 - Cannot read IP mode file for STMicroelectronics.X-CUBE-MEMS1.9.5.0
2024-11-12 22:25:18,416 [WARN] PackLoader:240 - Cannot read IP mode file for SEGGER.I-CUBE-embOS.1.3.1
2024-11-12 22:25:18,479 [WARN] PackLoader:240 - Cannot read IP mode file for STMicroelectronics.X-CUBE-ALGOBUILD.1.4.0
2024-11-12 22:25:18,499 [WARN] PackLoader:240 - Cannot read IP mode file for STMicroelectronics.X-CUBE-AI.9.1.0
2024-11-12 22:25:18,519 [WARN] PackLoader:240 - Cannot read IP mode file for STMicroelectronics.X-CUBE-GNSS1.6.0.0
2024-11-12 22:25:18,565 [WARN] PackLoader:240 - Cannot read IP mode file for STMicroelectronics.X-CUBE-AZRTOS-F4.1.1.0
2024-11-12 22:25:18,586 [WARN] PackLoader:240 - Cannot read IP mode file for STMicroelectronics.X-CUBE-ISPU.2.1.0
2024-11-12 22:25:18,602 [WARN] PackLoader:240 - Cannot read IP mode file for STMicroelectronics.X-CUBE-FREERTOS.1.2.0
2024-11-12 22:25:18,640 [WARN] PackLoader:240 - Cannot read IP mode file for STMicroelectronics.X-CUBE-AZRTOS-L5.2.0.0
2024-11-12 22:25:18,664 [WARN] PackLoader:240 - Cannot read IP mode file for STMicroelectronics.X-CUBE-NFC6.3.1.0
2024-11-12 22:25:18,745 [WARN] PackLoader:240 - Cannot read IP mode file for emotas.I-CUBE-CANOPEN.1.1.3
2024-11-12 22:25:18,768 [WARN] PackLoader:240 - Cannot read IP mode file for STMicroelectronics.X-CUBE-BLEMGR.2.0.0
2024-11-12 22:25:18,786 [WARN] PackLoader:240 - Cannot read IP mode file for STMicroelectronics.X-CUBE-DPower.1.2.0
2024-11-12 22:25:18,800 [WARN] PackLoader:240 - Cannot read IP mode file for wolfSSL.I-CUBE-wolfSSL.5.5.4
2024-11-12 22:25:18,823 [WARN] PackLoader:240 - Cannot read IP mode file for STMicroelectronics.X-CUBE-NFC7.1.0.1
2024-11-12 22:25:18,842 [WARN] PackLoader:240 - Cannot read IP mode file for STMicroelectronics.X-CUBE-NFC7.1.0.0
2024-11-12 22:25:18,870 [WARN] PackLoader:240 - Cannot read IP mode file for STMicroelectronics.X-CUBE-EEPRMA1.4.1.0
2024-11-12 22:25:18,918 [WARN] ConditionMgr:438 - getConditionDescription Invalid condition id : LAN8742 Phy interface Condition cause : null
2024-11-12 22:25:18,919 [WARN] PackLoader:240 - Cannot read IP mode file for STMicroelectronics.X-CUBE-AZRTOS-L4.2.0.0
2024-11-12 22:25:18,921 [WARN] ConditionMgr:1039 - genDependencies : Invalid condition id : LAN8742 Phy interface Condition cause : null
2024-11-12 22:25:18,921 [WARN] ConditionMgr:1039 - genDependencies : Invalid condition id : LAN8742 Phy interface Condition cause : null
2024-11-12 22:25:18,922 [WARN] ConditionMgr:1039 - genDependencies : Invalid condition id : LAN8742 Phy interface Condition cause : null
2024-11-12 22:25:18,948 [WARN] PackLoader:240 - Cannot read IP mode file for STMicroelectronics.X-CUBE-SFXS2LP1.4.0.0
2024-11-12 22:25:19,006 [WARN] PackLoader:240 - Cannot read IP mode file for STMicroelectronics.X-CUBE-AZRTOS-H7.3.0.0
2024-11-12 22:25:19,034 [WARN] PackLoader:240 - Cannot read IP mode file for STMicroelectronics.X-CUBE-ISPU.1.1.0
2024-11-12 22:25:19,078 [WARN] PackLoader:240 - Cannot read IP mode file for STMicroelectronics.X-CUBE-AZRTOS-H7.3.3.0
2024-11-12 22:25:19,103 [WARN] PackLoader:240 - Cannot read IP mode file for RoweBots.I-CUBE-UNISONRTOS.5.5.0-4
2024-11-12 22:25:19,118 [WARN] PackLoader:240 - Cannot read IP mode file for STMicroelectronics.X-CUBE-AI.8.0.0
2024-11-12 22:25:19,145 [WARN] PackLoader:240 - Cannot read IP mode file for STMicroelectronics.X-CUBE-IPS.3.0.0
2024-11-12 22:25:19,187 [WARN] ConditionMgr:438 - getConditionDescription Invalid condition id : UX DEVICE CLASS RTOS Condition cause : null
2024-11-12 22:25:19,187 [WARN] ConditionMgr:438 - getConditionDescription Invalid condition id : UX DEVICE CLASS RTOS Condition cause : null
2024-11-12 22:25:19,191 [WARN] PackLoader:240 - Cannot read IP mode file for STMicroelectronics.X-CUBE-AZRTOS-WB.2.0.0
2024-11-12 22:25:19,192 [WARN] ConditionMgr:1039 - genDependencies : Invalid condition id : UX DEVICE CLASS RTOS Condition cause : null
2024-11-12 22:25:19,192 [WARN] ConditionMgr:1039 - genDependencies : Invalid condition id : UX DEVICE CLASS RTOS Condition cause : null
2024-11-12 22:25:19,193 [WARN] ConditionMgr:1039 - genDependencies : Invalid condition id : UX DEVICE CLASS RTOS Condition cause : null
2024-11-12 22:25:19,194 [WARN] ConditionMgr:1039 - genDependencies : Invalid condition id : UX DEVICE CLASS RTOS Condition cause : null
2024-11-12 22:25:19,194 [WARN] ConditionMgr:1039 - genDependencies : Invalid condition id : UX DEVICE CLASS RTOS Condition cause : null
2024-11-12 22:25:19,212 [WARN] PackLoader:240 - Cannot read IP mode file for STMicroelectronics.X-CUBE-FREERTOS.1.0.0
2024-11-12 22:25:19,231 [WARN] PackLoader:240 - Cannot read IP mode file for STMicroelectronics.X-CUBE-GNSS1.7.0.0
2024-11-12 22:25:19,250 [WARN] PackLoader:240 - Cannot read IP mode file for STMicroelectronics.FP-SNS-STBOX1.2.0.0
2024-11-12 22:25:19,283 [WARN] PackLoader:240 - Cannot read IP mode file for STMicroelectronics.X-CUBE-AZRTOS-L5.1.1.0
2024-11-12 22:25:19,801 [WARN] PackLoader:240 - Cannot read IP mode file for STMicroelectronics.X-CUBE-SUBG2.5.0.0
2024-11-12 22:25:19,813 [WARN] PackLoader:240 - Cannot read IP mode file for Cesanta.I-CUBE-Mongoose.7.13.0
2024-11-12 22:25:19,845 [WARN] PackLoader:240 - Cannot read IP mode file for STMicroelectronics.X-CUBE-AZRTOS-G4.2.0.0
2024-11-12 22:25:19,878 [WARN] PackLoader:240 - Cannot read IP mode file for STMicroelectronics.X-CUBE-TOF1.3.3.0
2024-11-12 22:25:19,904 [WARN] PackLoader:240 - Cannot read IP mode file for STMicroelectronics.FP-ATR-ASTRA1.1.1.1
2024-11-12 22:25:19,935 [WARN] PackLoader:240 - Cannot read IP mode file for STMicroelectronics.X-CUBE-AZRTOS-G4.1.0.0
2024-11-12 22:25:19,978 [WARN] PackLoader:240 - Cannot read IP mode file for STMicroelectronics.X-CUBE-AZRTOS-L4.1.0.0
2024-11-12 22:25:20,009 [WARN] PackLoader:240 - Cannot read IP mode file for STMicroelectronics.X-CUBE-ALS.1.0.2
2024-11-12 22:25:20,059 [WARN] PackLoader:240 - Cannot read IP mode file for STMicroelectronics.X-CUBE-AZRTOS-WL.1.0.0
2024-11-12 22:25:20,085 [WARN] PackLoader:240 - Cannot read IP mode file for STMicroelectronics.X-CUBE-TOUCHGFX.4.24.1
2024-11-12 22:25:20,093 [WARN] PackLoader:240 - Cannot read IP mode file for wolfSSL.I-CUBE-wolfTPM.3.4.0
2024-11-12 22:25:20,125 [WARN] PackLoader:240 - Cannot read IP mode file for portGmbH.I-Cube-SoM-uGOAL.1.1.0
2024-11-12 22:25:20,154 [WARN] PackLoader:240 - Cannot read IP mode file for STMicroelectronics.X-CUBE-ALS.1.0.1
2024-11-12 22:25:20,201 [WARN] PackLoader:240 - Cannot read IP mode file for STMicroelectronics.X-CUBE-AZRTOS-WB.1.1.0
2024-11-12 22:25:20,259 [WARN] PackLoader:240 - Cannot read IP mode file for STMicroelectronics.X-CUBE-AZRTOS-H7RS.1.0.0
2024-11-12 22:25:20,279 [WARN] PackLoader:240 - Cannot read IP mode file for STMicroelectronics.FP-ATR-ASTRA1.2.0.0
2024-11-12 22:25:20,325 [WARN] PackLoader:240 - Cannot read IP mode file for STMicroelectronics.X-CUBE-TOF1.3.4.2
2024-11-12 22:25:20,387 [WARN] PackLoader:240 - Cannot read IP mode file for Infineon.AIROC-Wi-Fi-Bluetooth-STM32.1.6.1
2024-11-12 22:25:20,399 [WARN] PackLoader:240 - Cannot read IP mode file for wolfSSL.I-CUBE-wolfSSH.1.4.17
2024-11-12 22:25:20,400 [INFO] ThirdParty:978 - Integrity check success = true
2024-11-12 22:25:20,400 [INFO] IntegrityCheckThread:100 - exiting critical section [integrity check]
2024-11-12 22:25:20,400 [INFO] IntegrityCheckThread:103 - End integrity checks thread
2024-11-12 22:25:20,617 [INFO] WebApp:167 - Instantiating new browser for Auth
2024-11-12 22:25:21,853 [INFO] WebApp:448 - Apply proxy settings
2024-11-12 22:25:21,853 [INFO] WebApp:533 - Chromium requires no authentication
2024-11-12 22:25:21,866 [INFO] WebApp:476 - Direct internet connection detected
2024-11-12 22:25:21,920 [INFO] WebApp:869 - Register for checkConnection events
2024-11-12 22:25:21,921 [INFO] WebApp:448 - Apply proxy settings
2024-11-12 22:25:21,921 [INFO] WebApp:533 - Chromium requires no authentication
2024-11-12 22:25:21,921 [INFO] WebApp:476 - Direct internet connection detected
2024-11-12 22:25:22,149 [INFO] WebApp:186 - Connection restablished
2024-11-12 22:25:22,402 [INFO] WebApp:220 - Starting web application
2024-11-12 22:25:22,402 [INFO] WebApp:578 - Web application path used D:\STM32CubeIDE_1.16.1\STM32CubeIDE\plugins\com.st.stm32cube.common.mx_6.12.1.202409122256\db\plugins\mcufinder\reactClient1\index.html
2024-11-12 22:25:22,928 [INFO] UserAuth:417 - Internet connection configuration mode: 1
2024-11-12 22:46:33,411 [INFO] WebApp:189 - Connection lost
2024-11-12 22:46:33,684 [INFO] WebApp:186 - Connection restablished
2024-11-12 22:46:36,845 [INFO] WebApp:189 - Connection lost
2024-11-12 22:46:36,966 [INFO] WebApp:186 - Connection restablished
2024-11-12 22:46:42,342 [INFO] WebApp:189 - Connection lost
2024-11-12 22:46:42,478 [INFO] WebApp:186 - Connection restablished
2024-11-12 23:03:23,139 [INFO] WebApp:189 - Connection lost
2024-11-12 23:03:25,005 [INFO] WebApp:186 - Connection restablished
2024-11-12 23:03:29,522 [INFO] WebApp:388 - JxBrowser engine has been closed 
2024-11-12 23:03:31,918 [ERROR] LogOutputStream:75 - [STDERR_REDIRECT] 
2024-11-12 23:03:31,919 [ERROR] LogOutputStream:75 - [STDERR_REDIRECT] 
