2025-01-07 14:57:16,293 [INFO] Activator:176 - 


2025-01-07 14:57:16,315 [INFO] Activator:177 - !SESSION log4j initialized
2025-01-07 14:57:33,569 [INFO] LogOutputStream:77 - [STDOUT_REDIRECT] 
2025-01-07 14:57:36,775 [INFO] ApplicationProperties:184 - Using Application install path: D:\STM32CubeIDE_1.16.1\STM32CubeIDE\plugins\com.st.stm32cube.common.mx_6.12.1.202409122256
2025-01-07 14:57:36,830 [INFO] DbMcusXml:78 - Set database path to: D:\STM32CubeIDE_1.16.1\STM32CubeIDE\plugins\com.st.stm32cube.common.mx_6.12.1.202409122256\\db\/mcu/
2025-01-07 14:57:36,831 [INFO] ApiDb:274 - Set plugin database path to: D:\STM32CubeIDE_1.16.1\STM32CubeIDE\plugins\com.st.stm32cube.common.mx_6.12.1.202409122256\\db\/plugins/boardmanager/
2025-01-07 14:57:36,831 [WARN] ApiDb:259 - Overriding images path with different value:  => D:\STM32CubeIDE_1.16.1\STM32CubeIDE\plugins\com.st.stm32cube.common.mx_6.12.1.202409122256\\db\/plugins/mcufinder/images/
2025-01-07 14:57:36,899 [INFO] ApiDb:250 - Set database path to: C:\Users\solom\.stmcufinder\plugins\mcufinder//mcu/
2025-01-07 14:57:36,900 [INFO] DbMcusAds:125 - Set database path to: C:\Users\solom\.stmcufinder\plugins\mcufinder//mcu/
2025-01-07 14:57:36,904 [INFO] CrossReferenceDbSqlite:203 - Set database path to: C:\Users\solom\.stmcufinder\plugins\mcufinder//mcu/cs/
2025-01-07 14:57:37,144 [INFO] RulesReader:64 - Compatibility file has been processed (297 Rules)
2025-01-07 14:57:37,463 [INFO] DbMcusXml:78 - Set database path to: D:\STM32CubeIDE_1.16.1\STM32CubeIDE\plugins\com.st.stm32cube.common.mx_6.12.1.202409122256\\db\/mcu/
2025-01-07 14:57:37,463 [INFO] ApiDb:274 - Set plugin database path to: D:\STM32CubeIDE_1.16.1\STM32CubeIDE\plugins\com.st.stm32cube.common.mx_6.12.1.202409122256\\db\/plugins/boardmanager/
2025-01-07 14:57:37,464 [INFO] ApiDb:261 - Set plugin images path to: D:\STM32CubeIDE_1.16.1\STM32CubeIDE\plugins\com.st.stm32cube.common.mx_6.12.1.202409122256\\db\/plugins/mcufinder/images/
2025-01-07 14:57:37,464 [WARN] DbFile:41 - Overriding database path with different value: C:\Users\solom\.stmcufinder\plugins\mcufinder/ => C:\Users\solom\.stmcufinder\plugins\mcufinder
2025-01-07 14:57:37,464 [INFO] ApiDb:250 - Set database path to: C:\Users\solom\.stmcufinder\plugins\mcufinder//mcu/
2025-01-07 14:57:37,464 [WARN] DbFile:41 - Overriding database path with different value: C:\Users\solom\.stmcufinder\plugins\mcufinder/ => C:\Users\solom\.stmcufinder\plugins\mcufinder
2025-01-07 14:57:37,464 [INFO] DbMcusAds:125 - Set database path to: C:\Users\solom\.stmcufinder\plugins\mcufinder//mcu/
2025-01-07 14:57:37,465 [WARN] DbFile:41 - Overriding database path with different value: C:\Users\solom\.stmcufinder\plugins\mcufinder/ => C:\Users\solom\.stmcufinder\plugins\mcufinder
2025-01-07 14:57:37,465 [WARN] DbFile:41 - Overriding database path with different value: C:\Users\solom\.stmcufinder\plugins\mcufinder/ => C:\Users\solom\.stmcufinder\plugins\mcufinder
2025-01-07 14:57:37,465 [INFO] CrossReferenceDbSqlite:203 - Set database path to: C:\Users\solom\.stmcufinder\plugins\mcufinder//mcu/cs/
2025-01-07 14:57:37,837 [INFO] MainPanel:268 - HeapMemory: 268435456
2025-01-07 14:57:38,264 [INFO] DbMcusXml:78 - Set database path to: D:\STM32CubeIDE_1.16.1\STM32CubeIDE\plugins\com.st.stm32cube.common.mx_6.12.1.202409122256\\db\/mcu/
2025-01-07 14:57:38,264 [INFO] ApiDb:274 - Set plugin database path to: D:\STM32CubeIDE_1.16.1\STM32CubeIDE\plugins\com.st.stm32cube.common.mx_6.12.1.202409122256\\db\/plugins/boardmanager/
2025-01-07 14:57:38,264 [INFO] ApiDb:261 - Set plugin images path to: D:\STM32CubeIDE_1.16.1\STM32CubeIDE\plugins\com.st.stm32cube.common.mx_6.12.1.202409122256\\db\/plugins/mcufinder/images/
2025-01-07 14:57:38,266 [WARN] DbFile:41 - Overriding database path with different value: C:\Users\solom\.stmcufinder\plugins\mcufinder/ => C:\Users\solom\.stmcufinder\plugins\mcufinder
2025-01-07 14:57:38,266 [INFO] ApiDb:250 - Set database path to: C:\Users\solom\.stmcufinder\plugins\mcufinder//mcu/
2025-01-07 14:57:38,266 [WARN] DbFile:41 - Overriding database path with different value: C:\Users\solom\.stmcufinder\plugins\mcufinder/ => C:\Users\solom\.stmcufinder\plugins\mcufinder
2025-01-07 14:57:38,266 [INFO] DbMcusAds:125 - Set database path to: C:\Users\solom\.stmcufinder\plugins\mcufinder//mcu/
2025-01-07 14:57:38,266 [WARN] DbFile:41 - Overriding database path with different value: C:\Users\solom\.stmcufinder\plugins\mcufinder/ => C:\Users\solom\.stmcufinder\plugins\mcufinder
2025-01-07 14:57:38,266 [WARN] DbFile:41 - Overriding database path with different value: C:\Users\solom\.stmcufinder\plugins\mcufinder/ => C:\Users\solom\.stmcufinder\plugins\mcufinder
2025-01-07 14:57:38,267 [INFO] CrossReferenceDbSqlite:203 - Set database path to: C:\Users\solom\.stmcufinder\plugins\mcufinder//mcu/cs/
2025-01-07 14:57:38,349 [INFO] ApplicationProperties:184 - Using Application install path: D:\STM32CubeIDE_1.16.1\STM32CubeIDE\plugins\com.st.stm32cube.common.mx_6.12.1.202409122256
2025-01-07 14:57:38,357 [INFO] PluginManage:196 - Search for loadable plugins [exclusion list=, ]
2025-01-07 14:57:38,362 [INFO] PluginManage:310 - Check plugin analytics
2025-01-07 14:57:38,828 [INFO] AnalyticsPlugin:253 - Accepted Software Licenses: 
2025-01-07 14:57:38,829 [INFO] AnalyticsPlugin:255 - Accepted CMSIS Pack Licenses: 
2025-01-07 14:57:38,830 [INFO] AnalyticsPlugin:257 - Accepted Firmware Licenses: FW.F4.1.27.0,FW.C0.1.2.0,FW.F7.1.17.0
2025-01-07 14:57:38,835 [INFO] PluginManage:359 - Loaded plugin analytics (category:tool,tabindex:-1)
2025-01-07 14:57:38,836 [INFO] PluginManage:310 - Check plugin cadmodel
2025-01-07 14:57:38,904 [INFO] CADModel:105 - Init CAD model plugin
2025-01-07 14:57:38,905 [INFO] PluginManage:359 - Loaded plugin cadmodel (category:power,tabindex:5)
2025-01-07 14:57:38,905 [INFO] PluginManage:310 - Check plugin clock
2025-01-07 14:57:38,975 [INFO] PluginManage:359 - Loaded plugin clock (category:base,tabindex:2)
2025-01-07 14:57:38,976 [INFO] PluginManage:310 - Check plugin ddr
2025-01-07 14:57:39,108 [INFO] PluginManage:359 - Loaded plugin ddr (category:tool,tabindex:6)
2025-01-07 14:57:39,109 [INFO] PluginManage:310 - Check plugin filemanager
2025-01-07 14:57:39,501 [INFO] PluginManage:359 - Loaded plugin filemanager (category:base,tabindex:10)
2025-01-07 14:57:39,502 [INFO] PluginManage:310 - Check plugin ipmanager
2025-01-07 14:57:39,511 [INFO] PluginManage:359 - Loaded plugin ipmanager (category:base,tabindex:5)
2025-01-07 14:57:39,511 [INFO] PluginManage:310 - Check plugin lpbam
2025-01-07 14:57:39,557 [INFO] PluginManage:359 - Loaded plugin lpbam (category:base,tabindex:0)
2025-01-07 14:57:39,557 [INFO] PluginManage:310 - Check plugin memorymap
2025-01-07 14:57:39,606 [INFO] PluginManage:359 - Loaded plugin memorymap (category:base,tabindex:4)
2025-01-07 14:57:39,606 [INFO] PluginManage:310 - Check plugin pinoutandconfiguration
2025-01-07 14:57:39,641 [INFO] PluginManage:359 - Loaded plugin pinoutandconfiguration (category:base,tabindex:1)
2025-01-07 14:57:39,641 [INFO] PluginManage:310 - Check plugin pinoutconfig
2025-01-07 14:57:39,861 [WARN] SupportedApi:132 - Cannot load RTOS API schema: s4s-elt-must-match.1: The content of 'definitions' must match (annotation?, (simpleType | complexType)?, (unique | key | keyref)*)). A problem was found starting at: attribute.
2025-01-07 14:57:40,095 [INFO] PluginManage:359 - Loaded plugin pinoutconfig (category:base,tabindex:0)
2025-01-07 14:57:40,095 [INFO] PluginManage:310 - Check plugin power
2025-01-07 14:57:40,160 [INFO] PluginManage:359 - Loaded plugin power (category:power,tabindex:4)
2025-01-07 14:57:40,160 [INFO] PluginManage:310 - Check plugin projectmanager
2025-01-07 14:57:40,184 [INFO] PluginManage:359 - Loaded plugin projectmanager (category:projectmanager,tabindex:4)
2025-01-07 14:57:40,184 [INFO] PluginManage:310 - Check plugin rif
2025-01-07 14:57:40,206 [INFO] PluginManage:359 - Loaded plugin rif (category:base,tabindex:3)
2025-01-07 14:57:40,206 [INFO] PluginManage:310 - Check plugin thirdparty
2025-01-07 14:57:40,750 [WARN] IntegrityCheckThread:84 - waiting for thirdparty lock release [integrity check]
2025-01-07 14:57:40,750 [INFO] IntegrityCheckThread:86 - entering critical section [integrity check]
2025-01-07 14:57:40,751 [INFO] PluginManage:359 - Loaded plugin thirdparty (category:base,tabindex:-1)
2025-01-07 14:57:40,751 [INFO] PluginManage:310 - Check plugin tools
2025-01-07 14:57:40,751 [INFO] ThirdPartyUpdaterWithRetryManager:70 - Updater plugin not ready yet. [1/15]
2025-01-07 14:57:40,828 [INFO] PluginManage:359 - Loaded plugin tools (category:base,tabindex:7)
2025-01-07 14:57:40,828 [INFO] PluginManage:310 - Check plugin tutovideos
2025-01-07 14:57:41,108 [INFO] PluginManage:359 - Loaded plugin tutovideos (category:base,tabindex:-1)
2025-01-07 14:57:41,109 [INFO] PluginManage:310 - Check plugin updater
2025-01-07 14:57:41,149 [INFO] PluginManage:359 - Loaded plugin updater (category:base,tabindex:12)
2025-01-07 14:57:41,149 [INFO] PluginManage:310 - Check plugin userauth
2025-01-07 14:57:41,165 [INFO] UserAuth:113 - Init User Auth plugin
2025-01-07 14:57:41,165 [INFO] PluginManage:359 - Loaded plugin userauth (category:base,tabindex:14)
2025-01-07 14:57:41,166 [INFO] PluginManage:283 - PluginManage : Loaded plugins [18]
2025-01-07 14:57:41,878 [INFO] PinOutPanel:1561 - setPackage(No Configuration,No Configuration)
2025-01-07 14:57:42,073 [INFO] CADModel:165 - CPN selected for project level
2025-01-07 14:57:42,074 [INFO] CADModel:114 - Register for checkConnection events
2025-01-07 14:57:42,152 [INFO] IPUIPlugin:80 - create IPUIPlugin
2025-01-07 14:57:42,152 [INFO] PluginManager:220 - loadIPPluginJar : add adc
2025-01-07 14:57:42,202 [INFO] IPUIPlugin:80 - create IPUIPlugin
2025-01-07 14:57:42,202 [INFO] PluginManager:220 - loadIPPluginJar : add aes
2025-01-07 14:57:42,262 [INFO] IPUIPlugin:80 - create IPUIPlugin
2025-01-07 14:57:42,263 [INFO] PluginManager:220 - loadIPPluginJar : add can
2025-01-07 14:57:42,294 [INFO] IPUIPlugin:80 - create IPUIPlugin
2025-01-07 14:57:42,295 [INFO] PluginManager:220 - loadIPPluginJar : add comp
2025-01-07 14:57:42,341 [INFO] IPUIPlugin:80 - create IPUIPlugin
2025-01-07 14:57:42,341 [INFO] PluginManager:220 - loadIPPluginJar : add cryp
2025-01-07 14:57:42,367 [INFO] IPUIPlugin:80 - create IPUIPlugin
2025-01-07 14:57:42,367 [INFO] PluginManager:220 - loadIPPluginJar : add ddr_ctrl_phy
2025-01-07 14:57:42,413 [INFO] IPUIPlugin:80 - create IPUIPlugin
2025-01-07 14:57:42,413 [INFO] PluginManager:220 - loadIPPluginJar : add dfsdm
2025-01-07 14:57:42,430 [INFO] IPUIPlugin:80 - create IPUIPlugin
2025-01-07 14:57:42,431 [INFO] PluginManager:220 - loadIPPluginJar : add dma
2025-01-07 14:57:42,503 [INFO] IPUIPlugin:80 - create IPUIPlugin
2025-01-07 14:57:42,503 [INFO] PluginManager:220 - loadIPPluginJar : add dma3
2025-01-07 14:57:42,572 [INFO] IPUIPlugin:80 - create IPUIPlugin
2025-01-07 14:57:42,572 [INFO] PluginManager:220 - loadIPPluginJar : add extmemmanager
2025-01-07 14:57:42,603 [INFO] IPUIPlugin:80 - create IPUIPlugin
2025-01-07 14:57:42,604 [INFO] PluginManager:220 - loadIPPluginJar : add fatfs
2025-01-07 14:57:42,665 [INFO] IPUIPlugin:80 - create IPUIPlugin
2025-01-07 14:57:42,665 [INFO] PluginManager:220 - loadIPPluginJar : add fmc
2025-01-07 14:57:42,684 [INFO] IPUIPlugin:80 - create IPUIPlugin
2025-01-07 14:57:42,684 [INFO] PluginManager:220 - loadIPPluginJar : add freertos
2025-01-07 14:57:42,712 [INFO] IPUIPlugin:80 - create IPUIPlugin
2025-01-07 14:57:42,712 [INFO] PluginManager:220 - loadIPPluginJar : add genericplugin
2025-01-07 14:57:42,840 [INFO] IPUIPlugin:80 - create IPUIPlugin
2025-01-07 14:57:42,840 [INFO] PluginManager:220 - loadIPPluginJar : add gfxmmu
2025-01-07 14:57:43,024 [INFO] IPUIPlugin:80 - create IPUIPlugin
2025-01-07 14:57:43,024 [INFO] PluginManager:220 - loadIPPluginJar : add gic
2025-01-07 14:57:43,039 [INFO] IPUIPlugin:80 - create IPUIPlugin
2025-01-07 14:57:43,041 [INFO] PluginManager:220 - loadIPPluginJar : add gpio
2025-01-07 14:57:43,169 [INFO] IPUIPlugin:80 - create IPUIPlugin
2025-01-07 14:57:43,169 [INFO] PluginManager:220 - loadIPPluginJar : add gtzc
2025-01-07 14:57:43,218 [INFO] IPUIPlugin:80 - create IPUIPlugin
2025-01-07 14:57:43,218 [INFO] PluginManager:220 - loadIPPluginJar : add hash
2025-01-07 14:57:43,294 [INFO] IPUIPlugin:80 - create IPUIPlugin
2025-01-07 14:57:43,294 [INFO] PluginManager:220 - loadIPPluginJar : add i2c
2025-01-07 14:57:43,348 [INFO] IPUIPlugin:80 - create IPUIPlugin
2025-01-07 14:57:43,349 [INFO] PluginManager:220 - loadIPPluginJar : add i2s
2025-01-07 14:57:43,404 [INFO] IPUIPlugin:80 - create IPUIPlugin
2025-01-07 14:57:43,405 [INFO] PluginManager:220 - loadIPPluginJar : add i3c
2025-01-07 14:57:43,562 [INFO] IPUIPlugin:80 - create IPUIPlugin
2025-01-07 14:57:43,562 [INFO] PluginManager:220 - loadIPPluginJar : add ipddr
2025-01-07 14:57:43,691 [INFO] IPUIPlugin:80 - create IPUIPlugin
2025-01-07 14:57:43,691 [INFO] PluginManager:220 - loadIPPluginJar : add linkedlist
2025-01-07 14:57:43,739 [INFO] IPUIPlugin:80 - create IPUIPlugin
2025-01-07 14:57:43,739 [INFO] PluginManager:220 - loadIPPluginJar : add lorawan
2025-01-07 14:57:43,754 [INFO] ThirdPartyUpdaterWithRetryManager:70 - Updater plugin not ready yet. [2/15]
2025-01-07 14:57:43,789 [INFO] IPUIPlugin:80 - create IPUIPlugin
2025-01-07 14:57:43,789 [INFO] PluginManager:220 - loadIPPluginJar : add ltdc
2025-01-07 14:57:43,806 [INFO] IPUIPlugin:80 - create IPUIPlugin
2025-01-07 14:57:43,806 [INFO] PluginManager:220 - loadIPPluginJar : add mdma
2025-01-07 14:57:43,822 [INFO] IPUIPlugin:80 - create IPUIPlugin
2025-01-07 14:57:43,822 [INFO] PluginManager:220 - loadIPPluginJar : add nvic
2025-01-07 14:57:43,879 [INFO] IPUIPlugin:80 - create IPUIPlugin
2025-01-07 14:57:43,879 [INFO] PluginManager:220 - loadIPPluginJar : add opamp
2025-01-07 14:57:43,966 [INFO] IPUIPlugin:80 - create IPUIPlugin
2025-01-07 14:57:43,966 [INFO] PluginManager:220 - loadIPPluginJar : add openamp
2025-01-07 14:57:44,025 [INFO] IPUIPlugin:80 - create IPUIPlugin
2025-01-07 14:57:44,025 [INFO] PluginManager:220 - loadIPPluginJar : add pdm2pcm
2025-01-07 14:57:44,042 [INFO] IPUIPlugin:80 - create IPUIPlugin
2025-01-07 14:57:44,044 [INFO] PluginManager:220 - loadIPPluginJar : add plateformsettings
2025-01-07 14:57:44,075 [INFO] IPUIPlugin:80 - create IPUIPlugin
2025-01-07 14:57:44,075 [INFO] PluginManager:220 - loadIPPluginJar : add quadspi
2025-01-07 14:57:44,111 [INFO] IPUIPlugin:80 - create IPUIPlugin
2025-01-07 14:57:44,112 [INFO] PluginManager:220 - loadIPPluginJar : add radio
2025-01-07 14:57:44,129 [INFO] IPUIPlugin:80 - create IPUIPlugin
2025-01-07 14:57:44,129 [INFO] PluginManager:220 - loadIPPluginJar : add resmgrutility
2025-01-07 14:57:44,208 [INFO] IPUIPlugin:80 - create IPUIPlugin
2025-01-07 14:57:44,209 [INFO] PluginManager:220 - loadIPPluginJar : add sai
2025-01-07 14:57:44,259 [INFO] IPUIPlugin:80 - create IPUIPlugin
2025-01-07 14:57:44,260 [INFO] PluginManager:220 - loadIPPluginJar : add spi
2025-01-07 14:57:44,357 [INFO] IPUIPlugin:80 - create IPUIPlugin
2025-01-07 14:57:44,357 [INFO] PluginManager:220 - loadIPPluginJar : add stm32_wpan
2025-01-07 14:57:44,391 [INFO] IPUIPlugin:80 - create IPUIPlugin
2025-01-07 14:57:44,392 [INFO] PluginManager:220 - loadIPPluginJar : add tim
2025-01-07 14:57:44,475 [INFO] IPUIPlugin:80 - create IPUIPlugin
2025-01-07 14:57:44,475 [INFO] PluginManager:220 - loadIPPluginJar : add touchsensing
2025-01-07 14:57:44,507 [INFO] IPUIPlugin:80 - create IPUIPlugin
2025-01-07 14:57:44,507 [INFO] PluginManager:220 - loadIPPluginJar : add tracer_emb
2025-01-07 14:57:44,539 [INFO] IPUIPlugin:80 - create IPUIPlugin
2025-01-07 14:57:44,540 [INFO] PluginManager:220 - loadIPPluginJar : add ts
2025-01-07 14:57:44,573 [INFO] IPUIPlugin:80 - create IPUIPlugin
2025-01-07 14:57:44,573 [INFO] PluginManager:220 - loadIPPluginJar : add tsc
2025-01-07 14:57:44,604 [INFO] IPUIPlugin:80 - create IPUIPlugin
2025-01-07 14:57:44,604 [INFO] PluginManager:220 - loadIPPluginJar : add ucpd
2025-01-07 14:57:44,670 [INFO] IPUIPlugin:80 - create IPUIPlugin
2025-01-07 14:57:44,670 [INFO] PluginManager:220 - loadIPPluginJar : add usart
2025-01-07 14:57:44,733 [INFO] IPUIPlugin:80 - create IPUIPlugin
2025-01-07 14:57:44,733 [INFO] PluginManager:220 - loadIPPluginJar : add usbx
2025-01-07 14:57:44,944 [INFO] CADModel:165 - CPN selected for project level
2025-01-07 14:57:44,944 [INFO] CADModel:114 - Register for checkConnection events
2025-01-07 14:57:44,945 [FATAL] Updater:334 - Updater called before beeing initialized
2025-01-07 14:57:44,945 [ERROR] CADModel:125 - Updater not yet initialized, retry later 
2025-01-07 14:57:45,382 [INFO] CADModel:165 - CPN selected for project level
2025-01-07 14:57:45,382 [INFO] CADModel:114 - Register for checkConnection events
2025-01-07 14:57:45,382 [FATAL] Updater:334 - Updater called before beeing initialized
2025-01-07 14:57:45,382 [ERROR] CADModel:125 - Updater not yet initialized, retry later 
2025-01-07 14:57:45,385 [FATAL] Updater:334 - Updater called before beeing initialized
2025-01-07 14:57:45,548 [FATAL] Updater:334 - Updater called before beeing initialized
2025-01-07 14:57:45,585 [INFO] DbMcusAds:53 - JSON generation date=Fri Sep 20 15:04:38 CEST 2024 (1726837478367)
2025-01-07 14:57:45,586 [FATAL] Updater:334 - Updater called before beeing initialized
2025-01-07 14:57:45,875 [WARN] DetailPanel:346 - Failed to get advertising image, set to default
2025-01-07 14:57:46,022 [FATAL] Updater:334 - Updater called before beeing initialized
2025-01-07 14:57:46,023 [FATAL] Updater:334 - Updater called before beeing initialized
2025-01-07 14:57:46,024 [FATAL] Updater:334 - Updater called before beeing initialized
2025-01-07 14:57:46,024 [WARN] DetailPanel:346 - Failed to get advertising image, set to default
2025-01-07 14:57:46,025 [FATAL] Updater:334 - Updater called before beeing initialized
2025-01-07 14:57:46,204 [ERROR] Updater:1164 - MainUpdater not yet initialized. External WinMGr cannot be set.
2025-01-07 14:57:46,225 [INFO] Updater:1100 - Updater Version found : 6.12.1
2025-01-07 14:57:46,259 [INFO] ApplicationProperties:184 - Using Application install path: D:\STM32CubeIDE_1.16.1\STM32CubeIDE\plugins\com.st.stm32cube.common.mx_6.12.1.202409122256
2025-01-07 14:57:46,756 [INFO] ThirdPartyUpdaterWithRetryManager:70 - Updater plugin not ready yet. [3/15]
2025-01-07 14:57:47,865 [ERROR] LogOutputStream:75 - [STDERR_REDIRECT] Jan 07, 2025 2:57:47 PM java.util.prefs.WindowsPreferences <init>
2025-01-07 14:57:47,868 [ERROR] LogOutputStream:75 - [STDERR_REDIRECT] WARNING: Could not open/create prefs root node Software\JavaSoft\Prefs at root 0xffffffff80000002. Windows RegCreateKeyEx(...) returned error code 5.
2025-01-07 14:57:47,868 [ERROR] LogOutputStream:75 - [STDERR_REDIRECT] 
2025-01-07 14:57:48,463 [INFO] MainUpdater:2873 - connection check result : 10
2025-01-07 14:57:48,464 [INFO] MainUpdater:3567 - Updater definition file requires update
2025-01-07 14:57:48,465 [INFO] MainUpdater:290 - Updater Check For Update Now.
2025-01-07 14:57:48,465 [INFO] MicroXplorer:498 - Change Database Version : DB.6.0.121
2025-01-07 14:57:48,523 [INFO] McuFinderGlobals:63 - Set McuFinder mode to 2 (CubeIDE integrated)
2025-01-07 14:57:48,533 [INFO] UserAuth:417 - Internet connection configuration mode: 1
2025-01-07 14:57:48,570 [INFO] ServerAccessManage:473 - Download File updaters.zip
2025-01-07 14:57:48,659 [INFO] JxBrowserEngine:152 - Initiate JxBrowser Engine with user profile folder
2025-01-07 14:57:48,750 [INFO] FileExtend:240 - Unzip File : updaters.zip
2025-01-07 14:57:48,750 [INFO] FileExtend:255 - Standard Zip Deflate
2025-01-07 14:57:49,683 [INFO] ServerAccessManage:473 - Download File PacksControlFlags.xml
2025-01-07 14:57:49,759 [WARN] MainUpdater:1194 - Updater busy. Cannot search thirdparties
2025-01-07 14:57:49,759 [INFO] ThirdPartyUpdaterWithRetryManager:96 - Updater plugin is busy. [1/15]
2025-01-07 14:57:50,132 [INFO] ServerAccessManage:473 - Download File cubemx.pidx
2025-01-07 14:57:51,803 [INFO] ServerAccessManage:473 - Download File STMicroelectronics.X-CUBE-FREERTOS.pdsc
2025-01-07 14:57:52,526 [INFO] ServerAccessManage:473 - Download File STMicroelectronics.X-CUBE-GNSS1.pdsc
2025-01-07 14:57:52,760 [WARN] MainUpdater:1194 - Updater busy. Cannot search thirdparties
2025-01-07 14:57:52,760 [INFO] ThirdPartyUpdaterWithRetryManager:96 - Updater plugin is busy. [2/15]
2025-01-07 14:57:53,974 [ERROR] ServerAccessManage:1089 - Problem, file not found on Server
2025-01-07 14:57:54,471 [ERROR] ServerAccessManage:1089 - Problem, file not found on Server
2025-01-07 14:57:55,011 [ERROR] ServerAccessManage:1089 - Problem, file not found on Server
2025-01-07 14:57:55,259 [ERROR] ServerAccessManage:1089 - Problem, file not found on Server
2025-01-07 14:57:55,760 [ERROR] ServerAccessManage:1089 - Problem, file not found on Server
2025-01-07 14:57:55,761 [WARN] MainUpdater:1194 - Updater busy. Cannot search thirdparties
2025-01-07 14:57:55,761 [INFO] ThirdPartyUpdaterWithRetryManager:96 - Updater plugin is busy. [3/15]
2025-01-07 14:57:56,000 [ERROR] ServerAccessManage:1089 - Problem, file not found on Server
2025-01-07 14:57:56,302 [INFO] ServerAccessManage:473 - Download File STMicroelectronics.X-CUBE-MEMS1.pdsc
2025-01-07 14:57:58,763 [WARN] MainUpdater:1194 - Updater busy. Cannot search thirdparties
2025-01-07 14:57:58,763 [INFO] ThirdPartyUpdaterWithRetryManager:96 - Updater plugin is busy. [4/15]
2025-01-07 14:57:59,322 [INFO] ServerAccessManage:473 - Download File STMicroelectronics.X-CUBE-TCPP.pdsc
2025-01-07 14:57:59,605 [INFO] WebApp:167 - Instantiating new browser for Auth
2025-01-07 14:58:01,022 [WARN] PackLoader:240 - Cannot read IP mode file for STMicroelectronics.X-CUBE-FREERTOS.1.3.0
2025-01-07 14:58:01,048 [WARN] PackLoader:240 - Cannot read IP mode file for STMicroelectronics.X-CUBE-GNSS1.7.0.1
2025-01-07 14:58:01,272 [INFO] CheckServerUpdateThread:120 - End of CheckServer Thread
2025-01-07 14:58:01,323 [WARN] PackLoader:240 - Cannot read IP mode file for STMicroelectronics.X-CUBE-MEMS1.11.1.0
2025-01-07 14:58:01,470 [INFO] WebApp:448 - Apply proxy settings
2025-01-07 14:58:01,470 [INFO] WebApp:533 - Chromium requires no authentication
2025-01-07 14:58:01,573 [INFO] WebApp:476 - Direct internet connection detected
2025-01-07 14:58:01,709 [WARN] PopulateThirdPartyThread:106 - Error when creating pack: C:/Users/solom/.stm32cubemx/thirdparties/pdsc/STMicroelectronics.X-CUBE-TCPP.pdsc
2025-01-07 14:58:01,709 [INFO] PopulateThirdPartyThread:66 - Ending populate Thread
2025-01-07 14:58:01,723 [INFO] ThirdParty:1030 - CMSIS Pack Vendor :STMicroelectronics X-CUBE-FREERTOS 1.3.0
2025-01-07 14:58:01,723 [INFO] ThirdParty:1030 - CMSIS Pack Vendor :STMicroelectronics X-CUBE-GNSS1 7.0.1
2025-01-07 14:58:01,723 [INFO] ThirdParty:1030 - CMSIS Pack Vendor :STMicroelectronics X-CUBE-MEMS1 11.1.0
2025-01-07 14:58:01,724 [INFO] LoadServerUpdatesThread:375 - End of LoadServerUpdate Thread
2025-01-07 14:58:01,757 [INFO] WebApp:869 - Register for checkConnection events
2025-01-07 14:58:01,758 [INFO] WebApp:448 - Apply proxy settings
2025-01-07 14:58:01,758 [INFO] WebApp:533 - Chromium requires no authentication
2025-01-07 14:58:01,759 [INFO] WebApp:476 - Direct internet connection detected
2025-01-07 14:58:02,107 [INFO] WebApp:186 - Connection restablished
2025-01-07 14:58:02,412 [WARN] PackLoader:240 - Cannot read IP mode file for STMicroelectronics.FP-SNS-MOTENVWB1.1.4.0
2025-01-07 14:58:02,429 [WARN] PackLoader:240 - Cannot read IP mode file for STMicroelectronics.FP-ATR-ASTRA1.2.0.1
2025-01-07 14:58:02,477 [WARN] PackLoader:240 - Cannot read IP mode file for STMicroelectronics.X-CUBE-SMBUS.2.1.0
2025-01-07 14:58:02,541 [WARN] PackLoader:240 - Cannot read IP mode file for STMicroelectronics.X-CUBE-WB05N.1.1.0
2025-01-07 14:58:02,610 [WARN] PackLoader:240 - Cannot read IP mode file for STMicroelectronics.X-CUBE-AZRTOS-F7.1.1.0
2025-01-07 14:58:02,772 [WARN] PackLoader:240 - Cannot read IP mode file for STMicroelectronics.X-CUBE-MEMS1.11.0.0
2025-01-07 14:58:02,926 [INFO] WebApp:220 - Starting web application
2025-01-07 14:58:02,926 [INFO] WebApp:578 - Web application path used D:\STM32CubeIDE_1.16.1\STM32CubeIDE\plugins\com.st.stm32cube.common.mx_6.12.1.202409122256\db\plugins\mcufinder\reactClient1\index.html
2025-01-07 14:58:03,156 [WARN] PackLoader:240 - Cannot read IP mode file for STMicroelectronics.X-CUBE-BLE1.6.2.4
2025-01-07 14:58:03,165 [WARN] PackLoader:240 - Cannot read IP mode file for STMicroelectronics.FP-SNS-FLIGHT1.5.0.2
2025-01-07 14:58:03,196 [WARN] PackLoader:240 - Cannot read IP mode file for STMicroelectronics.X-CUBE-DISPLAY.3.0.0
2025-01-07 14:58:03,233 [WARN] PackLoader:240 - Cannot read IP mode file for STMicroelectronics.X-CUBE-BLE1.7.0.0
2025-01-07 14:58:03,270 [WARN] PackLoader:240 - Cannot read IP mode file for STMicroelectronics.X-CUBE-NFC10.1.0.0
2025-01-07 14:58:03,314 [WARN] PackLoader:240 - Cannot read IP mode file for STMicroelectronics.X-CUBE-BLEMGR.4.0.0
2025-01-07 14:58:03,375 [WARN] PackLoader:240 - Cannot read IP mode file for STMicroelectronics.X-CUBE-BLEMGR.3.1.0
2025-01-07 14:58:03,409 [WARN] PackLoader:240 - Cannot read IP mode file for STMicroelectronics.FP-SNS-SMARTAG2.1.2.0
2025-01-07 14:58:03,461 [INFO] UserAuth:417 - Internet connection configuration mode: 1
2025-01-07 14:58:03,521 [WARN] PackLoader:240 - Cannot read IP mode file for STMicroelectronics.X-CUBE-MEMS1.11.1.0
2025-01-07 14:58:03,854 [INFO] LogOutputStream:77 - [STDOUT_REDIRECT] 1 : Invalid condition id : UX_CORESTACK_Condition cause : null
2025-01-07 14:58:03,855 [INFO] LogOutputStream:77 - [STDOUT_REDIRECT] 1 : Invalid condition id : UX_CORESTACK_Condition cause : null
2025-01-07 14:58:03,859 [INFO] LogOutputStream:77 - [STDOUT_REDIRECT] 1 : Invalid condition id : UX_CORESTACK_Condition cause : null
2025-01-07 14:58:03,874 [INFO] LogOutputStream:77 - [STDOUT_REDIRECT] 1 : Invalid condition id : UX_CORESTACK_Condition cause : null
2025-01-07 14:58:03,884 [INFO] LogOutputStream:77 - [STDOUT_REDIRECT] 1 : Invalid condition id : UX_CORESTACK_Condition cause : null
2025-01-07 14:58:03,890 [WARN] PackLoader:240 - Cannot read IP mode file for STMicroelectronics.X-CUBE-AZRTOS-WL.2.0.0
2025-01-07 14:58:03,923 [WARN] PackLoader:240 - Cannot read IP mode file for STMicroelectronics.FP-SNS-MOTENV1.5.0.0
2025-01-07 14:58:03,934 [WARN] PackLoader:240 - Cannot read IP mode file for wolfSSL.I-CUBE-wolfMQTT.1.19.0
2025-01-07 14:58:03,966 [WARN] PackLoader:240 - Cannot read IP mode file for WES.I-CUBE-Cesium.1.3.0
2025-01-07 14:58:03,996 [WARN] PackLoader:240 - Cannot read IP mode file for STMicroelectronics.X-CUBE-BLE2.3.3.0
2025-01-07 14:58:04,031 [WARN] PackLoader:240 - Cannot read IP mode file for STMicroelectronics.X-CUBE-NFC9.1.0.0
2025-01-07 14:58:04,064 [WARN] PackLoader:240 - Cannot read IP mode file for STMicroelectronics.X-CUBE-TCPP.4.1.0
2025-01-07 14:58:04,097 [WARN] PackLoader:240 - Cannot read IP mode file for STMicroelectronics.X-CUBE-TOUCHGFX.4.21.3
2025-01-07 14:58:04,131 [WARN] PackLoader:240 - Cannot read IP mode file for STMicroelectronics.X-CUBE-ALGOBUILD.1.3.0
2025-01-07 14:58:04,201 [WARN] PackLoader:240 - Cannot read IP mode file for STMicroelectronics.X-CUBE-AZRTOS-G0.1.1.0
2025-01-07 14:58:04,240 [WARN] PackLoader:240 - Cannot read IP mode file for STMicroelectronics.X-CUBE-SAFEA1.1.2.2
2025-01-07 14:58:04,272 [WARN] PackLoader:240 - Cannot read IP mode file for STMicroelectronics.X-CUBE-NFC4.3.0.0
2025-01-07 14:58:04,315 [WARN] PackLoader:240 - Cannot read IP mode file for EmbeddedOffice.I-CUBE-FS-RTOS.1.0.1
2025-01-07 14:58:04,316 [ERROR] ConditionMgr:805 - Attr not supported : Dmpu
2025-01-07 14:58:04,316 [ERROR] ConditionMgr:805 - Attr not supported : Dmpu
2025-01-07 14:58:04,317 [ERROR] ConditionMgr:805 - Attr not supported : Dmpu
2025-01-07 14:58:04,317 [ERROR] ConditionMgr:805 - Attr not supported : Dmpu
2025-01-07 14:58:04,317 [ERROR] ConditionMgr:805 - Attr not supported : Dmpu
2025-01-07 14:58:04,317 [ERROR] ConditionMgr:805 - Attr not supported : Dmpu
2025-01-07 14:58:04,317 [ERROR] ConditionMgr:805 - Attr not supported : Dmpu
2025-01-07 14:58:04,317 [ERROR] ConditionMgr:805 - Attr not supported : Dmpu
2025-01-07 14:58:04,317 [ERROR] ConditionMgr:805 - Attr not supported : Dmpu
2025-01-07 14:58:04,317 [ERROR] ConditionMgr:805 - Attr not supported : Dmpu
2025-01-07 14:58:04,318 [ERROR] ConditionMgr:805 - Attr not supported : Dmpu
2025-01-07 14:58:04,318 [ERROR] ConditionMgr:805 - Attr not supported : Dmpu
2025-01-07 14:58:04,318 [ERROR] ConditionMgr:805 - Attr not supported : Dmpu
2025-01-07 14:58:04,318 [ERROR] ConditionMgr:805 - Attr not supported : Dmpu
2025-01-07 14:58:04,318 [ERROR] ConditionMgr:805 - Attr not supported : Dmpu
2025-01-07 14:58:04,318 [ERROR] ConditionMgr:805 - Attr not supported : Dmpu
2025-01-07 14:58:04,318 [ERROR] ConditionMgr:805 - Attr not supported : Dmpu
2025-01-07 14:58:04,319 [ERROR] ConditionMgr:805 - Attr not supported : Dmpu
2025-01-07 14:58:04,319 [ERROR] ConditionMgr:805 - Attr not supported : Dmpu
2025-01-07 14:58:04,319 [ERROR] ConditionMgr:805 - Attr not supported : Dmpu
2025-01-07 14:58:04,319 [ERROR] ConditionMgr:805 - Attr not supported : Dmpu
2025-01-07 14:58:04,319 [ERROR] ConditionMgr:805 - Attr not supported : Dmpu
2025-01-07 14:58:04,319 [ERROR] ConditionMgr:805 - Attr not supported : Dmpu
2025-01-07 14:58:04,319 [ERROR] ConditionMgr:805 - Attr not supported : Dmpu
2025-01-07 14:58:04,319 [ERROR] ConditionMgr:805 - Attr not supported : Dmpu
2025-01-07 14:58:04,319 [ERROR] ConditionMgr:805 - Attr not supported : Dmpu
2025-01-07 14:58:04,320 [ERROR] ConditionMgr:805 - Attr not supported : Dmpu
2025-01-07 14:58:04,320 [ERROR] ConditionMgr:805 - Attr not supported : Dmpu
2025-01-07 14:58:04,320 [ERROR] ConditionMgr:805 - Attr not supported : Dmpu
2025-01-07 14:58:04,320 [ERROR] ConditionMgr:805 - Attr not supported : Dmpu
2025-01-07 14:58:04,320 [ERROR] ConditionMgr:805 - Attr not supported : Dmpu
2025-01-07 14:58:04,320 [ERROR] ConditionMgr:805 - Attr not supported : Dmpu
2025-01-07 14:58:04,320 [ERROR] ConditionMgr:805 - Attr not supported : Dmpu
2025-01-07 14:58:04,320 [ERROR] ConditionMgr:805 - Attr not supported : Dmpu
2025-01-07 14:58:04,320 [ERROR] ConditionMgr:805 - Attr not supported : Dmpu
2025-01-07 14:58:04,321 [ERROR] ConditionMgr:805 - Attr not supported : Dmpu
2025-01-07 14:58:04,321 [ERROR] ConditionMgr:805 - Attr not supported : Dmpu
2025-01-07 14:58:04,321 [ERROR] ConditionMgr:805 - Attr not supported : Dmpu
2025-01-07 14:58:04,321 [ERROR] ConditionMgr:805 - Attr not supported : Dmpu
2025-01-07 14:58:04,321 [ERROR] ConditionMgr:805 - Attr not supported : Dmpu
2025-01-07 14:58:04,321 [ERROR] ConditionMgr:805 - Attr not supported : Dmpu
2025-01-07 14:58:04,322 [ERROR] ConditionMgr:805 - Attr not supported : Dmpu
2025-01-07 14:58:04,322 [ERROR] ConditionMgr:805 - Attr not supported : Dmpu
2025-01-07 14:58:04,322 [ERROR] ConditionMgr:805 - Attr not supported : Dmpu
2025-01-07 14:58:04,322 [ERROR] ConditionMgr:805 - Attr not supported : Dmpu
2025-01-07 14:58:04,322 [ERROR] ConditionMgr:805 - Attr not supported : Dmpu
2025-01-07 14:58:04,322 [ERROR] ConditionMgr:805 - Attr not supported : Dmpu
2025-01-07 14:58:04,322 [ERROR] ConditionMgr:805 - Attr not supported : Dmpu
2025-01-07 14:58:04,322 [ERROR] ConditionMgr:805 - Attr not supported : Dmpu
2025-01-07 14:58:04,323 [ERROR] ConditionMgr:805 - Attr not supported : Dmpu
2025-01-07 14:58:04,323 [ERROR] ConditionMgr:805 - Attr not supported : Dmpu
2025-01-07 14:58:04,323 [ERROR] ConditionMgr:805 - Attr not supported : Dmpu
2025-01-07 14:58:04,323 [ERROR] ConditionMgr:805 - Attr not supported : Dmpu
2025-01-07 14:58:04,323 [ERROR] ConditionMgr:805 - Attr not supported : Dmpu
2025-01-07 14:58:04,324 [ERROR] ConditionMgr:805 - Attr not supported : Dmpu
2025-01-07 14:58:04,324 [ERROR] ConditionMgr:805 - Attr not supported : Dmpu
2025-01-07 14:58:04,324 [ERROR] ConditionMgr:805 - Attr not supported : Dmpu
2025-01-07 14:58:04,324 [ERROR] ConditionMgr:805 - Attr not supported : Dmpu
2025-01-07 14:58:04,324 [ERROR] ConditionMgr:805 - Attr not supported : Dmpu
2025-01-07 14:58:04,324 [ERROR] ConditionMgr:805 - Attr not supported : Dmpu
2025-01-07 14:58:04,324 [ERROR] ConditionMgr:805 - Attr not supported : Dmpu
2025-01-07 14:58:04,324 [ERROR] ConditionMgr:805 - Attr not supported : Dmpu
2025-01-07 14:58:04,325 [ERROR] ConditionMgr:805 - Attr not supported : Dmpu
2025-01-07 14:58:04,325 [ERROR] ConditionMgr:805 - Attr not supported : Dmpu
2025-01-07 14:58:04,329 [ERROR] Engine:466 - C:\Users\solom\.stm32cubemx\thirdparties\pdsc\STMicroelectronics.X-CUBE-TCPP.4.2.0.pdsc: PDSC version is not supported
2025-01-07 14:58:04,361 [WARN] PackLoader:240 - Cannot read IP mode file for RealThread.X-CUBE-RT-Thread_Nano.4.1.1
2025-01-07 14:58:04,374 [WARN] PackLoader:240 - Cannot read IP mode file for STMicroelectronics.FP-ATR-SIGFOX1.3.2.0
2025-01-07 14:58:04,386 [WARN] ConditionMgr:438 - getConditionDescription Invalid condition id : Cortex-A Device cause : null
2025-01-07 14:58:04,422 [WARN] ConditionMgr:1039 - genDependencies : Invalid condition id : Cortex-A Device cause : null
2025-01-07 14:58:04,422 [WARN] ConditionMgr:1039 - genDependencies : Invalid condition id : Cortex-A Device cause : null
2025-01-07 14:58:04,422 [WARN] ConditionMgr:1039 - genDependencies : Invalid condition id : Cortex-A Device cause : null
2025-01-07 14:58:04,454 [WARN] PackLoader:240 - Cannot read IP mode file for STMicroelectronics.X-CUBE-EEPRMA1.5.1.0
2025-01-07 14:58:04,492 [WARN] PackLoader:240 - Cannot read IP mode file for ITTIA_DB.I-CUBE-ITTIADB.8.9.0
2025-01-07 14:58:04,627 [WARN] PackLoader:240 - Cannot read IP mode file for STMicroelectronics.X-CUBE-MEMS1.9.5.0
2025-01-07 14:58:04,959 [WARN] PackLoader:240 - Cannot read IP mode file for SEGGER.I-CUBE-embOS.1.3.1
2025-01-07 14:58:05,046 [WARN] PackLoader:240 - Cannot read IP mode file for STMicroelectronics.X-CUBE-ALGOBUILD.1.4.0
2025-01-07 14:58:05,075 [WARN] PackLoader:240 - Cannot read IP mode file for STMicroelectronics.X-CUBE-AI.9.1.0
2025-01-07 14:58:05,108 [WARN] PackLoader:240 - Cannot read IP mode file for STMicroelectronics.X-CUBE-GNSS1.6.0.0
2025-01-07 14:58:05,171 [WARN] PackLoader:240 - Cannot read IP mode file for STMicroelectronics.X-CUBE-AZRTOS-F4.1.1.0
2025-01-07 14:58:05,215 [WARN] PackLoader:240 - Cannot read IP mode file for STMicroelectronics.X-CUBE-ISPU.2.1.0
2025-01-07 14:58:05,242 [WARN] PackLoader:240 - Cannot read IP mode file for STMicroelectronics.X-CUBE-FREERTOS.1.2.0
2025-01-07 14:58:05,304 [WARN] PackLoader:240 - Cannot read IP mode file for STMicroelectronics.X-CUBE-AZRTOS-L5.2.0.0
2025-01-07 14:58:05,345 [WARN] PackLoader:240 - Cannot read IP mode file for STMicroelectronics.X-CUBE-NFC6.3.1.0
2025-01-07 14:58:05,388 [WARN] PackLoader:240 - Cannot read IP mode file for emotas.I-CUBE-CANOPEN.1.1.3
2025-01-07 14:58:05,437 [WARN] PackLoader:240 - Cannot read IP mode file for STMicroelectronics.X-CUBE-BLEMGR.2.0.0
2025-01-07 14:58:05,470 [WARN] PackLoader:240 - Cannot read IP mode file for STMicroelectronics.X-CUBE-DPower.1.2.0
2025-01-07 14:58:05,498 [WARN] PackLoader:240 - Cannot read IP mode file for wolfSSL.I-CUBE-wolfSSL.5.5.4
2025-01-07 14:58:05,503 [WARN] PackLoader:240 - Cannot read IP mode file for STMicroelectronics.X-CUBE-FREERTOS.1.3.0
2025-01-07 14:58:05,525 [WARN] PackLoader:240 - Cannot read IP mode file for STMicroelectronics.X-CUBE-NFC7.1.0.1
2025-01-07 14:58:05,550 [WARN] PackLoader:240 - Cannot read IP mode file for STMicroelectronics.X-CUBE-NFC7.1.0.0
2025-01-07 14:58:05,583 [WARN] PackLoader:240 - Cannot read IP mode file for STMicroelectronics.X-CUBE-EEPRMA1.4.1.0
2025-01-07 14:58:05,630 [WARN] ConditionMgr:438 - getConditionDescription Invalid condition id : LAN8742 Phy interface Condition cause : null
2025-01-07 14:58:05,631 [WARN] PackLoader:240 - Cannot read IP mode file for STMicroelectronics.X-CUBE-AZRTOS-L4.2.0.0
2025-01-07 14:58:05,633 [WARN] ConditionMgr:1039 - genDependencies : Invalid condition id : LAN8742 Phy interface Condition cause : null
2025-01-07 14:58:05,634 [WARN] ConditionMgr:1039 - genDependencies : Invalid condition id : LAN8742 Phy interface Condition cause : null
2025-01-07 14:58:05,634 [WARN] ConditionMgr:1039 - genDependencies : Invalid condition id : LAN8742 Phy interface Condition cause : null
2025-01-07 14:58:05,667 [WARN] PackLoader:240 - Cannot read IP mode file for STMicroelectronics.X-CUBE-SFXS2LP1.4.0.0
2025-01-07 14:58:05,723 [WARN] PackLoader:240 - Cannot read IP mode file for STMicroelectronics.X-CUBE-AZRTOS-H7.3.0.0
2025-01-07 14:58:05,754 [WARN] PackLoader:240 - Cannot read IP mode file for STMicroelectronics.X-CUBE-ISPU.1.1.0
2025-01-07 14:58:05,810 [WARN] PackLoader:240 - Cannot read IP mode file for STMicroelectronics.X-CUBE-AZRTOS-H7.3.3.0
2025-01-07 14:58:05,840 [WARN] PackLoader:240 - Cannot read IP mode file for RoweBots.I-CUBE-UNISONRTOS.5.5.0-4
2025-01-07 14:58:05,866 [WARN] PackLoader:240 - Cannot read IP mode file for STMicroelectronics.X-CUBE-AI.8.0.0
2025-01-07 14:58:05,904 [WARN] PackLoader:240 - Cannot read IP mode file for STMicroelectronics.X-CUBE-IPS.3.0.0
2025-01-07 14:58:05,949 [WARN] ConditionMgr:438 - getConditionDescription Invalid condition id : UX DEVICE CLASS RTOS Condition cause : null
2025-01-07 14:58:05,950 [WARN] ConditionMgr:438 - getConditionDescription Invalid condition id : UX DEVICE CLASS RTOS Condition cause : null
2025-01-07 14:58:05,952 [WARN] PackLoader:240 - Cannot read IP mode file for STMicroelectronics.X-CUBE-AZRTOS-WB.2.0.0
2025-01-07 14:58:05,953 [WARN] ConditionMgr:1039 - genDependencies : Invalid condition id : UX DEVICE CLASS RTOS Condition cause : null
2025-01-07 14:58:05,953 [WARN] ConditionMgr:1039 - genDependencies : Invalid condition id : UX DEVICE CLASS RTOS Condition cause : null
2025-01-07 14:58:05,953 [WARN] ConditionMgr:1039 - genDependencies : Invalid condition id : UX DEVICE CLASS RTOS Condition cause : null
2025-01-07 14:58:05,954 [WARN] ConditionMgr:1039 - genDependencies : Invalid condition id : UX DEVICE CLASS RTOS Condition cause : null
2025-01-07 14:58:05,954 [WARN] ConditionMgr:1039 - genDependencies : Invalid condition id : UX DEVICE CLASS RTOS Condition cause : null
2025-01-07 14:58:05,976 [WARN] PackLoader:240 - Cannot read IP mode file for STMicroelectronics.X-CUBE-FREERTOS.1.0.0
2025-01-07 14:58:06,004 [WARN] PackLoader:240 - Cannot read IP mode file for STMicroelectronics.X-CUBE-GNSS1.7.0.0
2025-01-07 14:58:06,012 [WARN] PackLoader:240 - Cannot read IP mode file for STMicroelectronics.X-CUBE-GNSS1.7.0.1
2025-01-07 14:58:06,039 [WARN] PackLoader:240 - Cannot read IP mode file for STMicroelectronics.FP-SNS-STBOX1.2.0.0
2025-01-07 14:58:06,075 [WARN] PackLoader:240 - Cannot read IP mode file for STMicroelectronics.X-CUBE-AZRTOS-L5.1.1.0
2025-01-07 14:58:06,108 [WARN] PackLoader:240 - Cannot read IP mode file for STMicroelectronics.X-CUBE-SUBG2.5.0.0
2025-01-07 14:58:06,124 [WARN] PackLoader:240 - Cannot read IP mode file for Cesanta.I-CUBE-Mongoose.7.13.0
2025-01-07 14:58:06,187 [WARN] PackLoader:240 - Cannot read IP mode file for STMicroelectronics.X-CUBE-AZRTOS-G4.2.0.0
2025-01-07 14:58:06,227 [WARN] PackLoader:240 - Cannot read IP mode file for STMicroelectronics.X-CUBE-TOF1.3.3.0
2025-01-07 14:58:06,270 [WARN] PackLoader:240 - Cannot read IP mode file for STMicroelectronics.FP-ATR-ASTRA1.1.1.1
2025-01-07 14:58:06,316 [WARN] PackLoader:240 - Cannot read IP mode file for STMicroelectronics.X-CUBE-AZRTOS-G4.1.0.0
2025-01-07 14:58:06,373 [WARN] PackLoader:240 - Cannot read IP mode file for STMicroelectronics.X-CUBE-AZRTOS-L4.1.0.0
2025-01-07 14:58:06,401 [WARN] PackLoader:240 - Cannot read IP mode file for STMicroelectronics.X-CUBE-ALS.1.0.2
2025-01-07 14:58:06,426 [WARN] PackLoader:240 - Cannot read IP mode file for STMicroelectronics.X-CUBE-AZRTOS-WL.1.0.0
2025-01-07 14:58:06,445 [WARN] PackLoader:240 - Cannot read IP mode file for STMicroelectronics.X-CUBE-TOUCHGFX.4.24.1
2025-01-07 14:58:06,452 [WARN] PackLoader:240 - Cannot read IP mode file for wolfSSL.I-CUBE-wolfTPM.3.4.0
2025-01-07 14:58:06,483 [WARN] PackLoader:240 - Cannot read IP mode file for portGmbH.I-Cube-SoM-uGOAL.1.1.0
2025-01-07 14:58:06,508 [WARN] PackLoader:240 - Cannot read IP mode file for STMicroelectronics.X-CUBE-ALS.1.0.1
2025-01-07 14:58:06,553 [WARN] PackLoader:240 - Cannot read IP mode file for STMicroelectronics.X-CUBE-AZRTOS-WB.1.1.0
2025-01-07 14:58:06,602 [WARN] PackLoader:240 - Cannot read IP mode file for STMicroelectronics.X-CUBE-AZRTOS-H7RS.1.0.0
2025-01-07 14:58:06,627 [WARN] PackLoader:240 - Cannot read IP mode file for STMicroelectronics.FP-ATR-ASTRA1.2.0.0
2025-01-07 14:58:06,663 [WARN] PackLoader:240 - Cannot read IP mode file for STMicroelectronics.X-CUBE-TOF1.3.4.2
2025-01-07 14:58:06,744 [WARN] PackLoader:240 - Cannot read IP mode file for Infineon.AIROC-Wi-Fi-Bluetooth-STM32.1.6.1
2025-01-07 14:58:06,756 [WARN] PackLoader:240 - Cannot read IP mode file for wolfSSL.I-CUBE-wolfSSH.1.4.17
2025-01-07 14:58:06,757 [INFO] ThirdParty:978 - Integrity check success = true
2025-01-07 14:58:06,757 [INFO] IntegrityCheckThread:100 - exiting critical section [integrity check]
2025-01-07 14:58:06,758 [INFO] IntegrityCheckThread:103 - End integrity checks thread
2025-01-07 19:15:38,910 [INFO] WebApp:189 - Connection lost
