2025-01-28 07:55:59,532 [INFO] Activator:176 - 


2025-01-28 07:55:59,552 [INFO] Activator:177 - !SESSION log4j initialized
2025-01-28 07:56:14,775 [INFO] LogOutputStream:77 - [STDOUT_REDIRECT] 
2025-01-28 07:56:18,387 [INFO] ApplicationProperties:184 - Using Application install path: D:\STM32CubeIDE_1.16.1\STM32CubeIDE\plugins\com.st.stm32cube.common.mx_6.12.1.202409122256
2025-01-28 07:56:18,452 [INFO] DbMcusXml:78 - Set database path to: D:\STM32CubeIDE_1.16.1\STM32CubeIDE\plugins\com.st.stm32cube.common.mx_6.12.1.202409122256\\db\/mcu/
2025-01-28 07:56:18,453 [INFO] ApiDb:274 - Set plugin database path to: D:\STM32CubeIDE_1.16.1\STM32CubeIDE\plugins\com.st.stm32cube.common.mx_6.12.1.202409122256\\db\/plugins/boardmanager/
2025-01-28 07:56:18,453 [WARN] ApiDb:259 - Overriding images path with different value:  => D:\STM32CubeIDE_1.16.1\STM32CubeIDE\plugins\com.st.stm32cube.common.mx_6.12.1.202409122256\\db\/plugins/mcufinder/images/
2025-01-28 07:56:18,481 [INFO] ApiDb:250 - Set database path to: C:\Users\solom\.stmcufinder\plugins\mcufinder//mcu/
2025-01-28 07:56:18,483 [INFO] DbMcusAds:125 - Set database path to: C:\Users\solom\.stmcufinder\plugins\mcufinder//mcu/
2025-01-28 07:56:18,486 [INFO] CrossReferenceDbSqlite:203 - Set database path to: C:\Users\solom\.stmcufinder\plugins\mcufinder//mcu/cs/
2025-01-28 07:56:18,812 [INFO] RulesReader:64 - Compatibility file has been processed (297 Rules)
2025-01-28 07:56:19,142 [INFO] DbMcusXml:78 - Set database path to: D:\STM32CubeIDE_1.16.1\STM32CubeIDE\plugins\com.st.stm32cube.common.mx_6.12.1.202409122256\\db\/mcu/
2025-01-28 07:56:19,143 [INFO] ApiDb:274 - Set plugin database path to: D:\STM32CubeIDE_1.16.1\STM32CubeIDE\plugins\com.st.stm32cube.common.mx_6.12.1.202409122256\\db\/plugins/boardmanager/
2025-01-28 07:56:19,143 [INFO] ApiDb:261 - Set plugin images path to: D:\STM32CubeIDE_1.16.1\STM32CubeIDE\plugins\com.st.stm32cube.common.mx_6.12.1.202409122256\\db\/plugins/mcufinder/images/
2025-01-28 07:56:19,143 [WARN] DbFile:41 - Overriding database path with different value: C:\Users\solom\.stmcufinder\plugins\mcufinder/ => C:\Users\solom\.stmcufinder\plugins\mcufinder
2025-01-28 07:56:19,143 [INFO] ApiDb:250 - Set database path to: C:\Users\solom\.stmcufinder\plugins\mcufinder//mcu/
2025-01-28 07:56:19,143 [WARN] DbFile:41 - Overriding database path with different value: C:\Users\solom\.stmcufinder\plugins\mcufinder/ => C:\Users\solom\.stmcufinder\plugins\mcufinder
2025-01-28 07:56:19,143 [INFO] DbMcusAds:125 - Set database path to: C:\Users\solom\.stmcufinder\plugins\mcufinder//mcu/
2025-01-28 07:56:19,143 [WARN] DbFile:41 - Overriding database path with different value: C:\Users\solom\.stmcufinder\plugins\mcufinder/ => C:\Users\solom\.stmcufinder\plugins\mcufinder
2025-01-28 07:56:19,143 [WARN] DbFile:41 - Overriding database path with different value: C:\Users\solom\.stmcufinder\plugins\mcufinder/ => C:\Users\solom\.stmcufinder\plugins\mcufinder
2025-01-28 07:56:19,144 [INFO] CrossReferenceDbSqlite:203 - Set database path to: C:\Users\solom\.stmcufinder\plugins\mcufinder//mcu/cs/
2025-01-28 07:56:19,491 [INFO] MainPanel:268 - HeapMemory: 268435456
2025-01-28 07:56:19,859 [INFO] DbMcusXml:78 - Set database path to: D:\STM32CubeIDE_1.16.1\STM32CubeIDE\plugins\com.st.stm32cube.common.mx_6.12.1.202409122256\\db\/mcu/
2025-01-28 07:56:19,860 [INFO] ApiDb:274 - Set plugin database path to: D:\STM32CubeIDE_1.16.1\STM32CubeIDE\plugins\com.st.stm32cube.common.mx_6.12.1.202409122256\\db\/plugins/boardmanager/
2025-01-28 07:56:19,860 [INFO] ApiDb:261 - Set plugin images path to: D:\STM32CubeIDE_1.16.1\STM32CubeIDE\plugins\com.st.stm32cube.common.mx_6.12.1.202409122256\\db\/plugins/mcufinder/images/
2025-01-28 07:56:19,860 [WARN] DbFile:41 - Overriding database path with different value: C:\Users\solom\.stmcufinder\plugins\mcufinder/ => C:\Users\solom\.stmcufinder\plugins\mcufinder
2025-01-28 07:56:19,861 [INFO] ApiDb:250 - Set database path to: C:\Users\solom\.stmcufinder\plugins\mcufinder//mcu/
2025-01-28 07:56:19,861 [WARN] DbFile:41 - Overriding database path with different value: C:\Users\solom\.stmcufinder\plugins\mcufinder/ => C:\Users\solom\.stmcufinder\plugins\mcufinder
2025-01-28 07:56:19,861 [INFO] DbMcusAds:125 - Set database path to: C:\Users\solom\.stmcufinder\plugins\mcufinder//mcu/
2025-01-28 07:56:19,861 [WARN] DbFile:41 - Overriding database path with different value: C:\Users\solom\.stmcufinder\plugins\mcufinder/ => C:\Users\solom\.stmcufinder\plugins\mcufinder
2025-01-28 07:56:19,862 [WARN] DbFile:41 - Overriding database path with different value: C:\Users\solom\.stmcufinder\plugins\mcufinder/ => C:\Users\solom\.stmcufinder\plugins\mcufinder
2025-01-28 07:56:19,862 [INFO] CrossReferenceDbSqlite:203 - Set database path to: C:\Users\solom\.stmcufinder\plugins\mcufinder//mcu/cs/
2025-01-28 07:56:19,944 [INFO] ApplicationProperties:184 - Using Application install path: D:\STM32CubeIDE_1.16.1\STM32CubeIDE\plugins\com.st.stm32cube.common.mx_6.12.1.202409122256
2025-01-28 07:56:19,953 [INFO] PluginManage:196 - Search for loadable plugins [exclusion list=, ]
2025-01-28 07:56:19,958 [INFO] PluginManage:310 - Check plugin analytics
2025-01-28 07:56:20,431 [INFO] AnalyticsPlugin:253 - Accepted Software Licenses: 
2025-01-28 07:56:20,431 [INFO] AnalyticsPlugin:255 - Accepted CMSIS Pack Licenses: 
2025-01-28 07:56:20,431 [INFO] AnalyticsPlugin:257 - Accepted Firmware Licenses: FW.F4.1.27.0,FW.C0.1.2.0,FW.F7.1.17.0
2025-01-28 07:56:20,436 [INFO] PluginManage:359 - Loaded plugin analytics (category:tool,tabindex:-1)
2025-01-28 07:56:20,437 [INFO] PluginManage:310 - Check plugin cadmodel
2025-01-28 07:56:20,475 [INFO] CADModel:105 - Init CAD model plugin
2025-01-28 07:56:20,475 [INFO] PluginManage:359 - Loaded plugin cadmodel (category:power,tabindex:5)
2025-01-28 07:56:20,475 [INFO] PluginManage:310 - Check plugin clock
2025-01-28 07:56:20,521 [INFO] PluginManage:359 - Loaded plugin clock (category:base,tabindex:2)
2025-01-28 07:56:20,521 [INFO] PluginManage:310 - Check plugin ddr
2025-01-28 07:56:20,542 [INFO] PluginManage:359 - Loaded plugin ddr (category:tool,tabindex:6)
2025-01-28 07:56:20,543 [INFO] PluginManage:310 - Check plugin filemanager
2025-01-28 07:56:20,937 [INFO] PluginManage:359 - Loaded plugin filemanager (category:base,tabindex:10)
2025-01-28 07:56:20,937 [INFO] PluginManage:310 - Check plugin ipmanager
2025-01-28 07:56:20,980 [INFO] PluginManage:359 - Loaded plugin ipmanager (category:base,tabindex:5)
2025-01-28 07:56:20,980 [INFO] PluginManage:310 - Check plugin lpbam
2025-01-28 07:56:21,019 [INFO] PluginManage:359 - Loaded plugin lpbam (category:base,tabindex:0)
2025-01-28 07:56:21,019 [INFO] PluginManage:310 - Check plugin memorymap
2025-01-28 07:56:21,067 [INFO] PluginManage:359 - Loaded plugin memorymap (category:base,tabindex:4)
2025-01-28 07:56:21,068 [INFO] PluginManage:310 - Check plugin pinoutandconfiguration
2025-01-28 07:56:21,106 [INFO] PluginManage:359 - Loaded plugin pinoutandconfiguration (category:base,tabindex:1)
2025-01-28 07:56:21,107 [INFO] PluginManage:310 - Check plugin pinoutconfig
2025-01-28 07:56:21,341 [WARN] SupportedApi:132 - Cannot load RTOS API schema: s4s-elt-must-match.1: The content of 'definitions' must match (annotation?, (simpleType | complexType)?, (unique | key | keyref)*)). A problem was found starting at: attribute.
2025-01-28 07:56:21,666 [INFO] PluginManage:359 - Loaded plugin pinoutconfig (category:base,tabindex:0)
2025-01-28 07:56:21,666 [INFO] PluginManage:310 - Check plugin power
2025-01-28 07:56:21,721 [INFO] PluginManage:359 - Loaded plugin power (category:power,tabindex:4)
2025-01-28 07:56:21,722 [INFO] PluginManage:310 - Check plugin projectmanager
2025-01-28 07:56:21,760 [INFO] PluginManage:359 - Loaded plugin projectmanager (category:projectmanager,tabindex:4)
2025-01-28 07:56:21,760 [INFO] PluginManage:310 - Check plugin rif
2025-01-28 07:56:21,786 [INFO] PluginManage:359 - Loaded plugin rif (category:base,tabindex:3)
2025-01-28 07:56:21,787 [INFO] PluginManage:310 - Check plugin thirdparty
2025-01-28 07:56:22,351 [INFO] PluginManage:359 - Loaded plugin thirdparty (category:base,tabindex:-1)
2025-01-28 07:56:22,351 [WARN] IntegrityCheckThread:84 - waiting for thirdparty lock release [integrity check]
2025-01-28 07:56:22,351 [INFO] IntegrityCheckThread:86 - entering critical section [integrity check]
2025-01-28 07:56:22,352 [INFO] PluginManage:310 - Check plugin tools
2025-01-28 07:56:22,352 [INFO] ThirdPartyUpdaterWithRetryManager:70 - Updater plugin not ready yet. [1/15]
2025-01-28 07:56:22,405 [INFO] PluginManage:359 - Loaded plugin tools (category:base,tabindex:7)
2025-01-28 07:56:22,405 [INFO] PluginManage:310 - Check plugin tutovideos
2025-01-28 07:56:22,716 [INFO] PluginManage:359 - Loaded plugin tutovideos (category:base,tabindex:-1)
2025-01-28 07:56:22,716 [INFO] PluginManage:310 - Check plugin updater
2025-01-28 07:56:22,771 [INFO] PluginManage:359 - Loaded plugin updater (category:base,tabindex:12)
2025-01-28 07:56:22,772 [INFO] PluginManage:310 - Check plugin userauth
2025-01-28 07:56:22,802 [INFO] UserAuth:113 - Init User Auth plugin
2025-01-28 07:56:22,802 [INFO] PluginManage:359 - Loaded plugin userauth (category:base,tabindex:14)
2025-01-28 07:56:22,803 [INFO] PluginManage:283 - PluginManage : Loaded plugins [18]
2025-01-28 07:56:23,482 [INFO] PinOutPanel:1561 - setPackage(No Configuration,No Configuration)
2025-01-28 07:56:23,704 [INFO] CADModel:165 - CPN selected for project level
2025-01-28 07:56:23,704 [INFO] CADModel:114 - Register for checkConnection events
2025-01-28 07:56:23,762 [INFO] IPUIPlugin:80 - create IPUIPlugin
2025-01-28 07:56:23,762 [INFO] PluginManager:220 - loadIPPluginJar : add adc
2025-01-28 07:56:23,813 [INFO] IPUIPlugin:80 - create IPUIPlugin
2025-01-28 07:56:23,814 [INFO] PluginManager:220 - loadIPPluginJar : add aes
2025-01-28 07:56:23,869 [INFO] IPUIPlugin:80 - create IPUIPlugin
2025-01-28 07:56:23,870 [INFO] PluginManager:220 - loadIPPluginJar : add can
2025-01-28 07:56:23,903 [INFO] IPUIPlugin:80 - create IPUIPlugin
2025-01-28 07:56:23,903 [INFO] PluginManager:220 - loadIPPluginJar : add comp
2025-01-28 07:56:23,948 [INFO] IPUIPlugin:80 - create IPUIPlugin
2025-01-28 07:56:23,948 [INFO] PluginManager:220 - loadIPPluginJar : add cryp
2025-01-28 07:56:23,969 [INFO] IPUIPlugin:80 - create IPUIPlugin
2025-01-28 07:56:23,970 [INFO] PluginManager:220 - loadIPPluginJar : add ddr_ctrl_phy
2025-01-28 07:56:24,012 [INFO] IPUIPlugin:80 - create IPUIPlugin
2025-01-28 07:56:24,013 [INFO] PluginManager:220 - loadIPPluginJar : add dfsdm
2025-01-28 07:56:24,030 [INFO] IPUIPlugin:80 - create IPUIPlugin
2025-01-28 07:56:24,031 [INFO] PluginManager:220 - loadIPPluginJar : add dma
2025-01-28 07:56:24,093 [INFO] IPUIPlugin:80 - create IPUIPlugin
2025-01-28 07:56:24,094 [INFO] PluginManager:220 - loadIPPluginJar : add dma3
2025-01-28 07:56:24,154 [INFO] IPUIPlugin:80 - create IPUIPlugin
2025-01-28 07:56:24,155 [INFO] PluginManager:220 - loadIPPluginJar : add extmemmanager
2025-01-28 07:56:24,185 [INFO] IPUIPlugin:80 - create IPUIPlugin
2025-01-28 07:56:24,185 [INFO] PluginManager:220 - loadIPPluginJar : add fatfs
2025-01-28 07:56:24,253 [INFO] IPUIPlugin:80 - create IPUIPlugin
2025-01-28 07:56:24,253 [INFO] PluginManager:220 - loadIPPluginJar : add fmc
2025-01-28 07:56:24,273 [INFO] IPUIPlugin:80 - create IPUIPlugin
2025-01-28 07:56:24,273 [INFO] PluginManager:220 - loadIPPluginJar : add freertos
2025-01-28 07:56:24,305 [INFO] IPUIPlugin:80 - create IPUIPlugin
2025-01-28 07:56:24,306 [INFO] PluginManager:220 - loadIPPluginJar : add genericplugin
2025-01-28 07:56:24,445 [INFO] IPUIPlugin:80 - create IPUIPlugin
2025-01-28 07:56:24,445 [INFO] PluginManager:220 - loadIPPluginJar : add gfxmmu
2025-01-28 07:56:24,634 [INFO] IPUIPlugin:80 - create IPUIPlugin
2025-01-28 07:56:24,634 [INFO] PluginManager:220 - loadIPPluginJar : add gic
2025-01-28 07:56:24,654 [INFO] IPUIPlugin:80 - create IPUIPlugin
2025-01-28 07:56:24,654 [INFO] PluginManager:220 - loadIPPluginJar : add gpio
2025-01-28 07:56:24,787 [INFO] IPUIPlugin:80 - create IPUIPlugin
2025-01-28 07:56:24,787 [INFO] PluginManager:220 - loadIPPluginJar : add gtzc
2025-01-28 07:56:24,834 [INFO] IPUIPlugin:80 - create IPUIPlugin
2025-01-28 07:56:24,834 [INFO] PluginManager:220 - loadIPPluginJar : add hash
2025-01-28 07:56:24,910 [INFO] IPUIPlugin:80 - create IPUIPlugin
2025-01-28 07:56:24,911 [INFO] PluginManager:220 - loadIPPluginJar : add i2c
2025-01-28 07:56:24,965 [INFO] IPUIPlugin:80 - create IPUIPlugin
2025-01-28 07:56:24,966 [INFO] PluginManager:220 - loadIPPluginJar : add i2s
2025-01-28 07:56:25,063 [INFO] IPUIPlugin:80 - create IPUIPlugin
2025-01-28 07:56:25,063 [INFO] PluginManager:220 - loadIPPluginJar : add i3c
2025-01-28 07:56:25,216 [INFO] IPUIPlugin:80 - create IPUIPlugin
2025-01-28 07:56:25,216 [INFO] PluginManager:220 - loadIPPluginJar : add ipddr
2025-01-28 07:56:25,352 [INFO] ThirdPartyUpdaterWithRetryManager:70 - Updater plugin not ready yet. [2/15]
2025-01-28 07:56:25,356 [INFO] IPUIPlugin:80 - create IPUIPlugin
2025-01-28 07:56:25,357 [INFO] PluginManager:220 - loadIPPluginJar : add linkedlist
2025-01-28 07:56:25,407 [INFO] IPUIPlugin:80 - create IPUIPlugin
2025-01-28 07:56:25,407 [INFO] PluginManager:220 - loadIPPluginJar : add lorawan
2025-01-28 07:56:25,465 [INFO] IPUIPlugin:80 - create IPUIPlugin
2025-01-28 07:56:25,465 [INFO] PluginManager:220 - loadIPPluginJar : add ltdc
2025-01-28 07:56:25,484 [INFO] IPUIPlugin:80 - create IPUIPlugin
2025-01-28 07:56:25,484 [INFO] PluginManager:220 - loadIPPluginJar : add mdma
2025-01-28 07:56:25,501 [INFO] IPUIPlugin:80 - create IPUIPlugin
2025-01-28 07:56:25,502 [INFO] PluginManager:220 - loadIPPluginJar : add nvic
2025-01-28 07:56:25,556 [INFO] IPUIPlugin:80 - create IPUIPlugin
2025-01-28 07:56:25,556 [INFO] PluginManager:220 - loadIPPluginJar : add opamp
2025-01-28 07:56:25,651 [INFO] IPUIPlugin:80 - create IPUIPlugin
2025-01-28 07:56:25,651 [INFO] PluginManager:220 - loadIPPluginJar : add openamp
2025-01-28 07:56:25,721 [INFO] IPUIPlugin:80 - create IPUIPlugin
2025-01-28 07:56:25,721 [INFO] PluginManager:220 - loadIPPluginJar : add pdm2pcm
2025-01-28 07:56:25,742 [INFO] IPUIPlugin:80 - create IPUIPlugin
2025-01-28 07:56:25,746 [INFO] PluginManager:220 - loadIPPluginJar : add plateformsettings
2025-01-28 07:56:25,779 [INFO] IPUIPlugin:80 - create IPUIPlugin
2025-01-28 07:56:25,779 [INFO] PluginManager:220 - loadIPPluginJar : add quadspi
2025-01-28 07:56:25,817 [INFO] IPUIPlugin:80 - create IPUIPlugin
2025-01-28 07:56:25,817 [INFO] PluginManager:220 - loadIPPluginJar : add radio
2025-01-28 07:56:25,834 [INFO] IPUIPlugin:80 - create IPUIPlugin
2025-01-28 07:56:25,835 [INFO] PluginManager:220 - loadIPPluginJar : add resmgrutility
2025-01-28 07:56:25,902 [INFO] IPUIPlugin:80 - create IPUIPlugin
2025-01-28 07:56:25,902 [INFO] PluginManager:220 - loadIPPluginJar : add sai
2025-01-28 07:56:25,955 [INFO] IPUIPlugin:80 - create IPUIPlugin
2025-01-28 07:56:25,955 [INFO] PluginManager:220 - loadIPPluginJar : add spi
2025-01-28 07:56:26,055 [INFO] IPUIPlugin:80 - create IPUIPlugin
2025-01-28 07:56:26,055 [INFO] PluginManager:220 - loadIPPluginJar : add stm32_wpan
2025-01-28 07:56:26,091 [INFO] IPUIPlugin:80 - create IPUIPlugin
2025-01-28 07:56:26,091 [INFO] PluginManager:220 - loadIPPluginJar : add tim
2025-01-28 07:56:26,178 [INFO] IPUIPlugin:80 - create IPUIPlugin
2025-01-28 07:56:26,178 [INFO] PluginManager:220 - loadIPPluginJar : add touchsensing
2025-01-28 07:56:26,211 [INFO] IPUIPlugin:80 - create IPUIPlugin
2025-01-28 07:56:26,211 [INFO] PluginManager:220 - loadIPPluginJar : add tracer_emb
2025-01-28 07:56:26,245 [INFO] IPUIPlugin:80 - create IPUIPlugin
2025-01-28 07:56:26,245 [INFO] PluginManager:220 - loadIPPluginJar : add ts
2025-01-28 07:56:26,278 [INFO] IPUIPlugin:80 - create IPUIPlugin
2025-01-28 07:56:26,279 [INFO] PluginManager:220 - loadIPPluginJar : add tsc
2025-01-28 07:56:26,310 [INFO] IPUIPlugin:80 - create IPUIPlugin
2025-01-28 07:56:26,311 [INFO] PluginManager:220 - loadIPPluginJar : add ucpd
2025-01-28 07:56:26,372 [INFO] IPUIPlugin:80 - create IPUIPlugin
2025-01-28 07:56:26,372 [INFO] PluginManager:220 - loadIPPluginJar : add usart
2025-01-28 07:56:26,435 [INFO] IPUIPlugin:80 - create IPUIPlugin
2025-01-28 07:56:26,435 [INFO] PluginManager:220 - loadIPPluginJar : add usbx
2025-01-28 07:56:26,655 [INFO] CADModel:165 - CPN selected for project level
2025-01-28 07:56:26,655 [INFO] CADModel:114 - Register for checkConnection events
2025-01-28 07:56:26,655 [FATAL] Updater:334 - Updater called before beeing initialized
2025-01-28 07:56:26,655 [ERROR] CADModel:125 - Updater not yet initialized, retry later 
2025-01-28 07:56:27,102 [INFO] CADModel:165 - CPN selected for project level
2025-01-28 07:56:27,103 [INFO] CADModel:114 - Register for checkConnection events
2025-01-28 07:56:27,103 [FATAL] Updater:334 - Updater called before beeing initialized
2025-01-28 07:56:27,103 [ERROR] CADModel:125 - Updater not yet initialized, retry later 
2025-01-28 07:56:27,106 [FATAL] Updater:334 - Updater called before beeing initialized
2025-01-28 07:56:27,291 [FATAL] Updater:334 - Updater called before beeing initialized
2025-01-28 07:56:27,304 [INFO] DbMcusAds:53 - JSON generation date=Fri Sep 20 15:04:38 CEST 2024 (1726837478367)
2025-01-28 07:56:27,305 [FATAL] Updater:334 - Updater called before beeing initialized
2025-01-28 07:56:27,540 [WARN] DetailPanel:346 - Failed to get advertising image, set to default
2025-01-28 07:56:27,687 [FATAL] Updater:334 - Updater called before beeing initialized
2025-01-28 07:56:27,688 [FATAL] Updater:334 - Updater called before beeing initialized
2025-01-28 07:56:27,688 [FATAL] Updater:334 - Updater called before beeing initialized
2025-01-28 07:56:27,689 [WARN] DetailPanel:346 - Failed to get advertising image, set to default
2025-01-28 07:56:27,689 [FATAL] Updater:334 - Updater called before beeing initialized
2025-01-28 07:56:27,865 [ERROR] Updater:1164 - MainUpdater not yet initialized. External WinMGr cannot be set.
2025-01-28 07:56:27,912 [INFO] Updater:1100 - Updater Version found : 6.12.1
2025-01-28 07:56:27,952 [INFO] ApplicationProperties:184 - Using Application install path: D:\STM32CubeIDE_1.16.1\STM32CubeIDE\plugins\com.st.stm32cube.common.mx_6.12.1.202409122256
2025-01-28 07:56:28,355 [INFO] ThirdPartyUpdaterWithRetryManager:70 - Updater plugin not ready yet. [3/15]
2025-01-28 07:56:29,553 [ERROR] LogOutputStream:75 - [STDERR_REDIRECT] Jan 28, 2025 7:56:29 AM java.util.prefs.WindowsPreferences <init>
2025-01-28 07:56:29,554 [ERROR] LogOutputStream:75 - [STDERR_REDIRECT] WARNING: Could not open/create prefs root node Software\JavaSoft\Prefs at root 0xffffffff80000002. Windows RegCreateKeyEx(...) returned error code 5.
2025-01-28 07:56:29,554 [ERROR] LogOutputStream:75 - [STDERR_REDIRECT] 
2025-01-28 07:56:30,108 [INFO] MainUpdater:2873 - connection check result : 10
2025-01-28 07:56:30,109 [INFO] MainUpdater:3567 - Updater definition file requires update
2025-01-28 07:56:30,110 [INFO] MainUpdater:290 - Updater Check For Update Now.
2025-01-28 07:56:30,110 [INFO] MicroXplorer:498 - Change Database Version : DB.6.0.121
2025-01-28 07:56:30,156 [INFO] McuFinderGlobals:63 - Set McuFinder mode to 2 (CubeIDE integrated)
2025-01-28 07:56:30,167 [INFO] UserAuth:417 - Internet connection configuration mode: 1
2025-01-28 07:56:30,218 [INFO] ServerAccessManage:473 - Download File updaters.zip
2025-01-28 07:56:30,295 [INFO] JxBrowserEngine:152 - Initiate JxBrowser Engine with user profile folder
2025-01-28 07:56:30,378 [INFO] FileExtend:240 - Unzip File : updaters.zip
2025-01-28 07:56:30,378 [INFO] FileExtend:255 - Standard Zip Deflate
2025-01-28 07:56:31,333 [INFO] ServerAccessManage:473 - Download File PacksControlFlags.xml
2025-01-28 07:56:31,355 [WARN] MainUpdater:1194 - Updater busy. Cannot search thirdparties
2025-01-28 07:56:31,356 [INFO] ThirdPartyUpdaterWithRetryManager:96 - Updater plugin is busy. [1/15]
2025-01-28 07:56:31,692 [INFO] ServerAccessManage:473 - Download File cubemx.pidx
2025-01-28 07:56:32,978 [INFO] ServerAccessManage:473 - Download File STMicroelectronics.X-CUBE-AI.pdsc
2025-01-28 07:56:34,357 [WARN] MainUpdater:1194 - Updater busy. Cannot search thirdparties
2025-01-28 07:56:34,357 [INFO] ThirdPartyUpdaterWithRetryManager:96 - Updater plugin is busy. [2/15]
2025-01-28 07:56:35,032 [INFO] ServerAccessManage:473 - Download File STMicroelectronics.X-CUBE-IPS.pdsc
2025-01-28 07:56:36,958 [INFO] ServerAccessManage:473 - Download File STMicroelectronics.X-CUBE-TOUCHGFX.pdsc
2025-01-28 07:56:37,359 [WARN] MainUpdater:1194 - Updater busy. Cannot search thirdparties
2025-01-28 07:56:37,359 [INFO] ThirdPartyUpdaterWithRetryManager:96 - Updater plugin is busy. [3/15]
2025-01-28 07:56:40,360 [WARN] MainUpdater:1194 - Updater busy. Cannot search thirdparties
2025-01-28 07:56:40,360 [INFO] ThirdPartyUpdaterWithRetryManager:96 - Updater plugin is busy. [4/15]
2025-01-28 07:56:41,701 [INFO] WebApp:167 - Instantiating new browser for Auth
2025-01-28 07:56:43,361 [WARN] MainUpdater:1194 - Updater busy. Cannot search thirdparties
2025-01-28 07:56:43,361 [INFO] ThirdPartyUpdaterWithRetryManager:96 - Updater plugin is busy. [5/15]
2025-01-28 07:56:43,754 [INFO] WebApp:448 - Apply proxy settings
2025-01-28 07:56:43,755 [INFO] WebApp:533 - Chromium requires no authentication
2025-01-28 07:56:43,777 [INFO] WebApp:476 - Direct internet connection detected
2025-01-28 07:56:43,813 [INFO] WebApp:869 - Register for checkConnection events
2025-01-28 07:56:43,814 [INFO] WebApp:448 - Apply proxy settings
2025-01-28 07:56:43,814 [INFO] WebApp:533 - Chromium requires no authentication
2025-01-28 07:56:43,815 [INFO] WebApp:476 - Direct internet connection detected
2025-01-28 07:56:44,232 [INFO] WebApp:220 - Starting web application
2025-01-28 07:56:44,232 [INFO] WebApp:578 - Web application path used D:\STM32CubeIDE_1.16.1\STM32CubeIDE\plugins\com.st.stm32cube.common.mx_6.12.1.202409122256\db\plugins\mcufinder\reactClient1\index.html
2025-01-28 07:56:44,690 [INFO] UserAuth:417 - Internet connection configuration mode: 1
2025-01-28 07:56:46,346 [INFO] WebApp:186 - Connection restablished
2025-01-28 07:56:46,363 [WARN] MainUpdater:1194 - Updater busy. Cannot search thirdparties
2025-01-28 07:56:46,363 [INFO] ThirdPartyUpdaterWithRetryManager:96 - Updater plugin is busy. [6/15]
2025-01-28 07:56:49,365 [WARN] MainUpdater:1194 - Updater busy. Cannot search thirdparties
2025-01-28 07:56:49,365 [INFO] ThirdPartyUpdaterWithRetryManager:96 - Updater plugin is busy. [7/15]
2025-01-28 07:56:49,424 [WARN] PackLoader:240 - Cannot read IP mode file for STMicroelectronics.X-CUBE-AI.10.0.0
2025-01-28 07:56:49,436 [WARN] PopulateThirdPartyThread:106 - Error when creating pack: C:/Users/solom/.stm32cubemx/thirdparties/pdsc/STMicroelectronics.X-CUBE-IPS.pdsc
2025-01-28 07:56:49,442 [WARN] PackLoader:240 - Cannot read IP mode file for STMicroelectronics.X-CUBE-TOUCHGFX.4.24.2
2025-01-28 07:56:49,443 [INFO] PopulateThirdPartyThread:66 - Ending populate Thread
2025-01-28 07:56:49,445 [INFO] ThirdParty:1030 - CMSIS Pack Vendor :STMicroelectronics X-CUBE-AI 10.0.0
2025-01-28 07:56:49,445 [INFO] ThirdParty:1030 - CMSIS Pack Vendor :STMicroelectronics X-CUBE-TOUCHGFX 4.24.2
2025-01-28 07:56:49,445 [INFO] LoadServerUpdatesThread:375 - End of LoadServerUpdate Thread
2025-01-28 07:56:49,609 [INFO] CheckServerUpdateThread:120 - End of CheckServer Thread
2025-01-28 07:56:52,812 [WARN] PackLoader:240 - Cannot read IP mode file for STMicroelectronics.FP-SNS-MOTENVWB1.1.4.0
2025-01-28 07:56:52,820 [WARN] PackLoader:240 - Cannot read IP mode file for STMicroelectronics.FP-ATR-ASTRA1.2.0.1
2025-01-28 07:56:52,836 [WARN] PackLoader:240 - Cannot read IP mode file for STMicroelectronics.X-CUBE-SMBUS.2.1.0
2025-01-28 07:56:52,857 [WARN] PackLoader:240 - Cannot read IP mode file for STMicroelectronics.X-CUBE-WB05N.1.1.0
2025-01-28 07:56:52,899 [WARN] PackLoader:240 - Cannot read IP mode file for STMicroelectronics.X-CUBE-AZRTOS-F7.1.1.0
2025-01-28 07:56:53,006 [WARN] PackLoader:240 - Cannot read IP mode file for STMicroelectronics.X-CUBE-MEMS1.11.0.0
2025-01-28 07:56:53,230 [WARN] PackLoader:240 - Cannot read IP mode file for STMicroelectronics.X-CUBE-BLE1.6.2.4
2025-01-28 07:56:53,239 [WARN] PackLoader:240 - Cannot read IP mode file for STMicroelectronics.FP-SNS-FLIGHT1.5.0.2
2025-01-28 07:56:53,269 [WARN] PackLoader:240 - Cannot read IP mode file for STMicroelectronics.X-CUBE-DISPLAY.3.0.0
2025-01-28 07:56:53,293 [WARN] PackLoader:240 - Cannot read IP mode file for STMicroelectronics.X-CUBE-BLE1.7.0.0
2025-01-28 07:56:53,323 [WARN] PackLoader:240 - Cannot read IP mode file for STMicroelectronics.X-CUBE-NFC10.1.0.0
2025-01-28 07:56:53,359 [WARN] PackLoader:240 - Cannot read IP mode file for STMicroelectronics.X-CUBE-BLEMGR.4.0.0
2025-01-28 07:56:53,392 [WARN] PackLoader:240 - Cannot read IP mode file for STMicroelectronics.X-CUBE-BLEMGR.3.1.0
2025-01-28 07:56:53,399 [WARN] PackLoader:240 - Cannot read IP mode file for STMicroelectronics.X-CUBE-AI.10.0.0
2025-01-28 07:56:53,421 [WARN] PackLoader:240 - Cannot read IP mode file for STMicroelectronics.FP-SNS-SMARTAG2.1.2.0
2025-01-28 07:56:53,546 [WARN] PackLoader:240 - Cannot read IP mode file for STMicroelectronics.X-CUBE-MEMS1.11.1.0
2025-01-28 07:56:53,730 [INFO] LogOutputStream:77 - [STDOUT_REDIRECT] 1 : Invalid condition id : UX_CORESTACK_Condition cause : null
2025-01-28 07:56:53,731 [INFO] LogOutputStream:77 - [STDOUT_REDIRECT] 1 : Invalid condition id : UX_CORESTACK_Condition cause : null
2025-01-28 07:56:53,736 [INFO] LogOutputStream:77 - [STDOUT_REDIRECT] 1 : Invalid condition id : UX_CORESTACK_Condition cause : null
2025-01-28 07:56:53,738 [INFO] LogOutputStream:77 - [STDOUT_REDIRECT] 1 : Invalid condition id : UX_CORESTACK_Condition cause : null
2025-01-28 07:56:53,739 [INFO] LogOutputStream:77 - [STDOUT_REDIRECT] 1 : Invalid condition id : UX_CORESTACK_Condition cause : null
2025-01-28 07:56:53,742 [WARN] PackLoader:240 - Cannot read IP mode file for STMicroelectronics.X-CUBE-AZRTOS-WL.2.0.0
2025-01-28 07:56:53,770 [WARN] PackLoader:240 - Cannot read IP mode file for STMicroelectronics.FP-SNS-MOTENV1.5.0.0
2025-01-28 07:56:53,779 [WARN] PackLoader:240 - Cannot read IP mode file for wolfSSL.I-CUBE-wolfMQTT.1.19.0
2025-01-28 07:56:53,805 [WARN] PackLoader:240 - Cannot read IP mode file for WES.I-CUBE-Cesium.1.3.0
2025-01-28 07:56:53,826 [WARN] PackLoader:240 - Cannot read IP mode file for STMicroelectronics.X-CUBE-BLE2.3.3.0
2025-01-28 07:56:53,850 [WARN] PackLoader:240 - Cannot read IP mode file for STMicroelectronics.X-CUBE-NFC9.1.0.0
2025-01-28 07:56:53,873 [WARN] PackLoader:240 - Cannot read IP mode file for STMicroelectronics.X-CUBE-TCPP.4.1.0
2025-01-28 07:56:53,897 [WARN] PackLoader:240 - Cannot read IP mode file for STMicroelectronics.X-CUBE-TOUCHGFX.4.21.3
2025-01-28 07:56:53,918 [WARN] PackLoader:240 - Cannot read IP mode file for STMicroelectronics.X-CUBE-ALGOBUILD.1.3.0
2025-01-28 07:56:53,956 [WARN] PackLoader:240 - Cannot read IP mode file for STMicroelectronics.X-CUBE-AZRTOS-G0.1.1.0
2025-01-28 07:56:53,981 [WARN] PackLoader:240 - Cannot read IP mode file for STMicroelectronics.X-CUBE-SAFEA1.1.2.2
2025-01-28 07:56:54,007 [WARN] PackLoader:240 - Cannot read IP mode file for STMicroelectronics.X-CUBE-NFC4.3.0.0
2025-01-28 07:56:54,036 [WARN] PackLoader:240 - Cannot read IP mode file for EmbeddedOffice.I-CUBE-FS-RTOS.1.0.1
2025-01-28 07:56:54,037 [ERROR] ConditionMgr:805 - Attr not supported : Dmpu
2025-01-28 07:56:54,037 [ERROR] ConditionMgr:805 - Attr not supported : Dmpu
2025-01-28 07:56:54,037 [ERROR] ConditionMgr:805 - Attr not supported : Dmpu
2025-01-28 07:56:54,037 [ERROR] ConditionMgr:805 - Attr not supported : Dmpu
2025-01-28 07:56:54,037 [ERROR] ConditionMgr:805 - Attr not supported : Dmpu
2025-01-28 07:56:54,037 [ERROR] ConditionMgr:805 - Attr not supported : Dmpu
2025-01-28 07:56:54,037 [ERROR] ConditionMgr:805 - Attr not supported : Dmpu
2025-01-28 07:56:54,037 [ERROR] ConditionMgr:805 - Attr not supported : Dmpu
2025-01-28 07:56:54,037 [ERROR] ConditionMgr:805 - Attr not supported : Dmpu
2025-01-28 07:56:54,037 [ERROR] ConditionMgr:805 - Attr not supported : Dmpu
2025-01-28 07:56:54,037 [ERROR] ConditionMgr:805 - Attr not supported : Dmpu
2025-01-28 07:56:54,038 [ERROR] ConditionMgr:805 - Attr not supported : Dmpu
2025-01-28 07:56:54,038 [ERROR] ConditionMgr:805 - Attr not supported : Dmpu
2025-01-28 07:56:54,038 [ERROR] ConditionMgr:805 - Attr not supported : Dmpu
2025-01-28 07:56:54,038 [ERROR] ConditionMgr:805 - Attr not supported : Dmpu
2025-01-28 07:56:54,038 [ERROR] ConditionMgr:805 - Attr not supported : Dmpu
2025-01-28 07:56:54,038 [ERROR] ConditionMgr:805 - Attr not supported : Dmpu
2025-01-28 07:56:54,038 [ERROR] ConditionMgr:805 - Attr not supported : Dmpu
2025-01-28 07:56:54,038 [ERROR] ConditionMgr:805 - Attr not supported : Dmpu
2025-01-28 07:56:54,038 [ERROR] ConditionMgr:805 - Attr not supported : Dmpu
2025-01-28 07:56:54,038 [ERROR] ConditionMgr:805 - Attr not supported : Dmpu
2025-01-28 07:56:54,038 [ERROR] ConditionMgr:805 - Attr not supported : Dmpu
2025-01-28 07:56:54,039 [ERROR] ConditionMgr:805 - Attr not supported : Dmpu
2025-01-28 07:56:54,039 [ERROR] ConditionMgr:805 - Attr not supported : Dmpu
2025-01-28 07:56:54,039 [ERROR] ConditionMgr:805 - Attr not supported : Dmpu
2025-01-28 07:56:54,039 [ERROR] ConditionMgr:805 - Attr not supported : Dmpu
2025-01-28 07:56:54,039 [ERROR] ConditionMgr:805 - Attr not supported : Dmpu
2025-01-28 07:56:54,039 [ERROR] ConditionMgr:805 - Attr not supported : Dmpu
2025-01-28 07:56:54,039 [ERROR] ConditionMgr:805 - Attr not supported : Dmpu
2025-01-28 07:56:54,039 [ERROR] ConditionMgr:805 - Attr not supported : Dmpu
2025-01-28 07:56:54,039 [ERROR] ConditionMgr:805 - Attr not supported : Dmpu
2025-01-28 07:56:54,039 [ERROR] ConditionMgr:805 - Attr not supported : Dmpu
2025-01-28 07:56:54,039 [ERROR] ConditionMgr:805 - Attr not supported : Dmpu
2025-01-28 07:56:54,039 [ERROR] ConditionMgr:805 - Attr not supported : Dmpu
2025-01-28 07:56:54,039 [ERROR] ConditionMgr:805 - Attr not supported : Dmpu
2025-01-28 07:56:54,040 [ERROR] ConditionMgr:805 - Attr not supported : Dmpu
2025-01-28 07:56:54,040 [ERROR] ConditionMgr:805 - Attr not supported : Dmpu
2025-01-28 07:56:54,040 [ERROR] ConditionMgr:805 - Attr not supported : Dmpu
2025-01-28 07:56:54,040 [ERROR] ConditionMgr:805 - Attr not supported : Dmpu
2025-01-28 07:56:54,040 [ERROR] ConditionMgr:805 - Attr not supported : Dmpu
2025-01-28 07:56:54,040 [ERROR] ConditionMgr:805 - Attr not supported : Dmpu
2025-01-28 07:56:54,040 [ERROR] ConditionMgr:805 - Attr not supported : Dmpu
2025-01-28 07:56:54,040 [ERROR] ConditionMgr:805 - Attr not supported : Dmpu
2025-01-28 07:56:54,040 [ERROR] ConditionMgr:805 - Attr not supported : Dmpu
2025-01-28 07:56:54,040 [ERROR] ConditionMgr:805 - Attr not supported : Dmpu
2025-01-28 07:56:54,040 [ERROR] ConditionMgr:805 - Attr not supported : Dmpu
2025-01-28 07:56:54,041 [ERROR] ConditionMgr:805 - Attr not supported : Dmpu
2025-01-28 07:56:54,041 [ERROR] ConditionMgr:805 - Attr not supported : Dmpu
2025-01-28 07:56:54,041 [ERROR] ConditionMgr:805 - Attr not supported : Dmpu
2025-01-28 07:56:54,041 [ERROR] ConditionMgr:805 - Attr not supported : Dmpu
2025-01-28 07:56:54,041 [ERROR] ConditionMgr:805 - Attr not supported : Dmpu
2025-01-28 07:56:54,041 [ERROR] ConditionMgr:805 - Attr not supported : Dmpu
2025-01-28 07:56:54,041 [ERROR] ConditionMgr:805 - Attr not supported : Dmpu
2025-01-28 07:56:54,041 [ERROR] ConditionMgr:805 - Attr not supported : Dmpu
2025-01-28 07:56:54,041 [ERROR] ConditionMgr:805 - Attr not supported : Dmpu
2025-01-28 07:56:54,041 [ERROR] ConditionMgr:805 - Attr not supported : Dmpu
2025-01-28 07:56:54,041 [ERROR] ConditionMgr:805 - Attr not supported : Dmpu
2025-01-28 07:56:54,042 [ERROR] ConditionMgr:805 - Attr not supported : Dmpu
2025-01-28 07:56:54,042 [ERROR] ConditionMgr:805 - Attr not supported : Dmpu
2025-01-28 07:56:54,042 [ERROR] ConditionMgr:805 - Attr not supported : Dmpu
2025-01-28 07:56:54,042 [ERROR] ConditionMgr:805 - Attr not supported : Dmpu
2025-01-28 07:56:54,042 [ERROR] ConditionMgr:805 - Attr not supported : Dmpu
2025-01-28 07:56:54,042 [ERROR] ConditionMgr:805 - Attr not supported : Dmpu
2025-01-28 07:56:54,042 [ERROR] ConditionMgr:805 - Attr not supported : Dmpu
2025-01-28 07:56:54,062 [ERROR] Engine:466 - C:\Users\solom\.stm32cubemx\thirdparties\pdsc\STMicroelectronics.X-CUBE-TCPP.4.2.0.pdsc: PDSC version is not supported
2025-01-28 07:56:54,086 [WARN] PackLoader:240 - Cannot read IP mode file for RealThread.X-CUBE-RT-Thread_Nano.4.1.1
2025-01-28 07:56:54,093 [WARN] PackLoader:240 - Cannot read IP mode file for STMicroelectronics.FP-ATR-SIGFOX1.3.2.0
2025-01-28 07:56:54,102 [WARN] ConditionMgr:438 - getConditionDescription Invalid condition id : Cortex-A Device cause : null
2025-01-28 07:56:54,131 [WARN] ConditionMgr:1039 - genDependencies : Invalid condition id : Cortex-A Device cause : null
2025-01-28 07:56:54,131 [WARN] ConditionMgr:1039 - genDependencies : Invalid condition id : Cortex-A Device cause : null
2025-01-28 07:56:54,131 [WARN] ConditionMgr:1039 - genDependencies : Invalid condition id : Cortex-A Device cause : null
2025-01-28 07:56:54,154 [WARN] PackLoader:240 - Cannot read IP mode file for STMicroelectronics.X-CUBE-EEPRMA1.5.1.0
2025-01-28 07:56:54,181 [WARN] PackLoader:240 - Cannot read IP mode file for ITTIA_DB.I-CUBE-ITTIADB.8.9.0
2025-01-28 07:56:54,262 [WARN] PackLoader:240 - Cannot read IP mode file for STMicroelectronics.X-CUBE-MEMS1.9.5.0
2025-01-28 07:56:54,485 [WARN] PackLoader:240 - Cannot read IP mode file for SEGGER.I-CUBE-embOS.1.3.1
2025-01-28 07:56:54,548 [WARN] PackLoader:240 - Cannot read IP mode file for STMicroelectronics.X-CUBE-ALGOBUILD.1.4.0
2025-01-28 07:56:54,567 [WARN] PackLoader:240 - Cannot read IP mode file for STMicroelectronics.X-CUBE-AI.9.1.0
2025-01-28 07:56:54,590 [WARN] PackLoader:240 - Cannot read IP mode file for STMicroelectronics.X-CUBE-GNSS1.6.0.0
2025-01-28 07:56:54,652 [WARN] PackLoader:240 - Cannot read IP mode file for STMicroelectronics.X-CUBE-AZRTOS-F4.1.1.0
2025-01-28 07:56:54,688 [WARN] PackLoader:240 - Cannot read IP mode file for STMicroelectronics.X-CUBE-ISPU.2.1.0
2025-01-28 07:56:54,716 [WARN] PackLoader:240 - Cannot read IP mode file for STMicroelectronics.X-CUBE-FREERTOS.1.2.0
2025-01-28 07:56:54,768 [WARN] PackLoader:240 - Cannot read IP mode file for STMicroelectronics.X-CUBE-AZRTOS-L5.2.0.0
2025-01-28 07:56:54,804 [WARN] PackLoader:240 - Cannot read IP mode file for STMicroelectronics.X-CUBE-NFC6.3.1.0
2025-01-28 07:56:54,834 [WARN] PackLoader:240 - Cannot read IP mode file for emotas.I-CUBE-CANOPEN.1.1.3
2025-01-28 07:56:54,858 [WARN] PackLoader:240 - Cannot read IP mode file for STMicroelectronics.X-CUBE-BLEMGR.2.0.0
2025-01-28 07:56:54,885 [WARN] PackLoader:240 - Cannot read IP mode file for STMicroelectronics.X-CUBE-DPower.1.2.0
2025-01-28 07:56:54,907 [WARN] PackLoader:240 - Cannot read IP mode file for wolfSSL.I-CUBE-wolfSSL.5.5.4
2025-01-28 07:56:54,940 [WARN] PackLoader:240 - Cannot read IP mode file for STMicroelectronics.X-CUBE-FREERTOS.1.3.0
2025-01-28 07:56:54,968 [WARN] PackLoader:240 - Cannot read IP mode file for STMicroelectronics.X-CUBE-NFC7.1.0.1
2025-01-28 07:56:54,997 [WARN] PackLoader:240 - Cannot read IP mode file for STMicroelectronics.X-CUBE-NFC7.1.0.0
2025-01-28 07:56:55,026 [WARN] PackLoader:240 - Cannot read IP mode file for STMicroelectronics.X-CUBE-EEPRMA1.4.1.0
2025-01-28 07:56:55,078 [WARN] ConditionMgr:438 - getConditionDescription Invalid condition id : LAN8742 Phy interface Condition cause : null
2025-01-28 07:56:55,079 [WARN] PackLoader:240 - Cannot read IP mode file for STMicroelectronics.X-CUBE-AZRTOS-L4.2.0.0
2025-01-28 07:56:55,080 [WARN] ConditionMgr:1039 - genDependencies : Invalid condition id : LAN8742 Phy interface Condition cause : null
2025-01-28 07:56:55,081 [WARN] ConditionMgr:1039 - genDependencies : Invalid condition id : LAN8742 Phy interface Condition cause : null
2025-01-28 07:56:55,081 [WARN] ConditionMgr:1039 - genDependencies : Invalid condition id : LAN8742 Phy interface Condition cause : null
2025-01-28 07:56:55,107 [WARN] PackLoader:240 - Cannot read IP mode file for STMicroelectronics.X-CUBE-SFXS2LP1.4.0.0
2025-01-28 07:56:55,154 [WARN] PackLoader:240 - Cannot read IP mode file for STMicroelectronics.X-CUBE-AZRTOS-H7.3.0.0
2025-01-28 07:56:55,177 [WARN] PackLoader:240 - Cannot read IP mode file for STMicroelectronics.X-CUBE-ISPU.1.1.0
2025-01-28 07:56:55,221 [WARN] PackLoader:240 - Cannot read IP mode file for STMicroelectronics.X-CUBE-AZRTOS-H7.3.3.0
2025-01-28 07:56:55,249 [WARN] PackLoader:240 - Cannot read IP mode file for RoweBots.I-CUBE-UNISONRTOS.5.5.0-4
2025-01-28 07:56:55,266 [WARN] PackLoader:240 - Cannot read IP mode file for STMicroelectronics.X-CUBE-AI.8.0.0
2025-01-28 07:56:55,292 [WARN] PackLoader:240 - Cannot read IP mode file for STMicroelectronics.X-CUBE-IPS.3.0.0
2025-01-28 07:56:55,332 [WARN] ConditionMgr:438 - getConditionDescription Invalid condition id : UX DEVICE CLASS RTOS Condition cause : null
2025-01-28 07:56:55,333 [WARN] ConditionMgr:438 - getConditionDescription Invalid condition id : UX DEVICE CLASS RTOS Condition cause : null
2025-01-28 07:56:55,336 [WARN] PackLoader:240 - Cannot read IP mode file for STMicroelectronics.X-CUBE-AZRTOS-WB.2.0.0
2025-01-28 07:56:55,337 [WARN] ConditionMgr:1039 - genDependencies : Invalid condition id : UX DEVICE CLASS RTOS Condition cause : null
2025-01-28 07:56:55,337 [WARN] ConditionMgr:1039 - genDependencies : Invalid condition id : UX DEVICE CLASS RTOS Condition cause : null
2025-01-28 07:56:55,338 [WARN] ConditionMgr:1039 - genDependencies : Invalid condition id : UX DEVICE CLASS RTOS Condition cause : null
2025-01-28 07:56:55,338 [WARN] ConditionMgr:1039 - genDependencies : Invalid condition id : UX DEVICE CLASS RTOS Condition cause : null
2025-01-28 07:56:55,338 [WARN] ConditionMgr:1039 - genDependencies : Invalid condition id : UX DEVICE CLASS RTOS Condition cause : null
2025-01-28 07:56:55,358 [WARN] PackLoader:240 - Cannot read IP mode file for STMicroelectronics.X-CUBE-FREERTOS.1.0.0
2025-01-28 07:56:55,379 [WARN] PackLoader:240 - Cannot read IP mode file for STMicroelectronics.X-CUBE-GNSS1.7.0.0
2025-01-28 07:56:55,400 [WARN] PackLoader:240 - Cannot read IP mode file for STMicroelectronics.X-CUBE-GNSS1.7.0.1
2025-01-28 07:56:55,421 [WARN] PackLoader:240 - Cannot read IP mode file for STMicroelectronics.FP-SNS-STBOX1.2.0.0
2025-01-28 07:56:55,460 [WARN] PackLoader:240 - Cannot read IP mode file for STMicroelectronics.X-CUBE-AZRTOS-L5.1.1.0
2025-01-28 07:56:55,492 [WARN] PackLoader:240 - Cannot read IP mode file for STMicroelectronics.X-CUBE-SUBG2.5.0.0
2025-01-28 07:56:55,504 [WARN] PackLoader:240 - Cannot read IP mode file for Cesanta.I-CUBE-Mongoose.7.13.0
2025-01-28 07:56:55,540 [WARN] PackLoader:240 - Cannot read IP mode file for STMicroelectronics.X-CUBE-AZRTOS-G4.2.0.0
2025-01-28 07:56:55,570 [WARN] PackLoader:240 - Cannot read IP mode file for STMicroelectronics.X-CUBE-TOF1.3.3.0
2025-01-28 07:56:55,595 [WARN] PackLoader:240 - Cannot read IP mode file for STMicroelectronics.FP-ATR-ASTRA1.1.1.1
2025-01-28 07:56:55,634 [WARN] PackLoader:240 - Cannot read IP mode file for STMicroelectronics.X-CUBE-AZRTOS-G4.1.0.0
2025-01-28 07:56:55,674 [WARN] PackLoader:240 - Cannot read IP mode file for STMicroelectronics.X-CUBE-AZRTOS-L4.1.0.0
2025-01-28 07:56:55,681 [ERROR] Engine:466 - C:\Users\solom\.stm32cubemx\thirdparties\pdsc\STMicroelectronics.X-CUBE-IPS.3.1.0.pdsc: PDSC version is not supported
2025-01-28 07:56:55,701 [WARN] PackLoader:240 - Cannot read IP mode file for STMicroelectronics.X-CUBE-ALS.1.0.2
2025-01-28 07:56:55,704 [WARN] PackLoader:240 - Cannot read IP mode file for STMicroelectronics.X-CUBE-TOUCHGFX.4.24.2
2025-01-28 07:56:55,734 [WARN] PackLoader:240 - Cannot read IP mode file for STMicroelectronics.X-CUBE-AZRTOS-WL.1.0.0
2025-01-28 07:56:55,751 [WARN] PackLoader:240 - Cannot read IP mode file for STMicroelectronics.X-CUBE-TOUCHGFX.4.24.1
2025-01-28 07:56:55,755 [WARN] PackLoader:240 - Cannot read IP mode file for wolfSSL.I-CUBE-wolfTPM.3.4.0
2025-01-28 07:56:55,776 [WARN] PackLoader:240 - Cannot read IP mode file for portGmbH.I-Cube-SoM-uGOAL.1.1.0
2025-01-28 07:56:55,791 [WARN] PackLoader:240 - Cannot read IP mode file for STMicroelectronics.X-CUBE-ALS.1.0.1
2025-01-28 07:56:55,826 [WARN] PackLoader:240 - Cannot read IP mode file for STMicroelectronics.X-CUBE-AZRTOS-WB.1.1.0
2025-01-28 07:56:55,873 [WARN] PackLoader:240 - Cannot read IP mode file for STMicroelectronics.X-CUBE-AZRTOS-H7RS.1.0.0
2025-01-28 07:56:55,893 [WARN] PackLoader:240 - Cannot read IP mode file for STMicroelectronics.FP-ATR-ASTRA1.2.0.0
2025-01-28 07:56:55,922 [WARN] PackLoader:240 - Cannot read IP mode file for STMicroelectronics.X-CUBE-TOF1.3.4.2
2025-01-28 07:56:55,980 [WARN] PackLoader:240 - Cannot read IP mode file for Infineon.AIROC-Wi-Fi-Bluetooth-STM32.1.6.1
2025-01-28 07:56:55,991 [WARN] PackLoader:240 - Cannot read IP mode file for wolfSSL.I-CUBE-wolfSSH.1.4.17
2025-01-28 07:56:55,991 [INFO] ThirdParty:978 - Integrity check success = true
2025-01-28 07:56:55,991 [INFO] IntegrityCheckThread:100 - exiting critical section [integrity check]
2025-01-28 07:56:55,991 [INFO] IntegrityCheckThread:103 - End integrity checks thread
2025-01-28 08:34:06,730 [INFO] WebApp:189 - Connection lost
2025-01-28 08:34:07,165 [INFO] WebApp:186 - Connection restablished
2025-01-28 08:34:10,354 [INFO] WebApp:189 - Connection lost
2025-01-28 08:34:10,656 [INFO] WebApp:186 - Connection restablished
2025-01-28 09:07:21,103 [INFO] WebApp:189 - Connection lost
2025-01-28 09:07:21,842 [INFO] WebApp:186 - Connection restablished
2025-01-28 09:07:23,501 [INFO] WebApp:189 - Connection lost
2025-01-28 09:07:23,821 [INFO] WebApp:186 - Connection restablished
2025-01-28 09:07:29,352 [INFO] WebApp:189 - Connection lost
2025-01-28 09:07:29,662 [INFO] WebApp:186 - Connection restablished
2025-01-28 11:20:36,624 [INFO] WebApp:189 - Connection lost
2025-01-28 11:20:38,695 [INFO] WebApp:186 - Connection restablished
2025-01-28 11:20:38,874 [INFO] WebApp:189 - Connection lost
2025-01-28 11:20:39,125 [INFO] WebApp:186 - Connection restablished
2025-01-28 11:20:44,340 [INFO] WebApp:189 - Connection lost
2025-01-28 11:20:44,606 [INFO] WebApp:186 - Connection restablished
2025-01-28 11:49:45,322 [INFO] WebApp:189 - Connection lost
2025-01-28 11:50:50,060 [INFO] WebApp:186 - Connection restablished
2025-01-28 12:11:33,248 [INFO] WebApp:189 - Connection lost
2025-01-28 12:11:33,251 [INFO] WebApp:186 - Connection restablished
2025-01-28 12:11:46,878 [INFO] WebApp:189 - Connection lost
2025-01-28 12:11:47,199 [INFO] WebApp:186 - Connection restablished
2025-01-28 12:11:49,916 [INFO] WebApp:189 - Connection lost
2025-01-28 12:11:50,148 [INFO] WebApp:186 - Connection restablished
2025-01-28 12:36:51,323 [INFO] WebApp:189 - Connection lost
2025-01-28 12:36:51,658 [INFO] WebApp:186 - Connection restablished
2025-01-28 12:38:02,478 [ERROR] LogOutputStream:75 - [STDERR_REDIRECT] 
