2024-12-05 16:31:00,066 [INFO] Activator:176 - 


2024-12-05 16:31:00,088 [INFO] Activator:177 - !SESSION log4j initialized
2024-12-05 16:31:14,470 [INFO] LogOutputStream:77 - [STDOUT_REDIRECT] 
2024-12-05 16:31:22,511 [INFO] ApplicationProperties:184 - Using Application install path: D:\STM32CubeIDE_1.16.1\STM32CubeIDE\plugins\com.st.stm32cube.common.mx_6.12.1.202409122256
2024-12-05 16:31:22,567 [INFO] DbMcusXml:78 - Set database path to: D:\STM32CubeIDE_1.16.1\STM32CubeIDE\plugins\com.st.stm32cube.common.mx_6.12.1.202409122256\\db\/mcu/
2024-12-05 16:31:22,567 [INFO] ApiDb:274 - Set plugin database path to: D:\STM32CubeIDE_1.16.1\STM32CubeIDE\plugins\com.st.stm32cube.common.mx_6.12.1.202409122256\\db\/plugins/boardmanager/
2024-12-05 16:31:22,568 [WARN] ApiDb:259 - Overriding images path with different value:  => D:\STM32CubeIDE_1.16.1\STM32CubeIDE\plugins\com.st.stm32cube.common.mx_6.12.1.202409122256\\db\/plugins/mcufinder/images/
2024-12-05 16:31:22,631 [INFO] ApiDb:250 - Set database path to: C:\Users\solom\.stmcufinder\plugins\mcufinder//mcu/
2024-12-05 16:31:22,632 [INFO] DbMcusAds:125 - Set database path to: C:\Users\solom\.stmcufinder\plugins\mcufinder//mcu/
2024-12-05 16:31:22,635 [INFO] CrossReferenceDbSqlite:203 - Set database path to: C:\Users\solom\.stmcufinder\plugins\mcufinder//mcu/cs/
2024-12-05 16:31:22,885 [INFO] RulesReader:64 - Compatibility file has been processed (297 Rules)
2024-12-05 16:31:23,160 [INFO] DbMcusXml:78 - Set database path to: D:\STM32CubeIDE_1.16.1\STM32CubeIDE\plugins\com.st.stm32cube.common.mx_6.12.1.202409122256\\db\/mcu/
2024-12-05 16:31:23,161 [INFO] ApiDb:274 - Set plugin database path to: D:\STM32CubeIDE_1.16.1\STM32CubeIDE\plugins\com.st.stm32cube.common.mx_6.12.1.202409122256\\db\/plugins/boardmanager/
2024-12-05 16:31:23,161 [INFO] ApiDb:261 - Set plugin images path to: D:\STM32CubeIDE_1.16.1\STM32CubeIDE\plugins\com.st.stm32cube.common.mx_6.12.1.202409122256\\db\/plugins/mcufinder/images/
2024-12-05 16:31:23,161 [WARN] DbFile:41 - Overriding database path with different value: C:\Users\solom\.stmcufinder\plugins\mcufinder/ => C:\Users\solom\.stmcufinder\plugins\mcufinder
2024-12-05 16:31:23,161 [INFO] ApiDb:250 - Set database path to: C:\Users\solom\.stmcufinder\plugins\mcufinder//mcu/
2024-12-05 16:31:23,161 [WARN] DbFile:41 - Overriding database path with different value: C:\Users\solom\.stmcufinder\plugins\mcufinder/ => C:\Users\solom\.stmcufinder\plugins\mcufinder
2024-12-05 16:31:23,162 [INFO] DbMcusAds:125 - Set database path to: C:\Users\solom\.stmcufinder\plugins\mcufinder//mcu/
2024-12-05 16:31:23,162 [WARN] DbFile:41 - Overriding database path with different value: C:\Users\solom\.stmcufinder\plugins\mcufinder/ => C:\Users\solom\.stmcufinder\plugins\mcufinder
2024-12-05 16:31:23,162 [WARN] DbFile:41 - Overriding database path with different value: C:\Users\solom\.stmcufinder\plugins\mcufinder/ => C:\Users\solom\.stmcufinder\plugins\mcufinder
2024-12-05 16:31:23,162 [INFO] CrossReferenceDbSqlite:203 - Set database path to: C:\Users\solom\.stmcufinder\plugins\mcufinder//mcu/cs/
2024-12-05 16:31:23,540 [INFO] MainPanel:268 - HeapMemory: 268435456
2024-12-05 16:31:23,892 [INFO] DbMcusXml:78 - Set database path to: D:\STM32CubeIDE_1.16.1\STM32CubeIDE\plugins\com.st.stm32cube.common.mx_6.12.1.202409122256\\db\/mcu/
2024-12-05 16:31:23,892 [INFO] ApiDb:274 - Set plugin database path to: D:\STM32CubeIDE_1.16.1\STM32CubeIDE\plugins\com.st.stm32cube.common.mx_6.12.1.202409122256\\db\/plugins/boardmanager/
2024-12-05 16:31:23,892 [INFO] ApiDb:261 - Set plugin images path to: D:\STM32CubeIDE_1.16.1\STM32CubeIDE\plugins\com.st.stm32cube.common.mx_6.12.1.202409122256\\db\/plugins/mcufinder/images/
2024-12-05 16:31:23,894 [WARN] DbFile:41 - Overriding database path with different value: C:\Users\solom\.stmcufinder\plugins\mcufinder/ => C:\Users\solom\.stmcufinder\plugins\mcufinder
2024-12-05 16:31:23,894 [INFO] ApiDb:250 - Set database path to: C:\Users\solom\.stmcufinder\plugins\mcufinder//mcu/
2024-12-05 16:31:23,894 [WARN] DbFile:41 - Overriding database path with different value: C:\Users\solom\.stmcufinder\plugins\mcufinder/ => C:\Users\solom\.stmcufinder\plugins\mcufinder
2024-12-05 16:31:23,894 [INFO] DbMcusAds:125 - Set database path to: C:\Users\solom\.stmcufinder\plugins\mcufinder//mcu/
2024-12-05 16:31:23,894 [WARN] DbFile:41 - Overriding database path with different value: C:\Users\solom\.stmcufinder\plugins\mcufinder/ => C:\Users\solom\.stmcufinder\plugins\mcufinder
2024-12-05 16:31:23,895 [WARN] DbFile:41 - Overriding database path with different value: C:\Users\solom\.stmcufinder\plugins\mcufinder/ => C:\Users\solom\.stmcufinder\plugins\mcufinder
2024-12-05 16:31:23,895 [INFO] CrossReferenceDbSqlite:203 - Set database path to: C:\Users\solom\.stmcufinder\plugins\mcufinder//mcu/cs/
2024-12-05 16:31:23,977 [INFO] ApplicationProperties:184 - Using Application install path: D:\STM32CubeIDE_1.16.1\STM32CubeIDE\plugins\com.st.stm32cube.common.mx_6.12.1.202409122256
2024-12-05 16:31:23,985 [INFO] PluginManage:196 - Search for loadable plugins [exclusion list=, ]
2024-12-05 16:31:23,991 [INFO] PluginManage:310 - Check plugin analytics
2024-12-05 16:31:28,941 [INFO] AnalyticsPlugin:253 - Accepted Software Licenses: 
2024-12-05 16:31:28,941 [INFO] AnalyticsPlugin:255 - Accepted CMSIS Pack Licenses: 
2024-12-05 16:31:28,942 [INFO] AnalyticsPlugin:257 - Accepted Firmware Licenses: FW.F4.1.27.0,FW.C0.1.2.0,FW.F7.1.17.0
2024-12-05 16:31:28,946 [INFO] PluginManage:359 - Loaded plugin analytics (category:tool,tabindex:-1)
2024-12-05 16:31:28,947 [INFO] PluginManage:310 - Check plugin cadmodel
2024-12-05 16:31:28,993 [INFO] CADModel:105 - Init CAD model plugin
2024-12-05 16:31:28,994 [INFO] PluginManage:359 - Loaded plugin cadmodel (category:power,tabindex:5)
2024-12-05 16:31:28,994 [INFO] PluginManage:310 - Check plugin clock
2024-12-05 16:31:29,041 [INFO] PluginManage:359 - Loaded plugin clock (category:base,tabindex:2)
2024-12-05 16:31:29,042 [INFO] PluginManage:310 - Check plugin ddr
2024-12-05 16:31:29,050 [INFO] PluginManage:359 - Loaded plugin ddr (category:tool,tabindex:6)
2024-12-05 16:31:29,050 [INFO] PluginManage:310 - Check plugin filemanager
2024-12-05 16:31:29,426 [INFO] PluginManage:359 - Loaded plugin filemanager (category:base,tabindex:10)
2024-12-05 16:31:29,426 [INFO] PluginManage:310 - Check plugin ipmanager
2024-12-05 16:31:29,457 [INFO] PluginManage:359 - Loaded plugin ipmanager (category:base,tabindex:5)
2024-12-05 16:31:29,457 [INFO] PluginManage:310 - Check plugin lpbam
2024-12-05 16:31:29,486 [INFO] PluginManage:359 - Loaded plugin lpbam (category:base,tabindex:0)
2024-12-05 16:31:29,486 [INFO] PluginManage:310 - Check plugin memorymap
2024-12-05 16:31:29,534 [INFO] PluginManage:359 - Loaded plugin memorymap (category:base,tabindex:4)
2024-12-05 16:31:29,534 [INFO] PluginManage:310 - Check plugin pinoutandconfiguration
2024-12-05 16:31:29,556 [INFO] PluginManage:359 - Loaded plugin pinoutandconfiguration (category:base,tabindex:1)
2024-12-05 16:31:29,556 [INFO] PluginManage:310 - Check plugin pinoutconfig
2024-12-05 16:31:29,751 [WARN] SupportedApi:132 - Cannot load RTOS API schema: s4s-elt-must-match.1: The content of 'definitions' must match (annotation?, (simpleType | complexType)?, (unique | key | keyref)*)). A problem was found starting at: attribute.
2024-12-05 16:31:29,979 [INFO] PluginManage:359 - Loaded plugin pinoutconfig (category:base,tabindex:0)
2024-12-05 16:31:29,979 [INFO] PluginManage:310 - Check plugin power
2024-12-05 16:31:30,040 [INFO] PluginManage:359 - Loaded plugin power (category:power,tabindex:4)
2024-12-05 16:31:30,040 [INFO] PluginManage:310 - Check plugin projectmanager
2024-12-05 16:31:30,092 [INFO] PluginManage:359 - Loaded plugin projectmanager (category:projectmanager,tabindex:4)
2024-12-05 16:31:30,092 [INFO] PluginManage:310 - Check plugin rif
2024-12-05 16:31:30,124 [INFO] PluginManage:359 - Loaded plugin rif (category:base,tabindex:3)
2024-12-05 16:31:30,125 [INFO] PluginManage:310 - Check plugin thirdparty
2024-12-05 16:31:30,608 [INFO] PluginManage:359 - Loaded plugin thirdparty (category:base,tabindex:-1)
2024-12-05 16:31:30,608 [WARN] IntegrityCheckThread:84 - waiting for thirdparty lock release [integrity check]
2024-12-05 16:31:30,608 [INFO] PluginManage:310 - Check plugin tools
2024-12-05 16:31:30,608 [INFO] IntegrityCheckThread:86 - entering critical section [integrity check]
2024-12-05 16:31:30,609 [INFO] ThirdPartyUpdaterWithRetryManager:70 - Updater plugin not ready yet. [1/15]
2024-12-05 16:31:30,654 [INFO] PluginManage:359 - Loaded plugin tools (category:base,tabindex:7)
2024-12-05 16:31:30,654 [INFO] PluginManage:310 - Check plugin tutovideos
2024-12-05 16:31:30,944 [INFO] PluginManage:359 - Loaded plugin tutovideos (category:base,tabindex:-1)
2024-12-05 16:31:30,944 [INFO] PluginManage:310 - Check plugin updater
2024-12-05 16:31:30,985 [INFO] PluginManage:359 - Loaded plugin updater (category:base,tabindex:12)
2024-12-05 16:31:30,985 [INFO] PluginManage:310 - Check plugin userauth
2024-12-05 16:31:31,001 [INFO] UserAuth:113 - Init User Auth plugin
2024-12-05 16:31:31,001 [INFO] PluginManage:359 - Loaded plugin userauth (category:base,tabindex:14)
2024-12-05 16:31:31,003 [INFO] PluginManage:283 - PluginManage : Loaded plugins [18]
2024-12-05 16:31:31,667 [INFO] PinOutPanel:1561 - setPackage(No Configuration,No Configuration)
2024-12-05 16:31:31,887 [INFO] CADModel:165 - CPN selected for project level
2024-12-05 16:31:31,887 [INFO] CADModel:114 - Register for checkConnection events
2024-12-05 16:31:31,946 [INFO] IPUIPlugin:80 - create IPUIPlugin
2024-12-05 16:31:31,947 [INFO] PluginManager:220 - loadIPPluginJar : add adc
2024-12-05 16:31:31,990 [INFO] IPUIPlugin:80 - create IPUIPlugin
2024-12-05 16:31:31,991 [INFO] PluginManager:220 - loadIPPluginJar : add aes
2024-12-05 16:31:32,054 [INFO] IPUIPlugin:80 - create IPUIPlugin
2024-12-05 16:31:32,054 [INFO] PluginManager:220 - loadIPPluginJar : add can
2024-12-05 16:31:32,084 [INFO] IPUIPlugin:80 - create IPUIPlugin
2024-12-05 16:31:32,084 [INFO] PluginManager:220 - loadIPPluginJar : add comp
2024-12-05 16:31:32,124 [INFO] IPUIPlugin:80 - create IPUIPlugin
2024-12-05 16:31:32,124 [INFO] PluginManager:220 - loadIPPluginJar : add cryp
2024-12-05 16:31:32,138 [INFO] IPUIPlugin:80 - create IPUIPlugin
2024-12-05 16:31:32,139 [INFO] PluginManager:220 - loadIPPluginJar : add ddr_ctrl_phy
2024-12-05 16:31:32,177 [INFO] IPUIPlugin:80 - create IPUIPlugin
2024-12-05 16:31:32,178 [INFO] PluginManager:220 - loadIPPluginJar : add dfsdm
2024-12-05 16:31:32,194 [INFO] IPUIPlugin:80 - create IPUIPlugin
2024-12-05 16:31:32,194 [INFO] PluginManager:220 - loadIPPluginJar : add dma
2024-12-05 16:31:32,248 [INFO] IPUIPlugin:80 - create IPUIPlugin
2024-12-05 16:31:32,249 [INFO] PluginManager:220 - loadIPPluginJar : add dma3
2024-12-05 16:31:32,304 [INFO] IPUIPlugin:80 - create IPUIPlugin
2024-12-05 16:31:32,304 [INFO] PluginManager:220 - loadIPPluginJar : add extmemmanager
2024-12-05 16:31:32,331 [INFO] IPUIPlugin:80 - create IPUIPlugin
2024-12-05 16:31:32,331 [INFO] PluginManager:220 - loadIPPluginJar : add fatfs
2024-12-05 16:31:32,388 [INFO] IPUIPlugin:80 - create IPUIPlugin
2024-12-05 16:31:32,388 [INFO] PluginManager:220 - loadIPPluginJar : add fmc
2024-12-05 16:31:32,406 [INFO] IPUIPlugin:80 - create IPUIPlugin
2024-12-05 16:31:32,407 [INFO] PluginManager:220 - loadIPPluginJar : add freertos
2024-12-05 16:31:32,432 [INFO] IPUIPlugin:80 - create IPUIPlugin
2024-12-05 16:31:32,432 [INFO] PluginManager:220 - loadIPPluginJar : add genericplugin
2024-12-05 16:31:32,546 [INFO] IPUIPlugin:80 - create IPUIPlugin
2024-12-05 16:31:32,546 [INFO] PluginManager:220 - loadIPPluginJar : add gfxmmu
2024-12-05 16:31:32,705 [INFO] IPUIPlugin:80 - create IPUIPlugin
2024-12-05 16:31:32,705 [INFO] PluginManager:220 - loadIPPluginJar : add gic
2024-12-05 16:31:32,720 [INFO] IPUIPlugin:80 - create IPUIPlugin
2024-12-05 16:31:32,721 [INFO] PluginManager:220 - loadIPPluginJar : add gpio
2024-12-05 16:31:32,834 [INFO] IPUIPlugin:80 - create IPUIPlugin
2024-12-05 16:31:32,834 [INFO] PluginManager:220 - loadIPPluginJar : add gtzc
2024-12-05 16:31:32,873 [INFO] IPUIPlugin:80 - create IPUIPlugin
2024-12-05 16:31:32,873 [INFO] PluginManager:220 - loadIPPluginJar : add hash
2024-12-05 16:31:32,941 [INFO] IPUIPlugin:80 - create IPUIPlugin
2024-12-05 16:31:32,942 [INFO] PluginManager:220 - loadIPPluginJar : add i2c
2024-12-05 16:31:32,991 [INFO] IPUIPlugin:80 - create IPUIPlugin
2024-12-05 16:31:32,991 [INFO] PluginManager:220 - loadIPPluginJar : add i2s
2024-12-05 16:31:33,041 [INFO] IPUIPlugin:80 - create IPUIPlugin
2024-12-05 16:31:33,041 [INFO] PluginManager:220 - loadIPPluginJar : add i3c
2024-12-05 16:31:33,183 [INFO] IPUIPlugin:80 - create IPUIPlugin
2024-12-05 16:31:33,183 [INFO] PluginManager:220 - loadIPPluginJar : add ipddr
2024-12-05 16:31:33,313 [INFO] IPUIPlugin:80 - create IPUIPlugin
2024-12-05 16:31:33,314 [INFO] PluginManager:220 - loadIPPluginJar : add linkedlist
2024-12-05 16:31:33,359 [INFO] IPUIPlugin:80 - create IPUIPlugin
2024-12-05 16:31:33,359 [INFO] PluginManager:220 - loadIPPluginJar : add lorawan
2024-12-05 16:31:33,406 [INFO] IPUIPlugin:80 - create IPUIPlugin
2024-12-05 16:31:33,406 [INFO] PluginManager:220 - loadIPPluginJar : add ltdc
2024-12-05 16:31:33,424 [INFO] IPUIPlugin:80 - create IPUIPlugin
2024-12-05 16:31:33,424 [INFO] PluginManager:220 - loadIPPluginJar : add mdma
2024-12-05 16:31:33,439 [INFO] IPUIPlugin:80 - create IPUIPlugin
2024-12-05 16:31:33,439 [INFO] PluginManager:220 - loadIPPluginJar : add nvic
2024-12-05 16:31:33,485 [INFO] IPUIPlugin:80 - create IPUIPlugin
2024-12-05 16:31:33,485 [INFO] PluginManager:220 - loadIPPluginJar : add opamp
2024-12-05 16:31:33,563 [INFO] IPUIPlugin:80 - create IPUIPlugin
2024-12-05 16:31:33,563 [INFO] PluginManager:220 - loadIPPluginJar : add openamp
2024-12-05 16:31:33,611 [INFO] ThirdPartyUpdaterWithRetryManager:70 - Updater plugin not ready yet. [2/15]
2024-12-05 16:31:33,623 [INFO] IPUIPlugin:80 - create IPUIPlugin
2024-12-05 16:31:33,623 [INFO] PluginManager:220 - loadIPPluginJar : add pdm2pcm
2024-12-05 16:31:33,641 [INFO] IPUIPlugin:80 - create IPUIPlugin
2024-12-05 16:31:33,644 [INFO] PluginManager:220 - loadIPPluginJar : add plateformsettings
2024-12-05 16:31:33,673 [INFO] IPUIPlugin:80 - create IPUIPlugin
2024-12-05 16:31:33,673 [INFO] PluginManager:220 - loadIPPluginJar : add quadspi
2024-12-05 16:31:33,705 [INFO] IPUIPlugin:80 - create IPUIPlugin
2024-12-05 16:31:33,706 [INFO] PluginManager:220 - loadIPPluginJar : add radio
2024-12-05 16:31:33,722 [INFO] IPUIPlugin:80 - create IPUIPlugin
2024-12-05 16:31:33,723 [INFO] PluginManager:220 - loadIPPluginJar : add resmgrutility
2024-12-05 16:31:33,780 [INFO] IPUIPlugin:80 - create IPUIPlugin
2024-12-05 16:31:33,781 [INFO] PluginManager:220 - loadIPPluginJar : add sai
2024-12-05 16:31:33,829 [INFO] IPUIPlugin:80 - create IPUIPlugin
2024-12-05 16:31:33,830 [INFO] PluginManager:220 - loadIPPluginJar : add spi
2024-12-05 16:31:33,915 [INFO] IPUIPlugin:80 - create IPUIPlugin
2024-12-05 16:31:33,915 [INFO] PluginManager:220 - loadIPPluginJar : add stm32_wpan
2024-12-05 16:31:33,944 [INFO] IPUIPlugin:80 - create IPUIPlugin
2024-12-05 16:31:33,944 [INFO] PluginManager:220 - loadIPPluginJar : add tim
2024-12-05 16:31:34,014 [INFO] IPUIPlugin:80 - create IPUIPlugin
2024-12-05 16:31:34,014 [INFO] PluginManager:220 - loadIPPluginJar : add touchsensing
2024-12-05 16:31:34,041 [INFO] IPUIPlugin:80 - create IPUIPlugin
2024-12-05 16:31:34,041 [INFO] PluginManager:220 - loadIPPluginJar : add tracer_emb
2024-12-05 16:31:34,069 [INFO] IPUIPlugin:80 - create IPUIPlugin
2024-12-05 16:31:34,069 [INFO] PluginManager:220 - loadIPPluginJar : add ts
2024-12-05 16:31:34,096 [INFO] IPUIPlugin:80 - create IPUIPlugin
2024-12-05 16:31:34,096 [INFO] PluginManager:220 - loadIPPluginJar : add tsc
2024-12-05 16:31:34,122 [INFO] IPUIPlugin:80 - create IPUIPlugin
2024-12-05 16:31:34,123 [INFO] PluginManager:220 - loadIPPluginJar : add ucpd
2024-12-05 16:31:34,180 [INFO] IPUIPlugin:80 - create IPUIPlugin
2024-12-05 16:31:34,180 [INFO] PluginManager:220 - loadIPPluginJar : add usart
2024-12-05 16:31:34,233 [INFO] IPUIPlugin:80 - create IPUIPlugin
2024-12-05 16:31:34,233 [INFO] PluginManager:220 - loadIPPluginJar : add usbx
2024-12-05 16:31:34,443 [INFO] CADModel:165 - CPN selected for project level
2024-12-05 16:31:34,443 [INFO] CADModel:114 - Register for checkConnection events
2024-12-05 16:31:34,443 [FATAL] Updater:334 - Updater called before beeing initialized
2024-12-05 16:31:34,443 [ERROR] CADModel:125 - Updater not yet initialized, retry later 
2024-12-05 16:31:34,868 [INFO] CADModel:165 - CPN selected for project level
2024-12-05 16:31:34,868 [INFO] CADModel:114 - Register for checkConnection events
2024-12-05 16:31:34,869 [FATAL] Updater:334 - Updater called before beeing initialized
2024-12-05 16:31:34,869 [ERROR] CADModel:125 - Updater not yet initialized, retry later 
2024-12-05 16:31:34,872 [FATAL] Updater:334 - Updater called before beeing initialized
2024-12-05 16:31:35,040 [FATAL] Updater:334 - Updater called before beeing initialized
2024-12-05 16:31:35,053 [INFO] DbMcusAds:53 - JSON generation date=Fri Sep 20 15:04:38 CEST 2024 (1726837478367)
2024-12-05 16:31:35,053 [FATAL] Updater:334 - Updater called before beeing initialized
2024-12-05 16:31:35,269 [WARN] DetailPanel:346 - Failed to get advertising image, set to default
2024-12-05 16:31:35,376 [FATAL] Updater:334 - Updater called before beeing initialized
2024-12-05 16:31:35,378 [FATAL] Updater:334 - Updater called before beeing initialized
2024-12-05 16:31:35,378 [FATAL] Updater:334 - Updater called before beeing initialized
2024-12-05 16:31:35,378 [WARN] DetailPanel:346 - Failed to get advertising image, set to default
2024-12-05 16:31:35,379 [FATAL] Updater:334 - Updater called before beeing initialized
2024-12-05 16:31:35,547 [ERROR] Updater:1164 - MainUpdater not yet initialized. External WinMGr cannot be set.
2024-12-05 16:31:35,578 [INFO] Updater:1100 - Updater Version found : 6.12.1
2024-12-05 16:31:35,617 [INFO] ApplicationProperties:184 - Using Application install path: D:\STM32CubeIDE_1.16.1\STM32CubeIDE\plugins\com.st.stm32cube.common.mx_6.12.1.202409122256
2024-12-05 16:31:36,612 [INFO] ThirdPartyUpdaterWithRetryManager:70 - Updater plugin not ready yet. [3/15]
2024-12-05 16:31:37,245 [ERROR] LogOutputStream:75 - [STDERR_REDIRECT] Dec 05, 2024 4:31:37 PM java.util.prefs.WindowsPreferences <init>
2024-12-05 16:31:37,248 [ERROR] LogOutputStream:75 - [STDERR_REDIRECT] WARNING: Could not open/create prefs root node Software\JavaSoft\Prefs at root 0xffffffff80000002. Windows RegCreateKeyEx(...) returned error code 5.
2024-12-05 16:31:37,248 [ERROR] LogOutputStream:75 - [STDERR_REDIRECT] 
2024-12-05 16:31:37,748 [INFO] MainUpdater:2873 - connection check result : 10
2024-12-05 16:31:37,748 [INFO] MainUpdater:3567 - Updater definition file requires update
2024-12-05 16:31:37,749 [INFO] MainUpdater:290 - Updater Check For Update Now.
2024-12-05 16:31:37,749 [INFO] MicroXplorer:498 - Change Database Version : DB.6.0.121
2024-12-05 16:31:37,803 [INFO] McuFinderGlobals:63 - Set McuFinder mode to 2 (CubeIDE integrated)
2024-12-05 16:31:37,810 [INFO] UserAuth:417 - Internet connection configuration mode: 1
2024-12-05 16:31:37,858 [INFO] ServerAccessManage:473 - Download File updaters.zip
2024-12-05 16:31:37,943 [INFO] JxBrowserEngine:152 - Initiate JxBrowser Engine with user profile folder
2024-12-05 16:31:37,973 [INFO] FileExtend:240 - Unzip File : updaters.zip
2024-12-05 16:31:37,973 [INFO] FileExtend:255 - Standard Zip Deflate
2024-12-05 16:31:38,693 [INFO] ServerAccessManage:473 - Download File PacksControlFlags.xml
2024-12-05 16:31:38,947 [INFO] ServerAccessManage:473 - Download File cubemx.pidx
2024-12-05 16:31:39,616 [WARN] MainUpdater:1194 - Updater busy. Cannot search thirdparties
2024-12-05 16:31:39,616 [INFO] ThirdPartyUpdaterWithRetryManager:96 - Updater plugin is busy. [1/15]
2024-12-05 16:31:40,142 [INFO] ServerAccessManage:473 - Download File STMicroelectronics.X-CUBE-BLEMGR.pdsc
2024-12-05 16:31:40,287 [ERROR] ServerAccessManage:1089 - Problem, file not found on Server
2024-12-05 16:31:42,497 [WARN] PackLoader:240 - Cannot read IP mode file for STMicroelectronics.X-CUBE-BLEMGR.4.0.0
2024-12-05 16:31:42,513 [INFO] PopulateThirdPartyThread:66 - Ending populate Thread
2024-12-05 16:31:42,515 [INFO] ThirdParty:1030 - CMSIS Pack Vendor :STMicroelectronics X-CUBE-BLEMGR 4.0.0
2024-12-05 16:31:42,515 [INFO] LoadServerUpdatesThread:375 - End of LoadServerUpdate Thread
2024-12-05 16:31:42,617 [WARN] MainUpdater:1194 - Updater busy. Cannot search thirdparties
2024-12-05 16:31:42,617 [INFO] ThirdPartyUpdaterWithRetryManager:96 - Updater plugin is busy. [2/15]
2024-12-05 16:31:42,713 [INFO] CheckServerUpdateThread:120 - End of CheckServer Thread
2024-12-05 16:31:45,964 [WARN] PackLoader:240 - Cannot read IP mode file for STMicroelectronics.FP-SNS-MOTENVWB1.1.4.0
2024-12-05 16:31:45,973 [WARN] PackLoader:240 - Cannot read IP mode file for STMicroelectronics.FP-ATR-ASTRA1.2.0.1
2024-12-05 16:31:45,993 [WARN] PackLoader:240 - Cannot read IP mode file for STMicroelectronics.X-CUBE-SMBUS.2.1.0
2024-12-05 16:31:46,017 [WARN] PackLoader:240 - Cannot read IP mode file for STMicroelectronics.X-CUBE-WB05N.1.1.0
2024-12-05 16:31:46,152 [WARN] PackLoader:240 - Cannot read IP mode file for STMicroelectronics.X-CUBE-AZRTOS-F7.1.1.0
2024-12-05 16:31:46,286 [WARN] PackLoader:240 - Cannot read IP mode file for STMicroelectronics.X-CUBE-MEMS1.11.0.0
2024-12-05 16:31:46,505 [WARN] PackLoader:240 - Cannot read IP mode file for STMicroelectronics.X-CUBE-BLE1.6.2.4
2024-12-05 16:31:46,513 [WARN] PackLoader:240 - Cannot read IP mode file for STMicroelectronics.FP-SNS-FLIGHT1.5.0.2
2024-12-05 16:31:46,541 [WARN] PackLoader:240 - Cannot read IP mode file for STMicroelectronics.X-CUBE-DISPLAY.3.0.0
2024-12-05 16:31:46,567 [WARN] PackLoader:240 - Cannot read IP mode file for STMicroelectronics.X-CUBE-BLE1.7.0.0
2024-12-05 16:31:46,591 [WARN] PackLoader:240 - Cannot read IP mode file for STMicroelectronics.X-CUBE-NFC10.1.0.0
2024-12-05 16:31:46,612 [WARN] PackLoader:240 - Cannot read IP mode file for STMicroelectronics.X-CUBE-BLEMGR.4.0.0
2024-12-05 16:31:46,650 [WARN] PackLoader:240 - Cannot read IP mode file for STMicroelectronics.X-CUBE-BLEMGR.3.1.0
2024-12-05 16:31:46,676 [WARN] PackLoader:240 - Cannot read IP mode file for STMicroelectronics.FP-SNS-SMARTAG2.1.2.0
2024-12-05 16:31:46,710 [INFO] LogOutputStream:77 - [STDOUT_REDIRECT] 1 : Invalid condition id : UX_CORESTACK_Condition cause : null
2024-12-05 16:31:46,712 [INFO] LogOutputStream:77 - [STDOUT_REDIRECT] 1 : Invalid condition id : UX_CORESTACK_Condition cause : null
2024-12-05 16:31:46,714 [INFO] LogOutputStream:77 - [STDOUT_REDIRECT] 1 : Invalid condition id : UX_CORESTACK_Condition cause : null
2024-12-05 16:31:46,717 [INFO] LogOutputStream:77 - [STDOUT_REDIRECT] 1 : Invalid condition id : UX_CORESTACK_Condition cause : null
2024-12-05 16:31:46,720 [INFO] LogOutputStream:77 - [STDOUT_REDIRECT] 1 : Invalid condition id : UX_CORESTACK_Condition cause : null
2024-12-05 16:31:46,725 [WARN] PackLoader:240 - Cannot read IP mode file for STMicroelectronics.X-CUBE-AZRTOS-WL.2.0.0
2024-12-05 16:31:46,749 [WARN] PackLoader:240 - Cannot read IP mode file for STMicroelectronics.FP-SNS-MOTENV1.5.0.0
2024-12-05 16:31:46,759 [WARN] PackLoader:240 - Cannot read IP mode file for wolfSSL.I-CUBE-wolfMQTT.1.19.0
2024-12-05 16:31:46,785 [WARN] PackLoader:240 - Cannot read IP mode file for WES.I-CUBE-Cesium.1.3.0
2024-12-05 16:31:46,806 [WARN] PackLoader:240 - Cannot read IP mode file for STMicroelectronics.X-CUBE-BLE2.3.3.0
2024-12-05 16:31:47,315 [WARN] PackLoader:240 - Cannot read IP mode file for STMicroelectronics.X-CUBE-NFC9.1.0.0
2024-12-05 16:31:47,336 [WARN] PackLoader:240 - Cannot read IP mode file for STMicroelectronics.X-CUBE-TCPP.4.1.0
2024-12-05 16:31:47,362 [WARN] PackLoader:240 - Cannot read IP mode file for STMicroelectronics.X-CUBE-TOUCHGFX.4.21.3
2024-12-05 16:31:47,381 [WARN] PackLoader:240 - Cannot read IP mode file for STMicroelectronics.X-CUBE-ALGOBUILD.1.3.0
2024-12-05 16:31:47,417 [WARN] PackLoader:240 - Cannot read IP mode file for STMicroelectronics.X-CUBE-AZRTOS-G0.1.1.0
2024-12-05 16:31:47,455 [WARN] PackLoader:240 - Cannot read IP mode file for STMicroelectronics.X-CUBE-SAFEA1.1.2.2
2024-12-05 16:31:47,478 [WARN] PackLoader:240 - Cannot read IP mode file for STMicroelectronics.X-CUBE-NFC4.3.0.0
2024-12-05 16:31:47,518 [WARN] PackLoader:240 - Cannot read IP mode file for EmbeddedOffice.I-CUBE-FS-RTOS.1.0.1
2024-12-05 16:31:47,519 [ERROR] ConditionMgr:805 - Attr not supported : Dmpu
2024-12-05 16:31:47,519 [ERROR] ConditionMgr:805 - Attr not supported : Dmpu
2024-12-05 16:31:47,519 [ERROR] ConditionMgr:805 - Attr not supported : Dmpu
2024-12-05 16:31:47,519 [ERROR] ConditionMgr:805 - Attr not supported : Dmpu
2024-12-05 16:31:47,520 [ERROR] ConditionMgr:805 - Attr not supported : Dmpu
2024-12-05 16:31:47,520 [ERROR] ConditionMgr:805 - Attr not supported : Dmpu
2024-12-05 16:31:47,520 [ERROR] ConditionMgr:805 - Attr not supported : Dmpu
2024-12-05 16:31:47,520 [ERROR] ConditionMgr:805 - Attr not supported : Dmpu
2024-12-05 16:31:47,520 [ERROR] ConditionMgr:805 - Attr not supported : Dmpu
2024-12-05 16:31:47,520 [ERROR] ConditionMgr:805 - Attr not supported : Dmpu
2024-12-05 16:31:47,520 [ERROR] ConditionMgr:805 - Attr not supported : Dmpu
2024-12-05 16:31:47,520 [ERROR] ConditionMgr:805 - Attr not supported : Dmpu
2024-12-05 16:31:47,521 [ERROR] ConditionMgr:805 - Attr not supported : Dmpu
2024-12-05 16:31:47,521 [ERROR] ConditionMgr:805 - Attr not supported : Dmpu
2024-12-05 16:31:47,521 [ERROR] ConditionMgr:805 - Attr not supported : Dmpu
2024-12-05 16:31:47,521 [ERROR] ConditionMgr:805 - Attr not supported : Dmpu
2024-12-05 16:31:47,521 [ERROR] ConditionMgr:805 - Attr not supported : Dmpu
2024-12-05 16:31:47,521 [ERROR] ConditionMgr:805 - Attr not supported : Dmpu
2024-12-05 16:31:47,521 [ERROR] ConditionMgr:805 - Attr not supported : Dmpu
2024-12-05 16:31:47,521 [ERROR] ConditionMgr:805 - Attr not supported : Dmpu
2024-12-05 16:31:47,521 [ERROR] ConditionMgr:805 - Attr not supported : Dmpu
2024-12-05 16:31:47,522 [ERROR] ConditionMgr:805 - Attr not supported : Dmpu
2024-12-05 16:31:47,522 [ERROR] ConditionMgr:805 - Attr not supported : Dmpu
2024-12-05 16:31:47,522 [ERROR] ConditionMgr:805 - Attr not supported : Dmpu
2024-12-05 16:31:47,522 [ERROR] ConditionMgr:805 - Attr not supported : Dmpu
2024-12-05 16:31:47,522 [ERROR] ConditionMgr:805 - Attr not supported : Dmpu
2024-12-05 16:31:47,522 [ERROR] ConditionMgr:805 - Attr not supported : Dmpu
2024-12-05 16:31:47,522 [ERROR] ConditionMgr:805 - Attr not supported : Dmpu
2024-12-05 16:31:47,522 [ERROR] ConditionMgr:805 - Attr not supported : Dmpu
2024-12-05 16:31:47,523 [ERROR] ConditionMgr:805 - Attr not supported : Dmpu
2024-12-05 16:31:47,523 [ERROR] ConditionMgr:805 - Attr not supported : Dmpu
2024-12-05 16:31:47,523 [ERROR] ConditionMgr:805 - Attr not supported : Dmpu
2024-12-05 16:31:47,523 [ERROR] ConditionMgr:805 - Attr not supported : Dmpu
2024-12-05 16:31:47,523 [ERROR] ConditionMgr:805 - Attr not supported : Dmpu
2024-12-05 16:31:47,523 [ERROR] ConditionMgr:805 - Attr not supported : Dmpu
2024-12-05 16:31:47,523 [ERROR] ConditionMgr:805 - Attr not supported : Dmpu
2024-12-05 16:31:47,523 [ERROR] ConditionMgr:805 - Attr not supported : Dmpu
2024-12-05 16:31:47,524 [ERROR] ConditionMgr:805 - Attr not supported : Dmpu
2024-12-05 16:31:47,524 [ERROR] ConditionMgr:805 - Attr not supported : Dmpu
2024-12-05 16:31:47,524 [ERROR] ConditionMgr:805 - Attr not supported : Dmpu
2024-12-05 16:31:47,524 [ERROR] ConditionMgr:805 - Attr not supported : Dmpu
2024-12-05 16:31:47,524 [ERROR] ConditionMgr:805 - Attr not supported : Dmpu
2024-12-05 16:31:47,524 [ERROR] ConditionMgr:805 - Attr not supported : Dmpu
2024-12-05 16:31:47,525 [ERROR] ConditionMgr:805 - Attr not supported : Dmpu
2024-12-05 16:31:47,525 [ERROR] ConditionMgr:805 - Attr not supported : Dmpu
2024-12-05 16:31:47,525 [ERROR] ConditionMgr:805 - Attr not supported : Dmpu
2024-12-05 16:31:47,525 [ERROR] ConditionMgr:805 - Attr not supported : Dmpu
2024-12-05 16:31:47,525 [ERROR] ConditionMgr:805 - Attr not supported : Dmpu
2024-12-05 16:31:47,525 [ERROR] ConditionMgr:805 - Attr not supported : Dmpu
2024-12-05 16:31:47,525 [ERROR] ConditionMgr:805 - Attr not supported : Dmpu
2024-12-05 16:31:47,525 [ERROR] ConditionMgr:805 - Attr not supported : Dmpu
2024-12-05 16:31:47,526 [ERROR] ConditionMgr:805 - Attr not supported : Dmpu
2024-12-05 16:31:47,526 [ERROR] ConditionMgr:805 - Attr not supported : Dmpu
2024-12-05 16:31:47,526 [ERROR] ConditionMgr:805 - Attr not supported : Dmpu
2024-12-05 16:31:47,526 [ERROR] ConditionMgr:805 - Attr not supported : Dmpu
2024-12-05 16:31:47,526 [ERROR] ConditionMgr:805 - Attr not supported : Dmpu
2024-12-05 16:31:47,526 [ERROR] ConditionMgr:805 - Attr not supported : Dmpu
2024-12-05 16:31:47,526 [ERROR] ConditionMgr:805 - Attr not supported : Dmpu
2024-12-05 16:31:47,526 [ERROR] ConditionMgr:805 - Attr not supported : Dmpu
2024-12-05 16:31:47,527 [ERROR] ConditionMgr:805 - Attr not supported : Dmpu
2024-12-05 16:31:47,527 [ERROR] ConditionMgr:805 - Attr not supported : Dmpu
2024-12-05 16:31:47,527 [ERROR] ConditionMgr:805 - Attr not supported : Dmpu
2024-12-05 16:31:47,527 [ERROR] ConditionMgr:805 - Attr not supported : Dmpu
2024-12-05 16:31:47,527 [ERROR] ConditionMgr:805 - Attr not supported : Dmpu
2024-12-05 16:31:47,556 [WARN] PackLoader:240 - Cannot read IP mode file for RealThread.X-CUBE-RT-Thread_Nano.4.1.1
2024-12-05 16:31:47,565 [WARN] PackLoader:240 - Cannot read IP mode file for STMicroelectronics.FP-ATR-SIGFOX1.3.2.0
2024-12-05 16:31:47,573 [WARN] ConditionMgr:438 - getConditionDescription Invalid condition id : Cortex-A Device cause : null
2024-12-05 16:31:47,607 [WARN] ConditionMgr:1039 - genDependencies : Invalid condition id : Cortex-A Device cause : null
2024-12-05 16:31:47,607 [WARN] ConditionMgr:1039 - genDependencies : Invalid condition id : Cortex-A Device cause : null
2024-12-05 16:31:47,608 [WARN] ConditionMgr:1039 - genDependencies : Invalid condition id : Cortex-A Device cause : null
2024-12-05 16:31:47,638 [WARN] PackLoader:240 - Cannot read IP mode file for STMicroelectronics.X-CUBE-EEPRMA1.5.1.0
2024-12-05 16:31:47,672 [WARN] PackLoader:240 - Cannot read IP mode file for ITTIA_DB.I-CUBE-ITTIADB.8.9.0
2024-12-05 16:31:47,809 [WARN] PackLoader:240 - Cannot read IP mode file for STMicroelectronics.X-CUBE-MEMS1.9.5.0
2024-12-05 16:31:48,091 [INFO] WebApp:167 - Instantiating new browser for Auth
2024-12-05 16:31:48,097 [WARN] PackLoader:240 - Cannot read IP mode file for SEGGER.I-CUBE-embOS.1.3.1
2024-12-05 16:31:48,185 [WARN] PackLoader:240 - Cannot read IP mode file for STMicroelectronics.X-CUBE-ALGOBUILD.1.4.0
2024-12-05 16:31:48,211 [WARN] PackLoader:240 - Cannot read IP mode file for STMicroelectronics.X-CUBE-AI.9.1.0
2024-12-05 16:31:48,238 [WARN] PackLoader:240 - Cannot read IP mode file for STMicroelectronics.X-CUBE-GNSS1.6.0.0
2024-12-05 16:31:48,295 [WARN] PackLoader:240 - Cannot read IP mode file for STMicroelectronics.X-CUBE-AZRTOS-F4.1.1.0
2024-12-05 16:31:48,312 [WARN] PackLoader:240 - Cannot read IP mode file for STMicroelectronics.X-CUBE-ISPU.2.1.0
2024-12-05 16:31:48,339 [WARN] PackLoader:240 - Cannot read IP mode file for STMicroelectronics.X-CUBE-FREERTOS.1.2.0
2024-12-05 16:31:48,393 [WARN] PackLoader:240 - Cannot read IP mode file for STMicroelectronics.X-CUBE-AZRTOS-L5.2.0.0
2024-12-05 16:31:48,421 [WARN] PackLoader:240 - Cannot read IP mode file for STMicroelectronics.X-CUBE-NFC6.3.1.0
2024-12-05 16:31:48,445 [WARN] PackLoader:240 - Cannot read IP mode file for emotas.I-CUBE-CANOPEN.1.1.3
2024-12-05 16:31:48,473 [WARN] PackLoader:240 - Cannot read IP mode file for STMicroelectronics.X-CUBE-BLEMGR.2.0.0
2024-12-05 16:31:48,504 [WARN] PackLoader:240 - Cannot read IP mode file for STMicroelectronics.X-CUBE-DPower.1.2.0
2024-12-05 16:31:48,529 [WARN] PackLoader:240 - Cannot read IP mode file for wolfSSL.I-CUBE-wolfSSL.5.5.4
2024-12-05 16:31:48,561 [WARN] PackLoader:240 - Cannot read IP mode file for STMicroelectronics.X-CUBE-NFC7.1.0.1
2024-12-05 16:31:48,580 [WARN] PackLoader:240 - Cannot read IP mode file for STMicroelectronics.X-CUBE-NFC7.1.0.0
2024-12-05 16:31:48,601 [WARN] PackLoader:240 - Cannot read IP mode file for STMicroelectronics.X-CUBE-EEPRMA1.4.1.0
2024-12-05 16:31:48,637 [WARN] ConditionMgr:438 - getConditionDescription Invalid condition id : LAN8742 Phy interface Condition cause : null
2024-12-05 16:31:48,638 [WARN] PackLoader:240 - Cannot read IP mode file for STMicroelectronics.X-CUBE-AZRTOS-L4.2.0.0
2024-12-05 16:31:48,639 [WARN] ConditionMgr:1039 - genDependencies : Invalid condition id : LAN8742 Phy interface Condition cause : null
2024-12-05 16:31:48,639 [WARN] ConditionMgr:1039 - genDependencies : Invalid condition id : LAN8742 Phy interface Condition cause : null
2024-12-05 16:31:48,640 [WARN] ConditionMgr:1039 - genDependencies : Invalid condition id : LAN8742 Phy interface Condition cause : null
2024-12-05 16:31:48,661 [WARN] PackLoader:240 - Cannot read IP mode file for STMicroelectronics.X-CUBE-SFXS2LP1.4.0.0
2024-12-05 16:31:48,701 [WARN] PackLoader:240 - Cannot read IP mode file for STMicroelectronics.X-CUBE-AZRTOS-H7.3.0.0
2024-12-05 16:31:48,755 [WARN] PackLoader:240 - Cannot read IP mode file for STMicroelectronics.X-CUBE-ISPU.1.1.0
2024-12-05 16:31:48,795 [WARN] PackLoader:240 - Cannot read IP mode file for STMicroelectronics.X-CUBE-AZRTOS-H7.3.3.0
2024-12-05 16:31:48,823 [WARN] PackLoader:240 - Cannot read IP mode file for RoweBots.I-CUBE-UNISONRTOS.5.5.0-4
2024-12-05 16:31:48,846 [WARN] PackLoader:240 - Cannot read IP mode file for STMicroelectronics.X-CUBE-AI.8.0.0
2024-12-05 16:31:48,873 [WARN] PackLoader:240 - Cannot read IP mode file for STMicroelectronics.X-CUBE-IPS.3.0.0
2024-12-05 16:31:48,908 [WARN] ConditionMgr:438 - getConditionDescription Invalid condition id : UX DEVICE CLASS RTOS Condition cause : null
2024-12-05 16:31:48,908 [WARN] ConditionMgr:438 - getConditionDescription Invalid condition id : UX DEVICE CLASS RTOS Condition cause : null
2024-12-05 16:31:48,910 [WARN] PackLoader:240 - Cannot read IP mode file for STMicroelectronics.X-CUBE-AZRTOS-WB.2.0.0
2024-12-05 16:31:48,910 [WARN] ConditionMgr:1039 - genDependencies : Invalid condition id : UX DEVICE CLASS RTOS Condition cause : null
2024-12-05 16:31:48,910 [WARN] ConditionMgr:1039 - genDependencies : Invalid condition id : UX DEVICE CLASS RTOS Condition cause : null
2024-12-05 16:31:48,911 [WARN] ConditionMgr:1039 - genDependencies : Invalid condition id : UX DEVICE CLASS RTOS Condition cause : null
2024-12-05 16:31:48,911 [WARN] ConditionMgr:1039 - genDependencies : Invalid condition id : UX DEVICE CLASS RTOS Condition cause : null
2024-12-05 16:31:48,911 [WARN] ConditionMgr:1039 - genDependencies : Invalid condition id : UX DEVICE CLASS RTOS Condition cause : null
2024-12-05 16:31:48,928 [WARN] PackLoader:240 - Cannot read IP mode file for STMicroelectronics.X-CUBE-FREERTOS.1.0.0
2024-12-05 16:31:48,949 [WARN] PackLoader:240 - Cannot read IP mode file for STMicroelectronics.X-CUBE-GNSS1.7.0.0
2024-12-05 16:31:48,968 [WARN] PackLoader:240 - Cannot read IP mode file for STMicroelectronics.FP-SNS-STBOX1.2.0.0
2024-12-05 16:31:49,013 [WARN] PackLoader:240 - Cannot read IP mode file for STMicroelectronics.X-CUBE-AZRTOS-L5.1.1.0
2024-12-05 16:31:49,048 [WARN] PackLoader:240 - Cannot read IP mode file for STMicroelectronics.X-CUBE-SUBG2.5.0.0
2024-12-05 16:31:49,065 [WARN] PackLoader:240 - Cannot read IP mode file for Cesanta.I-CUBE-Mongoose.7.13.0
2024-12-05 16:31:49,111 [WARN] PackLoader:240 - Cannot read IP mode file for STMicroelectronics.X-CUBE-AZRTOS-G4.2.0.0
2024-12-05 16:31:49,145 [WARN] PackLoader:240 - Cannot read IP mode file for STMicroelectronics.X-CUBE-TOF1.3.3.0
2024-12-05 16:31:49,179 [WARN] PackLoader:240 - Cannot read IP mode file for STMicroelectronics.FP-ATR-ASTRA1.1.1.1
2024-12-05 16:31:49,213 [WARN] PackLoader:240 - Cannot read IP mode file for STMicroelectronics.X-CUBE-AZRTOS-G4.1.0.0
2024-12-05 16:31:49,250 [WARN] PackLoader:240 - Cannot read IP mode file for STMicroelectronics.X-CUBE-AZRTOS-L4.1.0.0
2024-12-05 16:31:49,273 [WARN] PackLoader:240 - Cannot read IP mode file for STMicroelectronics.X-CUBE-ALS.1.0.2
2024-12-05 16:31:49,306 [WARN] PackLoader:240 - Cannot read IP mode file for STMicroelectronics.X-CUBE-AZRTOS-WL.1.0.0
2024-12-05 16:31:49,332 [WARN] PackLoader:240 - Cannot read IP mode file for STMicroelectronics.X-CUBE-TOUCHGFX.4.24.1
2024-12-05 16:31:49,338 [WARN] PackLoader:240 - Cannot read IP mode file for wolfSSL.I-CUBE-wolfTPM.3.4.0
2024-12-05 16:31:49,357 [WARN] PackLoader:240 - Cannot read IP mode file for portGmbH.I-Cube-SoM-uGOAL.1.1.0
2024-12-05 16:31:49,374 [WARN] PackLoader:240 - Cannot read IP mode file for STMicroelectronics.X-CUBE-ALS.1.0.1
2024-12-05 16:31:49,404 [WARN] PackLoader:240 - Cannot read IP mode file for STMicroelectronics.X-CUBE-AZRTOS-WB.1.1.0
2024-12-05 16:31:49,454 [WARN] PackLoader:240 - Cannot read IP mode file for STMicroelectronics.X-CUBE-AZRTOS-H7RS.1.0.0
2024-12-05 16:31:49,484 [WARN] PackLoader:240 - Cannot read IP mode file for STMicroelectronics.FP-ATR-ASTRA1.2.0.0
2024-12-05 16:31:49,524 [WARN] PackLoader:240 - Cannot read IP mode file for STMicroelectronics.X-CUBE-TOF1.3.4.2
2024-12-05 16:31:49,648 [WARN] PackLoader:240 - Cannot read IP mode file for Infineon.AIROC-Wi-Fi-Bluetooth-STM32.1.6.1
2024-12-05 16:31:49,661 [WARN] PackLoader:240 - Cannot read IP mode file for wolfSSL.I-CUBE-wolfSSH.1.4.17
2024-12-05 16:31:49,662 [INFO] ThirdParty:978 - Integrity check success = true
2024-12-05 16:31:49,662 [INFO] IntegrityCheckThread:100 - exiting critical section [integrity check]
2024-12-05 16:31:49,662 [INFO] IntegrityCheckThread:103 - End integrity checks thread
2024-12-05 16:31:49,784 [INFO] WebApp:448 - Apply proxy settings
2024-12-05 16:31:49,785 [INFO] WebApp:533 - Chromium requires no authentication
2024-12-05 16:31:49,803 [INFO] WebApp:476 - Direct internet connection detected
2024-12-05 16:31:49,859 [INFO] WebApp:869 - Register for checkConnection events
2024-12-05 16:31:49,860 [INFO] WebApp:448 - Apply proxy settings
2024-12-05 16:31:49,860 [INFO] WebApp:533 - Chromium requires no authentication
2024-12-05 16:31:49,861 [INFO] WebApp:476 - Direct internet connection detected
2024-12-05 16:31:50,111 [INFO] WebApp:186 - Connection restablished
2024-12-05 16:31:50,317 [INFO] WebApp:220 - Starting web application
2024-12-05 16:31:50,317 [INFO] WebApp:578 - Web application path used D:\STM32CubeIDE_1.16.1\STM32CubeIDE\plugins\com.st.stm32cube.common.mx_6.12.1.202409122256\db\plugins\mcufinder\reactClient1\index.html
2024-12-05 16:31:50,707 [INFO] UserAuth:417 - Internet connection configuration mode: 1
2024-12-05 17:09:59,748 [INFO] WebApp:189 - Connection lost
2024-12-05 17:09:59,975 [INFO] WebApp:186 - Connection restablished
2024-12-05 17:10:01,858 [INFO] WebApp:189 - Connection lost
2024-12-05 17:10:02,032 [INFO] WebApp:186 - Connection restablished
2024-12-05 18:30:06,495 [INFO] WebApp:189 - Connection lost
2024-12-05 18:30:09,845 [INFO] WebApp:186 - Connection restablished
2024-12-05 18:30:11,023 [INFO] WebApp:189 - Connection lost
2024-12-05 18:30:11,156 [INFO] WebApp:186 - Connection restablished
2024-12-05 18:30:14,087 [INFO] WebApp:189 - Connection lost
2024-12-05 18:30:14,217 [INFO] WebApp:186 - Connection restablished
2024-12-05 18:30:17,392 [INFO] WebApp:189 - Connection lost
2024-12-05 18:30:17,554 [INFO] WebApp:186 - Connection restablished
2024-12-05 20:41:04,450 [INFO] WebApp:189 - Connection lost
2024-12-05 20:41:07,042 [INFO] WebApp:186 - Connection restablished
2024-12-05 20:41:08,893 [INFO] WebApp:189 - Connection lost
2024-12-05 20:41:09,017 [INFO] WebApp:186 - Connection restablished
2024-12-05 20:41:11,975 [INFO] WebApp:189 - Connection lost
2024-12-05 20:41:12,108 [INFO] WebApp:186 - Connection restablished
2024-12-05 20:41:15,358 [INFO] WebApp:189 - Connection lost
2024-12-05 20:41:15,504 [INFO] WebApp:186 - Connection restablished
2024-12-05 21:58:25,601 [INFO] WebApp:189 - Connection lost
2024-12-05 21:58:25,977 [INFO] WebApp:186 - Connection restablished
2024-12-05 21:58:26,198 [INFO] WebApp:189 - Connection lost
2024-12-05 21:58:26,434 [INFO] WebApp:186 - Connection restablished
2024-12-05 21:58:27,932 [INFO] WebApp:189 - Connection lost
2024-12-05 21:58:28,053 [INFO] WebApp:186 - Connection restablished
2024-12-05 21:58:30,991 [INFO] WebApp:189 - Connection lost
2024-12-05 21:58:31,119 [INFO] WebApp:186 - Connection restablished
2024-12-05 21:58:34,394 [INFO] WebApp:189 - Connection lost
2024-12-05 21:58:34,522 [INFO] WebApp:186 - Connection restablished
